TN:
SF:/usr/include/c++/12/tuple
FN:124,_ZNSt10_Head_baseILm1ESt14default_deleteINSt7__cxx1118basic_stringstreamIcSt11char_traitsIcESaIcEEEELb1EE7_M_headERS8_
FNDA:0,_ZNSt10_Head_baseILm1ESt14default_deleteINSt7__cxx1118basic_stringstreamIcSt11char_traitsIcESaIcEEEELb1EE7_M_headERS8_
FN:124,_ZNSt10_Head_baseILm1ESt14default_deleteINSt7__cxx1112basic_stringIcSt11char_traitsIcESaIcEEEELb1EE7_M_headERS8_
FNDA:0,_ZNSt10_Head_baseILm1ESt14default_deleteINSt7__cxx1112basic_stringIcSt11char_traitsIcESaIcEEEELb1EE7_M_headERS8_
FN:233,_ZNSt10_Head_baseILm0EPNSt7__cxx1112basic_stringIcSt11char_traitsIcESaIcEEELb0EE7_M_headERS7_
FNDA:1,_ZNSt10_Head_baseILm0EPNSt7__cxx1112basic_stringIcSt11char_traitsIcESaIcEEELb0EE7_M_headERS7_
FN:233,_ZNSt10_Head_baseILm0EPNSt7__cxx1118basic_stringstreamIcSt11char_traitsIcESaIcEEELb0EE7_M_headERS7_
FNDA:0,_ZNSt10_Head_baseILm0EPNSt7__cxx1118basic_stringstreamIcSt11char_traitsIcESaIcEEELb0EE7_M_headERS7_
FN:236,_ZNSt10_Head_baseILm0EPNSt7__cxx1112basic_stringIcSt11char_traitsIcESaIcEEELb0EE7_M_headERKS7_
FNDA:0,_ZNSt10_Head_baseILm0EPNSt7__cxx1112basic_stringIcSt11char_traitsIcESaIcEEELb0EE7_M_headERKS7_
FN:268,_ZNSt11_Tuple_implILm0EJPNSt7__cxx1112basic_stringIcSt11char_traitsIcESaIcEEESt14default_deleteIS5_EEE7_M_headERS9_
FNDA:1,_ZNSt11_Tuple_implILm0EJPNSt7__cxx1112basic_stringIcSt11char_traitsIcESaIcEEESt14default_deleteIS5_EEE7_M_headERS9_
FN:268,_ZNSt11_Tuple_implILm0EJPNSt7__cxx1118basic_stringstreamIcSt11char_traitsIcESaIcEEESt14default_deleteIS5_EEE7_M_headERS9_
FNDA:0,_ZNSt11_Tuple_implILm0EJPNSt7__cxx1118basic_stringstreamIcSt11char_traitsIcESaIcEEESt14default_deleteIS5_EEE7_M_headERS9_
FN:271,_ZNSt11_Tuple_implILm0EJPNSt7__cxx1112basic_stringIcSt11char_traitsIcESaIcEEESt14default_deleteIS5_EEE7_M_headERKS9_
FNDA:0,_ZNSt11_Tuple_implILm0EJPNSt7__cxx1112basic_stringIcSt11char_traitsIcESaIcEEESt14default_deleteIS5_EEE7_M_headERKS9_
FN:424,_ZNSt11_Tuple_implILm1EJSt14default_deleteINSt7__cxx1112basic_stringIcSt11char_traitsIcESaIcEEEEEE7_M_headERS8_
FNDA:0,_ZNSt11_Tuple_implILm1EJSt14default_deleteINSt7__cxx1112basic_stringIcSt11char_traitsIcESaIcEEEEEE7_M_headERS8_
FN:424,_ZNSt11_Tuple_implILm1EJSt14default_deleteINSt7__cxx1118basic_stringstreamIcSt11char_traitsIcESaIcEEEEEE7_M_headERS8_
FNDA:0,_ZNSt11_Tuple_implILm1EJSt14default_deleteINSt7__cxx1118basic_stringstreamIcSt11char_traitsIcESaIcEEEEEE7_M_headERS8_
FN:1364,_ZSt12__get_helperILm1ESt14default_deleteINSt7__cxx1118basic_stringstreamIcSt11char_traitsIcESaIcEEEEJEERT0_RSt11_Tuple_implIXT_EJS8_DpT1_EE
FNDA:0,_ZSt12__get_helperILm1ESt14default_deleteINSt7__cxx1118basic_stringstreamIcSt11char_traitsIcESaIcEEEEJEERT0_RSt11_Tuple_implIXT_EJS8_DpT1_EE
FN:1364,_ZSt12__get_helperILm0EPNSt7__cxx1118basic_stringstreamIcSt11char_traitsIcESaIcEEEJSt14default_deleteIS5_EEERT0_RSt11_Tuple_implIXT_EJS9_DpT1_EE
FNDA:0,_ZSt12__get_helperILm0EPNSt7__cxx1118basic_stringstreamIcSt11char_traitsIcESaIcEEEJSt14default_deleteIS5_EEERT0_RSt11_Tuple_implIXT_EJS9_DpT1_EE
FN:1364,_ZSt12__get_helperILm0EPNSt7__cxx1112basic_stringIcSt11char_traitsIcESaIcEEEJSt14default_deleteIS5_EEERT0_RSt11_Tuple_implIXT_EJS9_DpT1_EE
FNDA:1,_ZSt12__get_helperILm0EPNSt7__cxx1112basic_stringIcSt11char_traitsIcESaIcEEEJSt14default_deleteIS5_EEERT0_RSt11_Tuple_implIXT_EJS9_DpT1_EE
FN:1364,_ZSt12__get_helperILm1ESt14default_deleteINSt7__cxx1112basic_stringIcSt11char_traitsIcESaIcEEEEJEERT0_RSt11_Tuple_implIXT_EJS8_DpT1_EE
FNDA:0,_ZSt12__get_helperILm1ESt14default_deleteINSt7__cxx1112basic_stringIcSt11char_traitsIcESaIcEEEEJEERT0_RSt11_Tuple_implIXT_EJS8_DpT1_EE
FN:1369,_ZSt12__get_helperILm0EPNSt7__cxx1112basic_stringIcSt11char_traitsIcESaIcEEEJSt14default_deleteIS5_EEERKT0_RKSt11_Tuple_implIXT_EJS9_DpT1_EE
FNDA:0,_ZSt12__get_helperILm0EPNSt7__cxx1112basic_stringIcSt11char_traitsIcESaIcEEEJSt14default_deleteIS5_EEERKT0_RKSt11_Tuple_implIXT_EJS9_DpT1_EE
FN:1380,_ZSt3getILm1EJPNSt7__cxx1112basic_stringIcSt11char_traitsIcESaIcEEESt14default_deleteIS5_EEERNSt13tuple_elementIXT_ESt5tupleIJDpT0_EEE4typeERSD_
FNDA:0,_ZSt3getILm1EJPNSt7__cxx1112basic_stringIcSt11char_traitsIcESaIcEEESt14default_deleteIS5_EEERNSt13tuple_elementIXT_ESt5tupleIJDpT0_EEE4typeERSD_
FN:1380,_ZSt3getILm1EJPNSt7__cxx1118basic_stringstreamIcSt11char_traitsIcESaIcEEESt14default_deleteIS5_EEERNSt13tuple_elementIXT_ESt5tupleIJDpT0_EEE4typeERSD_
FNDA:0,_ZSt3getILm1EJPNSt7__cxx1118basic_stringstreamIcSt11char_traitsIcESaIcEEESt14default_deleteIS5_EEERNSt13tuple_elementIXT_ESt5tupleIJDpT0_EEE4typeERSD_
FN:1380,_ZSt3getILm0EJPNSt7__cxx1112basic_stringIcSt11char_traitsIcESaIcEEESt14default_deleteIS5_EEERNSt13tuple_elementIXT_ESt5tupleIJDpT0_EEE4typeERSD_
FNDA:1,_ZSt3getILm0EJPNSt7__cxx1112basic_stringIcSt11char_traitsIcESaIcEEESt14default_deleteIS5_EEERNSt13tuple_elementIXT_ESt5tupleIJDpT0_EEE4typeERSD_
FN:1380,_ZSt3getILm0EJPNSt7__cxx1118basic_stringstreamIcSt11char_traitsIcESaIcEEESt14default_deleteIS5_EEERNSt13tuple_elementIXT_ESt5tupleIJDpT0_EEE4typeERSD_
FNDA:0,_ZSt3getILm0EJPNSt7__cxx1118basic_stringstreamIcSt11char_traitsIcESaIcEEESt14default_deleteIS5_EEERNSt13tuple_elementIXT_ESt5tupleIJDpT0_EEE4typeERSD_
FN:1386,_ZSt3getILm0EJPNSt7__cxx1112basic_stringIcSt11char_traitsIcESaIcEEESt14default_deleteIS5_EEERKNSt13tuple_elementIXT_ESt5tupleIJDpT0_EEE4typeERKSD_
FNDA:0,_ZSt3getILm0EJPNSt7__cxx1112basic_stringIcSt11char_traitsIcESaIcEEESt14default_deleteIS5_EEERKNSt13tuple_elementIXT_ESt5tupleIJDpT0_EEE4typeERKSD_
DA:124,0
DA:124,0
DA:233,1
DA:233,0
DA:236,0
DA:268,1
DA:268,0
DA:271,0
DA:424,0
DA:424,0
DA:1364,0
DA:1365,0
DA:1364,0
DA:1365,0
DA:1364,1
DA:1365,1
DA:1364,0
DA:1365,0
DA:1369,0
DA:1370,0
DA:1380,0
DA:1381,0
DA:1380,0
DA:1381,0
DA:1380,1
DA:1381,1
DA:1380,0
DA:1381,0
DA:1386,0
DA:1387,0
end_of_record
SF:/usr/local/include/gtest/gtest.h
FN:244,_ZN7testing4Test14SetUpTestSuiteEv
FNDA:0,_ZN7testing4Test14SetUpTestSuiteEv
FN:252,_ZN7testing4Test17TearDownTestSuiteEv
FNDA:0,_ZN7testing4Test17TearDownTestSuiteEv
FN:257,_ZN7testing4Test16TearDownTestCaseEv
FNDA:0,_ZN7testing4Test16TearDownTestCaseEv
FN:258,_ZN7testing4Test13SetUpTestCaseEv
FNDA:0,_ZN7testing4Test13SetUpTestCaseEv
FN:339,_ZN7testing4Test5SetupEv
FNDA:0,_ZN7testing4Test5SetupEv
FN:1338,_ZN7testing8internal18CmpHelperEQFailureIixEENS_15AssertionResultEPKcS4_RKT_RKT0_
FNDA:0,_ZN7testing8internal18CmpHelperEQFailureIixEENS_15AssertionResultEPKcS4_RKT_RKT0_
FN:1355,_ZN7testing8internal11CmpHelperEQIixEENS_15AssertionResultEPKcS4_RKT_RKT0_
FNDA:1,_ZN7testing8internal11CmpHelperEQIixEENS_15AssertionResultEPKcS4_RKT_RKT0_
FN:1374,_ZN7testing8internal8EqHelper7CompareIixLPv0EEENS_15AssertionResultEPKcS6_RKT_RKT0_
FNDA:1,_ZN7testing8internal8EqHelper7CompareIixLPv0EEENS_15AssertionResultEPKcS6_RKT_RKT0_
FN:2293,_Z13RUN_ALL_TESTSv
FNDA:1,_Z13RUN_ALL_TESTSv
DA:244,0
DA:252,0
DA:257,0
DA:258,0
DA:339,0
DA:1338,0
DA:1343,0
DA:1355,1
DA:1358,1
DA:1359,1
DA:1362,0
DA:1374,1
DA:1377,1
DA:2293,1
end_of_record
SF:/usr/include/c++/12/bits/basic_string.tcc
FN:217,_ZNSt7__cxx1112basic_stringIcSt11char_traitsIcESaIcEE12_M_constructIPcEEvT_S7_St20forward_iterator_tag
FNDA:0,_ZNSt7__cxx1112basic_stringIcSt11char_traitsIcESaIcEE12_M_constructIPcEEvT_S7_St20forward_iterator_tag
FN:217,_ZNSt7__cxx1112basic_stringIcSt11char_traitsIcESaIcEE12_M_constructIPKcEEvT_S8_St20forward_iterator_tag
FNDA:12,_ZNSt7__cxx1112basic_stringIcSt11char_traitsIcESaIcEE12_M_constructIPKcEEvT_S8_St20forward_iterator_tag
FN:235,_ZZNSt7__cxx1112basic_stringIcSt11char_traitsIcESaIcEE12_M_constructIPcEEvT_S7_St20forward_iterator_tagEN6_GuardC2EPS4_
FNDA:0,_ZZNSt7__cxx1112basic_stringIcSt11char_traitsIcESaIcEE12_M_constructIPcEEvT_S7_St20forward_iterator_tagEN6_GuardC2EPS4_
FN:235,_ZZNSt7__cxx1112basic_stringIcSt11char_traitsIcESaIcEE12_M_constructIPKcEEvT_S8_St20forward_iterator_tagEN6_GuardC2EPS4_
FNDA:12,_ZZNSt7__cxx1112basic_stringIcSt11char_traitsIcESaIcEE12_M_constructIPKcEEvT_S8_St20forward_iterator_tagEN6_GuardC2EPS4_
FN:238,_ZZNSt7__cxx1112basic_stringIcSt11char_traitsIcESaIcEE12_M_constructIPcEEvT_S7_St20forward_iterator_tagEN6_GuardD2Ev
FNDA:0,_ZZNSt7__cxx1112basic_stringIcSt11char_traitsIcESaIcEE12_M_constructIPcEEvT_S7_St20forward_iterator_tagEN6_GuardD2Ev
FN:238,_ZZNSt7__cxx1112basic_stringIcSt11char_traitsIcESaIcEE12_M_constructIPKcEEvT_S8_St20forward_iterator_tagEN6_GuardD2Ev
FNDA:12,_ZZNSt7__cxx1112basic_stringIcSt11char_traitsIcESaIcEE12_M_constructIPKcEEvT_S8_St20forward_iterator_tagEN6_GuardD2Ev
DA:217,0
DA:221,0
DA:223,0
DA:225,0
DA:226,0
DA:241,0
DA:243,0
DA:245,0
DA:247,0
DA:248,0
DA:217,12
DA:221,12
DA:223,12
DA:225,1
DA:226,1
DA:241,12
DA:243,12
DA:245,12
DA:247,12
DA:248,12
DA:235,0
DA:235,12
DA:238,0
DA:238,12
end_of_record
SF:/usr/include/c++/12/iostream
end_of_record
SF:/usr/include/c++/12/bits/char_traits.h
FN:121,_ZN9__gnu_cxx11char_traitsIcE2eqERKcS3_
FNDA:0,_ZN9__gnu_cxx11char_traitsIcE2eqERKcS3_
FN:182,_ZN9__gnu_cxx11char_traitsIcE6lengthEPKc
FNDA:0,_ZN9__gnu_cxx11char_traitsIcE6lengthEPKc
FN:389,_ZNSt11char_traitsIcE6lengthEPKc
FNDA:12,_ZNSt11char_traitsIcE6lengthEPKc
DA:121,0
DA:122,0
DA:182,0
DA:185,0
DA:186,0
DA:187,0
DA:188,0
DA:389,12
DA:392,12
DA:393,0
DA:395,12
end_of_record
SF:/usr/local/include/gtest/internal/gtest-port.h
FN:967,_ZN7testing8internal8GTestLog9GetStreamEv
FNDA:0,_ZN7testing8internal8GTestLog9GetStreamEv
DA:967,0
end_of_record
SF:/usr/local/include/gtest/gtest-message.h
end_of_record
SF:/usr/include/c++/12/bits/stl_iterator_base_funcs.h
FN:99,_ZSt10__distanceIPcENSt15iterator_traitsIT_E15difference_typeES2_S2_St26random_access_iterator_tag
FNDA:0,_ZSt10__distanceIPcENSt15iterator_traitsIT_E15difference_typeES2_S2_St26random_access_iterator_tag
FN:99,_ZSt10__distanceIPKcENSt15iterator_traitsIT_E15difference_typeES3_S3_St26random_access_iterator_tag
FNDA:12,_ZSt10__distanceIPKcENSt15iterator_traitsIT_E15difference_typeES3_S3_St26random_access_iterator_tag
FN:147,_ZSt8distanceIPcENSt15iterator_traitsIT_E15difference_typeES2_S2_
FNDA:0,_ZSt8distanceIPcENSt15iterator_traitsIT_E15difference_typeES2_S2_
FN:147,_ZSt8distanceIPKcENSt15iterator_traitsIT_E15difference_typeES3_S3_
FNDA:12,_ZSt8distanceIPKcENSt15iterator_traitsIT_E15difference_typeES3_S3_
DA:99,0
DA:105,0
DA:99,12
DA:105,12
DA:147,0
DA:150,0
DA:151,0
DA:147,12
DA:150,12
DA:151,24
end_of_record
SF:/usr/include/c++/12/bits/stl_iterator_base_types.h
FN:238,_ZSt19__iterator_categoryIPcENSt15iterator_traitsIT_E17iterator_categoryERKS2_
FNDA:0,_ZSt19__iterator_categoryIPcENSt15iterator_traitsIT_E17iterator_categoryERKS2_
FN:238,_ZSt19__iterator_categoryIPKcENSt15iterator_traitsIT_E17iterator_categoryERKS3_
FNDA:12,_ZSt19__iterator_categoryIPKcENSt15iterator_traitsIT_E17iterator_categoryERKS3_
DA:238,0
DA:239,0
DA:238,12
DA:239,12
end_of_record
SF:/usr/include/x86_64-linux-gnu/c++/12/bits/c++config.h
FN:516,_ZSt23__is_constant_evaluatedv
FNDA:12,_ZSt23__is_constant_evaluatedv
DA:516,12
DA:523,12
end_of_record
SF:/usr/include/c++/12/bits/move.h
FN:104,_ZSt4moveIRPNSt7__cxx1112basic_stringIcSt11char_traitsIcESaIcEEEEONSt16remove_referenceIT_E4typeEOS9_
FNDA:0,_ZSt4moveIRPNSt7__cxx1112basic_stringIcSt11char_traitsIcESaIcEEEEONSt16remove_referenceIT_E4typeEOS9_
FN:104,_ZSt4moveIRPNSt7__cxx1118basic_stringstreamIcSt11char_traitsIcESaIcEEEEONSt16remove_referenceIT_E4typeEOS9_
FNDA:0,_ZSt4moveIRPNSt7__cxx1118basic_stringstreamIcSt11char_traitsIcESaIcEEEEONSt16remove_referenceIT_E4typeEOS9_
FN:104,_ZSt4moveIRSaIcEEONSt16remove_referenceIT_E4typeEOS3_
FNDA:0,_ZSt4moveIRSaIcEEONSt16remove_referenceIT_E4typeEOS3_
DA:104,0
DA:105,0
DA:104,0
DA:105,0
DA:104,0
DA:105,0
end_of_record
SF:/usr/local/include/gtest/gtest-printers.h
FN:213,_ZN7testing8internal52internal_stream_operator_without_lexical_name_lookup13StreamPrinter10PrintValueIxvRSoEEvRKT_PSo
FNDA:0,_ZN7testing8internal52internal_stream_operator_without_lexical_name_lookup13StreamPrinter10PrintValueIxvRSoEEvRKT_PSo
FN:213,_ZN7testing8internal52internal_stream_operator_without_lexical_name_lookup13StreamPrinter10PrintValueIivRSoEEvRKT_PSo
FNDA:0,_ZN7testing8internal52internal_stream_operator_without_lexical_name_lookup13StreamPrinter10PrintValueIivRSoEEvRKT_PSo
FN:305,_ZN7testing8internal17PrintWithFallbackIiEEvRKT_PSo
FNDA:0,_ZN7testing8internal17PrintWithFallbackIiEEvRKT_PSo
FN:305,_ZN7testing8internal17PrintWithFallbackIxEEvRKT_PSo
FNDA:0,_ZN7testing8internal17PrintWithFallbackIxEEvRKT_PSo
FN:332,_ZN7testing8internal19FormatForComparisonIixE6FormatB5cxx11ERKi
FNDA:0,_ZN7testing8internal19FormatForComparisonIixE6FormatB5cxx11ERKi
FN:332,_ZN7testing8internal19FormatForComparisonIxiE6FormatB5cxx11ERKx
FNDA:0,_ZN7testing8internal19FormatForComparisonIxiE6FormatB5cxx11ERKx
FN:412,_ZN7testing8internal33FormatForComparisonFailureMessageIixEENSt7__cxx1112basic_stringIcSt11char_traitsIcESaIcEEERKT_RKT0_
FNDA:0,_ZN7testing8internal33FormatForComparisonFailureMessageIixEENSt7__cxx1112basic_stringIcSt11char_traitsIcESaIcEEERKT_RKT0_
FN:412,_ZN7testing8internal33FormatForComparisonFailureMessageIxiEENSt7__cxx1112basic_stringIcSt11char_traitsIcESaIcEEERKT_RKT0_
FNDA:0,_ZN7testing8internal33FormatForComparisonFailureMessageIxiEENSt7__cxx1112basic_stringIcSt11char_traitsIcESaIcEEERKT_RKT0_
FN:439,_ZN7testing8internal7PrintToIxEEvRKT_PSo
FNDA:0,_ZN7testing8internal7PrintToIxEEvRKT_PSo
FN:439,_ZN7testing8internal7PrintToIiEEvRKT_PSo
FNDA:0,_ZN7testing8internal7PrintToIiEEvRKT_PSo
FN:693,_ZN7testing8internal16UniversalPrinterIxE5PrintERKxPSo
FNDA:0,_ZN7testing8internal16UniversalPrinterIxE5PrintERKxPSo
FN:693,_ZN7testing8internal16UniversalPrinterIiE5PrintERKiPSo
FNDA:0,_ZN7testing8internal16UniversalPrinterIiE5PrintERKiPSo
FN:883,_ZN7testing8internal21UniversalTersePrinterIiE5PrintERKiPSo
FNDA:0,_ZN7testing8internal21UniversalTersePrinterIiE5PrintERKiPSo
FN:883,_ZN7testing8internal21UniversalTersePrinterIxE5PrintERKxPSo
FNDA:0,_ZN7testing8internal21UniversalTersePrinterIxE5PrintERKxPSo
FN:995,_ZN7testing8internal14UniversalPrintIxEEvRKT_PSo
FNDA:0,_ZN7testing8internal14UniversalPrintIxEEvRKT_PSo
FN:995,_ZN7testing8internal14UniversalPrintIiEEvRKT_PSo
FNDA:0,_ZN7testing8internal14UniversalPrintIiEEvRKT_PSo
FN:1035,_ZN7testing13PrintToStringIiEENSt7__cxx1112basic_stringIcSt11char_traitsIcESaIcEEERKT_
FNDA:0,_ZN7testing13PrintToStringIiEENSt7__cxx1112basic_stringIcSt11char_traitsIcESaIcEEERKT_
FN:1035,_ZN7testing13PrintToStringIxEENSt7__cxx1112basic_stringIcSt11char_traitsIcESaIcEEERKT_
FNDA:0,_ZN7testing13PrintToStringIxEENSt7__cxx1112basic_stringIcSt11char_traitsIcESaIcEEERKT_
DA:213,0
DA:216,0
DA:217,0
DA:213,0
DA:216,0
DA:217,0
DA:305,0
DA:311,0
DA:312,0
DA:305,0
DA:311,0
DA:312,0
DA:332,0
DA:333,0
DA:332,0
DA:333,0
DA:412,0
DA:414,0
DA:412,0
DA:414,0
DA:439,0
DA:440,0
DA:441,0
DA:439,0
DA:440,0
DA:441,0
DA:693,0
DA:702,0
DA:703,0
DA:693,0
DA:702,0
DA:703,0
DA:883,0
DA:884,0
DA:885,0
DA:883,0
DA:884,0
DA:885,0
DA:995,0
DA:999,0
DA:1000,0
DA:995,0
DA:999,0
DA:1000,0
DA:1035,0
DA:1036,0
DA:1037,0
DA:1038,0
DA:1039,0
DA:1035,0
DA:1036,0
DA:1037,0
DA:1038,0
DA:1039,0
end_of_record
SF:/home/akiel/Desktop/Trunk/github/public-repos/OSS/RM-pkg/tests/calc/t_calc.cpp
FN:18,_ZN12_GLOBAL__N_128deriv_test_deriv_at_val_TestD0Ev
FNDA:1,_ZN12_GLOBAL__N_128deriv_test_deriv_at_val_TestD0Ev
FN:18,_ZN12_GLOBAL__N_128deriv_test_deriv_at_val_TestD2Ev
FNDA:1,_ZN12_GLOBAL__N_128deriv_test_deriv_at_val_TestD2Ev
FN:18,_ZN12_GLOBAL__N_128deriv_test_deriv_at_val_TestC2Ev
FNDA:1,_ZN12_GLOBAL__N_128deriv_test_deriv_at_val_TestC2Ev
FN:18,_ZN12_GLOBAL__N_128deriv_test_deriv_at_val_Test8TestBodyEv
FNDA:1,_ZN12_GLOBAL__N_128deriv_test_deriv_at_val_Test8TestBodyEv
FN:28,main
FNDA:1,main
DA:18,1
DA:18,1
DA:18,1
DA:18,1
DA:19,1
DA:20,1
DA:22,1
DA:24,1
DA:28,1
DA:29,1
DA:31,1
end_of_record
SF:/usr/include/c++/12/bits/new_allocator.h
FN:80,_ZNSt15__new_allocatorIcEC2Ev
FNDA:0,_ZNSt15__new_allocatorIcEC2Ev
FN:83,_ZNSt15__new_allocatorIcEC2ERKS0_
FNDA:0,_ZNSt15__new_allocatorIcEC2ERKS0_
FN:90,_ZNSt15__new_allocatorIcED2Ev
FNDA:0,_ZNSt15__new_allocatorIcED2Ev
DA:80,0
DA:83,0
DA:90,0
end_of_record
SF:/usr/include/c++/12/ext/alloc_traits.h
FN:97,_ZN9__gnu_cxx14__alloc_traitsISaIcEcE17_S_select_on_copyERKS1_
FNDA:0,_ZN9__gnu_cxx14__alloc_traitsISaIcEcE17_S_select_on_copyERKS1_
DA:97,0
DA:98,0
end_of_record
SF:/usr/local/include/gtest/internal/gtest-internal.h
FN:450,_ZN7testing8internal15TestFactoryBaseD0Ev
FNDA:0,_ZN7testing8internal15TestFactoryBaseD0Ev
FN:450,_ZN7testing8internal15TestFactoryBaseD2Ev
FNDA:1,_ZN7testing8internal15TestFactoryBaseD2Ev
FN:457,_ZN7testing8internal15TestFactoryBaseC2Ev
FNDA:1,_ZN7testing8internal15TestFactoryBaseC2Ev
FN:469,_ZN7testing8internal15TestFactoryImplIN12_GLOBAL__N_128deriv_test_deriv_at_val_TestEE10CreateTestEv
FNDA:1,_ZN7testing8internal15TestFactoryImplIN12_GLOBAL__N_128deriv_test_deriv_at_val_TestEE10CreateTestEv
FN:490,_ZN7testing8internal12CodeLocationC2ERKNSt7__cxx1112basic_stringIcSt11char_traitsIcESaIcEEEi
FNDA:1,_ZN7testing8internal12CodeLocationC2ERKNSt7__cxx1112basic_stringIcSt11char_traitsIcESaIcEEEi
FN:503,_ZN7testing8internal19GetNotDefaultOrNullEPFvvES2_
FNDA:4,_ZN7testing8internal19GetNotDefaultOrNullEPFvvES2_
FN:518,_ZN7testing8internal16SuiteApiResolverINS_4TestEE19GetSetUpCaseOrSuiteEPKci
FNDA:1,_ZN7testing8internal16SuiteApiResolverINS_4TestEE19GetSetUpCaseOrSuiteEPKci
FN:539,_ZN7testing8internal16SuiteApiResolverINS_4TestEE22GetTearDownCaseOrSuiteEPKci
FNDA:1,_ZN7testing8internal16SuiteApiResolverINS_4TestEE22GetTearDownCaseOrSuiteEPKci
DA:450,0
DA:450,1
DA:457,1
DA:469,1
DA:490,1
DA:491,1
DA:503,4
DA:505,4
DA:518,1
DA:522,1
DA:524,1
DA:526,1
DA:529,0
DA:531,1
DA:539,1
DA:543,1
DA:545,1
DA:547,1
DA:550,0
DA:552,1
end_of_record
SF:/usr/local/include/gtest/gtest-assertion-result.h
FN:174,_ZNK7testing15AssertionResultcvbEv
FNDA:1,_ZNK7testing15AssertionResultcvbEv
FN:183,_ZNK7testing15AssertionResult7messageEv
FNDA:0,_ZNK7testing15AssertionResult7messageEv
FN:187,_ZNK7testing15AssertionResult15failure_messageEv
FNDA:0,_ZNK7testing15AssertionResult15failure_messageEv
DA:174,1
DA:183,0
DA:184,0
DA:187,0
end_of_record
SF:/usr/include/c++/12/bits/alloc_traits.h
FN:562,_ZNSt16allocator_traitsISaIcEE37select_on_container_copy_constructionERKS0_
FNDA:0,_ZNSt16allocator_traitsISaIcEE37select_on_container_copy_constructionERKS0_
DA:562,0
DA:563,0
end_of_record
SF:/usr/include/c++/12/bits/unique_ptr.h
FN:89,_ZNKSt14default_deleteINSt7__cxx1112basic_stringIcSt11char_traitsIcESaIcEEEEclEPS5_
FNDA:0,_ZNKSt14default_deleteINSt7__cxx1112basic_stringIcSt11char_traitsIcESaIcEEEEclEPS5_
FN:89,_ZNKSt14default_deleteINSt7__cxx1118basic_stringstreamIcSt11char_traitsIcESaIcEEEEclEPS5_
FNDA:0,_ZNKSt14default_deleteINSt7__cxx1118basic_stringstreamIcSt11char_traitsIcESaIcEEEEclEPS5_
FN:189,_ZNSt15__uniq_ptr_implINSt7__cxx1112basic_stringIcSt11char_traitsIcESaIcEEESt14default_deleteIS5_EE6_M_ptrEv
FNDA:1,_ZNSt15__uniq_ptr_implINSt7__cxx1112basic_stringIcSt11char_traitsIcESaIcEEESt14default_deleteIS5_EE6_M_ptrEv
FN:189,_ZNSt15__uniq_ptr_implINSt7__cxx1118basic_stringstreamIcSt11char_traitsIcESaIcEEESt14default_deleteIS5_EE6_M_ptrEv
FNDA:0,_ZNSt15__uniq_ptr_implINSt7__cxx1118basic_stringstreamIcSt11char_traitsIcESaIcEEESt14default_deleteIS5_EE6_M_ptrEv
FN:191,_ZNKSt15__uniq_ptr_implINSt7__cxx1112basic_stringIcSt11char_traitsIcESaIcEEESt14default_deleteIS5_EE6_M_ptrEv
FNDA:0,_ZNKSt15__uniq_ptr_implINSt7__cxx1112basic_stringIcSt11char_traitsIcESaIcEEESt14default_deleteIS5_EE6_M_ptrEv
FN:193,_ZNSt15__uniq_ptr_implINSt7__cxx1112basic_stringIcSt11char_traitsIcESaIcEEESt14default_deleteIS5_EE10_M_deleterEv
FNDA:0,_ZNSt15__uniq_ptr_implINSt7__cxx1112basic_stringIcSt11char_traitsIcESaIcEEESt14default_deleteIS5_EE10_M_deleterEv
FN:193,_ZNSt15__uniq_ptr_implINSt7__cxx1118basic_stringstreamIcSt11char_traitsIcESaIcEEESt14default_deleteIS5_EE10_M_deleterEv
FNDA:0,_ZNSt15__uniq_ptr_implINSt7__cxx1118basic_stringstreamIcSt11char_traitsIcESaIcEEESt14default_deleteIS5_EE10_M_deleterEv
FN:390,_ZNSt10unique_ptrINSt7__cxx1112basic_stringIcSt11char_traitsIcESaIcEEESt14default_deleteIS5_EED2Ev
FNDA:1,_ZNSt10unique_ptrINSt7__cxx1112basic_stringIcSt11char_traitsIcESaIcEEESt14default_deleteIS5_EED2Ev
FN:390,_ZNSt10unique_ptrINSt7__cxx1118basic_stringstreamIcSt11char_traitsIcESaIcEEESt14default_deleteIS5_EED2Ev
FNDA:0,_ZNSt10unique_ptrINSt7__cxx1118basic_stringstreamIcSt11char_traitsIcESaIcEEESt14default_deleteIS5_EED2Ev
FN:452,_ZNKSt10unique_ptrINSt7__cxx1112basic_stringIcSt11char_traitsIcESaIcEEESt14default_deleteIS5_EEptEv
FNDA:0,_ZNKSt10unique_ptrINSt7__cxx1112basic_stringIcSt11char_traitsIcESaIcEEESt14default_deleteIS5_EEptEv
FN:461,_ZNKSt10unique_ptrINSt7__cxx1112basic_stringIcSt11char_traitsIcESaIcEEESt14default_deleteIS5_EE3getEv
FNDA:0,_ZNKSt10unique_ptrINSt7__cxx1112basic_stringIcSt11char_traitsIcESaIcEEESt14default_deleteIS5_EE3getEv
FN:467,_ZNSt10unique_ptrINSt7__cxx1112basic_stringIcSt11char_traitsIcESaIcEEESt14default_deleteIS5_EE11get_deleterEv
FNDA:0,_ZNSt10unique_ptrINSt7__cxx1112basic_stringIcSt11char_traitsIcESaIcEEESt14default_deleteIS5_EE11get_deleterEv
FN:467,_ZNSt10unique_ptrINSt7__cxx1118basic_stringstreamIcSt11char_traitsIcESaIcEEESt14default_deleteIS5_EE11get_deleterEv
FNDA:0,_ZNSt10unique_ptrINSt7__cxx1118basic_stringstreamIcSt11char_traitsIcESaIcEEESt14default_deleteIS5_EE11get_deleterEv
DA:89,0
DA:95,0
DA:96,0
DA:89,0
DA:95,0
DA:96,0
DA:189,1
DA:189,0
DA:191,0
DA:193,0
DA:193,0
DA:390,1
DA:394,1
DA:395,1
DA:396,0
DA:397,1
DA:398,1
DA:390,0
DA:394,0
DA:395,0
DA:396,0
DA:397,0
DA:398,0
DA:452,0
DA:455,0
DA:461,0
DA:462,0
DA:467,0
DA:468,0
DA:467,0
DA:468,0
end_of_record
SF:/usr/include/c++/12/bits/basic_string.h
FN:634,_ZNSt7__cxx1112basic_stringIcSt11char_traitsIcESaIcEEC2IS3_EEPKcRKS3_
FNDA:12,_ZNSt7__cxx1112basic_stringIcSt11char_traitsIcESaIcEEC2IS3_EEPKcRKS3_
DA:358,11
DA:634,12
DA:635,12
DA:638,12
DA:639,0
DA:641,12
DA:642,12
DA:643,12
end_of_record
TN:
SF:/usr/include/c++/12/bits/alloc_traits.h
FN:562,_ZNSt16allocator_traitsISaIcEE37select_on_container_copy_constructionERKS0_
FNDA:0,_ZNSt16allocator_traitsISaIcEE37select_on_container_copy_constructionERKS0_
DA:562,0
DA:563,0
end_of_record
SF:/usr/include/c++/12/bits/basic_string.h
FN:634,_ZNSt7__cxx1112basic_stringIcSt11char_traitsIcESaIcEEC2IS3_EEPKcRKS3_
FNDA:0,_ZNSt7__cxx1112basic_stringIcSt11char_traitsIcESaIcEEC2IS3_EEPKcRKS3_
FN:3599,_ZSteqIcSt11char_traitsIcESaIcEEbRKNSt7__cxx1112basic_stringIT_T0_T1_EEPKS5_
FNDA:9,_ZSteqIcSt11char_traitsIcESaIcEEbRKNSt7__cxx1112basic_stringIT_T0_T1_EEPKS5_
DA:358,0
DA:634,0
DA:635,0
DA:638,0
DA:639,0
DA:641,0
DA:642,0
DA:643,0
DA:3599,9
DA:3601,9
end_of_record
SF:/usr/include/x86_64-linux-gnu/c++/12/bits/c++config.h
FN:516,_ZSt23__is_constant_evaluatedv
FNDA:0,_ZSt23__is_constant_evaluatedv
DA:516,0
DA:523,0
end_of_record
SF:/usr/include/c++/12/bits/stl_iterator_base_types.h
FN:238,_ZSt19__iterator_categoryIPKcENSt15iterator_traitsIT_E17iterator_categoryERKS3_
FNDA:0,_ZSt19__iterator_categoryIPKcENSt15iterator_traitsIT_E17iterator_categoryERKS3_
FN:238,_ZSt19__iterator_categoryIPcENSt15iterator_traitsIT_E17iterator_categoryERKS2_
FNDA:0,_ZSt19__iterator_categoryIPcENSt15iterator_traitsIT_E17iterator_categoryERKS2_
DA:238,0
DA:239,0
DA:238,0
DA:239,0
end_of_record
SF:/usr/include/c++/12/bits/move.h
FN:104,_ZSt4moveIRSaIcEEONSt16remove_referenceIT_E4typeEOS3_
FNDA:0,_ZSt4moveIRSaIcEEONSt16remove_referenceIT_E4typeEOS3_
DA:104,0
DA:105,0
end_of_record
SF:/usr/include/c++/12/bits/new_allocator.h
FN:80,_ZNSt15__new_allocatorIcEC2Ev
FNDA:0,_ZNSt15__new_allocatorIcEC2Ev
FN:83,_ZNSt15__new_allocatorIcEC2ERKS0_
FNDA:0,_ZNSt15__new_allocatorIcEC2ERKS0_
FN:90,_ZNSt15__new_allocatorIcED2Ev
FNDA:0,_ZNSt15__new_allocatorIcED2Ev
DA:80,0
DA:83,0
DA:90,0
end_of_record
SF:/usr/include/c++/12/ext/alloc_traits.h
FN:97,_ZN9__gnu_cxx14__alloc_traitsISaIcEcE17_S_select_on_copyERKS1_
FNDA:0,_ZN9__gnu_cxx14__alloc_traitsISaIcEcE17_S_select_on_copyERKS1_
DA:97,0
DA:98,0
end_of_record
SF:/usr/include/c++/12/bits/char_traits.h
FN:121,_ZN9__gnu_cxx11char_traitsIcE2eqERKcS3_
FNDA:0,_ZN9__gnu_cxx11char_traitsIcE2eqERKcS3_
FN:182,_ZN9__gnu_cxx11char_traitsIcE6lengthEPKc
FNDA:0,_ZN9__gnu_cxx11char_traitsIcE6lengthEPKc
FN:389,_ZNSt11char_traitsIcE6lengthEPKc
FNDA:0,_ZNSt11char_traitsIcE6lengthEPKc
DA:121,0
DA:122,0
DA:182,0
DA:185,0
DA:186,0
DA:187,0
DA:188,0
DA:389,0
DA:392,0
DA:393,0
DA:395,0
end_of_record
SF:/usr/include/c++/12/iostream
end_of_record
SF:/home/akiel/Desktop/Trunk/github/public-repos/OSS/RM-pkg/modules/calculus/deriv.cpp
FN:39,_ZN8calculus14derivativeTermENSt7__cxx1112basic_stringIcSt11char_traitsIcESaIcEEEx
FNDA:5,_ZN8calculus14derivativeTermENSt7__cxx1112basic_stringIcSt11char_traitsIcESaIcEEEx
FN:71,_ZN8calculus11rm_deriv_atERNSt7__cxx1112basic_stringIcSt11char_traitsIcESaIcEEEi
FNDA:1,_ZN8calculus11rm_deriv_atERNSt7__cxx1112basic_stringIcSt11char_traitsIcESaIcEEEi
FN:93,_ZN8calculus8rm_derivERNSt7__cxx1112basic_stringIcSt11char_traitsIcESaIcEEE
FNDA:0,_ZN8calculus8rm_derivERNSt7__cxx1112basic_stringIcSt11char_traitsIcESaIcEEE
DA:39,5
DA:41,5
DA:43,5
DA:46,10
DA:47,5
DA:49,5
DA:52,5
DA:54,10
DA:55,5
DA:56,5
DA:58,5
DA:61,5
DA:62,5
DA:63,5
DA:64,5
DA:66,5
DA:68,5
DA:69,5
DA:71,1
DA:72,1
DA:75,1
DA:77,1
DA:78,10
DA:81,9
DA:82,4
DA:86,5
DA:88,1
DA:89,1
DA:90,1
DA:91,1
DA:93,0
DA:94,0
DA:97,0
DA:99,0
DA:100,0
DA:105,0
DA:106,0
DA:110,0
DA:112,0
DA:113,0
end_of_record
SF:/usr/include/c++/12/bits/stl_iterator_base_funcs.h
FN:99,_ZSt10__distanceIPcENSt15iterator_traitsIT_E15difference_typeES2_S2_St26random_access_iterator_tag
FNDA:0,_ZSt10__distanceIPcENSt15iterator_traitsIT_E15difference_typeES2_S2_St26random_access_iterator_tag
FN:99,_ZSt10__distanceIPKcENSt15iterator_traitsIT_E15difference_typeES3_S3_St26random_access_iterator_tag
FNDA:0,_ZSt10__distanceIPKcENSt15iterator_traitsIT_E15difference_typeES3_S3_St26random_access_iterator_tag
FN:147,_ZSt8distanceIPcENSt15iterator_traitsIT_E15difference_typeES2_S2_
FNDA:0,_ZSt8distanceIPcENSt15iterator_traitsIT_E15difference_typeES2_S2_
FN:147,_ZSt8distanceIPKcENSt15iterator_traitsIT_E15difference_typeES3_S3_
FNDA:0,_ZSt8distanceIPKcENSt15iterator_traitsIT_E15difference_typeES3_S3_
DA:99,0
DA:105,0
DA:99,0
DA:105,0
DA:147,0
DA:150,0
DA:151,0
DA:147,0
DA:150,0
DA:151,0
end_of_record
SF:/usr/include/c++/12/bits/basic_string.tcc
FN:217,_ZNSt7__cxx1112basic_stringIcSt11char_traitsIcESaIcEE12_M_constructIPcEEvT_S7_St20forward_iterator_tag
FNDA:0,_ZNSt7__cxx1112basic_stringIcSt11char_traitsIcESaIcEE12_M_constructIPcEEvT_S7_St20forward_iterator_tag
FN:217,_ZNSt7__cxx1112basic_stringIcSt11char_traitsIcESaIcEE12_M_constructIPKcEEvT_S8_St20forward_iterator_tag
FNDA:0,_ZNSt7__cxx1112basic_stringIcSt11char_traitsIcESaIcEE12_M_constructIPKcEEvT_S8_St20forward_iterator_tag
FN:235,_ZZNSt7__cxx1112basic_stringIcSt11char_traitsIcESaIcEE12_M_constructIPcEEvT_S7_St20forward_iterator_tagEN6_GuardC2EPS4_
FNDA:0,_ZZNSt7__cxx1112basic_stringIcSt11char_traitsIcESaIcEE12_M_constructIPcEEvT_S7_St20forward_iterator_tagEN6_GuardC2EPS4_
FN:235,_ZZNSt7__cxx1112basic_stringIcSt11char_traitsIcESaIcEE12_M_constructIPKcEEvT_S8_St20forward_iterator_tagEN6_GuardC2EPS4_
FNDA:0,_ZZNSt7__cxx1112basic_stringIcSt11char_traitsIcESaIcEE12_M_constructIPKcEEvT_S8_St20forward_iterator_tagEN6_GuardC2EPS4_
FN:238,_ZZNSt7__cxx1112basic_stringIcSt11char_traitsIcESaIcEE12_M_constructIPcEEvT_S7_St20forward_iterator_tagEN6_GuardD2Ev
FNDA:0,_ZZNSt7__cxx1112basic_stringIcSt11char_traitsIcESaIcEE12_M_constructIPcEEvT_S7_St20forward_iterator_tagEN6_GuardD2Ev
FN:238,_ZZNSt7__cxx1112basic_stringIcSt11char_traitsIcESaIcEE12_M_constructIPKcEEvT_S8_St20forward_iterator_tagEN6_GuardD2Ev
FNDA:0,_ZZNSt7__cxx1112basic_stringIcSt11char_traitsIcESaIcEE12_M_constructIPKcEEvT_S8_St20forward_iterator_tagEN6_GuardD2Ev
DA:217,0
DA:221,0
DA:223,0
DA:225,0
DA:226,0
DA:241,0
DA:243,0
DA:245,0
DA:247,0
DA:248,0
DA:217,0
DA:221,0
DA:223,0
DA:225,0
DA:226,0
DA:241,0
DA:243,0
DA:245,0
DA:247,0
DA:248,0
DA:235,0
DA:235,0
DA:238,0
DA:238,0
end_of_record
