<?xml version='1.0' encoding='UTF-8'?>
<!DOCTYPE coverage SYSTEM 'http://cobertura.sourceforge.net/xml/coverage-04.dtd'>
<coverage line-rate="0.8884462151394422" function-rate="0.95" branch-rate="0.41566265060240964" lines-covered="223" lines-valid="251" functions-covered="57" functions-valid="60" branches-covered="207" branches-valid="498" complexity="0.0" timestamp="1670109750" version="gcovr 5.2">
  <sources>
    <source>.</source>
  </sources>
  <packages>
    <package name="include.arithmetic" line-rate="1.0" function-rate="1.0" branch-rate="0.0" complexity="0.0">
      <classes>
        <class name="arith_hpp" filename="include/arithmetic/arith.hpp" line-rate="1.0" branch-rate="0.0" complexity="0.0">
          <methods/>
          <lines>
            <line number="21" hits="3" branch="false"/>
            <line number="22" hits="3" branch="false"/>
            <line number="25" hits="16" branch="false"/>
            <line number="26" hits="16" branch="false"/>
            <line number="31" hits="6" branch="false"/>
            <line number="32" hits="6" branch="false"/>
            <line number="35" hits="12" branch="false"/>
            <line number="36" hits="12" branch="false"/>
            <line number="41" hits="2" branch="false"/>
            <line number="42" hits="2" branch="false"/>
            <line number="45" hits="5" branch="false"/>
            <line number="46" hits="5" branch="false"/>
          </lines>
        </class>
      </classes>
    </package>
    <package name="modules.arithmetic" line-rate="0.0" function-rate="0.0" branch-rate="0.0" complexity="0.0">
      <classes>
        <class name="arith_cpp" filename="modules/arithmetic/arith.cpp" line-rate="0.0" branch-rate="0.0" complexity="0.0">
          <methods/>
          <lines>
            <line number="8" hits="0" branch="false"/>
            <line number="9" hits="0" branch="false"/>
            <line number="10" hits="0" branch="false"/>
            <line number="13" hits="0" branch="true" condition-coverage="0% (0/2)">
              <conditions>
                <condition number="0" type="jump" coverage="0%"/>
              </conditions>
            </line>
            <line number="15" hits="0" branch="true" condition-coverage="0% (0/2)">
              <conditions>
                <condition number="0" type="jump" coverage="0%"/>
              </conditions>
            </line>
            <line number="16" hits="0" branch="false"/>
            <line number="19" hits="0" branch="false"/>
            <line number="20" hits="0" branch="false"/>
            <line number="22" hits="0" branch="false"/>
            <line number="25" hits="0" branch="false"/>
            <line number="26" hits="0" branch="false"/>
            <line number="29" hits="0" branch="true" condition-coverage="0% (0/2)">
              <conditions>
                <condition number="0" type="jump" coverage="0%"/>
              </conditions>
            </line>
            <line number="30" hits="0" branch="false"/>
            <line number="31" hits="0" branch="false"/>
            <line number="33" hits="0" branch="false"/>
            <line number="36" hits="0" branch="false"/>
            <line number="37" hits="0" branch="true" condition-coverage="0% (0/2)">
              <conditions>
                <condition number="0" type="jump" coverage="0%"/>
              </conditions>
            </line>
            <line number="38" hits="0" branch="false"/>
            <line number="40" hits="0" branch="true" condition-coverage="0% (0/2)">
              <conditions>
                <condition number="0" type="jump" coverage="0%"/>
              </conditions>
            </line>
            <line number="41" hits="0" branch="false"/>
            <line number="44" hits="0" branch="false"/>
          </lines>
        </class>
      </classes>
    </package>
    <package name="modules.number_theory" line-rate="0.9326923076923077" function-rate="1.0" branch-rate="0.6197183098591549" complexity="0.0">
      <classes>
        <class name="cipher_cpp" filename="modules/number_theory/cipher.cpp" line-rate="0.9714285714285714" branch-rate="0.5849056603773585" complexity="0.0">
          <methods/>
          <lines>
            <line number="13" hits="3" branch="false"/>
            <line number="14" hits="3" branch="true" condition-coverage="50% (1/2)">
              <conditions>
                <condition number="0" type="jump" coverage="50%"/>
              </conditions>
            </line>
            <line number="16" hits="36" branch="true" condition-coverage="100% (2/2)">
              <conditions>
                <condition number="0" type="jump" coverage="100%"/>
              </conditions>
            </line>
            <line number="18" hits="33" branch="true" condition-coverage="75% (3/4)">
              <conditions>
                <condition number="0" type="jump" coverage="75%"/>
              </conditions>
            </line>
            <line number="20" hits="20" branch="true" condition-coverage="50% (2/4)">
              <conditions>
                <condition number="0" type="jump" coverage="50%"/>
              </conditions>
            </line>
            <line number="24" hits="13" branch="true" condition-coverage="50% (2/4)">
              <conditions>
                <condition number="0" type="jump" coverage="50%"/>
              </conditions>
            </line>
            <line number="28" hits="3" branch="false"/>
            <line number="31" hits="2" branch="false"/>
            <line number="32" hits="2" branch="true" condition-coverage="50% (1/2)">
              <conditions>
                <condition number="0" type="jump" coverage="50%"/>
              </conditions>
            </line>
            <line number="34" hits="2" branch="false"/>
            <line number="37" hits="18" branch="true" condition-coverage="100% (2/2)">
              <conditions>
                <condition number="0" type="jump" coverage="100%"/>
              </conditions>
            </line>
            <line number="38" hits="16" branch="true" condition-coverage="70% (7/10)">
              <conditions>
                <condition number="0" type="jump" coverage="70%"/>
              </conditions>
            </line>
            <line number="43" hits="2" branch="true" condition-coverage="50% (2/4)">
              <conditions>
                <condition number="0" type="jump" coverage="50%"/>
              </conditions>
            </line>
            <line number="44" hits="2" branch="true" condition-coverage="50% (2/4)">
              <conditions>
                <condition number="0" type="jump" coverage="50%"/>
              </conditions>
            </line>
            <line number="45" hits="2" branch="true" condition-coverage="50% (1/2)">
              <conditions>
                <condition number="0" type="jump" coverage="50%"/>
              </conditions>
            </line>
            <line number="48" hits="14" branch="true" condition-coverage="50% (5/10)">
              <conditions>
                <condition number="0" type="jump" coverage="50%"/>
              </conditions>
            </line>
            <line number="49" hits="14" branch="true" condition-coverage="75% (3/4)">
              <conditions>
                <condition number="0" type="jump" coverage="75%"/>
              </conditions>
            </line>
            <line number="50" hits="13" branch="true" condition-coverage="50% (2/4)">
              <conditions>
                <condition number="0" type="jump" coverage="50%"/>
              </conditions>
            </line>
            <line number="51" hits="13" branch="true" condition-coverage="50% (1/2)">
              <conditions>
                <condition number="0" type="jump" coverage="50%"/>
              </conditions>
            </line>
            <line number="57" hits="54" branch="true" condition-coverage="100% (2/2)">
              <conditions>
                <condition number="0" type="jump" coverage="100%"/>
              </conditions>
            </line>
            <line number="58" hits="52" branch="true" condition-coverage="100% (2/2)">
              <conditions>
                <condition number="0" type="jump" coverage="100%"/>
              </conditions>
            </line>
            <line number="59" hits="37" branch="false"/>
            <line number="60" hits="37" branch="true" condition-coverage="50% (1/2)">
              <conditions>
                <condition number="0" type="jump" coverage="50%"/>
              </conditions>
            </line>
            <line number="63" hits="4" branch="false"/>
            <line number="66" hits="2" branch="false"/>
            <line number="67" hits="2" branch="true" condition-coverage="50% (1/2)">
              <conditions>
                <condition number="0" type="jump" coverage="50%"/>
              </conditions>
            </line>
            <line number="73" hits="18" branch="true" condition-coverage="100% (2/2)">
              <conditions>
                <condition number="0" type="jump" coverage="100%"/>
              </conditions>
            </line>
            <line number="74" hits="16" branch="true" condition-coverage="70% (7/10)">
              <conditions>
                <condition number="0" type="jump" coverage="70%"/>
              </conditions>
            </line>
            <line number="75" hits="14" branch="true" condition-coverage="50% (1/2)">
              <conditions>
                <condition number="0" type="jump" coverage="50%"/>
              </conditions>
            </line>
            <line number="76" hits="14" branch="true" condition-coverage="50% (2/4)">
              <conditions>
                <condition number="0" type="jump" coverage="50%"/>
              </conditions>
            </line>
            <line number="79" hits="2" branch="true" condition-coverage="50% (5/10)">
              <conditions>
                <condition number="0" type="jump" coverage="50%"/>
              </conditions>
            </line>
            <line number="80" hits="2" branch="true" condition-coverage="50% (1/2)">
              <conditions>
                <condition number="0" type="jump" coverage="50%"/>
              </conditions>
            </line>
            <line number="81" hits="2" branch="true" condition-coverage="50% (2/4)">
              <conditions>
                <condition number="0" type="jump" coverage="50%"/>
              </conditions>
            </line>
            <line number="85" hits="0" branch="true" condition-coverage="0% (0/4)">
              <conditions>
                <condition number="0" type="jump" coverage="0%"/>
              </conditions>
            </line>
            <line number="88" hits="2" branch="false"/>
          </lines>
        </class>
        <class name="rc4_cpp" filename="modules/number_theory/rc4.cpp" line-rate="0.9130434782608695" branch-rate="0.7222222222222222" complexity="0.0">
          <methods/>
          <lines>
            <line number="18" hits="796" branch="false"/>
            <line number="19" hits="796" branch="false"/>
            <line number="20" hits="796" branch="false"/>
            <line number="21" hits="796" branch="false"/>
            <line number="22" hits="796" branch="false"/>
            <line number="23" hits="796" branch="false"/>
            <line number="25" hits="796" branch="false"/>
            <line number="26" hits="796" branch="false"/>
            <line number="27" hits="796" branch="false"/>
            <line number="28" hits="796" branch="false"/>
            <line number="29" hits="796" branch="false"/>
            <line number="31" hits="796" branch="false"/>
            <line number="32" hits="796" branch="false"/>
            <line number="33" hits="796" branch="false"/>
            <line number="34" hits="796" branch="false"/>
            <line number="35" hits="796" branch="false"/>
            <line number="37" hits="9" branch="false"/>
            <line number="41" hits="9" branch="false"/>
            <line number="42" hits="9" branch="false"/>
            <line number="44" hits="2313" branch="true" condition-coverage="100% (2/2)">
              <conditions>
                <condition number="0" type="jump" coverage="100%"/>
              </conditions>
            </line>
            <line number="45" hits="2304" branch="false"/>
            <line number="48" hits="2313" branch="true" condition-coverage="100% (2/2)">
              <conditions>
                <condition number="0" type="jump" coverage="100%"/>
              </conditions>
            </line>
            <line number="49" hits="2304" branch="false"/>
            <line number="52" hits="2304" branch="true" condition-coverage="100% (2/2)">
              <conditions>
                <condition number="0" type="jump" coverage="100%"/>
              </conditions>
            </line>
            <line number="53" hits="768" branch="false"/>
            <line number="55" hits="1536" branch="true" condition-coverage="100% (2/2)">
              <conditions>
                <condition number="0" type="jump" coverage="100%"/>
              </conditions>
            </line>
            <line number="56" hits="768" branch="false"/>
            <line number="58" hits="768" branch="true" condition-coverage="50% (1/2)">
              <conditions>
                <condition number="0" type="jump" coverage="50%"/>
              </conditions>
            </line>
            <line number="59" hits="768" branch="false"/>
            <line number="62" hits="0" branch="false"/>
            <line number="63" hits="0" branch="false"/>
            <line number="66" hits="9" branch="false"/>
            <line number="68" hits="9" branch="false"/>
            <line number="73" hits="9" branch="false"/>
            <line number="74" hits="9" branch="false"/>
            <line number="76" hits="93" branch="true" condition-coverage="100% (2/2)">
              <conditions>
                <condition number="0" type="jump" coverage="100%"/>
              </conditions>
            </line>
            <line number="77" hits="84" branch="false"/>
            <line number="78" hits="84" branch="false"/>
            <line number="81" hits="84" branch="true" condition-coverage="100% (2/2)">
              <conditions>
                <condition number="0" type="jump" coverage="100%"/>
              </conditions>
            </line>
            <line number="82" hits="28" branch="false"/>
            <line number="84" hits="56" branch="true" condition-coverage="100% (2/2)">
              <conditions>
                <condition number="0" type="jump" coverage="100%"/>
              </conditions>
            </line>
            <line number="85" hits="28" branch="false"/>
            <line number="87" hits="28" branch="true" condition-coverage="50% (1/2)">
              <conditions>
                <condition number="0" type="jump" coverage="50%"/>
              </conditions>
            </line>
            <line number="88" hits="28" branch="false"/>
            <line number="91" hits="0" branch="false"/>
            <line number="92" hits="0" branch="false"/>
            <line number="95" hits="84" branch="false"/>
            <line number="97" hits="84" branch="false"/>
            <line number="99" hits="9" branch="false"/>
            <line number="101" hits="9" branch="false"/>
            <line number="106" hits="9" branch="false"/>
            <line number="108" hits="9" branch="false"/>
            <line number="109" hits="9" branch="false"/>
            <line number="112" hits="9" branch="true" condition-coverage="50% (1/2)">
              <conditions>
                <condition number="0" type="jump" coverage="50%"/>
              </conditions>
            </line>
            <line number="115" hits="9" branch="false"/>
            <line number="116" hits="93" branch="true" condition-coverage="100% (2/2)">
              <conditions>
                <condition number="0" type="jump" coverage="100%"/>
              </conditions>
            </line>
            <line number="117" hits="84" branch="true" condition-coverage="100% (2/2)">
              <conditions>
                <condition number="0" type="jump" coverage="100%"/>
              </conditions>
            </line>
            <line number="118" hits="28" branch="false"/>
            <line number="122" hits="56" branch="false"/>
            <line number="125" hits="84" branch="true" condition-coverage="50% (2/4)">
              <conditions>
                <condition number="0" type="jump" coverage="50%"/>
              </conditions>
            </line>
            <line number="127" hits="18" branch="false"/>
            <line number="128" hits="9" branch="false"/>
            <line number="130" hits="9" branch="false"/>
            <line number="135" hits="9" branch="true" condition-coverage="50% (1/2)">
              <conditions>
                <condition number="0" type="jump" coverage="50%"/>
              </conditions>
            </line>
            <line number="136" hits="0" branch="true" condition-coverage="0% (0/2)">
              <conditions>
                <condition number="0" type="jump" coverage="0%"/>
              </conditions>
            </line>
            <line number="137" hits="0" branch="false"/>
            <line number="141" hits="9" branch="true" condition-coverage="50% (1/2)">
              <conditions>
                <condition number="0" type="jump" coverage="50%"/>
              </conditions>
            </line>
            <line number="142" hits="9" branch="true" condition-coverage="50% (1/2)">
              <conditions>
                <condition number="0" type="jump" coverage="50%"/>
              </conditions>
            </line>
            <line number="144" hits="9" branch="false"/>
          </lines>
        </class>
      </classes>
    </package>
    <package name="tests.arith" line-rate="1.0" function-rate="1.0" branch-rate="0.3125" complexity="0.0">
      <classes>
        <class name="t_arith_cpp" filename="tests/arith/t_arith.cpp" line-rate="1.0" branch-rate="0.3125" complexity="0.0">
          <methods/>
          <lines>
            <line number="17" hits="8" branch="false"/>
            <line number="18" hits="2" branch="true" condition-coverage="25% (3/12)">
              <conditions>
                <condition number="0" type="jump" coverage="25%"/>
              </conditions>
            </line>
            <line number="19" hits="2" branch="true" condition-coverage="25% (3/12)">
              <conditions>
                <condition number="0" type="jump" coverage="25%"/>
              </conditions>
            </line>
            <line number="20" hits="2" branch="true" condition-coverage="25% (3/12)">
              <conditions>
                <condition number="0" type="jump" coverage="25%"/>
              </conditions>
            </line>
            <line number="22" hits="2" branch="false"/>
            <line number="25" hits="8" branch="false"/>
            <line number="26" hits="2" branch="true" condition-coverage="25% (3/12)">
              <conditions>
                <condition number="0" type="jump" coverage="25%"/>
              </conditions>
            </line>
            <line number="27" hits="2" branch="true" condition-coverage="25% (3/12)">
              <conditions>
                <condition number="0" type="jump" coverage="25%"/>
              </conditions>
            </line>
            <line number="28" hits="2" branch="false"/>
            <line number="31" hits="8" branch="false"/>
            <line number="32" hits="2" branch="true" condition-coverage="25% (3/12)">
              <conditions>
                <condition number="0" type="jump" coverage="25%"/>
              </conditions>
            </line>
            <line number="33" hits="2" branch="true" condition-coverage="50% (6/12)">
              <conditions>
                <condition number="0" type="jump" coverage="50%"/>
              </conditions>
            </line>
            <line number="34" hits="2" branch="true" condition-coverage="50% (6/12)">
              <conditions>
                <condition number="0" type="jump" coverage="50%"/>
              </conditions>
            </line>
            <line number="35" hits="2" branch="false"/>
          </lines>
        </class>
      </classes>
    </package>
    <package name="tests.number_theory" line-rate="1.0" function-rate="1.0" branch-rate="0.356" complexity="0.0">
      <classes>
        <class name="t_cipher_cpp" filename="tests/number_theory/t_cipher.cpp" line-rate="1.0" branch-rate="0.41509433962264153" complexity="0.0">
          <methods/>
          <lines>
            <line number="16" hits="8" branch="false"/>
            <line number="17" hits="2" branch="true" condition-coverage="50% (1/2)">
              <conditions>
                <condition number="0" type="jump" coverage="50%"/>
              </conditions>
            </line>
            <line number="18" hits="2" branch="false"/>
            <line number="19" hits="2" branch="true" condition-coverage="50% (2/4)">
              <conditions>
                <condition number="0" type="jump" coverage="50%"/>
              </conditions>
            </line>
            <line number="20" hits="2" branch="true" condition-coverage="50% (1/2)">
              <conditions>
                <condition number="0" type="jump" coverage="50%"/>
              </conditions>
            </line>
            <line number="22" hits="2" branch="true" condition-coverage="20% (2/10)">
              <conditions>
                <condition number="0" type="jump" coverage="20%"/>
              </conditions>
            </line>
            <line number="23" hits="2" branch="false"/>
            <line number="25" hits="8" branch="false"/>
            <line number="26" hits="2" branch="true" condition-coverage="50% (1/2)">
              <conditions>
                <condition number="0" type="jump" coverage="50%"/>
              </conditions>
            </line>
            <line number="27" hits="2" branch="false"/>
            <line number="28" hits="2" branch="true" condition-coverage="50% (2/4)">
              <conditions>
                <condition number="0" type="jump" coverage="50%"/>
              </conditions>
            </line>
            <line number="29" hits="2" branch="true" condition-coverage="50% (1/2)">
              <conditions>
                <condition number="0" type="jump" coverage="50%"/>
              </conditions>
            </line>
            <line number="31" hits="2" branch="true" condition-coverage="20% (2/10)">
              <conditions>
                <condition number="0" type="jump" coverage="20%"/>
              </conditions>
            </line>
            <line number="32" hits="2" branch="false"/>
            <line number="34" hits="8" branch="false"/>
            <line number="35" hits="2" branch="true" condition-coverage="50% (1/2)">
              <conditions>
                <condition number="0" type="jump" coverage="50%"/>
              </conditions>
            </line>
            <line number="36" hits="2" branch="false"/>
            <line number="37" hits="2" branch="true" condition-coverage="50% (2/4)">
              <conditions>
                <condition number="0" type="jump" coverage="50%"/>
              </conditions>
            </line>
            <line number="38" hits="2" branch="true" condition-coverage="50% (1/2)">
              <conditions>
                <condition number="0" type="jump" coverage="50%"/>
              </conditions>
            </line>
            <line number="40" hits="2" branch="true" condition-coverage="20% (2/10)">
              <conditions>
                <condition number="0" type="jump" coverage="20%"/>
              </conditions>
            </line>
            <line number="41" hits="2" branch="false"/>
            <line number="43" hits="8" branch="false"/>
            <line number="44" hits="2" branch="true" condition-coverage="50% (1/2)">
              <conditions>
                <condition number="0" type="jump" coverage="50%"/>
              </conditions>
            </line>
            <line number="45" hits="2" branch="true" condition-coverage="50% (1/2)">
              <conditions>
                <condition number="0" type="jump" coverage="50%"/>
              </conditions>
            </line>
            <line number="48" hits="2" branch="true" condition-coverage="50% (2/4)">
              <conditions>
                <condition number="0" type="jump" coverage="50%"/>
              </conditions>
            </line>
            <line number="50" hits="2" branch="true" condition-coverage="50% (3/6)">
              <conditions>
                <condition number="0" type="jump" coverage="50%"/>
              </conditions>
            </line>
            <line number="52" hits="2" branch="true" condition-coverage="50% (1/2)">
              <conditions>
                <condition number="0" type="jump" coverage="50%"/>
              </conditions>
            </line>
            <line number="54" hits="2" branch="true" condition-coverage="50% (5/10)">
              <conditions>
                <condition number="0" type="jump" coverage="50%"/>
              </conditions>
            </line>
            <line number="55" hits="2" branch="false"/>
            <line number="57" hits="8" branch="false"/>
            <line number="58" hits="2" branch="true" condition-coverage="50% (1/2)">
              <conditions>
                <condition number="0" type="jump" coverage="50%"/>
              </conditions>
            </line>
            <line number="59" hits="2" branch="true" condition-coverage="50% (1/2)">
              <conditions>
                <condition number="0" type="jump" coverage="50%"/>
              </conditions>
            </line>
            <line number="62" hits="2" branch="true" condition-coverage="50% (2/4)">
              <conditions>
                <condition number="0" type="jump" coverage="50%"/>
              </conditions>
            </line>
            <line number="64" hits="2" branch="true" condition-coverage="50% (3/6)">
              <conditions>
                <condition number="0" type="jump" coverage="50%"/>
              </conditions>
            </line>
            <line number="66" hits="2" branch="true" condition-coverage="50% (1/2)">
              <conditions>
                <condition number="0" type="jump" coverage="50%"/>
              </conditions>
            </line>
            <line number="68" hits="2" branch="true" condition-coverage="50% (5/10)">
              <conditions>
                <condition number="0" type="jump" coverage="50%"/>
              </conditions>
            </line>
            <line number="69" hits="2" branch="false"/>
          </lines>
        </class>
        <class name="t_rc4_cpp" filename="tests/number_theory/t_rc4.cpp" line-rate="1.0" branch-rate="0.3125" complexity="0.0">
          <methods/>
          <lines>
            <line number="28" hits="8" branch="false"/>
            <line number="29" hits="2" branch="false"/>
            <line number="30" hits="2" branch="true" condition-coverage="50% (1/2)">
              <conditions>
                <condition number="0" type="jump" coverage="50%"/>
              </conditions>
            </line>
            <line number="32" hits="2" branch="false"/>
            <line number="33" hits="2" branch="false"/>
            <line number="34" hits="2" branch="true" condition-coverage="50% (1/2)">
              <conditions>
                <condition number="0" type="jump" coverage="50%"/>
              </conditions>
            </line>
            <line number="40" hits="2" branch="true" condition-coverage="50% (1/2)">
              <conditions>
                <condition number="0" type="jump" coverage="50%"/>
              </conditions>
            </line>
            <line number="41" hits="2" branch="true" condition-coverage="20% (2/10)">
              <conditions>
                <condition number="0" type="jump" coverage="20%"/>
              </conditions>
            </line>
            <line number="43" hits="4" branch="true" condition-coverage="50% (1/2)">
              <conditions>
                <condition number="0" type="jump" coverage="50%"/>
              </conditions>
            </line>
            <line number="44" hits="2" branch="false"/>
            <line number="45" hits="2" branch="false"/>
            <line number="46" hits="2" branch="true" condition-coverage="50% (1/2)">
              <conditions>
                <condition number="0" type="jump" coverage="50%"/>
              </conditions>
            </line>
            <line number="52" hits="4" branch="true" condition-coverage="50% (1/2)">
              <conditions>
                <condition number="0" type="jump" coverage="50%"/>
              </conditions>
            </line>
            <line number="53" hits="2" branch="true" condition-coverage="20% (2/10)">
              <conditions>
                <condition number="0" type="jump" coverage="20%"/>
              </conditions>
            </line>
            <line number="56" hits="4" branch="true" condition-coverage="50% (1/2)">
              <conditions>
                <condition number="0" type="jump" coverage="50%"/>
              </conditions>
            </line>
            <line number="57" hits="2" branch="false"/>
            <line number="58" hits="2" branch="false"/>
            <line number="59" hits="2" branch="true" condition-coverage="50% (1/2)">
              <conditions>
                <condition number="0" type="jump" coverage="50%"/>
              </conditions>
            </line>
            <line number="65" hits="4" branch="true" condition-coverage="50% (1/2)">
              <conditions>
                <condition number="0" type="jump" coverage="50%"/>
              </conditions>
            </line>
            <line number="66" hits="2" branch="true" condition-coverage="20% (2/10)">
              <conditions>
                <condition number="0" type="jump" coverage="20%"/>
              </conditions>
            </line>
            <line number="67" hits="2" branch="false"/>
            <line number="69" hits="8" branch="false"/>
            <line number="70" hits="2" branch="false"/>
            <line number="71" hits="2" branch="true" condition-coverage="50% (1/2)">
              <conditions>
                <condition number="0" type="jump" coverage="50%"/>
              </conditions>
            </line>
            <line number="72" hits="2" branch="false"/>
            <line number="73" hits="2" branch="false"/>
            <line number="74" hits="2" branch="true" condition-coverage="50% (1/2)">
              <conditions>
                <condition number="0" type="jump" coverage="50%"/>
              </conditions>
            </line>
            <line number="80" hits="2" branch="true" condition-coverage="50% (1/2)">
              <conditions>
                <condition number="0" type="jump" coverage="50%"/>
              </conditions>
            </line>
            <line number="81" hits="2" branch="true" condition-coverage="20% (2/10)">
              <conditions>
                <condition number="0" type="jump" coverage="20%"/>
              </conditions>
            </line>
            <line number="83" hits="4" branch="true" condition-coverage="50% (1/2)">
              <conditions>
                <condition number="0" type="jump" coverage="50%"/>
              </conditions>
            </line>
            <line number="84" hits="2" branch="false"/>
            <line number="85" hits="2" branch="false"/>
            <line number="86" hits="2" branch="true" condition-coverage="50% (1/2)">
              <conditions>
                <condition number="0" type="jump" coverage="50%"/>
              </conditions>
            </line>
            <line number="92" hits="4" branch="true" condition-coverage="50% (1/2)">
              <conditions>
                <condition number="0" type="jump" coverage="50%"/>
              </conditions>
            </line>
            <line number="93" hits="2" branch="true" condition-coverage="20% (2/10)">
              <conditions>
                <condition number="0" type="jump" coverage="20%"/>
              </conditions>
            </line>
            <line number="95" hits="4" branch="true" condition-coverage="50% (1/2)">
              <conditions>
                <condition number="0" type="jump" coverage="50%"/>
              </conditions>
            </line>
            <line number="96" hits="2" branch="false"/>
            <line number="97" hits="2" branch="false"/>
            <line number="98" hits="2" branch="true" condition-coverage="50% (1/2)">
              <conditions>
                <condition number="0" type="jump" coverage="50%"/>
              </conditions>
            </line>
            <line number="104" hits="4" branch="true" condition-coverage="50% (1/2)">
              <conditions>
                <condition number="0" type="jump" coverage="50%"/>
              </conditions>
            </line>
            <line number="105" hits="2" branch="true" condition-coverage="20% (2/10)">
              <conditions>
                <condition number="0" type="jump" coverage="20%"/>
              </conditions>
            </line>
            <line number="106" hits="2" branch="false"/>
            <line number="108" hits="8" branch="false"/>
            <line number="109" hits="2" branch="false"/>
            <line number="110" hits="2" branch="true" condition-coverage="50% (1/2)">
              <conditions>
                <condition number="0" type="jump" coverage="50%"/>
              </conditions>
            </line>
            <line number="111" hits="2" branch="false"/>
            <line number="112" hits="2" branch="false"/>
            <line number="113" hits="2" branch="true" condition-coverage="50% (1/2)">
              <conditions>
                <condition number="0" type="jump" coverage="50%"/>
              </conditions>
            </line>
            <line number="119" hits="2" branch="true" condition-coverage="50% (1/2)">
              <conditions>
                <condition number="0" type="jump" coverage="50%"/>
              </conditions>
            </line>
            <line number="120" hits="2" branch="true" condition-coverage="20% (2/10)">
              <conditions>
                <condition number="0" type="jump" coverage="20%"/>
              </conditions>
            </line>
            <line number="122" hits="4" branch="true" condition-coverage="50% (1/2)">
              <conditions>
                <condition number="0" type="jump" coverage="50%"/>
              </conditions>
            </line>
            <line number="123" hits="2" branch="false"/>
            <line number="124" hits="2" branch="false"/>
            <line number="125" hits="2" branch="true" condition-coverage="50% (1/2)">
              <conditions>
                <condition number="0" type="jump" coverage="50%"/>
              </conditions>
            </line>
            <line number="131" hits="4" branch="true" condition-coverage="50% (1/2)">
              <conditions>
                <condition number="0" type="jump" coverage="50%"/>
              </conditions>
            </line>
            <line number="132" hits="2" branch="true" condition-coverage="20% (2/10)">
              <conditions>
                <condition number="0" type="jump" coverage="20%"/>
              </conditions>
            </line>
            <line number="134" hits="4" branch="true" condition-coverage="50% (1/2)">
              <conditions>
                <condition number="0" type="jump" coverage="50%"/>
              </conditions>
            </line>
            <line number="135" hits="2" branch="false"/>
            <line number="136" hits="2" branch="false"/>
            <line number="137" hits="2" branch="true" condition-coverage="50% (1/2)">
              <conditions>
                <condition number="0" type="jump" coverage="50%"/>
              </conditions>
            </line>
            <line number="143" hits="4" branch="true" condition-coverage="50% (1/2)">
              <conditions>
                <condition number="0" type="jump" coverage="50%"/>
              </conditions>
            </line>
            <line number="144" hits="2" branch="true" condition-coverage="20% (2/10)">
              <conditions>
                <condition number="0" type="jump" coverage="20%"/>
              </conditions>
            </line>
            <line number="145" hits="2" branch="false"/>
          </lines>
        </class>
      </classes>
    </package>
  </packages>
</coverage>
