TN:
SF:/home/akiel/Desktop/trunk/github/pub/openGPMP/include/calculus/differential.hpp
FN:60,61,_ZN4gpmp4TermC2Edi
FNDA:8,_ZN4gpmp4TermC2Edi
FNF:1
FNH:1
DA:60,8
DA:61,8
LF:2
LH:2
end_of_record
TN:
SF:/home/akiel/Desktop/trunk/github/pub/openGPMP/include/core/threads.hpp
FN:108,110,_ZZZN4gpmp4core10ThreadPoolC4EiENKUlvE_clEvENKUlvE_clEv
FN:148,180,_ZN4gpmp4core10ThreadPool7enqueueIRZN12_GLOBAL__N_140ThreadDispatchTest_DispatchFunction_Test8TestBodyEvEUlvE_JEEESt6futureINSt9result_ofIFT_DpT0_EE4typeEEOS9_DpOSA_
FN:148,180,_ZN4gpmp4core10ThreadPool7enqueueIRZN12_GLOBAL__N_148ThreadDispatchTest_DispatchFunctionWithArgs_Test8TestBodyEvEUliE_JiEEESt6futureINSt9result_ofIFT_DpT0_EE4typeEEOS9_DpOSA_
FN:148,180,_ZN4gpmp4core10ThreadPool7enqueueIRZN12_GLOBAL__N_153ThreadPoolTest_TestEnqueueWithLargeNumberOfTasks_Test8TestBodyEvEUlvE_JEEESt6futureINSt9result_ofIFT_DpT0_EE4typeEEOS9_DpOSA_
FN:148,180,_ZN4gpmp4core10ThreadPool7enqueueIRZN12_GLOBAL__N_155ThreadPoolTest_TestEnqueueWithDifferentReturnTypes_Test8TestBodyEvEUlvE0_JEEESt6futureINSt9result_ofIFT_DpT0_EE4typeEEOS9_DpOSA_
FN:148,180,_ZN4gpmp4core10ThreadPool7enqueueIRZN12_GLOBAL__N_155ThreadPoolTest_TestEnqueueWithDifferentReturnTypes_Test8TestBodyEvEUlvE1_JEEESt6futureINSt9result_ofIFT_DpT0_EE4typeEEOS9_DpOSA_
FN:148,180,_ZN4gpmp4core10ThreadPool7enqueueIRZN12_GLOBAL__N_155ThreadPoolTest_TestEnqueueWithDifferentReturnTypes_Test8TestBodyEvEUlvE_JEEESt6futureINSt9result_ofIFT_DpT0_EE4typeEEOS9_DpOSA_
FN:148,180,_ZN4gpmp4core10ThreadPool7enqueueIRZN12_GLOBAL__N_157ThreadPoolTest_TestEnqueueWithDifferentArgumentTypes_Test8TestBodyEvEUlRKNSt7__cxx1112basic_stringIcSt11char_traitsIcESaIcEEEE_JRA12_KcEEESt6futureINSt9result_ofIFT_DpT0_EE4typeEEOSK_DpOSL_
FN:148,180,_ZN4gpmp4core10ThreadPool7enqueueIRZN12_GLOBAL__N_157ThreadPoolTest_TestEnqueueWithDifferentArgumentTypes_Test8TestBodyEvEUlbfE_JbfEEESt6futureINSt9result_ofIFT_DpT0_EE4typeEEOS9_DpOSA_
FN:148,180,_ZN4gpmp4core10ThreadPool7enqueueIRZN12_GLOBAL__N_157ThreadPoolTest_TestEnqueueWithDifferentArgumentTypes_Test8TestBodyEvEUliiE_JiiEEESt6futureINSt9result_ofIFT_DpT0_EE4typeEEOS9_DpOSA_
FN:148,180,_ZN4gpmp4core10ThreadPool7enqueueIZN12_GLOBAL__N_133ThreadPoolTest_TestException_Test8TestBodyEvEUlvE_JEEESt6futureINSt9result_ofIFT_DpT0_EE4typeEEOS8_DpOS9_
FN:148,180,_ZN4gpmp4core10ThreadPool7enqueueIZN12_GLOBAL__N_134ThreadPoolTest_TestSingleTask_Test8TestBodyEvEUliiE_JiiEEESt6futureINSt9result_ofIFT_DpT0_EE4typeEEOS8_DpOS9_
FN:148,180,_ZN4gpmp4core10ThreadPool7enqueueIZN12_GLOBAL__N_136ThreadPoolTest_EnqueueException_Test8TestBodyEvEUlvE_JEEESt6futureINSt9result_ofIFT_DpT0_EE4typeEEOS8_DpOS9_
FN:148,180,_ZN4gpmp4core10ThreadPool7enqueueIZN12_GLOBAL__N_137ThreadPoolTest_EnqueueSingleTask_Test8TestBodyEvEUlvE_JEEESt6futureINSt9result_ofIFT_DpT0_EE4typeEEOS8_DpOS9_
FN:148,180,_ZN4gpmp4core10ThreadPool7enqueueIZN12_GLOBAL__N_140ThreadPoolTest_EnqueueMultipleTasks_Test8TestBodyEvEUlvE_JEEESt6futureINSt9result_ofIFT_DpT0_EE4typeEEOS8_DpOS9_
FN:148,180,_ZN4gpmp4core10ThreadPool7enqueueIZN12_GLOBAL__N_141ThreadPoolTest_TestDynamicAllocation_Test8TestBodyEvEUlvE_JEEESt6futureINSt9result_ofIFT_DpT0_EE4typeEEOS8_DpOS9_
FN:148,180,_ZN4gpmp4core10ThreadPool7enqueueIZN12_GLOBAL__N_150ThreadPoolTest_TestEnqueueOnStoppedThreadPool_Test8TestBodyEvEUlvE_JEEESt6futureINSt9result_ofIFT_DpT0_EE4typeEEOS8_DpOS9_
FN:173,173,_ZZN4gpmp4core10ThreadPool7enqueueIRZN12_GLOBAL__N_140ThreadDispatchTest_DispatchFunction_Test8TestBodyEvEUlvE_JEEESt6futureINSt9result_ofIFT_DpT0_EE4typeEEOS9_DpOSA_ENKUlvE_clEv
FN:173,173,_ZZN4gpmp4core10ThreadPool7enqueueIRZN12_GLOBAL__N_148ThreadDispatchTest_DispatchFunctionWithArgs_Test8TestBodyEvEUliE_JiEEESt6futureINSt9result_ofIFT_DpT0_EE4typeEEOS9_DpOSA_ENKUlvE_clEv
FN:173,173,_ZZN4gpmp4core10ThreadPool7enqueueIRZN12_GLOBAL__N_153ThreadPoolTest_TestEnqueueWithLargeNumberOfTasks_Test8TestBodyEvEUlvE_JEEESt6futureINSt9result_ofIFT_DpT0_EE4typeEEOS9_DpOSA_ENKUlvE_clEv
FN:173,173,_ZZN4gpmp4core10ThreadPool7enqueueIRZN12_GLOBAL__N_155ThreadPoolTest_TestEnqueueWithDifferentReturnTypes_Test8TestBodyEvEUlvE0_JEEESt6futureINSt9result_ofIFT_DpT0_EE4typeEEOS9_DpOSA_ENKUlvE_clEv
FN:173,173,_ZZN4gpmp4core10ThreadPool7enqueueIRZN12_GLOBAL__N_155ThreadPoolTest_TestEnqueueWithDifferentReturnTypes_Test8TestBodyEvEUlvE1_JEEESt6futureINSt9result_ofIFT_DpT0_EE4typeEEOS9_DpOSA_ENKUlvE_clEv
FN:173,173,_ZZN4gpmp4core10ThreadPool7enqueueIRZN12_GLOBAL__N_155ThreadPoolTest_TestEnqueueWithDifferentReturnTypes_Test8TestBodyEvEUlvE_JEEESt6futureINSt9result_ofIFT_DpT0_EE4typeEEOS9_DpOSA_ENKUlvE_clEv
FN:173,173,_ZZN4gpmp4core10ThreadPool7enqueueIRZN12_GLOBAL__N_157ThreadPoolTest_TestEnqueueWithDifferentArgumentTypes_Test8TestBodyEvEUlRKNSt7__cxx1112basic_stringIcSt11char_traitsIcESaIcEEEE_JRA12_KcEEESt6futureINSt9result_ofIFT_DpT0_EE4typeEEOSK_DpOSL_ENKUlvE_clEv
FN:173,173,_ZZN4gpmp4core10ThreadPool7enqueueIRZN12_GLOBAL__N_157ThreadPoolTest_TestEnqueueWithDifferentArgumentTypes_Test8TestBodyEvEUlbfE_JbfEEESt6futureINSt9result_ofIFT_DpT0_EE4typeEEOS9_DpOSA_ENKUlvE_clEv
FN:173,173,_ZZN4gpmp4core10ThreadPool7enqueueIRZN12_GLOBAL__N_157ThreadPoolTest_TestEnqueueWithDifferentArgumentTypes_Test8TestBodyEvEUliiE_JiiEEESt6futureINSt9result_ofIFT_DpT0_EE4typeEEOS9_DpOSA_ENKUlvE_clEv
FN:173,173,_ZZN4gpmp4core10ThreadPool7enqueueIZN12_GLOBAL__N_133ThreadPoolTest_TestException_Test8TestBodyEvEUlvE_JEEESt6futureINSt9result_ofIFT_DpT0_EE4typeEEOS8_DpOS9_ENKUlvE_clEv
FN:173,173,_ZZN4gpmp4core10ThreadPool7enqueueIZN12_GLOBAL__N_134ThreadPoolTest_TestSingleTask_Test8TestBodyEvEUliiE_JiiEEESt6futureINSt9result_ofIFT_DpT0_EE4typeEEOS8_DpOS9_ENKUlvE_clEv
FN:173,173,_ZZN4gpmp4core10ThreadPool7enqueueIZN12_GLOBAL__N_136ThreadPoolTest_EnqueueException_Test8TestBodyEvEUlvE_JEEESt6futureINSt9result_ofIFT_DpT0_EE4typeEEOS8_DpOS9_ENKUlvE_clEv
FN:173,173,_ZZN4gpmp4core10ThreadPool7enqueueIZN12_GLOBAL__N_137ThreadPoolTest_EnqueueSingleTask_Test8TestBodyEvEUlvE_JEEESt6futureINSt9result_ofIFT_DpT0_EE4typeEEOS8_DpOS9_ENKUlvE_clEv
FN:173,173,_ZZN4gpmp4core10ThreadPool7enqueueIZN12_GLOBAL__N_140ThreadPoolTest_EnqueueMultipleTasks_Test8TestBodyEvEUlvE_JEEESt6futureINSt9result_ofIFT_DpT0_EE4typeEEOS8_DpOS9_ENKUlvE_clEv
FN:173,173,_ZZN4gpmp4core10ThreadPool7enqueueIZN12_GLOBAL__N_141ThreadPoolTest_TestDynamicAllocation_Test8TestBodyEvEUlvE_JEEESt6futureINSt9result_ofIFT_DpT0_EE4typeEEOS8_DpOS9_ENKUlvE_clEv
FN:173,173,_ZZN4gpmp4core10ThreadPool7enqueueIZN12_GLOBAL__N_150ThreadPoolTest_TestEnqueueOnStoppedThreadPool_Test8TestBodyEvEUlvE_JEEESt6futureINSt9result_ofIFT_DpT0_EE4typeEEOS8_DpOS9_ENKUlvE_clEv
FN:182,194,_ZN4gpmp4core10ThreadPoolD2Ev
FN:217,226,_ZN4gpmp4core14ThreadDispatch8dispatchIRZN12_GLOBAL__N_140ThreadDispatchTest_DispatchFunction_Test8TestBodyEvEUlvE_JEEESt6futureINSt9result_ofIFT_DpT0_EE4typeEERNS0_10ThreadPoolEOS9_DpOSA_
FN:217,226,_ZN4gpmp4core14ThreadDispatch8dispatchIRZN12_GLOBAL__N_148ThreadDispatchTest_DispatchFunctionWithArgs_Test8TestBodyEvEUliE_JiEEESt6futureINSt9result_ofIFT_DpT0_EE4typeEERNS0_10ThreadPoolEOS9_DpOSA_
FN:242,278,_ZN4gpmp4coreL12parallel_forEjSt8functionIFviiEEb
FN:88,132,_ZN4gpmp4core10ThreadPoolC2Ei
FN:94,130,_ZZN4gpmp4core10ThreadPoolC4EiENKUlvE_clEv
FNDA:2255,_ZZZN4gpmp4core10ThreadPoolC4EiENKUlvE_clEvENKUlvE_clEv
FNDA:1,_ZN4gpmp4core10ThreadPool7enqueueIRZN12_GLOBAL__N_140ThreadDispatchTest_DispatchFunction_Test8TestBodyEvEUlvE_JEEESt6futureINSt9result_ofIFT_DpT0_EE4typeEEOS9_DpOSA_
FNDA:1,_ZN4gpmp4core10ThreadPool7enqueueIRZN12_GLOBAL__N_148ThreadDispatchTest_DispatchFunctionWithArgs_Test8TestBodyEvEUliE_JiEEESt6futureINSt9result_ofIFT_DpT0_EE4typeEEOS9_DpOSA_
FNDA:1000,_ZN4gpmp4core10ThreadPool7enqueueIRZN12_GLOBAL__N_153ThreadPoolTest_TestEnqueueWithLargeNumberOfTasks_Test8TestBodyEvEUlvE_JEEESt6futureINSt9result_ofIFT_DpT0_EE4typeEEOS9_DpOSA_
FNDA:1,_ZN4gpmp4core10ThreadPool7enqueueIRZN12_GLOBAL__N_155ThreadPoolTest_TestEnqueueWithDifferentReturnTypes_Test8TestBodyEvEUlvE0_JEEESt6futureINSt9result_ofIFT_DpT0_EE4typeEEOS9_DpOSA_
FNDA:1,_ZN4gpmp4core10ThreadPool7enqueueIRZN12_GLOBAL__N_155ThreadPoolTest_TestEnqueueWithDifferentReturnTypes_Test8TestBodyEvEUlvE1_JEEESt6futureINSt9result_ofIFT_DpT0_EE4typeEEOS9_DpOSA_
FNDA:1,_ZN4gpmp4core10ThreadPool7enqueueIRZN12_GLOBAL__N_155ThreadPoolTest_TestEnqueueWithDifferentReturnTypes_Test8TestBodyEvEUlvE_JEEESt6futureINSt9result_ofIFT_DpT0_EE4typeEEOS9_DpOSA_
FNDA:1,_ZN4gpmp4core10ThreadPool7enqueueIRZN12_GLOBAL__N_157ThreadPoolTest_TestEnqueueWithDifferentArgumentTypes_Test8TestBodyEvEUlRKNSt7__cxx1112basic_stringIcSt11char_traitsIcESaIcEEEE_JRA12_KcEEESt6futureINSt9result_ofIFT_DpT0_EE4typeEEOSK_DpOSL_
FNDA:1,_ZN4gpmp4core10ThreadPool7enqueueIRZN12_GLOBAL__N_157ThreadPoolTest_TestEnqueueWithDifferentArgumentTypes_Test8TestBodyEvEUlbfE_JbfEEESt6futureINSt9result_ofIFT_DpT0_EE4typeEEOS9_DpOSA_
FNDA:1,_ZN4gpmp4core10ThreadPool7enqueueIRZN12_GLOBAL__N_157ThreadPoolTest_TestEnqueueWithDifferentArgumentTypes_Test8TestBodyEvEUliiE_JiiEEESt6futureINSt9result_ofIFT_DpT0_EE4typeEEOS9_DpOSA_
FNDA:1,_ZN4gpmp4core10ThreadPool7enqueueIZN12_GLOBAL__N_133ThreadPoolTest_TestException_Test8TestBodyEvEUlvE_JEEESt6futureINSt9result_ofIFT_DpT0_EE4typeEEOS8_DpOS9_
FNDA:1,_ZN4gpmp4core10ThreadPool7enqueueIZN12_GLOBAL__N_134ThreadPoolTest_TestSingleTask_Test8TestBodyEvEUliiE_JiiEEESt6futureINSt9result_ofIFT_DpT0_EE4typeEEOS8_DpOS9_
FNDA:1,_ZN4gpmp4core10ThreadPool7enqueueIZN12_GLOBAL__N_136ThreadPoolTest_EnqueueException_Test8TestBodyEvEUlvE_JEEESt6futureINSt9result_ofIFT_DpT0_EE4typeEEOS8_DpOS9_
FNDA:1,_ZN4gpmp4core10ThreadPool7enqueueIZN12_GLOBAL__N_137ThreadPoolTest_EnqueueSingleTask_Test8TestBodyEvEUlvE_JEEESt6futureINSt9result_ofIFT_DpT0_EE4typeEEOS8_DpOS9_
FNDA:100,_ZN4gpmp4core10ThreadPool7enqueueIZN12_GLOBAL__N_140ThreadPoolTest_EnqueueMultipleTasks_Test8TestBodyEvEUlvE_JEEESt6futureINSt9result_ofIFT_DpT0_EE4typeEEOS8_DpOS9_
FNDA:1,_ZN4gpmp4core10ThreadPool7enqueueIZN12_GLOBAL__N_141ThreadPoolTest_TestDynamicAllocation_Test8TestBodyEvEUlvE_JEEESt6futureINSt9result_ofIFT_DpT0_EE4typeEEOS8_DpOS9_
FNDA:1,_ZN4gpmp4core10ThreadPool7enqueueIZN12_GLOBAL__N_150ThreadPoolTest_TestEnqueueOnStoppedThreadPool_Test8TestBodyEvEUlvE_JEEESt6futureINSt9result_ofIFT_DpT0_EE4typeEEOS8_DpOS9_
FNDA:1,_ZZN4gpmp4core10ThreadPool7enqueueIRZN12_GLOBAL__N_140ThreadDispatchTest_DispatchFunction_Test8TestBodyEvEUlvE_JEEESt6futureINSt9result_ofIFT_DpT0_EE4typeEEOS9_DpOSA_ENKUlvE_clEv
FNDA:1,_ZZN4gpmp4core10ThreadPool7enqueueIRZN12_GLOBAL__N_148ThreadDispatchTest_DispatchFunctionWithArgs_Test8TestBodyEvEUliE_JiEEESt6futureINSt9result_ofIFT_DpT0_EE4typeEEOS9_DpOSA_ENKUlvE_clEv
FNDA:1000,_ZZN4gpmp4core10ThreadPool7enqueueIRZN12_GLOBAL__N_153ThreadPoolTest_TestEnqueueWithLargeNumberOfTasks_Test8TestBodyEvEUlvE_JEEESt6futureINSt9result_ofIFT_DpT0_EE4typeEEOS9_DpOSA_ENKUlvE_clEv
FNDA:1,_ZZN4gpmp4core10ThreadPool7enqueueIRZN12_GLOBAL__N_155ThreadPoolTest_TestEnqueueWithDifferentReturnTypes_Test8TestBodyEvEUlvE0_JEEESt6futureINSt9result_ofIFT_DpT0_EE4typeEEOS9_DpOSA_ENKUlvE_clEv
FNDA:1,_ZZN4gpmp4core10ThreadPool7enqueueIRZN12_GLOBAL__N_155ThreadPoolTest_TestEnqueueWithDifferentReturnTypes_Test8TestBodyEvEUlvE1_JEEESt6futureINSt9result_ofIFT_DpT0_EE4typeEEOS9_DpOSA_ENKUlvE_clEv
FNDA:1,_ZZN4gpmp4core10ThreadPool7enqueueIRZN12_GLOBAL__N_155ThreadPoolTest_TestEnqueueWithDifferentReturnTypes_Test8TestBodyEvEUlvE_JEEESt6futureINSt9result_ofIFT_DpT0_EE4typeEEOS9_DpOSA_ENKUlvE_clEv
FNDA:1,_ZZN4gpmp4core10ThreadPool7enqueueIRZN12_GLOBAL__N_157ThreadPoolTest_TestEnqueueWithDifferentArgumentTypes_Test8TestBodyEvEUlRKNSt7__cxx1112basic_stringIcSt11char_traitsIcESaIcEEEE_JRA12_KcEEESt6futureINSt9result_ofIFT_DpT0_EE4typeEEOSK_DpOSL_ENKUlvE_clEv
FNDA:1,_ZZN4gpmp4core10ThreadPool7enqueueIRZN12_GLOBAL__N_157ThreadPoolTest_TestEnqueueWithDifferentArgumentTypes_Test8TestBodyEvEUlbfE_JbfEEESt6futureINSt9result_ofIFT_DpT0_EE4typeEEOS9_DpOSA_ENKUlvE_clEv
FNDA:1,_ZZN4gpmp4core10ThreadPool7enqueueIRZN12_GLOBAL__N_157ThreadPoolTest_TestEnqueueWithDifferentArgumentTypes_Test8TestBodyEvEUliiE_JiiEEESt6futureINSt9result_ofIFT_DpT0_EE4typeEEOS9_DpOSA_ENKUlvE_clEv
FNDA:1,_ZZN4gpmp4core10ThreadPool7enqueueIZN12_GLOBAL__N_133ThreadPoolTest_TestException_Test8TestBodyEvEUlvE_JEEESt6futureINSt9result_ofIFT_DpT0_EE4typeEEOS8_DpOS9_ENKUlvE_clEv
FNDA:1,_ZZN4gpmp4core10ThreadPool7enqueueIZN12_GLOBAL__N_134ThreadPoolTest_TestSingleTask_Test8TestBodyEvEUliiE_JiiEEESt6futureINSt9result_ofIFT_DpT0_EE4typeEEOS8_DpOS9_ENKUlvE_clEv
FNDA:1,_ZZN4gpmp4core10ThreadPool7enqueueIZN12_GLOBAL__N_136ThreadPoolTest_EnqueueException_Test8TestBodyEvEUlvE_JEEESt6futureINSt9result_ofIFT_DpT0_EE4typeEEOS8_DpOS9_ENKUlvE_clEv
FNDA:1,_ZZN4gpmp4core10ThreadPool7enqueueIZN12_GLOBAL__N_137ThreadPoolTest_EnqueueSingleTask_Test8TestBodyEvEUlvE_JEEESt6futureINSt9result_ofIFT_DpT0_EE4typeEEOS8_DpOS9_ENKUlvE_clEv
FNDA:100,_ZZN4gpmp4core10ThreadPool7enqueueIZN12_GLOBAL__N_140ThreadPoolTest_EnqueueMultipleTasks_Test8TestBodyEvEUlvE_JEEESt6futureINSt9result_ofIFT_DpT0_EE4typeEEOS8_DpOS9_ENKUlvE_clEv
FNDA:1,_ZZN4gpmp4core10ThreadPool7enqueueIZN12_GLOBAL__N_141ThreadPoolTest_TestDynamicAllocation_Test8TestBodyEvEUlvE_JEEESt6futureINSt9result_ofIFT_DpT0_EE4typeEEOS8_DpOS9_ENKUlvE_clEv
FNDA:0,_ZZN4gpmp4core10ThreadPool7enqueueIZN12_GLOBAL__N_150ThreadPoolTest_TestEnqueueOnStoppedThreadPool_Test8TestBodyEvEUlvE_JEEESt6futureINSt9result_ofIFT_DpT0_EE4typeEEOS8_DpOS9_ENKUlvE_clEv
FNDA:12,_ZN4gpmp4core10ThreadPoolD2Ev
FNDA:1,_ZN4gpmp4core14ThreadDispatch8dispatchIRZN12_GLOBAL__N_140ThreadDispatchTest_DispatchFunction_Test8TestBodyEvEUlvE_JEEESt6futureINSt9result_ofIFT_DpT0_EE4typeEERNS0_10ThreadPoolEOS9_DpOSA_
FNDA:1,_ZN4gpmp4core14ThreadDispatch8dispatchIRZN12_GLOBAL__N_148ThreadDispatchTest_DispatchFunctionWithArgs_Test8TestBodyEvEUliE_JiEEESt6futureINSt9result_ofIFT_DpT0_EE4typeEERNS0_10ThreadPoolEOS9_DpOSA_
FNDA:0,_ZN4gpmp4coreL12parallel_forEjSt8functionIFviiEEb
FNDA:12,_ZN4gpmp4core10ThreadPoolC2Ei
FNDA:28,_ZZN4gpmp4core10ThreadPoolC4EiENKUlvE_clEv
FNF:39
FNH:37
DA:88,12
DA:91,40
DA:94,56
DA:98,1141
DA:104,1141
DA:108,1141
DA:109,2255
DA:113,1141
DA:114,56
DA:119,1113
DA:124,1113
DA:125,1141
DA:128,1113
DA:129,2253
DA:132,12
DA:148,1114
DA:159,1114
DA:160,1109
DA:163,1114
DA:166,1114
DA:168,1114
DA:169,1
DA:173,2226
DA:174,1114
DA:177,1113
DA:179,2226
DA:180,1115
DA:182,12
DA:185,12
DA:186,12
DA:187,12
DA:189,12
DA:191,40
DA:192,28
DA:194,12
DA:217,2
DA:221,2
DA:225,2
DA:242,0
DA:246,0
DA:247,0
DA:249,0
DA:250,0
DA:252,0
DA:254,0
DA:256,0
DA:257,0
DA:258,0
DA:262,0
DA:263,0
DA:264,0
DA:269,0
DA:270,0
DA:273,0
DA:274,0
DA:278,0
LF:56
LH:38
end_of_record
TN:
SF:/home/akiel/Desktop/trunk/github/pub/openGPMP/include/disct/graphs.hpp
FN:58,59,_ZN4gpmp5GraphC2Ei
FNDA:1,_ZN4gpmp5GraphC2Ei
FNF:1
FNH:1
DA:58,3
DA:59,1
LF:2
LH:2
end_of_record
TN:
SF:/home/akiel/Desktop/trunk/github/pub/openGPMP/modules/arithmetic/arith.cpp
FN:40,49,_ZN4gpmp6Basics14greatest_powerEll
FN:51,60,_ZN4gpmp6Basics6op_gcdEll
FNDA:2,_ZN4gpmp6Basics14greatest_powerEll
FNDA:3474,_ZN4gpmp6Basics6op_gcdEll
FNF:2
FNH:2
DA:40,2
DA:41,2
DA:44,7
DA:45,5
DA:46,5
DA:48,2
DA:51,3474
DA:52,3474
DA:53,562
DA:55,2912
DA:56,566
DA:59,2346
LF:12
LH:12
end_of_record
TN:
SF:/home/akiel/Desktop/trunk/github/pub/openGPMP/modules/calculus/differential.cpp
FN:105,111,_ZNK4gpmp12Differential14nth_derivativeEi
FN:113,119,_ZNK4gpmp12Differential4evalEd
FN:121,129,_ZNK4gpmp12Differential8limit_atEd
FN:131,157,_ZNK4gpmp12Differential17limit_at_infinityEv
FN:138,140,_ZZNK4gpmp12Differential17limit_at_infinityEvENKUlRKT_RKT0_E_clINS_4TermES9_EEDaS3_S6_
FN:46,48,_ZN4gpmp12Differential8add_termEdi
FN:50,66,_ZNK4gpmp12Differential7displayEv
FN:68,78,_ZNK4gpmp12Differential10power_ruleEv
FN:81,103,_ZNK4gpmp12Differential10chain_ruleERKS0_
FNDA:0,_ZNK4gpmp12Differential14nth_derivativeEi
FNDA:0,_ZNK4gpmp12Differential4evalEd
FNDA:0,_ZNK4gpmp12Differential8limit_atEd
FNDA:0,_ZNK4gpmp12Differential17limit_at_infinityEv
FNDA:0,_ZZNK4gpmp12Differential17limit_at_infinityEvENKUlRKT_RKT0_E_clINS_4TermES9_EEDaS3_S6_
FNDA:8,_ZN4gpmp12Differential8add_termEdi
FNDA:0,_ZNK4gpmp12Differential7displayEv
FNDA:1,_ZNK4gpmp12Differential10power_ruleEv
FNDA:0,_ZNK4gpmp12Differential10chain_ruleERKS0_
FNF:9
FNH:2
DA:46,8
DA:47,8
DA:48,8
DA:50,0
DA:51,0
DA:52,0
DA:53,0
DA:54,0
DA:55,0
DA:56,0
DA:58,0
DA:61,0
DA:62,0
DA:65,0
DA:66,0
DA:68,1
DA:69,1
DA:70,4
DA:71,3
DA:72,2
DA:73,2
DA:74,2
DA:77,1
DA:78,0
DA:81,0
DA:82,0
DA:84,0
DA:86,0
DA:90,0
DA:91,0
DA:95,0
DA:96,0
DA:97,0
DA:98,0
DA:100,0
DA:102,0
DA:103,0
DA:105,0
DA:106,0
DA:107,0
DA:108,0
DA:110,0
DA:111,0
DA:113,0
DA:114,0
DA:115,0
DA:116,0
DA:118,0
DA:121,0
DA:122,0
DA:124,0
DA:125,0
DA:128,0
DA:131,0
DA:134,0
DA:136,0
DA:138,0
DA:139,0
DA:140,0
DA:142,0
DA:145,0
DA:146,0
DA:147,0
DA:151,0
DA:156,0
LF:65
LH:11
end_of_record
TN:
SF:/home/akiel/Desktop/trunk/github/pub/openGPMP/modules/core/datatable.cpp
FN:149,216,_ZN4gpmp4core9DataTable8datetimeENSt7__cxx1112basic_stringIcSt11char_traitsIcESaIcEEEbbb
FN:219,248,_ZN4gpmp4core9DataTable4sortERKSt6vectorINSt7__cxx1112basic_stringIcSt11char_traitsIcESaIcEEESaIS8_EEb
FN:234,247,_ZZN4gpmp4core9DataTable4sortERKSt6vectorINSt7__cxx1112basic_stringIcSt11char_traitsIcESaIcEEESaIS8_EEbENKUlSC_SC_E_clESC_SC_
FN:252,316,_ZN4gpmp4core9DataTable8group_byESt6vectorINSt7__cxx1112basic_stringIcSt11char_traitsIcESaIcEEESaIS8_EE
FN:292,295,_ZZN4gpmp4core9DataTable8group_byESt6vectorINSt7__cxx1112basic_stringIcSt11char_traitsIcESaIcEEESaIS8_EEENKUlRKSt4pairISA_SB_ISA_S2_ISA_SaISA_EEEEE_clESH_
FN:319,344,_ZNK4gpmp4core9DataTable5firstERKSt6vectorISt4pairIS2_INSt7__cxx1112basic_stringIcSt11char_traitsIcESaIcEEESaIS9_EES2_ISB_SaISB_EEESaISE_EE
FN:349,369,_ZN4gpmp4core9DataTable10str_to_intESt4pairISt6vectorINSt7__cxx1112basic_stringIcSt11char_traitsIcESaIcEEESaIS9_EES3_ISB_SaISB_EEE
FN:372,392,_ZN4gpmp4core9DataTable13str_to_doubleESt4pairISt6vectorINSt7__cxx1112basic_stringIcSt11char_traitsIcESaIcEEESaIS9_EES3_ISB_SaISB_EEE
FN:59,143,_ZN4gpmp4core9DataTable8csv_readENSt7__cxx1112basic_stringIcSt11char_traitsIcESaIcEEESt6vectorIS7_SaIS7_EE
FNDA:0,_ZN4gpmp4core9DataTable8datetimeENSt7__cxx1112basic_stringIcSt11char_traitsIcESaIcEEEbbb
FNDA:0,_ZN4gpmp4core9DataTable4sortERKSt6vectorINSt7__cxx1112basic_stringIcSt11char_traitsIcESaIcEEESaIS8_EEb
FNDA:0,_ZZN4gpmp4core9DataTable4sortERKSt6vectorINSt7__cxx1112basic_stringIcSt11char_traitsIcESaIcEEESaIS8_EEbENKUlSC_SC_E_clESC_SC_
FNDA:0,_ZN4gpmp4core9DataTable8group_byESt6vectorINSt7__cxx1112basic_stringIcSt11char_traitsIcESaIcEEESaIS8_EE
FNDA:0,_ZZN4gpmp4core9DataTable8group_byESt6vectorINSt7__cxx1112basic_stringIcSt11char_traitsIcESaIcEEESaIS8_EEENKUlRKSt4pairISA_SB_ISA_S2_ISA_SaISA_EEEEE_clESH_
FNDA:0,_ZNK4gpmp4core9DataTable5firstERKSt6vectorISt4pairIS2_INSt7__cxx1112basic_stringIcSt11char_traitsIcESaIcEEESaIS9_EES2_ISB_SaISB_EEESaISE_EE
FNDA:0,_ZN4gpmp4core9DataTable10str_to_intESt4pairISt6vectorINSt7__cxx1112basic_stringIcSt11char_traitsIcESaIcEEESaIS9_EES3_ISB_SaISB_EEE
FNDA:0,_ZN4gpmp4core9DataTable13str_to_doubleESt4pairISt6vectorINSt7__cxx1112basic_stringIcSt11char_traitsIcESaIcEEESaIS9_EES3_ISB_SaISB_EEE
FNDA:0,_ZN4gpmp4core9DataTable8csv_readENSt7__cxx1112basic_stringIcSt11char_traitsIcESaIcEEESt6vectorIS7_SaIS7_EE
FNF:9
FNH:0
DA:59,0
DA:62,0
DA:63,0
DA:65,0
DA:66,0
DA:69,0
DA:71,0
DA:73,0
DA:75,0
DA:76,0
DA:77,0
DA:80,0
DA:81,0
DA:82,0
DA:85,0
DA:86,0
DA:87,0
DA:88,0
DA:90,0
DA:91,0
DA:95,0
DA:96,0
DA:100,0
DA:101,0
DA:102,0
DA:104,0
DA:105,0
DA:106,0
DA:107,0
DA:112,0
DA:113,0
DA:114,0
DA:115,0
DA:116,0
DA:118,0
DA:120,0
DA:122,0
DA:123,0
DA:126,0
DA:129,0
DA:130,0
DA:132,0
DA:135,0
DA:137,0
DA:139,0
DA:140,0
DA:142,0
DA:143,0
DA:149,0
DA:154,0
DA:155,0
DA:156,0
DA:157,0
DA:159,0
DA:162,0
DA:163,0
DA:166,0
DA:167,0
DA:169,0
DA:170,0
DA:172,0
DA:175,0
DA:176,0
DA:179,0
DA:182,0
DA:183,0
DA:184,0
DA:186,0
DA:187,0
DA:188,0
DA:190,0
DA:191,0
DA:192,0
DA:196,0
DA:198,0
DA:199,0
DA:202,0
DA:203,0
DA:204,0
DA:205,0
DA:206,0
DA:207,0
DA:210,0
DA:213,0
DA:215,0
DA:216,0
DA:219,0
DA:222,0
DA:223,0
DA:224,0
DA:225,0
DA:226,0
DA:227,0
DA:232,0
DA:234,0
DA:236,0
DA:237,0
DA:238,0
DA:239,0
DA:241,0
DA:246,0
DA:248,0
DA:252,0
DA:254,0
DA:257,0
DA:258,0
DA:262,0
DA:265,0
DA:266,0
DA:267,0
DA:270,0
DA:272,0
DA:277,0
DA:280,0
DA:282,0
DA:284,0
DA:285,0
DA:289,0
DA:292,0
DA:294,0
DA:297,0
DA:299,0
DA:300,0
DA:301,0
DA:304,0
DA:305,0
DA:308,0
DA:310,0
DA:311,0
DA:315,0
DA:316,0
DA:319,0
DA:321,0
DA:323,0
DA:324,0
DA:327,0
DA:329,0
DA:330,0
DA:331,0
DA:332,0
DA:336,0
DA:338,0
DA:341,0
DA:342,0
DA:344,0
DA:349,0
DA:350,0
DA:352,0
DA:354,0
DA:355,0
DA:358,0
DA:359,0
DA:360,0
DA:362,0
DA:363,0
DA:366,0
DA:367,0
DA:368,0
DA:369,0
DA:372,0
DA:373,0
DA:375,0
DA:376,0
DA:377,0
DA:381,0
DA:382,0
DA:383,0
DA:384,0
DA:385,0
DA:388,0
DA:389,0
DA:391,0
DA:392,0
LF:173
LH:0
end_of_record
TN:
SF:/home/akiel/Desktop/trunk/github/pub/openGPMP/modules/core/utils.cpp
FN:110,123,_ZN4gpmp4core6Logger19getCurrentTimestampB5cxx11Ev
FN:125,132,_ZN4gpmp4core6Logger16formatLogMessageERKNSt7__cxx1112basic_stringIcSt11char_traitsIcESaIcEEES9_
FN:46,49,_ZN4gpmp4core6LoggerC2E8LogLevelb
FN:51,55,_ZN4gpmp4core6LoggerD2Ev
FN:57,59,_ZN4gpmp4core6Logger11setLogLevelE8LogLevel
FN:61,63,_ZN4gpmp4core6Logger16enableTimestampsEb
FN:65,67,_ZN4gpmp4core6Logger17setLogDestinationE14LogDestination
FN:69,75,_ZN4gpmp4core6Logger10setLogFileERKNSt7__cxx1112basic_stringIcSt11char_traitsIcESaIcEEE
FN:77,93,_ZN4gpmp4core6Logger3logE8LogLevelRKNSt7__cxx1112basic_stringIcSt11char_traitsIcESaIcEEE
FN:95,108,_ZN4gpmp4core6Logger12getLogPrefixB5cxx11E8LogLevel
FNDA:0,_ZN4gpmp4core6Logger19getCurrentTimestampB5cxx11Ev
FNDA:0,_ZN4gpmp4core6Logger16formatLogMessageERKNSt7__cxx1112basic_stringIcSt11char_traitsIcESaIcEEES9_
FNDA:2,_ZN4gpmp4core6LoggerC2E8LogLevelb
FNDA:2,_ZN4gpmp4core6LoggerD2Ev
FNDA:0,_ZN4gpmp4core6Logger11setLogLevelE8LogLevel
FNDA:0,_ZN4gpmp4core6Logger16enableTimestampsEb
FNDA:0,_ZN4gpmp4core6Logger17setLogDestinationE14LogDestination
FNDA:0,_ZN4gpmp4core6Logger10setLogFileERKNSt7__cxx1112basic_stringIcSt11char_traitsIcESaIcEEE
FNDA:0,_ZN4gpmp4core6Logger3logE8LogLevelRKNSt7__cxx1112basic_stringIcSt11char_traitsIcESaIcEEE
FNDA:0,_ZN4gpmp4core6Logger12getLogPrefixB5cxx11E8LogLevel
FNF:10
FNH:2
DA:46,2
DA:47,2
DA:48,2
DA:49,2
DA:51,2
DA:52,2
DA:53,0
DA:55,2
DA:57,0
DA:58,0
DA:59,0
DA:61,0
DA:62,0
DA:63,0
DA:65,0
DA:66,0
DA:67,0
DA:69,0
DA:70,0
DA:71,0
DA:72,0
DA:73,0
DA:75,0
DA:77,0
DA:78,0
DA:79,0
DA:80,0
DA:82,0
DA:83,0
DA:84,0
DA:86,0
DA:89,0
DA:90,0
DA:92,0
DA:93,0
DA:95,0
DA:96,0
DA:97,0
DA:98,0
DA:99,0
DA:100,0
DA:101,0
DA:102,0
DA:103,0
DA:104,0
DA:105,0
DA:106,0
DA:110,0
DA:111,0
DA:112,0
DA:113,0
DA:114,0
DA:115,0
DA:116,0
DA:118,0
DA:120,0
DA:122,0
DA:123,0
DA:125,0
DA:127,0
DA:128,0
DA:129,0
DA:131,0
DA:132,0
LF:64
LH:7
end_of_record
TN:
SF:/home/akiel/Desktop/trunk/github/pub/openGPMP/modules/disct/graphs.cpp
FN:118,139,_ZN4gpmp5Graph12bellman_fordEi
FN:141,170,_ZN4gpmp5Graph7kruskalEv
FN:172,209,_ZN4gpmp5Graph14floyd_warshallEv
FN:211,227,_ZN4gpmp5Graph9topo_sortEv
FN:229,242,_ZN4gpmp5Graph14topo_sort_utilEiRSt6vectorIbSaIbEERSt5stackIiSt5dequeIiSaIiEEE
FN:244,248,_ZN4gpmp5Graph4findERSt6vectorIiSaIiEEi
FN:250,254,_ZN4gpmp5Graph10union_setsERSt6vectorIiSaIiEEii
FN:256,269,_ZN4gpmp5Graph20connected_componentsEv
FN:271,298,_ZN4gpmp5Graph12is_bipartiteEv
FN:300,353,_ZN4gpmp5Graph22betweenness_centralityEv
FN:355,367,_ZN4gpmp5Graph24dfs_connected_componentsEiRSt6vectorIbSaIbEERS1_IiSaIiEE
FN:369,381,_ZN4gpmp5Graph23has_hamiltonian_circuitEv
FN:383,395,_ZN4gpmp5Graph17has_eulerian_pathEv
FN:397,431,_ZN4gpmp5Graph24hamiltonian_circuit_utilEiRSt6vectorIbSaIbEERS1_IiSaIiEEi
FN:433,455,_ZN4gpmp5Graph12eccentricityEi
FN:458,467,_ZN4gpmp5Graph6radiusEv
FN:46,49,_ZN4gpmp5Graph8add_edgeEiii
FN:469,510,_ZN4gpmp5Graph16chromatic_numberEv
FN:51,54,_ZN4gpmp5Graph3dfsEi
FN:513,535,_ZN4gpmp5Graph15greedy_coloringEv
FN:537,556,_ZN4gpmp5Graph17match_cardinalityEv
FN:559,589,_ZN4gpmp5Graph8match_wtEv
FN:56,65,_ZN4gpmp5Graph7dfs_recEiRSt6vectorIbSaIbEE
FN:574,574,_ZZN4gpmp5Graph8match_wtEvENKUlRKT_RKT0_E_clISt4pairIS9_IiiEiESB_EEDaS3_S6_
FN:591,595,_ZN4gpmp5Graph9is_planarEv
FN:599,623,_ZN4gpmp5Graph10planar_genEid
FN:626,652,_ZN4gpmp5Graph6has_k5Ev
FN:656,671,_ZN4gpmp5Graph7has_k33Ev
FN:67,86,_ZN4gpmp5Graph3bfsEi
FN:674,685,_ZN4gpmp5Graph6is_k33ERKSt3setIiSt4lessIiESaIiEE
FN:688,693,_ZN4gpmp5Graph11euclid_distERKSt4pairIddES4_
FN:695,718,_ZN4gpmp5Graph8compressEv
FN:721,745,_ZN4gpmp5Graph10decompressERKSt6vectorImSaImEE
FN:88,116,_ZN4gpmp5Graph8dijkstraEi
FNDA:0,_ZN4gpmp5Graph12bellman_fordEi
FNDA:0,_ZN4gpmp5Graph7kruskalEv
FNDA:0,_ZN4gpmp5Graph14floyd_warshallEv
FNDA:0,_ZN4gpmp5Graph9topo_sortEv
FNDA:0,_ZN4gpmp5Graph14topo_sort_utilEiRSt6vectorIbSaIbEERSt5stackIiSt5dequeIiSaIiEEE
FNDA:0,_ZN4gpmp5Graph4findERSt6vectorIiSaIiEEi
FNDA:0,_ZN4gpmp5Graph10union_setsERSt6vectorIiSaIiEEii
FNDA:0,_ZN4gpmp5Graph20connected_componentsEv
FNDA:0,_ZN4gpmp5Graph12is_bipartiteEv
FNDA:0,_ZN4gpmp5Graph22betweenness_centralityEv
FNDA:0,_ZN4gpmp5Graph24dfs_connected_componentsEiRSt6vectorIbSaIbEERS1_IiSaIiEE
FNDA:0,_ZN4gpmp5Graph23has_hamiltonian_circuitEv
FNDA:0,_ZN4gpmp5Graph17has_eulerian_pathEv
FNDA:0,_ZN4gpmp5Graph24hamiltonian_circuit_utilEiRSt6vectorIbSaIbEERS1_IiSaIiEEi
FNDA:0,_ZN4gpmp5Graph12eccentricityEi
FNDA:0,_ZN4gpmp5Graph6radiusEv
FNDA:3,_ZN4gpmp5Graph8add_edgeEiii
FNDA:0,_ZN4gpmp5Graph16chromatic_numberEv
FNDA:0,_ZN4gpmp5Graph3dfsEi
FNDA:0,_ZN4gpmp5Graph15greedy_coloringEv
FNDA:0,_ZN4gpmp5Graph17match_cardinalityEv
FNDA:0,_ZN4gpmp5Graph8match_wtEv
FNDA:0,_ZN4gpmp5Graph7dfs_recEiRSt6vectorIbSaIbEE
FNDA:0,_ZZN4gpmp5Graph8match_wtEvENKUlRKT_RKT0_E_clISt4pairIS9_IiiEiESB_EEDaS3_S6_
FNDA:0,_ZN4gpmp5Graph9is_planarEv
FNDA:0,_ZN4gpmp5Graph10planar_genEid
FNDA:0,_ZN4gpmp5Graph6has_k5Ev
FNDA:0,_ZN4gpmp5Graph7has_k33Ev
FNDA:0,_ZN4gpmp5Graph3bfsEi
FNDA:0,_ZN4gpmp5Graph6is_k33ERKSt3setIiSt4lessIiESaIiEE
FNDA:0,_ZN4gpmp5Graph11euclid_distERKSt4pairIddES4_
FNDA:0,_ZN4gpmp5Graph8compressEv
FNDA:0,_ZN4gpmp5Graph10decompressERKSt6vectorImSaImEE
FNDA:0,_ZN4gpmp5Graph8dijkstraEi
FNF:34
FNH:1
DA:46,3
DA:47,3
DA:48,3
DA:49,3
DA:51,0
DA:52,0
DA:53,0
DA:54,0
DA:56,0
DA:57,0
DA:58,0
DA:60,0
DA:61,0
DA:62,0
DA:65,0
DA:67,0
DA:68,0
DA:69,0
DA:71,0
DA:72,0
DA:74,0
DA:75,0
DA:76,0
DA:77,0
DA:79,0
DA:80,0
DA:81,0
DA:82,0
DA:86,0
DA:88,0
DA:92,0
DA:93,0
DA:95,0
DA:96,0
DA:98,0
DA:99,0
DA:100,0
DA:102,0
DA:103,0
DA:104,0
DA:106,0
DA:107,0
DA:108,0
DA:113,0
DA:114,0
DA:115,0
DA:116,0
DA:118,0
DA:119,0
DA:120,0
DA:122,0
DA:123,0
DA:124,0
DA:125,0
DA:126,0
DA:128,0
DA:129,0
DA:130,0
DA:136,0
DA:137,0
DA:138,0
DA:139,0
DA:141,0
DA:142,0
DA:143,0
DA:144,0
DA:145,0
DA:146,0
DA:147,0
DA:151,0
DA:153,0
DA:154,0
DA:156,0
DA:157,0
DA:158,0
DA:160,0
DA:161,0
DA:163,0
DA:164,0
DA:165,0
DA:169,0
DA:170,0
DA:172,0
DA:174,0
DA:175,0
DA:177,0
DA:178,0
DA:179,0
DA:180,0
DA:181,0
DA:182,0
DA:186,0
DA:187,0
DA:188,0
DA:189,0
DA:190,0
DA:191,0
DA:192,0
DA:198,0
DA:199,0
DA:200,0
DA:201,0
DA:202,0
DA:203,0
DA:205,0
DA:206,0
DA:209,0
DA:211,0
DA:212,0
DA:213,0
DA:215,0
DA:216,0
DA:217,0
DA:221,0
DA:222,0
DA:223,0
DA:224,0
DA:226,0
DA:227,0
DA:229,0
DA:232,0
DA:234,0
DA:235,0
DA:236,0
DA:237,0
DA:241,0
DA:242,0
DA:244,0
DA:245,0
DA:246,0
DA:247,0
DA:250,0
DA:251,0
DA:252,0
DA:253,0
DA:254,0
DA:256,0
DA:257,0
DA:258,0
DA:260,0
DA:261,0
DA:262,0
DA:263,0
DA:264,0
DA:265,0
DA:268,0
DA:269,0
DA:271,0
DA:272,0
DA:273,0
DA:275,0
DA:276,0
DA:277,0
DA:278,0
DA:280,0
DA:281,0
DA:282,0
DA:284,0
DA:285,0
DA:286,0
DA:287,0
DA:288,0
DA:289,0
DA:290,0
DA:297,0
DA:298,0
DA:300,0
DA:301,0
DA:303,0
DA:304,0
DA:305,0
DA:306,0
DA:307,0
DA:308,0
DA:310,0
DA:311,0
DA:312,0
DA:314,0
DA:315,0
DA:316,0
DA:317,0
DA:319,0
DA:320,0
DA:321,0
DA:322,0
DA:323,0
DA:326,0
DA:327,0
DA:328,0
DA:333,0
DA:335,0
DA:336,0
DA:337,0
DA:339,0
DA:340,0
DA:341,0
DA:342,0
DA:343,0
DA:346,0
DA:347,0
DA:350,0
DA:352,0
DA:353,0
DA:355,0
DA:358,0
DA:359,0
DA:361,0
DA:362,0
DA:363,0
DA:364,0
DA:367,0
DA:369,0
DA:370,0
DA:371,0
DA:373,0
DA:374,0
DA:375,0
DA:376,0
DA:380,0
DA:381,0
DA:383,0
DA:386,0
DA:388,0
DA:389,0
DA:390,0
DA:394,0
DA:397,0
DA:401,0
DA:402,0
DA:404,0
DA:407,0
DA:408,0
DA:409,0
DA:415,0
DA:416,0
DA:417,0
DA:421,0
DA:428,0
DA:429,0
DA:430,0
DA:433,0
DA:434,0
DA:435,0
DA:437,0
DA:438,0
DA:440,0
DA:441,0
DA:442,0
DA:444,0
DA:445,0
DA:446,0
DA:447,0
DA:448,0
DA:454,0
DA:455,0
DA:458,0
DA:459,0
DA:461,0
DA:462,0
DA:463,0
DA:466,0
DA:469,0
DA:470,0
DA:473,0
DA:477,0
DA:478,0
DA:479,0
DA:480,0
DA:481,0
DA:486,0
DA:487,0
DA:488,0
DA:489,0
DA:490,0
DA:495,0
DA:498,0
DA:499,0
DA:500,0
DA:501,0
DA:507,0
DA:509,0
DA:510,0
DA:513,0
DA:514,0
DA:517,0
DA:518,0
DA:519,0
DA:520,0
DA:521,0
DA:522,0
DA:526,0
DA:527,0
DA:528,0
DA:529,0
DA:532,0
DA:534,0
DA:535,0
DA:537,0
DA:538,0
DA:541,0
DA:542,0
DA:543,0
DA:544,0
DA:545,0
DA:546,0
DA:547,0
DA:548,0
DA:549,0
DA:555,0
DA:556,0
DA:559,0
DA:560,0
DA:563,0
DA:564,0
DA:565,0
DA:566,0
DA:567,0
DA:568,0
DA:572,0
DA:573,0
DA:574,0
DA:578,0
DA:579,0
DA:580,0
DA:581,0
DA:582,0
DA:583,0
DA:584,0
DA:588,0
DA:589,0
DA:591,0
DA:594,0
DA:599,0
DA:600,0
DA:601,0
DA:604,0
DA:605,0
DA:606,0
DA:607,0
DA:608,0
DA:613,0
DA:614,0
DA:615,0
DA:616,0
DA:619,0
DA:623,0
DA:626,0
DA:627,0
DA:628,0
DA:629,0
DA:630,0
DA:631,0
DA:634,0
DA:635,0
DA:636,0
DA:637,0
DA:638,0
DA:642,0
DA:643,0
DA:644,0
DA:647,0
DA:648,0
DA:651,0
DA:656,0
DA:657,0
DA:658,0
DA:659,0
DA:660,0
DA:661,0
DA:664,0
DA:665,0
DA:667,0
DA:670,0
DA:674,0
DA:675,0
DA:676,0
DA:677,0
DA:678,0
DA:682,0
DA:684,0
DA:688,0
DA:690,0
DA:691,0
DA:692,0
DA:695,0
DA:696,0
DA:697,0
DA:699,0
DA:701,0
DA:702,0
DA:705,0
DA:708,0
DA:709,0
DA:712,0
DA:713,0
DA:717,0
DA:718,0
DA:721,0
DA:722,0
DA:723,0
DA:725,0
DA:727,0
DA:728,0
DA:729,0
DA:730,0
DA:734,0
DA:737,0
DA:740,0
DA:741,0
DA:742,0
DA:745,0
LF:411
LH:4
end_of_record
TN:
SF:/home/akiel/Desktop/trunk/github/pub/openGPMP/modules/linalg/mtx.cpp
FN:105,133,_ZN4gpmp6linalg3Mtx7mtx_addEPKaS3_Paii
FN:1359,1371,_ZN4gpmp6linalg3Mtx11std_mtx_addIaEEvPKT_S5_PS3_ii
FN:1359,1371,_ZN4gpmp6linalg3Mtx11std_mtx_addIdEEvPKT_S5_PS3_ii
FN:1359,1371,_ZN4gpmp6linalg3Mtx11std_mtx_addIfEEvPKT_S5_PS3_ii
FN:1359,1371,_ZN4gpmp6linalg3Mtx11std_mtx_addIiEEvPKT_S5_PS3_ii
FN:1359,1371,_ZN4gpmp6linalg3Mtx11std_mtx_addIsEEvPKT_S5_PS3_ii
FN:136,164,_ZN4gpmp6linalg3Mtx7mtx_addEPKsS3_Psii
FN:1412,1425,_ZN4gpmp6linalg3Mtx11std_mtx_addIdEEvRKSt6vectorIT_SaIS4_EES8_RS6_
FN:1412,1425,_ZN4gpmp6linalg3Mtx11std_mtx_addIfEEvRKSt6vectorIT_SaIS4_EES8_RS6_
FN:1412,1425,_ZN4gpmp6linalg3Mtx11std_mtx_addIiEEvRKSt6vectorIT_SaIS4_EES8_RS6_
FN:1448,1459,_ZN4gpmp6linalg3Mtx11std_mtx_addIdEEvRKSt6vectorIS3_IT_SaIS4_EESaIS6_EESA_RS8_
FN:1448,1459,_ZN4gpmp6linalg3Mtx11std_mtx_addIfEEvRKSt6vectorIS3_IT_SaIS4_EESaIS6_EESA_RS8_
FN:1448,1459,_ZN4gpmp6linalg3Mtx11std_mtx_addIiEEvRKSt6vectorIS3_IT_SaIS4_EESaIS6_EESA_RS8_
FN:1479,1490,_ZN4gpmp6linalg3Mtx11std_mtx_subIdEEvRKSt6vectorIS3_IT_SaIS4_EESaIS6_EESA_RS8_
FN:1479,1490,_ZN4gpmp6linalg3Mtx11std_mtx_subIfEEvRKSt6vectorIS3_IT_SaIS4_EESaIS6_EESA_RS8_
FN:1479,1490,_ZN4gpmp6linalg3Mtx11std_mtx_subIiEEvRKSt6vectorIS3_IT_SaIS4_EESaIS6_EESA_RS8_
FN:1510,1527,_ZN4gpmp6linalg3Mtx12std_mtx_multIdEEvRKSt6vectorIS3_IT_SaIS4_EESaIS6_EESA_RS8_
FN:1510,1527,_ZN4gpmp6linalg3Mtx12std_mtx_multIfEEvRKSt6vectorIS3_IT_SaIS4_EESaIS6_EESA_RS8_
FN:1510,1527,_ZN4gpmp6linalg3Mtx12std_mtx_multIiEEvRKSt6vectorIS3_IT_SaIS4_EESaIS6_EESA_RS8_
FN:167,204,_ZN4gpmp6linalg3Mtx7mtx_addEPKiS3_Piii
FN:207,237,_ZN4gpmp6linalg3Mtx7mtx_addEPKdS3_Pdii
FN:240,270,_ZN4gpmp6linalg3Mtx7mtx_addEPKfS3_Pfii
FN:278,315,_ZN4gpmp6linalg3Mtx7mtx_addERKSt6vectorIS2_IiSaIiEESaIS4_EES8_RS6_
FN:318,349,_ZN4gpmp6linalg3Mtx7mtx_addERKSt6vectorIS2_IdSaIdEESaIS4_EES8_RS6_
FN:352,383,_ZN4gpmp6linalg3Mtx7mtx_addERKSt6vectorIS2_IfSaIfEESaIS4_EES8_RS6_
FN:386,416,_ZN4gpmp6linalg3Mtx7mtx_subERKSt6vectorIS2_IiSaIiEESaIS4_EES8_RS6_
FN:419,446,_ZN4gpmp6linalg3Mtx7mtx_subERKSt6vectorIS2_IdSaIdEESaIS4_EES8_RS6_
FN:449,489,_ZN4gpmp6linalg3Mtx8mtx_multERKSt6vectorIS2_IiSaIiEESaIS4_EES8_RS6_
FN:492,531,_ZN4gpmp6linalg3Mtx8mtx_multERKSt6vectorIS2_IdSaIdEESaIS4_EES8_RS6_
FN:534,597,_ZN4gpmp6linalg3Mtx9mtx_tposeERSt6vectorIS2_IiSaIiEESaIS4_EE
FN:599,630,_ZN4gpmp6linalg3Mtx9mtx_tposeERSt6vectorIS2_IdSaIdEESaIS4_EE
FN:70,75,_ZN4gpmp6linalg3Mtx11mtx_add_f90EPfS2_S2_m
FN:78,83,_ZN4gpmp6linalg3Mtx11mtx_add_f90EPiS2_S2_m
FNDA:2,_ZN4gpmp6linalg3Mtx7mtx_addEPKaS3_Paii
FNDA:2,_ZN4gpmp6linalg3Mtx11std_mtx_addIaEEvPKT_S5_PS3_ii
FNDA:2,_ZN4gpmp6linalg3Mtx11std_mtx_addIdEEvPKT_S5_PS3_ii
FNDA:0,_ZN4gpmp6linalg3Mtx11std_mtx_addIfEEvPKT_S5_PS3_ii
FNDA:3,_ZN4gpmp6linalg3Mtx11std_mtx_addIiEEvPKT_S5_PS3_ii
FNDA:2,_ZN4gpmp6linalg3Mtx11std_mtx_addIsEEvPKT_S5_PS3_ii
FNDA:2,_ZN4gpmp6linalg3Mtx7mtx_addEPKsS3_Psii
FNDA:0,_ZN4gpmp6linalg3Mtx11std_mtx_addIdEEvRKSt6vectorIT_SaIS4_EES8_RS6_
FNDA:0,_ZN4gpmp6linalg3Mtx11std_mtx_addIfEEvRKSt6vectorIT_SaIS4_EES8_RS6_
FNDA:0,_ZN4gpmp6linalg3Mtx11std_mtx_addIiEEvRKSt6vectorIT_SaIS4_EES8_RS6_
FNDA:2,_ZN4gpmp6linalg3Mtx11std_mtx_addIdEEvRKSt6vectorIS3_IT_SaIS4_EESaIS6_EESA_RS8_
FNDA:0,_ZN4gpmp6linalg3Mtx11std_mtx_addIfEEvRKSt6vectorIS3_IT_SaIS4_EESaIS6_EESA_RS8_
FNDA:2,_ZN4gpmp6linalg3Mtx11std_mtx_addIiEEvRKSt6vectorIS3_IT_SaIS4_EESaIS6_EESA_RS8_
FNDA:0,_ZN4gpmp6linalg3Mtx11std_mtx_subIdEEvRKSt6vectorIS3_IT_SaIS4_EESaIS6_EESA_RS8_
FNDA:0,_ZN4gpmp6linalg3Mtx11std_mtx_subIfEEvRKSt6vectorIS3_IT_SaIS4_EESaIS6_EESA_RS8_
FNDA:0,_ZN4gpmp6linalg3Mtx11std_mtx_subIiEEvRKSt6vectorIS3_IT_SaIS4_EESaIS6_EESA_RS8_
FNDA:0,_ZN4gpmp6linalg3Mtx12std_mtx_multIdEEvRKSt6vectorIS3_IT_SaIS4_EESaIS6_EESA_RS8_
FNDA:0,_ZN4gpmp6linalg3Mtx12std_mtx_multIfEEvRKSt6vectorIS3_IT_SaIS4_EESaIS6_EESA_RS8_
FNDA:0,_ZN4gpmp6linalg3Mtx12std_mtx_multIiEEvRKSt6vectorIS3_IT_SaIS4_EESaIS6_EESA_RS8_
FNDA:2,_ZN4gpmp6linalg3Mtx7mtx_addEPKiS3_Piii
FNDA:2,_ZN4gpmp6linalg3Mtx7mtx_addEPKdS3_Pdii
FNDA:0,_ZN4gpmp6linalg3Mtx7mtx_addEPKfS3_Pfii
FNDA:2,_ZN4gpmp6linalg3Mtx7mtx_addERKSt6vectorIS2_IiSaIiEESaIS4_EES8_RS6_
FNDA:2,_ZN4gpmp6linalg3Mtx7mtx_addERKSt6vectorIS2_IdSaIdEESaIS4_EES8_RS6_
FNDA:0,_ZN4gpmp6linalg3Mtx7mtx_addERKSt6vectorIS2_IfSaIfEESaIS4_EES8_RS6_
FNDA:0,_ZN4gpmp6linalg3Mtx7mtx_subERKSt6vectorIS2_IiSaIiEESaIS4_EES8_RS6_
FNDA:0,_ZN4gpmp6linalg3Mtx7mtx_subERKSt6vectorIS2_IdSaIdEESaIS4_EES8_RS6_
FNDA:0,_ZN4gpmp6linalg3Mtx8mtx_multERKSt6vectorIS2_IiSaIiEESaIS4_EES8_RS6_
FNDA:0,_ZN4gpmp6linalg3Mtx8mtx_multERKSt6vectorIS2_IdSaIdEESaIS4_EES8_RS6_
FNDA:0,_ZN4gpmp6linalg3Mtx9mtx_tposeERSt6vectorIS2_IiSaIiEESaIS4_EE
FNDA:0,_ZN4gpmp6linalg3Mtx9mtx_tposeERSt6vectorIS2_IdSaIdEESaIS4_EE
FNDA:0,_ZN4gpmp6linalg3Mtx11mtx_add_f90EPfS2_S2_m
FNDA:0,_ZN4gpmp6linalg3Mtx11mtx_add_f90EPiS2_S2_m
FNF:33
FNH:12
DA:70,0
DA:74,0
DA:75,0
DA:78,0
DA:82,0
DA:83,0
DA:105,2
DA:111,1426
DA:112,1424
DA:113,38992
DA:114,37568
DA:115,37568
DA:116,37568
DA:117,37568
DA:118,37568
DA:119,37568
DA:122,37568
DA:125,37568
DA:129,7824
DA:130,6400
DA:133,2
DA:136,2
DA:142,1326
DA:143,1324
DA:144,72260
DA:145,70936
DA:146,70936
DA:147,70936
DA:148,70936
DA:149,70936
DA:150,70936
DA:153,70936
DA:156,70936
DA:160,4924
DA:161,3600
DA:164,2
DA:167,2
DA:173,2
DA:174,1025
DA:175,1024
DA:177,132096
DA:179,131072
DA:180,131072
DA:181,131072
DA:182,131072
DA:183,131072
DA:184,131072
DA:187,131072
DA:191,131072
DA:196,1024
DA:197,0
DA:202,1
DA:204,2
DA:207,2
DA:212,2
DA:213,1090
DA:214,1088
DA:216,264256
DA:218,263168
DA:219,263168
DA:220,526336
DA:222,263168
DA:225,263168
DA:229,1088
DA:230,0
DA:235,0
DA:237,2
DA:240,0
DA:245,0
DA:246,0
DA:247,0
DA:249,0
DA:251,0
DA:252,0
DA:253,0
DA:255,0
DA:258,0
DA:262,0
DA:263,0
DA:268,0
DA:270,0
DA:278,2
DA:281,2
DA:282,2
DA:284,2
DA:285,1090
DA:286,1088
DA:288,132672
DA:290,131584
DA:291,131584
DA:292,131584
DA:293,131584
DA:294,131584
DA:295,131584
DA:298,131584
DA:301,131584
DA:305,1088
DA:306,0
DA:313,0
DA:315,2
DA:318,2
DA:321,2
DA:322,2
DA:324,2
DA:325,1090
DA:326,1088
DA:328,264256
DA:330,263168
DA:331,263168
DA:332,526336
DA:335,263168
DA:338,263168
DA:342,1088
DA:343,0
DA:347,0
DA:349,2
DA:352,0
DA:355,0
DA:356,0
DA:358,0
DA:359,0
DA:360,0
DA:362,0
DA:364,0
DA:365,0
DA:366,0
DA:369,0
DA:372,0
DA:376,0
DA:377,0
DA:381,0
DA:383,0
DA:386,0
DA:389,0
DA:390,0
DA:392,0
DA:393,0
DA:395,0
DA:398,0
DA:400,0
DA:402,0
DA:405,0
DA:408,0
DA:412,0
DA:413,0
DA:416,0
DA:419,0
DA:422,0
DA:423,0
DA:425,0
DA:426,0
DA:428,0
DA:430,0
DA:431,0
DA:432,0
DA:435,0
DA:438,0
DA:442,0
DA:443,0
DA:446,0
DA:449,0
DA:452,0
DA:453,0
DA:454,0
DA:456,0
DA:457,0
DA:459,0
DA:461,0
DA:463,0
DA:464,0
DA:465,0
DA:468,0
DA:471,0
DA:475,0
DA:479,0
DA:480,0
DA:482,0
DA:483,0
DA:486,0
DA:489,0
DA:492,0
DA:495,0
DA:496,0
DA:497,0
DA:499,0
DA:500,0
DA:502,0
DA:504,0
DA:506,0
DA:507,0
DA:510,0
DA:513,0
DA:517,0
DA:521,0
DA:522,0
DA:524,0
DA:525,0
DA:528,0
DA:531,0
DA:534,0
DA:535,0
DA:536,0
DA:538,0
DA:539,0
DA:540,0
DA:541,0
DA:542,0
DA:543,0
DA:544,0
DA:545,0
DA:546,0
DA:547,0
DA:548,0
DA:549,0
DA:550,0
DA:551,0
DA:552,0
DA:553,0
DA:554,0
DA:555,0
DA:560,0
DA:561,0
DA:562,0
DA:563,0
DA:564,0
DA:565,0
DA:566,0
DA:567,0
DA:569,0
DA:570,0
DA:571,0
DA:572,0
DA:573,0
DA:574,0
DA:575,0
DA:576,0
DA:579,0
DA:581,0
DA:583,0
DA:585,0
DA:587,0
DA:589,0
DA:591,0
DA:593,0
DA:597,0
DA:599,0
DA:600,0
DA:601,0
DA:603,0
DA:604,0
DA:605,0
DA:606,0
DA:607,0
DA:608,0
DA:613,0
DA:614,0
DA:615,0
DA:616,0
DA:618,0
DA:619,0
DA:620,0
DA:621,0
DA:624,0
DA:625,0
DA:626,0
DA:627,0
DA:630,0
DA:1359,9
DA:1365,5237
DA:1366,4521340
DA:1368,4516112
DA:1371,9
DA:1412,0
DA:1416,0
DA:1417,0
DA:1419,0
DA:1420,0
DA:1422,0
DA:1425,0
DA:1448,4
DA:1451,4
DA:1453,2180
DA:1454,2107520
DA:1456,2105344
DA:1459,4
DA:1479,0
DA:1482,0
DA:1484,0
DA:1485,0
DA:1487,0
DA:1490,0
DA:1510,0
DA:1516,0
DA:1517,0
DA:1519,0
DA:1520,0
DA:1521,0
DA:1522,0
DA:1523,0
DA:1527,0
LF:300
LH:100
end_of_record
TN:
SF:/home/akiel/Desktop/trunk/github/pub/openGPMP/modules/linalg/mtx_routines.f90
FN:41,50,mtx_add_routine_float_
FN:52,61,mtx_add_routine_int_
FN:70,86,mtx_mult_
FNDA:0,mtx_add_routine_float_
FNDA:0,mtx_add_routine_int_
FNDA:0,mtx_mult_
FNF:3
FNH:0
DA:41,0
DA:49,0
DA:50,0
DA:52,0
DA:60,0
DA:61,0
DA:70,0
DA:78,0
DA:79,0
DA:80,0
DA:81,0
DA:82,0
DA:86,0
LF:13
LH:0
end_of_record
TN:
SF:/home/akiel/Desktop/trunk/github/pub/openGPMP/modules/ml/bayes_clf.cpp
FN:100,100,_ZZN4gpmp2ml8BayesClf5trainERKSt6vectorIS2_IdSaIdEESaIS4_EERKS2_INSt7__cxx1112basic_stringIcSt11char_traitsIcESaIcEEESaISE_EEENKUldRKT_E_clISt4pairIKSE_dEEEDadSL_
FN:110,110,_ZZN4gpmp2ml8BayesClf5trainERKSt6vectorIS2_IdSaIdEESaIS4_EERKS2_INSt7__cxx1112basic_stringIcSt11char_traitsIcESaIcEEESaISE_EEENKUlRKT_E_clISt4pairIKSE_dEEEDaSL_
FN:115,134,_ZNK4gpmp2ml8BayesClf7predictB5cxx11ERKSt6vectorIdSaIdEE
FN:136,155,_ZNK4gpmp2ml8BayesClf7displayEv
FN:156,188,_ZN4gpmp2ml14BayesBernoulli5trainERKSt6vectorIS2_ImSaImEESaIS4_EERKS2_INSt7__cxx1112basic_stringIcSt11char_traitsIcESaIcEEESaISE_EE
FN:192,211,_ZNK4gpmp2ml14BayesBernoulli7predictB5cxx11ERKSt6vectorImSaImEE
FN:213,227,_ZNK4gpmp2ml14BayesBernoulli7displayEv
FN:229,244,_ZN4gpmp2ml10BayesGauss5trainERKSt6vectorIS2_IdSaIdEESaIS4_EERKS2_INSt7__cxx1112basic_stringIcSt11char_traitsIcESaIcEEESaISE_EE
FN:246,297,_ZN4gpmp2ml10BayesGauss12mean_and_varERKSt6vectorIS2_IdSaIdEESaIS4_EERKS2_INSt7__cxx1112basic_stringIcSt11char_traitsIcESaIcEEESaISE_EE
FN:300,322,_ZNK4gpmp2ml10BayesGauss7predictB5cxx11ERKSt6vectorIdSaIdEE
FN:324,343,_ZNK4gpmp2ml10BayesGauss7displayEv
FN:345,350,_ZN4gpmp2ml13BayesMultiNomC2EdbRKSt6vectorIdSaIdEE
FN:352,353,_ZN4gpmp2ml13BayesMultiNomD2Ev
FN:355,418,_ZN4gpmp2ml13BayesMultiNom5trainERKSt6vectorIS2_ImSaImEESaIS4_EERKS2_INSt7__cxx1112basic_stringIcSt11char_traitsIcESaIcEEESaISE_EE
FN:406,406,_ZZN4gpmp2ml13BayesMultiNom5trainERKSt6vectorIS2_ImSaImEESaIS4_EERKS2_INSt7__cxx1112basic_stringIcSt11char_traitsIcESaIcEEESaISE_EEENKUldRKT_E_clISt4pairIKSE_dEEEDadSL_
FN:416,416,_ZZN4gpmp2ml13BayesMultiNom5trainERKSt6vectorIS2_ImSaImEESaIS4_EERKS2_INSt7__cxx1112basic_stringIcSt11char_traitsIcESaIcEEESaISE_EEENKUlRKT_E_clISt4pairIKSE_dEEEDaSL_
FN:421,440,_ZNK4gpmp2ml13BayesMultiNom7predictB5cxx11ERKSt6vectorImSaImEE
FN:43,48,_ZN4gpmp2ml8BayesClfC2EdbRKSt6vectorIdSaIdEE
FN:442,461,_ZNK4gpmp2ml13BayesMultiNom7displayEv
FN:50,51,_ZN4gpmp2ml8BayesClfD2Ev
FN:53,112,_ZN4gpmp2ml8BayesClf5trainERKSt6vectorIS2_IdSaIdEESaIS4_EERKS2_INSt7__cxx1112basic_stringIcSt11char_traitsIcESaIcEEESaISE_EE
FNDA:0,_ZZN4gpmp2ml8BayesClf5trainERKSt6vectorIS2_IdSaIdEESaIS4_EERKS2_INSt7__cxx1112basic_stringIcSt11char_traitsIcESaIcEEESaISE_EEENKUldRKT_E_clISt4pairIKSE_dEEEDadSL_
FNDA:0,_ZZN4gpmp2ml8BayesClf5trainERKSt6vectorIS2_IdSaIdEESaIS4_EERKS2_INSt7__cxx1112basic_stringIcSt11char_traitsIcESaIcEEESaISE_EEENKUlRKT_E_clISt4pairIKSE_dEEEDaSL_
FNDA:0,_ZNK4gpmp2ml8BayesClf7predictB5cxx11ERKSt6vectorIdSaIdEE
FNDA:0,_ZNK4gpmp2ml8BayesClf7displayEv
FNDA:0,_ZN4gpmp2ml14BayesBernoulli5trainERKSt6vectorIS2_ImSaImEESaIS4_EERKS2_INSt7__cxx1112basic_stringIcSt11char_traitsIcESaIcEEESaISE_EE
FNDA:0,_ZNK4gpmp2ml14BayesBernoulli7predictB5cxx11ERKSt6vectorImSaImEE
FNDA:0,_ZNK4gpmp2ml14BayesBernoulli7displayEv
FNDA:0,_ZN4gpmp2ml10BayesGauss5trainERKSt6vectorIS2_IdSaIdEESaIS4_EERKS2_INSt7__cxx1112basic_stringIcSt11char_traitsIcESaIcEEESaISE_EE
FNDA:0,_ZN4gpmp2ml10BayesGauss12mean_and_varERKSt6vectorIS2_IdSaIdEESaIS4_EERKS2_INSt7__cxx1112basic_stringIcSt11char_traitsIcESaIcEEESaISE_EE
FNDA:0,_ZNK4gpmp2ml10BayesGauss7predictB5cxx11ERKSt6vectorIdSaIdEE
FNDA:0,_ZNK4gpmp2ml10BayesGauss7displayEv
FNDA:0,_ZN4gpmp2ml13BayesMultiNomC2EdbRKSt6vectorIdSaIdEE
FNDA:0,_ZN4gpmp2ml13BayesMultiNomD2Ev
FNDA:0,_ZN4gpmp2ml13BayesMultiNom5trainERKSt6vectorIS2_ImSaImEESaIS4_EERKS2_INSt7__cxx1112basic_stringIcSt11char_traitsIcESaIcEEESaISE_EE
FNDA:0,_ZZN4gpmp2ml13BayesMultiNom5trainERKSt6vectorIS2_ImSaImEESaIS4_EERKS2_INSt7__cxx1112basic_stringIcSt11char_traitsIcESaIcEEESaISE_EEENKUldRKT_E_clISt4pairIKSE_dEEEDadSL_
FNDA:0,_ZZN4gpmp2ml13BayesMultiNom5trainERKSt6vectorIS2_ImSaImEESaIS4_EERKS2_INSt7__cxx1112basic_stringIcSt11char_traitsIcESaIcEEESaISE_EEENKUlRKT_E_clISt4pairIKSE_dEEEDaSL_
FNDA:0,_ZNK4gpmp2ml13BayesMultiNom7predictB5cxx11ERKSt6vectorImSaImEE
FNDA:0,_ZN4gpmp2ml8BayesClfC2EdbRKSt6vectorIdSaIdEE
FNDA:0,_ZNK4gpmp2ml13BayesMultiNom7displayEv
FNDA:0,_ZN4gpmp2ml8BayesClfD2Ev
FNDA:0,_ZN4gpmp2ml8BayesClf5trainERKSt6vectorIS2_IdSaIdEESaIS4_EERKS2_INSt7__cxx1112basic_stringIcSt11char_traitsIcESaIcEEESaISE_EE
FNF:21
FNH:0
DA:43,0
DA:45,0
DA:46,0
DA:47,0
DA:48,0
DA:50,0
DA:51,0
DA:53,0
DA:56,0
DA:57,0
DA:61,0
DA:62,0
DA:63,0
DA:65,0
DA:68,0
DA:69,0
DA:72,0
DA:73,0
DA:78,0
DA:79,0
DA:80,0
DA:81,0
DA:84,0
DA:85,0
DA:88,0
DA:89,0
DA:90,0
DA:95,0
DA:96,0
DA:100,0
DA:102,0
DA:103,0
DA:106,0
DA:110,0
DA:112,0
DA:115,0
DA:116,0
DA:117,0
DA:119,0
DA:120,0
DA:121,0
DA:123,0
DA:124,0
DA:127,0
DA:128,0
DA:129,0
DA:133,0
DA:134,0
DA:136,0
DA:137,0
DA:138,0
DA:139,0
DA:142,0
DA:143,0
DA:144,0
DA:145,0
DA:146,0
DA:147,0
DA:151,0
DA:152,0
DA:153,0
DA:155,0
DA:156,0
DA:159,0
DA:160,0
DA:162,0
DA:163,0
DA:166,0
DA:169,0
DA:170,0
DA:172,0
DA:175,0
DA:176,0
DA:177,0
DA:178,0
DA:181,0
DA:182,0
DA:183,0
DA:184,0
DA:185,0
DA:188,0
DA:192,0
DA:193,0
DA:194,0
DA:196,0
DA:197,0
DA:199,0
DA:200,0
DA:201,0
DA:204,0
DA:205,0
DA:206,0
DA:210,0
DA:211,0
DA:213,0
DA:214,0
DA:215,0
DA:216,0
DA:219,0
DA:220,0
DA:221,0
DA:222,0
DA:223,0
DA:224,0
DA:227,0
DA:229,0
DA:232,0
DA:233,0
DA:237,0
DA:240,0
DA:241,0
DA:242,0
DA:244,0
DA:246,0
DA:249,0
DA:251,0
DA:252,0
DA:253,0
DA:255,0
DA:258,0
DA:259,0
DA:260,0
DA:264,0
DA:265,0
DA:270,0
DA:271,0
DA:272,0
DA:274,0
DA:275,0
DA:280,0
DA:281,0
DA:282,0
DA:284,0
DA:285,0
DA:289,0
DA:290,0
DA:291,0
DA:293,0
DA:294,0
DA:297,0
DA:300,0
DA:301,0
DA:302,0
DA:304,0
DA:305,0
DA:306,0
DA:308,0
DA:309,0
DA:310,0
DA:311,0
DA:312,0
DA:315,0
DA:316,0
DA:317,0
DA:321,0
DA:322,0
DA:324,0
DA:325,0
DA:326,0
DA:327,0
DA:330,0
DA:331,0
DA:332,0
DA:333,0
DA:334,0
DA:335,0
DA:337,0
DA:338,0
DA:339,0
DA:341,0
DA:343,0
DA:345,0
DA:347,0
DA:348,0
DA:349,0
DA:350,0
DA:352,0
DA:353,0
DA:355,0
DA:358,0
DA:359,0
DA:362,0
DA:363,0
DA:367,0
DA:368,0
DA:369,0
DA:371,0
DA:374,0
DA:375,0
DA:378,0
DA:379,0
DA:384,0
DA:385,0
DA:386,0
DA:387,0
DA:390,0
DA:391,0
DA:394,0
DA:395,0
DA:396,0
DA:401,0
DA:402,0
DA:406,0
DA:408,0
DA:409,0
DA:412,0
DA:416,0
DA:418,0
DA:421,0
DA:422,0
DA:423,0
DA:425,0
DA:426,0
DA:427,0
DA:429,0
DA:430,0
DA:433,0
DA:434,0
DA:435,0
DA:439,0
DA:440,0
DA:442,0
DA:443,0
DA:444,0
DA:445,0
DA:448,0
DA:449,0
DA:450,0
DA:451,0
DA:452,0
DA:453,0
DA:457,0
DA:458,0
DA:459,0
DA:461,0
LF:235
LH:0
end_of_record
TN:
SF:/home/akiel/Desktop/trunk/github/pub/openGPMP/modules/ml/encoder.cpp
FN:118,124,_ZN4gpmp2ml11AutoEncoder7sigmoidERKSt6vectorIdSaIdEE
FN:127,151,_ZN4gpmp2ml11AutoEncoder7forwardERKSt6vectorIdSaIdEE
FN:153,202,_ZN4gpmp2ml11AutoEncoder5trainERKSt6vectorIS2_IdSaIdEESaIS4_EEi
FN:204,220,_ZN4gpmp2ml11AutoEncoder7displayEv
FN:222,230,_ZN4gpmp2ml17SparseAutoEncoderC2Eiiiddd
FN:232,282,_ZN4gpmp2ml17SparseAutoEncoder5trainERKSt6vectorIS2_IdSaIdEESaIS4_EEi
FN:284,291,_ZN4gpmp2ml20DenoisingAutoEncoderC2Eiiidd
FN:293,334,_ZN4gpmp2ml20DenoisingAutoEncoder5trainERKSt6vectorIS2_IdSaIdEESaIS4_EEi
FN:336,343,_ZN4gpmp2ml22ContractiveAutoEncoderC2Eiiidd
FN:345,377,_ZN4gpmp2ml22ContractiveAutoEncoder5trainERKSt6vectorIS2_IdSaIdEESaIS4_EEi
FN:379,385,_ZN4gpmp2ml14MDLAutoEncoderC2Eiiidd
FN:387,418,_ZN4gpmp2ml14MDLAutoEncoder5trainERKSt6vectorIS2_IdSaIdEESaIS4_EEi
FN:42,58,_ZNK4gpmp2ml11AutoEncoder4saveERKNSt7__cxx1112basic_stringIcSt11char_traitsIcESaIcEEE
FN:420,426,_ZN4gpmp2ml19ConcreteAutoEncoderC2Eiiidd
FN:428,469,_ZN4gpmp2ml19ConcreteAutoEncoder5trainERKSt6vectorIS2_IdSaIdEESaIS4_EEi
FN:471,476,_ZN4gpmp2ml22VariationalAutoEncoderC2Eiiid
FN:478,482,_ZN4gpmp2ml22VariationalAutoEncoder11sample_distEv
FN:484,488,_ZN4gpmp2ml22VariationalAutoEncoder14reparameterizeEdd
FN:491,503,_ZN4gpmp2ml22VariationalAutoEncoder7encoderERKSt6vectorIdSaIdEE
FN:505,518,_ZN4gpmp2ml22VariationalAutoEncoder7decoderERKSt6vectorIdSaIdEE
FN:520,551,_ZN4gpmp2ml22VariationalAutoEncoder16gradient_descentERKSt6vectorIdSaIdEES6_S6_
FN:553,578,_ZN4gpmp2ml22VariationalAutoEncoder5trainERKSt6vectorIS2_IdSaIdEESaIS4_EEi
FN:580,586,_ZN4gpmp2ml20RecurrentAutoEncoderC2Eiiid
FN:588,632,_ZN4gpmp2ml20RecurrentAutoEncoder5trainERKSt6vectorIS2_IdSaIdEESaIS4_EEi
FN:60,76,_ZN4gpmp2ml11AutoEncoder4loadERKNSt7__cxx1112basic_stringIcSt11char_traitsIcESaIcEEE
FN:634,655,_ZN4gpmp2ml20RecurrentAutoEncoder10recurr_fwdERKSt6vectorIdSaIdEES6_
FN:657,662,_ZN4gpmp2ml15FullAutoEncoderC2Eiiid
FN:664,695,_ZN4gpmp2ml15FullAutoEncoder5trainERKSt6vectorIS2_IdSaIdEESaIS4_EEi
FN:78,80,_ZN4gpmp2ml11AutoEncoder9lrate_setEd
FN:82,91,_ZN4gpmp2ml11AutoEncoder12lrate_updateEi
FN:93,115,_ZN4gpmp2ml11AutoEncoderC2Eiiid
FNDA:0,_ZN4gpmp2ml11AutoEncoder7sigmoidERKSt6vectorIdSaIdEE
FNDA:0,_ZN4gpmp2ml11AutoEncoder7forwardERKSt6vectorIdSaIdEE
FNDA:0,_ZN4gpmp2ml11AutoEncoder5trainERKSt6vectorIS2_IdSaIdEESaIS4_EEi
FNDA:0,_ZN4gpmp2ml11AutoEncoder7displayEv
FNDA:0,_ZN4gpmp2ml17SparseAutoEncoderC2Eiiiddd
FNDA:0,_ZN4gpmp2ml17SparseAutoEncoder5trainERKSt6vectorIS2_IdSaIdEESaIS4_EEi
FNDA:0,_ZN4gpmp2ml20DenoisingAutoEncoderC2Eiiidd
FNDA:0,_ZN4gpmp2ml20DenoisingAutoEncoder5trainERKSt6vectorIS2_IdSaIdEESaIS4_EEi
FNDA:0,_ZN4gpmp2ml22ContractiveAutoEncoderC2Eiiidd
FNDA:0,_ZN4gpmp2ml22ContractiveAutoEncoder5trainERKSt6vectorIS2_IdSaIdEESaIS4_EEi
FNDA:0,_ZN4gpmp2ml14MDLAutoEncoderC2Eiiidd
FNDA:0,_ZN4gpmp2ml14MDLAutoEncoder5trainERKSt6vectorIS2_IdSaIdEESaIS4_EEi
FNDA:0,_ZNK4gpmp2ml11AutoEncoder4saveERKNSt7__cxx1112basic_stringIcSt11char_traitsIcESaIcEEE
FNDA:0,_ZN4gpmp2ml19ConcreteAutoEncoderC2Eiiidd
FNDA:0,_ZN4gpmp2ml19ConcreteAutoEncoder5trainERKSt6vectorIS2_IdSaIdEESaIS4_EEi
FNDA:0,_ZN4gpmp2ml22VariationalAutoEncoderC2Eiiid
FNDA:0,_ZN4gpmp2ml22VariationalAutoEncoder11sample_distEv
FNDA:0,_ZN4gpmp2ml22VariationalAutoEncoder14reparameterizeEdd
FNDA:0,_ZN4gpmp2ml22VariationalAutoEncoder7encoderERKSt6vectorIdSaIdEE
FNDA:0,_ZN4gpmp2ml22VariationalAutoEncoder7decoderERKSt6vectorIdSaIdEE
FNDA:0,_ZN4gpmp2ml22VariationalAutoEncoder16gradient_descentERKSt6vectorIdSaIdEES6_S6_
FNDA:0,_ZN4gpmp2ml22VariationalAutoEncoder5trainERKSt6vectorIS2_IdSaIdEESaIS4_EEi
FNDA:0,_ZN4gpmp2ml20RecurrentAutoEncoderC2Eiiid
FNDA:0,_ZN4gpmp2ml20RecurrentAutoEncoder5trainERKSt6vectorIS2_IdSaIdEESaIS4_EEi
FNDA:0,_ZN4gpmp2ml11AutoEncoder4loadERKNSt7__cxx1112basic_stringIcSt11char_traitsIcESaIcEEE
FNDA:0,_ZN4gpmp2ml20RecurrentAutoEncoder10recurr_fwdERKSt6vectorIdSaIdEES6_
FNDA:0,_ZN4gpmp2ml15FullAutoEncoderC2Eiiid
FNDA:0,_ZN4gpmp2ml15FullAutoEncoder5trainERKSt6vectorIS2_IdSaIdEESaIS4_EEi
FNDA:0,_ZN4gpmp2ml11AutoEncoder9lrate_setEd
FNDA:0,_ZN4gpmp2ml11AutoEncoder12lrate_updateEi
FNDA:0,_ZN4gpmp2ml11AutoEncoderC2Eiiid
FNF:31
FNH:0
DA:42,0
DA:43,0
DA:45,0
DA:46,0
DA:47,0
DA:48,0
DA:49,0
DA:50,0
DA:51,0
DA:53,0
DA:54,0
DA:56,0
DA:58,0
DA:60,0
DA:61,0
DA:63,0
DA:64,0
DA:65,0
DA:67,0
DA:68,0
DA:69,0
DA:71,0
DA:72,0
DA:74,0
DA:76,0
DA:78,0
DA:79,0
DA:80,0
DA:82,0
DA:84,0
DA:85,0
DA:86,0
DA:87,0
DA:88,0
DA:91,0
DA:93,0
DA:96,0
DA:97,0
DA:98,0
DA:101,0
DA:102,0
DA:104,0
DA:105,0
DA:107,0
DA:110,0
DA:111,0
DA:112,0
DA:115,0
DA:118,0
DA:119,0
DA:120,0
DA:121,0
DA:123,0
DA:124,0
DA:127,0
DA:129,0
DA:130,0
DA:133,0
DA:134,0
DA:135,0
DA:136,0
DA:138,0
DA:142,0
DA:143,0
DA:144,0
DA:145,0
DA:147,0
DA:150,0
DA:151,0
DA:153,0
DA:156,0
DA:157,0
DA:159,0
DA:160,0
DA:163,0
DA:164,0
DA:165,0
DA:166,0
DA:168,0
DA:172,0
DA:173,0
DA:174,0
DA:175,0
DA:177,0
DA:181,0
DA:182,0
DA:183,0
DA:184,0
DA:188,0
DA:189,0
DA:190,0
DA:191,0
DA:192,0
DA:193,0
DA:195,0
DA:196,0
DA:197,0
DA:200,0
DA:202,0
DA:204,0
DA:205,0
DA:206,0
DA:207,0
DA:208,0
DA:210,0
DA:213,0
DA:214,0
DA:215,0
DA:216,0
DA:218,0
DA:220,0
DA:222,0
DA:227,0
DA:228,0
DA:229,0
DA:230,0
DA:232,0
DA:236,0
DA:238,0
DA:239,0
DA:241,0
DA:244,0
DA:245,0
DA:246,0
DA:247,0
DA:248,0
DA:252,0
DA:253,0
DA:254,0
DA:255,0
DA:256,0
DA:257,0
DA:261,0
DA:263,0
DA:264,0
DA:265,0
DA:269,0
DA:270,0
DA:271,0
DA:272,0
DA:273,0
DA:274,0
DA:275,0
DA:276,0
DA:277,0
DA:278,0
DA:280,0
DA:282,0
DA:284,0
DA:288,0
DA:290,0
DA:291,0
DA:293,0
DA:296,0
DA:298,0
DA:299,0
DA:301,0
DA:302,0
DA:303,0
DA:305,0
DA:310,0
DA:313,0
DA:314,0
DA:315,0
DA:316,0
DA:320,0
DA:321,0
DA:322,0
DA:323,0
DA:324,0
DA:325,0
DA:327,0
DA:328,0
DA:329,0
DA:332,0
DA:334,0
DA:336,0
DA:340,0
DA:342,0
DA:343,0
DA:345,0
DA:348,0
DA:349,0
DA:351,0
DA:354,0
DA:355,0
DA:356,0
DA:357,0
DA:361,0
DA:362,0
DA:363,0
DA:364,0
DA:365,0
DA:366,0
DA:369,0
DA:370,0
DA:371,0
DA:372,0
DA:375,0
DA:377,0
DA:379,0
DA:383,0
DA:384,0
DA:385,0
DA:387,0
DA:390,0
DA:391,0
DA:393,0
DA:396,0
DA:397,0
DA:398,0
DA:399,0
DA:403,0
DA:404,0
DA:405,0
DA:406,0
DA:407,0
DA:408,0
DA:410,0
DA:411,0
DA:412,0
DA:413,0
DA:416,0
DA:418,0
DA:420,0
DA:424,0
DA:425,0
DA:426,0
DA:428,0
DA:431,0
DA:432,0
DA:434,0
DA:435,0
DA:437,0
DA:438,0
DA:439,0
DA:441,0
DA:442,0
DA:443,0
DA:444,0
DA:448,0
DA:449,0
DA:450,0
DA:451,0
DA:455,0
DA:456,0
DA:457,0
DA:458,0
DA:459,0
DA:460,0
DA:462,0
DA:463,0
DA:464,0
DA:467,0
DA:469,0
DA:471,0
DA:474,0
DA:475,0
DA:476,0
DA:478,0
DA:479,0
DA:480,0
DA:481,0
DA:484,0
DA:486,0
DA:487,0
DA:491,0
DA:492,0
DA:494,0
DA:495,0
DA:496,0
DA:497,0
DA:499,0
DA:502,0
DA:503,0
DA:505,0
DA:507,0
DA:509,0
DA:510,0
DA:511,0
DA:512,0
DA:514,0
DA:517,0
DA:518,0
DA:520,0
DA:524,0
DA:525,0
DA:526,0
DA:527,0
DA:531,0
DA:532,0
DA:533,0
DA:534,0
DA:535,0
DA:538,0
DA:541,0
DA:542,0
DA:543,0
DA:544,0
DA:545,0
DA:546,0
DA:547,0
DA:548,0
DA:551,0
DA:553,0
DA:556,0
DA:557,0
DA:558,0
DA:560,0
DA:561,0
DA:563,0
DA:564,0
DA:566,0
DA:567,0
DA:568,0
DA:572,0
DA:575,0
DA:576,0
DA:578,0
DA:580,0
DA:583,0
DA:585,0
DA:586,0
DA:588,0
DA:591,0
DA:592,0
DA:594,0
DA:596,0
DA:597,0
DA:600,0
DA:601,0
DA:602,0
DA:603,0
DA:607,0
DA:608,0
DA:609,0
DA:610,0
DA:611,0
DA:612,0
DA:614,0
DA:615,0
DA:616,0
DA:621,0
DA:622,0
DA:623,0
DA:624,0
DA:625,0
DA:629,0
DA:630,0
DA:631,0
DA:632,0
DA:634,0
DA:637,0
DA:641,0
DA:642,0
DA:643,0
DA:644,0
DA:646,0
DA:647,0
DA:651,0
DA:654,0
DA:655,0
DA:657,0
DA:660,0
DA:661,0
DA:662,0
DA:664,0
DA:667,0
DA:668,0
DA:670,0
DA:671,0
DA:674,0
DA:675,0
DA:676,0
DA:677,0
DA:681,0
DA:682,0
DA:683,0
DA:684,0
DA:685,0
DA:686,0
DA:688,0
DA:689,0
DA:690,0
DA:693,0
DA:695,0
LF:386
LH:0
end_of_record
TN:
SF:/home/akiel/Desktop/trunk/github/pub/openGPMP/modules/ml/mlp_network.cpp
FN:115,140,_ZN4gpmp2ml10PrimaryMLPD2Ev
FN:48,51,_ZN4gpmp2ml10PrimaryMLP9rand_initEv
FN:54,56,_ZN4gpmp2ml10PrimaryMLP8rand_intEll
FN:59,61,_ZN4gpmp2ml10PrimaryMLP9rand_realEee
FN:64,112,_ZN4gpmp2ml10PrimaryMLPC2ElPl
FNDA:0,_ZN4gpmp2ml10PrimaryMLPD2Ev
FNDA:0,_ZN4gpmp2ml10PrimaryMLP9rand_initEv
FNDA:0,_ZN4gpmp2ml10PrimaryMLP8rand_intEll
FNDA:0,_ZN4gpmp2ml10PrimaryMLP9rand_realEee
FNDA:0,_ZN4gpmp2ml10PrimaryMLPC2ElPl
FNF:5
FNH:0
DA:48,0
DA:49,0
DA:51,0
DA:54,0
DA:55,0
DA:59,0
DA:60,0
DA:64,0
DA:65,0
DA:66,0
DA:70,0
DA:71,0
DA:74,0
DA:76,0
DA:77,0
DA:80,0
DA:82,0
DA:84,0
DA:87,0
DA:91,0
DA:92,0
DA:94,0
DA:95,0
DA:97,0
DA:98,0
DA:106,0
DA:107,0
DA:108,0
DA:112,0
DA:115,0
DA:120,0
DA:121,0
DA:122,0
DA:124,0
DA:125,0
DA:128,0
DA:129,0
DA:132,0
DA:133,0
DA:137,0
DA:139,0
DA:140,0
LF:42
LH:0
end_of_record
TN:
SF:/home/akiel/Desktop/trunk/github/pub/openGPMP/modules/nt/cipher.cpp
FN:46,61,_ZN4gpmp6Cipher6caesarENSt7__cxx1112basic_stringIcSt11char_traitsIcESaIcEEEl
FN:63,97,_ZN4gpmp6Cipher14keyword_encodeENSt7__cxx1112basic_stringIcSt11char_traitsIcESaIcEEE
FN:99,123,_ZN4gpmp6Cipher7keywordENSt7__cxx1112basic_stringIcSt11char_traitsIcESaIcEEES6_
FNDA:3,_ZN4gpmp6Cipher6caesarENSt7__cxx1112basic_stringIcSt11char_traitsIcESaIcEEEl
FNDA:3,_ZN4gpmp6Cipher14keyword_encodeENSt7__cxx1112basic_stringIcSt11char_traitsIcESaIcEEE
FNDA:3,_ZN4gpmp6Cipher7keywordENSt7__cxx1112basic_stringIcSt11char_traitsIcESaIcEEES6_
FNF:3
FNH:3
DA:46,3
DA:47,3
DA:49,36
DA:51,33
DA:53,20
DA:56,13
DA:60,3
DA:61,0
DA:63,3
DA:64,3
DA:66,3
DA:70,25
DA:71,22
DA:76,5
DA:77,5
DA:78,5
DA:80,17
DA:81,15
DA:82,14
DA:83,14
DA:90,81
DA:91,78
DA:92,59
DA:93,59
DA:96,6
DA:97,0
DA:99,3
DA:101,3
DA:107,27
DA:108,24
DA:109,14
DA:110,14
DA:113,10
DA:114,6
DA:115,6
DA:119,4
DA:122,3
DA:123,0
LF:38
LH:35
end_of_record
TN:
SF:/home/akiel/Desktop/trunk/github/pub/openGPMP/modules/nt/factorization.cpp
FN:81,140,_ZN4gpmp13Factorization11pollard_rhoEm
FNDA:0,_ZN4gpmp13Factorization11pollard_rhoEm
FNF:1
FNH:0
DA:81,0
DA:84,0
DA:87,0
DA:88,0
DA:92,0
DA:93,0
DA:97,0
DA:98,0
DA:99,0
DA:104,0
DA:105,0
DA:108,0
DA:112,0
DA:114,0
DA:115,0
DA:116,0
DA:120,0
DA:121,0
DA:122,0
DA:124,0
DA:125,0
DA:126,0
DA:130,0
DA:134,0
DA:135,0
DA:139,0
LF:26
LH:0
end_of_record
TN:
SF:/home/akiel/Desktop/trunk/github/pub/openGPMP/modules/nt/logarithms.cpp
FN:58,95,_ZN4gpmp10Logarithms15pollard_rho_logEmmm
FN:98,122,_ZN4gpmp10Logarithms4BSGSEmmm
FNDA:0,_ZN4gpmp10Logarithms15pollard_rho_logEmmm
FNDA:0,_ZN4gpmp10Logarithms4BSGSEmmm
FNF:2
FNH:0
DA:58,0
DA:59,0
DA:66,0
DA:67,0
DA:68,0
DA:69,0
DA:73,0
DA:74,0
DA:75,0
DA:76,0
DA:77,0
DA:78,0
DA:79,0
DA:83,0
DA:84,0
DA:86,0
DA:87,0
DA:88,0
DA:89,0
DA:90,0
DA:91,0
DA:93,0
DA:95,0
DA:98,0
DA:99,0
DA:101,0
DA:104,0
DA:105,0
DA:108,0
DA:110,0
DA:113,0
DA:114,0
DA:116,0
DA:117,0
DA:121,0
DA:122,0
LF:36
LH:0
end_of_record
TN:
SF:/home/akiel/Desktop/trunk/github/pub/openGPMP/modules/nt/prime_gen.cpp
FN:51,76,_ZN4gpmp12PrimalityGen21sieve_of_eratosthenesEm
FNDA:0,_ZN4gpmp12PrimalityGen21sieve_of_eratosthenesEm
FNF:1
FNH:0
DA:51,0
DA:55,0
DA:56,0
DA:58,0
DA:60,0
DA:65,0
DA:66,0
DA:71,0
DA:72,0
DA:73,0
DA:76,0
LF:11
LH:0
end_of_record
TN:
SF:/home/akiel/Desktop/trunk/github/pub/openGPMP/modules/nt/prime_test.cpp
FN:104,116,_ZN4gpmp13PrimalityTest8is_primeEm
FN:121,166,_ZN4gpmp13PrimalityTest20compute_miller_rabinEmm
FN:168,183,_ZN4gpmp13PrimalityTest7witnessEmmmm
FN:185,207,_ZN4gpmp13PrimalityTest18miller_rabin_primeEmm
FN:209,226,_ZN4gpmp13PrimalityTest12miller_rabinEmmm
FN:228,272,_ZN4gpmp13PrimalityTest3AKSEm
FN:277,319,_ZN4gpmp13PrimalityTest15jacobian_numberEmm
FN:327,344,_ZN4gpmp13PrimalityTest16solovoy_strassenEmm
FN:351,360,_ZN4gpmp13PrimalityTest14carmichael_numEm
FN:410,420,_ZN4gpmp13PrimalityTest3ETFEm
FN:61,71,_ZN4gpmp13PrimalityTest7mod_mulEmmm
FN:74,85,_ZN4gpmp13PrimalityTest7mod_powEmmm
FNDA:8,_ZN4gpmp13PrimalityTest8is_primeEm
FNDA:0,_ZN4gpmp13PrimalityTest20compute_miller_rabinEmm
FNDA:12,_ZN4gpmp13PrimalityTest7witnessEmmmm
FNDA:7,_ZN4gpmp13PrimalityTest18miller_rabin_primeEmm
FNDA:0,_ZN4gpmp13PrimalityTest12miller_rabinEmmm
FNDA:0,_ZN4gpmp13PrimalityTest3AKSEm
FNDA:58,_ZN4gpmp13PrimalityTest15jacobian_numberEmm
FNDA:6,_ZN4gpmp13PrimalityTest16solovoy_strassenEmm
FNDA:2,_ZN4gpmp13PrimalityTest14carmichael_numEm
FNDA:0,_ZN4gpmp13PrimalityTest3ETFEm
FNDA:4533,_ZN4gpmp13PrimalityTest7mod_mulEmmm
FNDA:394,_ZN4gpmp13PrimalityTest7mod_powEmmm
FNF:12
FNH:8
DA:61,4533
DA:62,4533
DA:63,37265
DA:64,32732
DA:65,18625
DA:67,32732
DA:68,32732
DA:70,4533
DA:74,394
DA:75,394
DA:76,394
DA:77,3808
DA:78,3414
DA:79,1112
DA:81,3414
DA:82,3414
DA:84,394
DA:104,8
DA:105,8
DA:106,1
DA:110,532483
DA:111,532479
DA:112,3
DA:115,4
DA:121,0
DA:131,0
DA:141,0
DA:143,0
DA:144,0
DA:152,0
DA:153,0
DA:154,0
DA:156,0
DA:157,0
DA:159,0
DA:160,0
DA:165,0
DA:168,12
DA:172,12
DA:173,12
DA:174,6
DA:176,7
DA:177,7
DA:178,7
DA:179,6
DA:182,0
DA:185,7
DA:186,7
DA:187,0
DA:189,7
DA:190,1
DA:192,6
DA:193,3
DA:195,3
DA:196,9
DA:197,6
DA:198,6
DA:200,15
DA:201,12
DA:202,12
DA:203,0
DA:206,3
DA:209,0
DA:212,0
DA:213,0
DA:219,0
DA:221,0
DA:222,0
DA:225,0
DA:226,0
DA:228,0
DA:230,0
DA:231,0
DA:233,0
DA:234,0
DA:239,0
DA:240,0
DA:241,0
DA:242,0
DA:243,0
DA:244,0
DA:245,0
DA:248,0
DA:249,0
DA:250,0
DA:251,0
DA:253,0
DA:254,0
DA:255,0
DA:257,0
DA:258,0
DA:259,0
DA:260,0
DA:261,0
DA:262,0
DA:265,0
DA:266,0
DA:269,0
DA:271,0
DA:277,58
DA:278,58
DA:279,0
DA:281,58
DA:289,58
DA:290,25
DA:292,102
DA:299,116
DA:300,47
DA:301,47
DA:302,33
DA:304,69
DA:306,69
DA:307,12
DA:309,69
DA:311,69
DA:312,10
DA:315,33
DA:316,30
DA:318,3
DA:327,6
DA:328,6
DA:329,0
DA:331,6
DA:332,1
DA:334,59
DA:336,58
DA:337,58
DA:338,58
DA:340,58
DA:341,4
DA:343,1
DA:351,2
DA:352,562
DA:354,561
DA:356,320
DA:357,1
DA:359,1
DA:410,0
DA:411,0
DA:413,0
DA:414,0
DA:415,0
DA:419,0
LF:143
LH:82
end_of_record
TN:
SF:/home/akiel/Desktop/trunk/github/pub/openGPMP/modules/nt/random.cpp
FN:135,137,_ZN4gpmp4core4rndm6rotr32Ejj
FN:139,146,_ZN4gpmp4core4rndm5pcg32Ev
FN:148,151,_ZN4gpmp4core4rndm10pcg32_initEm
FN:40,43,_ZN4gpmp4core4rndm3LCGC2Ev
FN:46,48,_ZN4gpmp4core4rndm3LCGC2Emmm
FN:50,64,_ZN4gpmp4core4rndm3LCGclEv
FN:67,69,_ZN4gpmp4core4rndm3LCG4seedEm
FN:72,74,_ZNK4gpmp4core4rndm3LCG14get_multiplierEv
FN:76,78,_ZNK4gpmp4core4rndm3LCG13get_incrementEv
FN:80,82,_ZNK4gpmp4core4rndm3LCG8get_seedEv
FNDA:0,_ZN4gpmp4core4rndm6rotr32Ejj
FNDA:0,_ZN4gpmp4core4rndm5pcg32Ev
FNDA:0,_ZN4gpmp4core4rndm10pcg32_initEm
FNDA:1,_ZN4gpmp4core4rndm3LCGC2Ev
FNDA:1,_ZN4gpmp4core4rndm3LCGC2Emmm
FNDA:20,_ZN4gpmp4core4rndm3LCGclEv
FNDA:0,_ZN4gpmp4core4rndm3LCG4seedEm
FNDA:0,_ZNK4gpmp4core4rndm3LCG14get_multiplierEv
FNDA:0,_ZNK4gpmp4core4rndm3LCG13get_incrementEv
FNDA:0,_ZNK4gpmp4core4rndm3LCG8get_seedEv
FNF:10
FNH:3
DA:40,1
DA:41,1
DA:42,1
DA:43,1
DA:46,1
DA:47,1
DA:48,1
DA:50,20
DA:52,20
DA:55,20
DA:58,20
DA:60,3
DA:63,20
DA:67,0
DA:68,0
DA:69,0
DA:72,0
DA:73,0
DA:76,0
DA:77,0
DA:80,0
DA:81,0
DA:135,0
DA:136,0
DA:139,0
DA:140,0
DA:141,0
DA:143,0
DA:144,0
DA:145,0
DA:148,0
DA:149,0
DA:150,0
DA:151,0
LF:34
LH:13
end_of_record
TN:
SF:/home/akiel/Desktop/trunk/github/pub/openGPMP/modules/nt/rc4.cpp
FN:117,140,_ZN4gpmp3RC410store_hashB5cxx11EPcPhi
FN:142,162,_ZN4gpmp3RC47computeEPcS1_Phi
FN:49,54,_ZN4gpmp3RC49byte_swapEPhS1_
FN:56,60,_ZN4gpmp3RC49trad_swapEPhS1_
FN:62,66,_ZN4gpmp3RC48XOR_swapEPhS1_
FN:68,88,_ZN4gpmp3RC43KSAEPcPhi
FN:90,114,_ZN4gpmp3RC44PRGAEPhPcS1_i
FNDA:9,_ZN4gpmp3RC410store_hashB5cxx11EPcPhi
FNDA:15,_ZN4gpmp3RC47computeEPcS1_Phi
FNDA:796,_ZN4gpmp3RC49byte_swapEPhS1_
FNDA:796,_ZN4gpmp3RC49trad_swapEPhS1_
FNDA:796,_ZN4gpmp3RC48XOR_swapEPhS1_
FNDA:9,_ZN4gpmp3RC43KSAEPcPhi
FNDA:9,_ZN4gpmp3RC44PRGAEPhPcS1_i
FNF:7
FNH:7
DA:49,796
DA:50,796
DA:51,796
DA:52,796
DA:53,796
DA:54,796
DA:56,796
DA:57,796
DA:58,796
DA:59,796
DA:60,796
DA:62,796
DA:63,796
DA:64,796
DA:65,796
DA:66,796
DA:68,9
DA:69,9
DA:70,9
DA:72,2313
DA:73,2304
DA:76,2313
DA:77,2304
DA:80,2304
DA:81,768
DA:82,1536
DA:83,768
DA:84,768
DA:85,768
DA:88,9
DA:90,9
DA:94,9
DA:95,9
DA:97,93
DA:98,84
DA:99,84
DA:102,84
DA:103,28
DA:104,56
DA:105,28
DA:106,28
DA:107,28
DA:110,84
DA:112,84
DA:114,9
DA:117,9
DA:119,9
DA:121,9
DA:122,9
DA:125,9
DA:128,93
DA:129,84
DA:130,28
DA:134,56
DA:137,168
DA:139,18
DA:140,9
DA:142,15
DA:146,15
DA:147,2
DA:151,13
DA:153,9
DA:154,9
DA:155,9
DA:157,4
DA:158,4
DA:161,9
LF:67
LH:67
end_of_record
TN:
SF:/home/akiel/Desktop/trunk/github/pub/openGPMP/modules/stats/describe.cpp
FN:104,111,_ZN4gpmp5stats8Describe11mean_lehmerERKSt6vectorIdSaIdEEd
FN:114,122,_ZN4gpmp5stats8Describe6MedianESt6vectorIdSaIdEE
FN:125,132,_ZN4gpmp5stats8Describe11avg_abs_devERKSt6vectorIdSaIdEE
FN:135,139,_ZN4gpmp5stats8Describe9var_coeffERKSt6vectorIdSaIdEE
FN:142,151,_ZN4gpmp5stats8Describe8iq_rangeERKSt6vectorIdSaIdEE
FN:154,162,_ZN4gpmp5stats8Describe10percentileERKSt6vectorIdSaIdEEd
FN:165,168,_ZN4gpmp5stats8Describe5rangeERKSt6vectorIdSaIdEE
FN:171,178,_ZN4gpmp5stats8Describe5stdevERKSt6vectorIdSaIdEEd
FN:181,188,_ZN4gpmp5stats8Describe8varianceERKSt6vectorIdSaIdEEd
FN:191,196,_ZN4gpmp5stats8Describe3cltERKSt6vectorIdSaIdEEi
FN:199,207,_ZN4gpmp5stats8Describe8kurtosisERKSt6vectorIdSaIdEEd
FN:210,217,_ZN4gpmp5stats8Describe8lmoment1ERKSt6vectorIdSaIdEEd
FN:219,226,_ZN4gpmp5stats8Describe8lmoment2ERKSt6vectorIdSaIdEEd
FN:229,237,_ZN4gpmp5stats8Describe8skewnessERKSt6vectorIdSaIdEEdd
FN:240,254,_ZN4gpmp5stats8Describe9rank_dataERKSt6vectorIdSaIdEE
FN:256,265,_ZN4gpmp5stats8Describe12partial_corrERKSt6vectorIdSaIdEES6_S6_
FN:268,284,_ZN4gpmp5stats8Describe4ppmcERKSt6vectorIdSaIdEES6_
FN:287,306,_ZN4gpmp5stats8Describe12kendalls_tauERKSt6vectorIdSaIdEES6_
FN:309,321,_ZN4gpmp5stats8Describe13spearmans_rhoERKSt6vectorIdSaIdEES6_
FN:39,45,_ZN4gpmp5stats8Describe10mean_arithERKSt6vectorIdSaIdEE
FN:48,54,_ZN4gpmp5stats8Describe8mean_geoERKSt6vectorIdSaIdEE
FN:57,64,_ZN4gpmp5stats8Describe10mean_cubicERKSt6vectorIdSaIdEEd
FN:67,74,_ZN4gpmp5stats8Describe12mean_geo_powERKSt6vectorIdSaIdEEd
FN:77,83,_ZN4gpmp5stats8Describe13mean_harmonicERKSt6vectorIdSaIdEE
FN:86,92,_ZN4gpmp5stats8Describe13mean_heronianERKSt6vectorIdSaIdEE
FN:95,101,_ZN4gpmp5stats8Describe10mean_heinzERKSt6vectorIdSaIdEE
FNDA:0,_ZN4gpmp5stats8Describe11mean_lehmerERKSt6vectorIdSaIdEEd
FNDA:0,_ZN4gpmp5stats8Describe6MedianESt6vectorIdSaIdEE
FNDA:0,_ZN4gpmp5stats8Describe11avg_abs_devERKSt6vectorIdSaIdEE
FNDA:0,_ZN4gpmp5stats8Describe9var_coeffERKSt6vectorIdSaIdEE
FNDA:0,_ZN4gpmp5stats8Describe8iq_rangeERKSt6vectorIdSaIdEE
FNDA:0,_ZN4gpmp5stats8Describe10percentileERKSt6vectorIdSaIdEEd
FNDA:0,_ZN4gpmp5stats8Describe5rangeERKSt6vectorIdSaIdEE
FNDA:0,_ZN4gpmp5stats8Describe5stdevERKSt6vectorIdSaIdEEd
FNDA:0,_ZN4gpmp5stats8Describe8varianceERKSt6vectorIdSaIdEEd
FNDA:0,_ZN4gpmp5stats8Describe3cltERKSt6vectorIdSaIdEEi
FNDA:0,_ZN4gpmp5stats8Describe8kurtosisERKSt6vectorIdSaIdEEd
FNDA:0,_ZN4gpmp5stats8Describe8lmoment1ERKSt6vectorIdSaIdEEd
FNDA:0,_ZN4gpmp5stats8Describe8lmoment2ERKSt6vectorIdSaIdEEd
FNDA:0,_ZN4gpmp5stats8Describe8skewnessERKSt6vectorIdSaIdEEdd
FNDA:0,_ZN4gpmp5stats8Describe9rank_dataERKSt6vectorIdSaIdEE
FNDA:0,_ZN4gpmp5stats8Describe12partial_corrERKSt6vectorIdSaIdEES6_S6_
FNDA:0,_ZN4gpmp5stats8Describe4ppmcERKSt6vectorIdSaIdEES6_
FNDA:0,_ZN4gpmp5stats8Describe12kendalls_tauERKSt6vectorIdSaIdEES6_
FNDA:0,_ZN4gpmp5stats8Describe13spearmans_rhoERKSt6vectorIdSaIdEES6_
FNDA:0,_ZN4gpmp5stats8Describe10mean_arithERKSt6vectorIdSaIdEE
FNDA:0,_ZN4gpmp5stats8Describe8mean_geoERKSt6vectorIdSaIdEE
FNDA:0,_ZN4gpmp5stats8Describe10mean_cubicERKSt6vectorIdSaIdEEd
FNDA:0,_ZN4gpmp5stats8Describe12mean_geo_powERKSt6vectorIdSaIdEEd
FNDA:0,_ZN4gpmp5stats8Describe13mean_harmonicERKSt6vectorIdSaIdEE
FNDA:0,_ZN4gpmp5stats8Describe13mean_heronianERKSt6vectorIdSaIdEE
FNDA:0,_ZN4gpmp5stats8Describe10mean_heinzERKSt6vectorIdSaIdEE
FNF:26
FNH:0
DA:39,0
DA:40,0
DA:41,0
DA:42,0
DA:44,0
DA:48,0
DA:49,0
DA:50,0
DA:51,0
DA:53,0
DA:57,0
DA:59,0
DA:60,0
DA:61,0
DA:63,0
DA:67,0
DA:69,0
DA:70,0
DA:71,0
DA:73,0
DA:77,0
DA:78,0
DA:79,0
DA:80,0
DA:82,0
DA:86,0
DA:87,0
DA:88,0
DA:89,0
DA:91,0
DA:95,0
DA:96,0
DA:97,0
DA:98,0
DA:100,0
DA:104,0
DA:106,0
DA:107,0
DA:108,0
DA:110,0
DA:114,0
DA:115,0
DA:116,0
DA:117,0
DA:118,0
DA:120,0
DA:125,0
DA:126,0
DA:127,0
DA:128,0
DA:129,0
DA:131,0
DA:135,0
DA:136,0
DA:137,0
DA:138,0
DA:142,0
DA:143,0
DA:144,0
DA:146,0
DA:147,0
DA:148,0
DA:150,0
DA:151,0
DA:154,0
DA:156,0
DA:157,0
DA:159,0
DA:160,0
DA:161,0
DA:162,0
DA:165,0
DA:166,0
DA:167,0
DA:171,0
DA:173,0
DA:174,0
DA:175,0
DA:177,0
DA:181,0
DA:183,0
DA:184,0
DA:185,0
DA:187,0
DA:191,0
DA:193,0
DA:194,0
DA:195,0
DA:199,0
DA:201,0
DA:202,0
DA:203,0
DA:205,0
DA:206,0
DA:210,0
DA:212,0
DA:213,0
DA:214,0
DA:216,0
DA:219,0
DA:221,0
DA:222,0
DA:223,0
DA:225,0
DA:229,0
DA:232,0
DA:233,0
DA:234,0
DA:236,0
DA:240,0
DA:241,0
DA:243,0
DA:244,0
DA:245,0
DA:246,0
DA:247,0
DA:250,0
DA:253,0
DA:256,0
DA:259,0
DA:260,0
DA:261,0
DA:263,0
DA:264,0
DA:268,0
DA:270,0
DA:271,0
DA:273,0
DA:274,0
DA:275,0
DA:277,0
DA:278,0
DA:279,0
DA:280,0
DA:283,0
DA:287,0
DA:289,0
DA:290,0
DA:292,0
DA:293,0
DA:294,0
DA:295,0
DA:296,0
DA:297,0
DA:298,0
DA:303,0
DA:304,0
DA:305,0
DA:309,0
DA:311,0
DA:312,0
DA:314,0
DA:315,0
DA:316,0
DA:320,0
DA:321,0
LF:156
LH:0
end_of_record
TN:
SF:/home/akiel/Desktop/trunk/github/pub/openGPMP/tests/arith/t_arith.cpp
FN:81,81,_ZN12_GLOBAL__N_124basics_greatest_pow_Test8TestBodyEv
FN:81,81,_ZN12_GLOBAL__N_124basics_greatest_pow_TestC2Ev
FN:81,81,_ZN12_GLOBAL__N_124basics_greatest_pow_TestD0Ev
FN:81,81,_ZN12_GLOBAL__N_124basics_greatest_pow_TestD2Ev
FN:87,87,_ZN12_GLOBAL__N_135basics_greatest_common_divisor_Test8TestBodyEv
FN:87,87,_ZN12_GLOBAL__N_135basics_greatest_common_divisor_TestC2Ev
FN:87,87,_ZN12_GLOBAL__N_135basics_greatest_common_divisor_TestD0Ev
FN:87,87,_ZN12_GLOBAL__N_135basics_greatest_common_divisor_TestD2Ev
FNDA:1,_ZN12_GLOBAL__N_124basics_greatest_pow_Test8TestBodyEv
FNDA:1,_ZN12_GLOBAL__N_124basics_greatest_pow_TestC2Ev
FNDA:1,_ZN12_GLOBAL__N_124basics_greatest_pow_TestD0Ev
FNDA:1,_ZN12_GLOBAL__N_124basics_greatest_pow_TestD2Ev
FNDA:1,_ZN12_GLOBAL__N_135basics_greatest_common_divisor_Test8TestBodyEv
FNDA:1,_ZN12_GLOBAL__N_135basics_greatest_common_divisor_TestC2Ev
FNDA:1,_ZN12_GLOBAL__N_135basics_greatest_common_divisor_TestD0Ev
FNDA:1,_ZN12_GLOBAL__N_135basics_greatest_common_divisor_TestD2Ev
FNF:8
FNH:8
DA:81,4
DA:82,1
DA:83,1
DA:84,1
DA:87,4
DA:88,1
DA:89,1
DA:90,1
DA:91,1
DA:92,1
DA:93,1
LF:11
LH:11
end_of_record
TN:
SF:/home/akiel/Desktop/trunk/github/pub/openGPMP/tests/calc/t_calc.cpp
FN:49,49,_ZN12_GLOBAL__N_130DifferentialTests_AddTerm_Test8TestBodyEv
FN:49,49,_ZN12_GLOBAL__N_130DifferentialTests_AddTerm_TestC2Ev
FN:49,49,_ZN12_GLOBAL__N_130DifferentialTests_AddTerm_TestD0Ev
FN:49,49,_ZN12_GLOBAL__N_130DifferentialTests_AddTerm_TestD2Ev
FN:60,60,_ZN12_GLOBAL__N_132DifferentialTests_PowerRule_Test8TestBodyEv
FN:60,60,_ZN12_GLOBAL__N_132DifferentialTests_PowerRule_TestC2Ev
FN:60,60,_ZN12_GLOBAL__N_132DifferentialTests_PowerRule_TestD0Ev
FN:60,60,_ZN12_GLOBAL__N_132DifferentialTests_PowerRule_TestD2Ev
FNDA:1,_ZN12_GLOBAL__N_130DifferentialTests_AddTerm_Test8TestBodyEv
FNDA:1,_ZN12_GLOBAL__N_130DifferentialTests_AddTerm_TestC2Ev
FNDA:1,_ZN12_GLOBAL__N_130DifferentialTests_AddTerm_TestD0Ev
FNDA:1,_ZN12_GLOBAL__N_130DifferentialTests_AddTerm_TestD2Ev
FNDA:1,_ZN12_GLOBAL__N_132DifferentialTests_PowerRule_Test8TestBodyEv
FNDA:1,_ZN12_GLOBAL__N_132DifferentialTests_PowerRule_TestC2Ev
FNDA:1,_ZN12_GLOBAL__N_132DifferentialTests_PowerRule_TestD0Ev
FNDA:1,_ZN12_GLOBAL__N_132DifferentialTests_PowerRule_TestD2Ev
FNF:8
FNH:8
DA:49,4
DA:50,1
DA:51,1
DA:52,1
DA:53,1
DA:55,1
DA:58,1
DA:60,4
DA:61,1
DA:62,1
DA:63,1
DA:64,1
DA:66,1
DA:69,1
DA:70,1
DA:71,1
DA:72,1
DA:73,1
DA:74,1
LF:19
LH:19
end_of_record
TN:
SF:/home/akiel/Desktop/trunk/github/pub/openGPMP/tests/core/t_threadpool.cpp
FN:108,117,_ZN12_GLOBAL__N_153ThreadPoolTest_TestEnqueueWithLargeNumberOfTasks_Test8TestBodyEv
FN:108,117,_ZN12_GLOBAL__N_153ThreadPoolTest_TestEnqueueWithLargeNumberOfTasks_TestC2Ev
FN:108,117,_ZN12_GLOBAL__N_153ThreadPoolTest_TestEnqueueWithLargeNumberOfTasks_TestD0Ev
FN:108,117,_ZN12_GLOBAL__N_153ThreadPoolTest_TestEnqueueWithLargeNumberOfTasks_TestD2Ev
FN:11,15,_ZN12_GLOBAL__N_137ThreadPoolTest_EnqueueSingleTask_Test8TestBodyEv
FN:11,15,_ZN12_GLOBAL__N_137ThreadPoolTest_EnqueueSingleTask_TestC2Ev
FN:11,15,_ZN12_GLOBAL__N_137ThreadPoolTest_EnqueueSingleTask_TestD0Ev
FN:11,15,_ZN12_GLOBAL__N_137ThreadPoolTest_EnqueueSingleTask_TestD2Ev
FN:113,113,_ZZN12_GLOBAL__N_153ThreadPoolTest_TestEnqueueWithLargeNumberOfTasks_Test8TestBodyEvENKUlvE_clEv
FN:119,135,_ZN12_GLOBAL__N_140ThreadDispatchTest_DispatchFunction_Test8TestBodyEv
FN:119,135,_ZN12_GLOBAL__N_140ThreadDispatchTest_DispatchFunction_TestC2Ev
FN:119,135,_ZN12_GLOBAL__N_140ThreadDispatchTest_DispatchFunction_TestD0Ev
FN:119,135,_ZN12_GLOBAL__N_140ThreadDispatchTest_DispatchFunction_TestD2Ev
FN:124,124,_ZZN12_GLOBAL__N_140ThreadDispatchTest_DispatchFunction_Test8TestBodyEvENKUlvE_clEv
FN:13,13,_ZZN12_GLOBAL__N_137ThreadPoolTest_EnqueueSingleTask_Test8TestBodyEvENKUlvE_clEv
FN:137,137,_ZN12_GLOBAL__N_148ThreadDispatchTest_DispatchFunctionWithArgs_Test8TestBodyEv
FN:137,137,_ZN12_GLOBAL__N_148ThreadDispatchTest_DispatchFunctionWithArgs_TestC2Ev
FN:137,137,_ZN12_GLOBAL__N_148ThreadDispatchTest_DispatchFunctionWithArgs_TestD0Ev
FN:137,137,_ZN12_GLOBAL__N_148ThreadDispatchTest_DispatchFunctionWithArgs_TestD2Ev
FN:143,143,_ZZN12_GLOBAL__N_148ThreadDispatchTest_DispatchFunctionWithArgs_Test8TestBodyEvENKUliE_clEi
FN:17,17,_ZN12_GLOBAL__N_134ThreadPoolTest_TestSingleTask_Test8TestBodyEv
FN:17,17,_ZN12_GLOBAL__N_134ThreadPoolTest_TestSingleTask_TestC2Ev
FN:17,17,_ZN12_GLOBAL__N_134ThreadPoolTest_TestSingleTask_TestD0Ev
FN:17,17,_ZN12_GLOBAL__N_134ThreadPoolTest_TestSingleTask_TestD2Ev
FN:21,21,_ZZN12_GLOBAL__N_134ThreadPoolTest_TestSingleTask_Test8TestBodyEvENKUliiE_clEii
FN:26,26,_ZN12_GLOBAL__N_140ThreadPoolTest_EnqueueMultipleTasks_Test8TestBodyEv
FN:26,26,_ZN12_GLOBAL__N_140ThreadPoolTest_EnqueueMultipleTasks_TestC2Ev
FN:26,26,_ZN12_GLOBAL__N_140ThreadPoolTest_EnqueueMultipleTasks_TestD0Ev
FN:26,26,_ZN12_GLOBAL__N_140ThreadPoolTest_EnqueueMultipleTasks_TestD2Ev
FN:30,30,_ZZN12_GLOBAL__N_140ThreadPoolTest_EnqueueMultipleTasks_Test8TestBodyEvENKUlvE_clEv
FN:37,42,_ZN12_GLOBAL__N_136ThreadPoolTest_EnqueueException_Test8TestBodyEv
FN:37,42,_ZN12_GLOBAL__N_136ThreadPoolTest_EnqueueException_TestC2Ev
FN:37,42,_ZN12_GLOBAL__N_136ThreadPoolTest_EnqueueException_TestD0Ev
FN:37,42,_ZN12_GLOBAL__N_136ThreadPoolTest_EnqueueException_TestD2Ev
FN:40,40,_ZZN12_GLOBAL__N_136ThreadPoolTest_EnqueueException_Test8TestBodyEvENKUlvE_clEv
FN:44,51,_ZN12_GLOBAL__N_133ThreadPoolTest_TestException_Test8TestBodyEv
FN:44,51,_ZN12_GLOBAL__N_133ThreadPoolTest_TestException_TestC2Ev
FN:44,51,_ZN12_GLOBAL__N_133ThreadPoolTest_TestException_TestD0Ev
FN:44,51,_ZN12_GLOBAL__N_133ThreadPoolTest_TestException_TestD2Ev
FN:47,47,_ZZN12_GLOBAL__N_133ThreadPoolTest_TestException_Test8TestBodyEvENKUlvE_clEv
FN:53,53,_ZN12_GLOBAL__N_141ThreadPoolTest_TestDynamicAllocation_Test8TestBodyEv
FN:53,53,_ZN12_GLOBAL__N_141ThreadPoolTest_TestDynamicAllocation_TestC2Ev
FN:53,53,_ZN12_GLOBAL__N_141ThreadPoolTest_TestDynamicAllocation_TestD0Ev
FN:53,53,_ZN12_GLOBAL__N_141ThreadPoolTest_TestDynamicAllocation_TestD2Ev
FN:58,58,_ZZN12_GLOBAL__N_141ThreadPoolTest_TestDynamicAllocation_Test8TestBodyEvENKUlvE_clEv
FN:65,65,_ZN12_GLOBAL__N_150ThreadPoolTest_TestEnqueueOnStoppedThreadPool_Test8TestBodyEv
FN:65,65,_ZN12_GLOBAL__N_150ThreadPoolTest_TestEnqueueOnStoppedThreadPool_TestC2Ev
FN:65,65,_ZN12_GLOBAL__N_150ThreadPoolTest_TestEnqueueOnStoppedThreadPool_TestD0Ev
FN:65,65,_ZN12_GLOBAL__N_150ThreadPoolTest_TestEnqueueOnStoppedThreadPool_TestD2Ev
FN:73,73,_ZZN12_GLOBAL__N_150ThreadPoolTest_TestEnqueueOnStoppedThreadPool_Test8TestBodyEvENKUlvE_clEv
FN:76,90,_ZN12_GLOBAL__N_155ThreadPoolTest_TestEnqueueWithDifferentReturnTypes_Test8TestBodyEv
FN:76,90,_ZN12_GLOBAL__N_155ThreadPoolTest_TestEnqueueWithDifferentReturnTypes_TestC2Ev
FN:76,90,_ZN12_GLOBAL__N_155ThreadPoolTest_TestEnqueueWithDifferentReturnTypes_TestD0Ev
FN:76,90,_ZN12_GLOBAL__N_155ThreadPoolTest_TestEnqueueWithDifferentReturnTypes_TestD2Ev
FN:79,79,_ZZN12_GLOBAL__N_155ThreadPoolTest_TestEnqueueWithDifferentReturnTypes_Test8TestBodyEvENKUlvE_clEv
FN:80,80,_ZZN12_GLOBAL__N_155ThreadPoolTest_TestEnqueueWithDifferentReturnTypes_Test8TestBodyEvENKUlvE0_clEv
FN:81,81,_ZZN12_GLOBAL__N_155ThreadPoolTest_TestEnqueueWithDifferentReturnTypes_Test8TestBodyEvENKUlvE1_clEv
FN:92,92,_ZN12_GLOBAL__N_157ThreadPoolTest_TestEnqueueWithDifferentArgumentTypes_Test8TestBodyEv
FN:92,92,_ZN12_GLOBAL__N_157ThreadPoolTest_TestEnqueueWithDifferentArgumentTypes_TestC2Ev
FN:92,92,_ZN12_GLOBAL__N_157ThreadPoolTest_TestEnqueueWithDifferentArgumentTypes_TestD0Ev
FN:92,92,_ZN12_GLOBAL__N_157ThreadPoolTest_TestEnqueueWithDifferentArgumentTypes_TestD2Ev
FN:95,95,_ZZN12_GLOBAL__N_157ThreadPoolTest_TestEnqueueWithDifferentArgumentTypes_Test8TestBodyEvENKUliiE_clEii
FN:96,96,_ZZN12_GLOBAL__N_157ThreadPoolTest_TestEnqueueWithDifferentArgumentTypes_Test8TestBodyEvENKUlRKNSt7__cxx1112basic_stringIcSt11char_traitsIcESaIcEEEE_clES8_
FN:97,97,_ZZN12_GLOBAL__N_157ThreadPoolTest_TestEnqueueWithDifferentArgumentTypes_Test8TestBodyEvENKUlbfE_clEbf
FNDA:1,_ZN12_GLOBAL__N_153ThreadPoolTest_TestEnqueueWithLargeNumberOfTasks_Test8TestBodyEv
FNDA:1,_ZN12_GLOBAL__N_153ThreadPoolTest_TestEnqueueWithLargeNumberOfTasks_TestC2Ev
FNDA:1,_ZN12_GLOBAL__N_153ThreadPoolTest_TestEnqueueWithLargeNumberOfTasks_TestD0Ev
FNDA:1,_ZN12_GLOBAL__N_153ThreadPoolTest_TestEnqueueWithLargeNumberOfTasks_TestD2Ev
FNDA:1,_ZN12_GLOBAL__N_137ThreadPoolTest_EnqueueSingleTask_Test8TestBodyEv
FNDA:1,_ZN12_GLOBAL__N_137ThreadPoolTest_EnqueueSingleTask_TestC2Ev
FNDA:1,_ZN12_GLOBAL__N_137ThreadPoolTest_EnqueueSingleTask_TestD0Ev
FNDA:1,_ZN12_GLOBAL__N_137ThreadPoolTest_EnqueueSingleTask_TestD2Ev
FNDA:1000,_ZZN12_GLOBAL__N_153ThreadPoolTest_TestEnqueueWithLargeNumberOfTasks_Test8TestBodyEvENKUlvE_clEv
FNDA:1,_ZN12_GLOBAL__N_140ThreadDispatchTest_DispatchFunction_Test8TestBodyEv
FNDA:1,_ZN12_GLOBAL__N_140ThreadDispatchTest_DispatchFunction_TestC2Ev
FNDA:1,_ZN12_GLOBAL__N_140ThreadDispatchTest_DispatchFunction_TestD0Ev
FNDA:1,_ZN12_GLOBAL__N_140ThreadDispatchTest_DispatchFunction_TestD2Ev
FNDA:1,_ZZN12_GLOBAL__N_140ThreadDispatchTest_DispatchFunction_Test8TestBodyEvENKUlvE_clEv
FNDA:1,_ZZN12_GLOBAL__N_137ThreadPoolTest_EnqueueSingleTask_Test8TestBodyEvENKUlvE_clEv
FNDA:1,_ZN12_GLOBAL__N_148ThreadDispatchTest_DispatchFunctionWithArgs_Test8TestBodyEv
FNDA:1,_ZN12_GLOBAL__N_148ThreadDispatchTest_DispatchFunctionWithArgs_TestC2Ev
FNDA:1,_ZN12_GLOBAL__N_148ThreadDispatchTest_DispatchFunctionWithArgs_TestD0Ev
FNDA:1,_ZN12_GLOBAL__N_148ThreadDispatchTest_DispatchFunctionWithArgs_TestD2Ev
FNDA:1,_ZZN12_GLOBAL__N_148ThreadDispatchTest_DispatchFunctionWithArgs_Test8TestBodyEvENKUliE_clEi
FNDA:1,_ZN12_GLOBAL__N_134ThreadPoolTest_TestSingleTask_Test8TestBodyEv
FNDA:1,_ZN12_GLOBAL__N_134ThreadPoolTest_TestSingleTask_TestC2Ev
FNDA:1,_ZN12_GLOBAL__N_134ThreadPoolTest_TestSingleTask_TestD0Ev
FNDA:1,_ZN12_GLOBAL__N_134ThreadPoolTest_TestSingleTask_TestD2Ev
FNDA:1,_ZZN12_GLOBAL__N_134ThreadPoolTest_TestSingleTask_Test8TestBodyEvENKUliiE_clEii
FNDA:1,_ZN12_GLOBAL__N_140ThreadPoolTest_EnqueueMultipleTasks_Test8TestBodyEv
FNDA:1,_ZN12_GLOBAL__N_140ThreadPoolTest_EnqueueMultipleTasks_TestC2Ev
FNDA:1,_ZN12_GLOBAL__N_140ThreadPoolTest_EnqueueMultipleTasks_TestD0Ev
FNDA:1,_ZN12_GLOBAL__N_140ThreadPoolTest_EnqueueMultipleTasks_TestD2Ev
FNDA:100,_ZZN12_GLOBAL__N_140ThreadPoolTest_EnqueueMultipleTasks_Test8TestBodyEvENKUlvE_clEv
FNDA:1,_ZN12_GLOBAL__N_136ThreadPoolTest_EnqueueException_Test8TestBodyEv
FNDA:1,_ZN12_GLOBAL__N_136ThreadPoolTest_EnqueueException_TestC2Ev
FNDA:1,_ZN12_GLOBAL__N_136ThreadPoolTest_EnqueueException_TestD0Ev
FNDA:1,_ZN12_GLOBAL__N_136ThreadPoolTest_EnqueueException_TestD2Ev
FNDA:1,_ZZN12_GLOBAL__N_136ThreadPoolTest_EnqueueException_Test8TestBodyEvENKUlvE_clEv
FNDA:1,_ZN12_GLOBAL__N_133ThreadPoolTest_TestException_Test8TestBodyEv
FNDA:1,_ZN12_GLOBAL__N_133ThreadPoolTest_TestException_TestC2Ev
FNDA:1,_ZN12_GLOBAL__N_133ThreadPoolTest_TestException_TestD0Ev
FNDA:1,_ZN12_GLOBAL__N_133ThreadPoolTest_TestException_TestD2Ev
FNDA:1,_ZZN12_GLOBAL__N_133ThreadPoolTest_TestException_Test8TestBodyEvENKUlvE_clEv
FNDA:1,_ZN12_GLOBAL__N_141ThreadPoolTest_TestDynamicAllocation_Test8TestBodyEv
FNDA:1,_ZN12_GLOBAL__N_141ThreadPoolTest_TestDynamicAllocation_TestC2Ev
FNDA:1,_ZN12_GLOBAL__N_141ThreadPoolTest_TestDynamicAllocation_TestD0Ev
FNDA:1,_ZN12_GLOBAL__N_141ThreadPoolTest_TestDynamicAllocation_TestD2Ev
FNDA:1,_ZZN12_GLOBAL__N_141ThreadPoolTest_TestDynamicAllocation_Test8TestBodyEvENKUlvE_clEv
FNDA:1,_ZN12_GLOBAL__N_150ThreadPoolTest_TestEnqueueOnStoppedThreadPool_Test8TestBodyEv
FNDA:1,_ZN12_GLOBAL__N_150ThreadPoolTest_TestEnqueueOnStoppedThreadPool_TestC2Ev
FNDA:1,_ZN12_GLOBAL__N_150ThreadPoolTest_TestEnqueueOnStoppedThreadPool_TestD0Ev
FNDA:1,_ZN12_GLOBAL__N_150ThreadPoolTest_TestEnqueueOnStoppedThreadPool_TestD2Ev
FNDA:0,_ZZN12_GLOBAL__N_150ThreadPoolTest_TestEnqueueOnStoppedThreadPool_Test8TestBodyEvENKUlvE_clEv
FNDA:1,_ZN12_GLOBAL__N_155ThreadPoolTest_TestEnqueueWithDifferentReturnTypes_Test8TestBodyEv
FNDA:1,_ZN12_GLOBAL__N_155ThreadPoolTest_TestEnqueueWithDifferentReturnTypes_TestC2Ev
FNDA:1,_ZN12_GLOBAL__N_155ThreadPoolTest_TestEnqueueWithDifferentReturnTypes_TestD0Ev
FNDA:1,_ZN12_GLOBAL__N_155ThreadPoolTest_TestEnqueueWithDifferentReturnTypes_TestD2Ev
FNDA:1,_ZZN12_GLOBAL__N_155ThreadPoolTest_TestEnqueueWithDifferentReturnTypes_Test8TestBodyEvENKUlvE_clEv
FNDA:1,_ZZN12_GLOBAL__N_155ThreadPoolTest_TestEnqueueWithDifferentReturnTypes_Test8TestBodyEvENKUlvE0_clEv
FNDA:1,_ZZN12_GLOBAL__N_155ThreadPoolTest_TestEnqueueWithDifferentReturnTypes_Test8TestBodyEvENKUlvE1_clEv
FNDA:1,_ZN12_GLOBAL__N_157ThreadPoolTest_TestEnqueueWithDifferentArgumentTypes_Test8TestBodyEv
FNDA:1,_ZN12_GLOBAL__N_157ThreadPoolTest_TestEnqueueWithDifferentArgumentTypes_TestC2Ev
FNDA:1,_ZN12_GLOBAL__N_157ThreadPoolTest_TestEnqueueWithDifferentArgumentTypes_TestD0Ev
FNDA:1,_ZN12_GLOBAL__N_157ThreadPoolTest_TestEnqueueWithDifferentArgumentTypes_TestD2Ev
FNDA:1,_ZZN12_GLOBAL__N_157ThreadPoolTest_TestEnqueueWithDifferentArgumentTypes_Test8TestBodyEvENKUliiE_clEii
FNDA:1,_ZZN12_GLOBAL__N_157ThreadPoolTest_TestEnqueueWithDifferentArgumentTypes_Test8TestBodyEvENKUlRKNSt7__cxx1112basic_stringIcSt11char_traitsIcESaIcEEEE_clES8_
FNDA:1,_ZZN12_GLOBAL__N_157ThreadPoolTest_TestEnqueueWithDifferentArgumentTypes_Test8TestBodyEvENKUlbfE_clEbf
FNF:64
FNH:63
DA:11,4
DA:12,1
DA:13,2
DA:14,1
DA:15,1
DA:17,4
DA:18,1
DA:21,2
DA:23,1
DA:24,1
DA:26,4
DA:27,1
DA:28,1
DA:29,101
DA:30,200
DA:32,101
DA:33,100
DA:35,1
DA:37,4
DA:38,1
DA:40,2
DA:41,1
DA:42,1
DA:44,4
DA:45,1
DA:47,3
DA:50,1
DA:51,1
DA:53,4
DA:55,1
DA:58,2
DA:59,1
DA:62,1
DA:63,1
DA:65,4
DA:67,1
DA:70,1
DA:73,1
DA:74,1
DA:76,4
DA:77,1
DA:79,1
DA:80,1
DA:81,3
DA:83,1
DA:84,1
DA:85,1
DA:87,1
DA:88,1
DA:89,1
DA:90,1
DA:92,4
DA:93,1
DA:95,1
DA:96,1
DA:97,1
DA:99,1
DA:100,1
DA:101,1
DA:103,1
DA:104,1
DA:105,1
DA:106,1
DA:108,4
DA:109,1
DA:110,1
DA:112,1001
DA:113,1000
DA:114,1000
DA:115,1000
DA:116,1000
DA:117,1
DA:119,4
DA:120,1
DA:124,1
DA:128,1
DA:131,1
DA:134,1
DA:135,1
DA:137,4
DA:138,1
DA:143,1
DA:145,1
DA:147,1
DA:149,1
DA:150,1
LF:86
LH:86
end_of_record
TN:
SF:/home/akiel/Desktop/trunk/github/pub/openGPMP/tests/disct/t_graphs.cpp
FN:10,10,_ZN12_GLOBAL__N_122GraphTest_AddEdge_Test8TestBodyEv
FN:10,10,_ZN12_GLOBAL__N_122GraphTest_AddEdge_TestC2Ev
FN:10,10,_ZN12_GLOBAL__N_122GraphTest_AddEdge_TestD0Ev
FN:10,10,_ZN12_GLOBAL__N_122GraphTest_AddEdge_TestD2Ev
FNDA:1,_ZN12_GLOBAL__N_122GraphTest_AddEdge_Test8TestBodyEv
FNDA:1,_ZN12_GLOBAL__N_122GraphTest_AddEdge_TestC2Ev
FNDA:1,_ZN12_GLOBAL__N_122GraphTest_AddEdge_TestD0Ev
FNDA:1,_ZN12_GLOBAL__N_122GraphTest_AddEdge_TestD2Ev
FNF:4
FNH:4
DA:10,4
DA:11,1
DA:13,1
DA:14,1
DA:15,1
DA:18,1
DA:19,1
DA:20,1
DA:21,1
LF:9
LH:9
end_of_record
TN:
SF:/home/akiel/Desktop/trunk/github/pub/openGPMP/tests/linalg/t_matrix.cpp
FN:142,142,_ZN12_GLOBAL__N_146ADD_MTX_LARGE_VEC_INT_assert_intel_intrin_Test8TestBodyEv
[...]
FN:612,612,_ZN12_GLOBAL__N_149ADD_MTX_LARGE_ARR_DOUBLE_assert_intel_intrin_TestD2Ev
FN:88,140,_ZN12_GLOBAL__N_146ADD_MTX_SMALL_VEC_INT_assert_intel_intrin_Test8TestBodyEv
FN:88,140,_ZN12_GLOBAL__N_146ADD_MTX_SMALL_VEC_INT_assert_intel_intrin_TestC2Ev
FN:88,140,_ZN12_GLOBAL__N_146ADD_MTX_SMALL_VEC_INT_assert_intel_intrin_TestD0Ev
FN:88,140,_ZN12_GLOBAL__N_146ADD_MTX_SMALL_VEC_INT_assert_intel_intrin_TestD2Ev
FNDA:1,_ZN12_GLOBAL__N_146ADD_MTX_LARGE_VEC_INT_assert_intel_intrin_Test8TestBodyEv
FNDA:1,_ZN12_GLOBAL__N_146ADD_MTX_LARGE_VEC_INT_assert_intel_intrin_TestC2Ev
FNDA:1,_ZN12_GLOBAL__N_146ADD_MTX_LARGE_VEC_INT_assert_intel_intrin_TestD0Ev
FNDA:1,_ZN12_GLOBAL__N_146ADD_MTX_LARGE_VEC_INT_assert_intel_intrin_TestD2Ev
FNDA:1,_ZN12_GLOBAL__N_149ADD_MTX_SMALL_VEC_DOUBLE_assert_intel_intrin_Test8TestBodyEv
FNDA:1,_ZN12_GLOBAL__N_149ADD_MTX_SMALL_VEC_DOUBLE_assert_intel_intrin_TestC2Ev
FNDA:1,_ZN12_GLOBAL__N_149ADD_MTX_SMALL_VEC_DOUBLE_assert_intel_intrin_TestD0Ev
FNDA:1,_ZN12_GLOBAL__N_149ADD_MTX_SMALL_VEC_DOUBLE_assert_intel_intrin_TestD2Ev
FNDA:2,_ZN12_GLOBAL__N_19mtx_verifIdEEbRKSt6vectorIS1_IT_SaIS2_EESaIS4_EES8_
FNDA:2,_ZN12_GLOBAL__N_19mtx_verifIiEEbRKSt6vectorIS1_IT_SaIS2_EESaIS4_EES8_
FNDA:1,_ZN12_GLOBAL__N_149ADD_MTX_LARGE_VEC_DOUBLE_assert_intel_intrin_Test8TestBodyEv
FNDA:1,_ZN12_GLOBAL__N_149ADD_MTX_LARGE_VEC_DOUBLE_assert_intel_intrin_TestC2Ev
FNDA:1,_ZN12_GLOBAL__N_149ADD_MTX_LARGE_VEC_DOUBLE_assert_intel_intrin_TestD0Ev
FNDA:1,_ZN12_GLOBAL__N_149ADD_MTX_LARGE_VEC_DOUBLE_assert_intel_intrin_TestD2Ev
FNDA:1,_ZN12_GLOBAL__N_147ADD_MTX_SMALL_ARR_INT8_assert_intel_intrin_Test8TestBodyEv
FNDA:1,_ZN12_GLOBAL__N_147ADD_MTX_SMALL_ARR_INT8_assert_intel_intrin_TestC2Ev
FNDA:1,_ZN12_GLOBAL__N_147ADD_MTX_SMALL_ARR_INT8_assert_intel_intrin_TestD0Ev
FNDA:1,_ZN12_GLOBAL__N_147ADD_MTX_SMALL_ARR_INT8_assert_intel_intrin_TestD2Ev
FNDA:1,_ZN12_GLOBAL__N_147ADD_MTX_LARGE_ARR_INT8_assert_intel_intrin_Test8TestBodyEv
FNDA:1,_ZN12_GLOBAL__N_147ADD_MTX_LARGE_ARR_INT8_assert_intel_intrin_TestC2Ev
FNDA:1,_ZN12_GLOBAL__N_147ADD_MTX_LARGE_ARR_INT8_assert_intel_intrin_TestD0Ev
FNDA:1,_ZN12_GLOBAL__N_147ADD_MTX_LARGE_ARR_INT8_assert_intel_intrin_TestD2Ev
FNDA:1,_ZN12_GLOBAL__N_148ADD_MTX_SMALL_ARR_INT16_assert_intel_intrin_Test8TestBodyEv
FNDA:1,_ZN12_GLOBAL__N_148ADD_MTX_SMALL_ARR_INT16_assert_intel_intrin_TestC2Ev
FNDA:1,_ZN12_GLOBAL__N_148ADD_MTX_SMALL_ARR_INT16_assert_intel_intrin_TestD0Ev
FNDA:1,_ZN12_GLOBAL__N_148ADD_MTX_SMALL_ARR_INT16_assert_intel_intrin_TestD2Ev
FNDA:1,_ZN12_GLOBAL__N_148ADD_MTX_LARGE_ARR_INT16_assert_intel_intrin_Test8TestBodyEv
FNDA:1,_ZN12_GLOBAL__N_148ADD_MTX_LARGE_ARR_INT16_assert_intel_intrin_TestC2Ev
FNDA:1,_ZN12_GLOBAL__N_148ADD_MTX_LARGE_ARR_INT16_assert_intel_intrin_TestD0Ev
FNDA:1,_ZN12_GLOBAL__N_148ADD_MTX_LARGE_ARR_INT16_assert_intel_intrin_TestD2Ev
FNDA:1,_ZN12_GLOBAL__N_146ADD_MTX_SMALL_ARR_INT_assert_intel_intrin_Test8TestBodyEv
FNDA:1,_ZN12_GLOBAL__N_146ADD_MTX_SMALL_ARR_INT_assert_intel_intrin_TestC2Ev
FNDA:1,_ZN12_GLOBAL__N_146ADD_MTX_SMALL_ARR_INT_assert_intel_intrin_TestD0Ev
FNDA:1,_ZN12_GLOBAL__N_146ADD_MTX_SMALL_ARR_INT_assert_intel_intrin_TestD2Ev
FNDA:1,_ZN12_GLOBAL__N_146ADD_MTX_LARGE_ARR_INT_assert_intel_intrin_Test8TestBodyEv
FNDA:1,_ZN12_GLOBAL__N_146ADD_MTX_LARGE_ARR_INT_assert_intel_intrin_TestC2Ev
FNDA:1,_ZN12_GLOBAL__N_146ADD_MTX_LARGE_ARR_INT_assert_intel_intrin_TestD0Ev
FNDA:1,_ZN12_GLOBAL__N_146ADD_MTX_LARGE_ARR_INT_assert_intel_intrin_TestD2Ev
FNDA:1,_ZN12_GLOBAL__N_149ADD_MTX_SMALL_ARR_DOUBLE_assert_intel_intrin_Test8TestBodyEv
FNDA:1,_ZN12_GLOBAL__N_149ADD_MTX_SMALL_ARR_DOUBLE_assert_intel_intrin_TestC2Ev
FNDA:1,_ZN12_GLOBAL__N_149ADD_MTX_SMALL_ARR_DOUBLE_assert_intel_intrin_TestD0Ev
FNDA:1,_ZN12_GLOBAL__N_149ADD_MTX_SMALL_ARR_DOUBLE_assert_intel_intrin_TestD2Ev
FNDA:2,_ZN12_GLOBAL__N_19mtx_verifIaEEbPKT_S3_ii
FNDA:2,_ZN12_GLOBAL__N_19mtx_verifIdEEbPKT_S3_ii
FNDA:2,_ZN12_GLOBAL__N_19mtx_verifIiEEbPKT_S3_ii
FNDA:2,_ZN12_GLOBAL__N_19mtx_verifIsEEbPKT_S3_ii
FNDA:1,_ZN12_GLOBAL__N_149ADD_MTX_LARGE_ARR_DOUBLE_assert_intel_intrin_Test8TestBodyEv
FNDA:1,_ZN12_GLOBAL__N_149ADD_MTX_LARGE_ARR_DOUBLE_assert_intel_intrin_TestC2Ev
FNDA:1,_ZN12_GLOBAL__N_149ADD_MTX_LARGE_ARR_DOUBLE_assert_intel_intrin_TestD0Ev
FNDA:1,_ZN12_GLOBAL__N_149ADD_MTX_LARGE_ARR_DOUBLE_assert_intel_intrin_TestD2Ev
FNDA:1,_ZN12_GLOBAL__N_146ADD_MTX_SMALL_VEC_INT_assert_intel_intrin_Test8TestBodyEv
FNDA:1,_ZN12_GLOBAL__N_146ADD_MTX_SMALL_VEC_INT_assert_intel_intrin_TestC2Ev
FNDA:1,_ZN12_GLOBAL__N_146ADD_MTX_SMALL_VEC_INT_assert_intel_intrin_TestD0Ev
FNDA:1,_ZN12_GLOBAL__N_146ADD_MTX_SMALL_VEC_INT_assert_intel_intrin_TestD2Ev
FNF:54
FNH:54
DA:23,4
DA:25,4
DA:26,0
DA:29,2180
DA:30,2107520
DA:31,4210688
DA:32,2105344
DA:33,0
DA:37,4
DA:60,8
DA:61,5052
DA:62,4487300
DA:63,7882080
DA:64,4482256
DA:65,0
DA:69,8
DA:88,4
DA:89,1
DA:90,1
DA:92,2
DA:93,2
DA:96,2
DA:98,2
DA:101,1
DA:102,1
DA:103,1
DA:106,65
DA:107,4160
DA:108,4096
DA:109,4096
DA:115,1
DA:118,1
DA:139,1
DA:140,1
DA:142,4
DA:143,1
DA:144,1
DA:147,2
DA:148,2
DA:150,2
DA:151,2
DA:154,1
DA:155,1
DA:156,1
DA:159,1025
DA:160,1049600
DA:161,1048576
DA:162,1048576
DA:168,1
DA:171,1
DA:192,1
DA:193,1
DA:195,4
DA:196,1
DA:197,1
DA:199,2
DA:200,2
DA:203,2
DA:206,2
DA:209,1
DA:210,1
DA:211,1
DA:214,65
DA:215,4160
DA:216,4096
DA:217,4096
DA:223,1
DA:226,1
DA:247,1
DA:248,1
DA:250,4
DA:251,1
DA:252,1
DA:255,2
DA:256,2
DA:258,2
DA:260,2
DA:263,1
DA:264,1
DA:265,1
DA:268,1025
DA:269,1049600
DA:270,1048576
DA:271,1048576
DA:277,1
DA:280,1
DA:301,1
DA:302,1
DA:304,4
DA:305,1
DA:306,1
DA:308,1
DA:309,1
DA:310,1
DA:311,1
DA:314,1
DA:315,1
DA:316,1
DA:319,401
DA:320,160400
DA:321,160000
DA:322,160000
DA:328,1
DA:331,1
DA:334,1
DA:335,1
DA:336,1
DA:337,1
DA:338,1
DA:339,1
DA:341,4
DA:342,1
DA:343,1
DA:345,1
DA:346,1
DA:347,1
DA:348,1
DA:351,1
DA:352,1
DA:353,1
DA:356,1025
DA:357,1049600
DA:358,1048576
DA:359,1048576
DA:365,1
DA:368,1
DA:371,1
DA:372,1
DA:373,1
DA:374,1
DA:375,1
DA:376,1
DA:378,4
DA:379,1
DA:380,1
DA:382,1
DA:383,1
DA:384,1
DA:385,1
DA:388,1
DA:389,1
DA:390,1
DA:393,301
DA:394,90300
DA:395,90000
DA:396,90000
DA:402,1
DA:405,1
DA:408,1
DA:409,1
DA:410,1
DA:411,1
DA:412,1
DA:413,1
DA:415,4
DA:416,1
DA:417,1
DA:419,1
DA:420,1
DA:421,1
DA:422,1
DA:425,1
DA:426,1
DA:427,1
DA:430,1025
DA:431,1049600
DA:432,1048576
DA:433,1048576
DA:439,1
DA:442,1
DA:445,1
DA:446,1
DA:447,1
DA:448,1
DA:449,1
DA:450,1
DA:452,4
DA:453,1
DA:454,1
DA:456,1
DA:457,1
DA:458,1
DA:459,1
DA:462,1
DA:463,1
DA:464,1
DA:467,185
DA:468,34040
DA:469,33856
DA:470,33856
DA:476,1
DA:479,1
DA:495,1
DA:496,1
DA:497,1
DA:498,1
DA:499,1
DA:500,1
DA:502,4
DA:503,1
DA:504,1
DA:506,1
DA:507,1
DA:508,1
DA:509,1
DA:512,1
DA:513,1
DA:514,1
DA:517,1025
DA:518,1049600
DA:519,1048576
DA:520,1048576
DA:526,1
DA:529,1
DA:550,1
DA:551,1
DA:552,1
DA:553,1
DA:554,1
DA:555,1
DA:557,4
DA:558,1
DA:559,1
DA:561,1
DA:562,1
DA:563,1
DA:564,1
DA:567,1
DA:568,1
DA:569,1
DA:572,65
DA:573,4160
DA:574,4096
DA:575,4096
DA:581,1
DA:584,1
DA:605,1
DA:606,1
DA:607,1
DA:608,1
DA:609,1
DA:610,1
DA:612,4
DA:613,1
DA:614,1
DA:617,1
DA:618,1
DA:619,1
DA:620,1
DA:623,1
DA:624,1
DA:625,1
DA:628,1025
DA:629,1049600
DA:630,1048576
DA:631,1048576
DA:637,1
DA:640,1
DA:661,1
DA:662,1
DA:663,1
DA:664,1
DA:665,1
DA:666,1
LF:264
LH:261
end_of_record
TN:
SF:/home/akiel/Desktop/trunk/github/pub/openGPMP/tests/nt/t_cipher.cpp
FN:104,116,_ZN12_GLOBAL__N_135kcipher_test_error_cipher_text_Test8TestBodyEv
FN:104,116,_ZN12_GLOBAL__N_135kcipher_test_error_cipher_text_TestC2Ev
FN:104,116,_ZN12_GLOBAL__N_135kcipher_test_error_cipher_text_TestD0Ev
FN:104,116,_ZN12_GLOBAL__N_135kcipher_test_error_cipher_text_TestD2Ev
FN:49,49,_ZN12_GLOBAL__N_126ccipher_test_caesar_0_Test8TestBodyEv
FN:49,49,_ZN12_GLOBAL__N_126ccipher_test_caesar_0_TestC2Ev
FN:49,49,_ZN12_GLOBAL__N_126ccipher_test_caesar_0_TestD0Ev
FN:49,49,_ZN12_GLOBAL__N_126ccipher_test_caesar_0_TestD2Ev
FN:58,65,_ZN12_GLOBAL__N_126ccipher_test_caesar_1_Test8TestBodyEv
FN:58,65,_ZN12_GLOBAL__N_126ccipher_test_caesar_1_TestC2Ev
FN:58,65,_ZN12_GLOBAL__N_126ccipher_test_caesar_1_TestD0Ev
FN:58,65,_ZN12_GLOBAL__N_126ccipher_test_caesar_1_TestD2Ev
FN:67,67,_ZN12_GLOBAL__N_126ccipher_test_caesar_2_Test8TestBodyEv
FN:67,67,_ZN12_GLOBAL__N_126ccipher_test_caesar_2_TestC2Ev
FN:67,67,_ZN12_GLOBAL__N_126ccipher_test_caesar_2_TestD0Ev
FN:67,67,_ZN12_GLOBAL__N_126ccipher_test_caesar_2_TestD2Ev
FN:76,76,_ZN12_GLOBAL__N_127kcipher_test_keyword_0_Test8TestBodyEv
FN:76,76,_ZN12_GLOBAL__N_127kcipher_test_keyword_0_TestC2Ev
FN:76,76,_ZN12_GLOBAL__N_127kcipher_test_keyword_0_TestD0Ev
FN:76,76,_ZN12_GLOBAL__N_127kcipher_test_keyword_0_TestD2Ev
FN:90,90,_ZN12_GLOBAL__N_127kcipher_test_keyword_1_Test8TestBodyEv
FN:90,90,_ZN12_GLOBAL__N_127kcipher_test_keyword_1_TestC2Ev
FN:90,90,_ZN12_GLOBAL__N_127kcipher_test_keyword_1_TestD0Ev
FN:90,90,_ZN12_GLOBAL__N_127kcipher_test_keyword_1_TestD2Ev
FNDA:1,_ZN12_GLOBAL__N_135kcipher_test_error_cipher_text_Test8TestBodyEv
FNDA:1,_ZN12_GLOBAL__N_135kcipher_test_error_cipher_text_TestC2Ev
FNDA:1,_ZN12_GLOBAL__N_135kcipher_test_error_cipher_text_TestD0Ev
FNDA:1,_ZN12_GLOBAL__N_135kcipher_test_error_cipher_text_TestD2Ev
FNDA:1,_ZN12_GLOBAL__N_126ccipher_test_caesar_0_Test8TestBodyEv
FNDA:1,_ZN12_GLOBAL__N_126ccipher_test_caesar_0_TestC2Ev
FNDA:1,_ZN12_GLOBAL__N_126ccipher_test_caesar_0_TestD0Ev
FNDA:1,_ZN12_GLOBAL__N_126ccipher_test_caesar_0_TestD2Ev
FNDA:1,_ZN12_GLOBAL__N_126ccipher_test_caesar_1_Test8TestBodyEv
FNDA:1,_ZN12_GLOBAL__N_126ccipher_test_caesar_1_TestC2Ev
FNDA:1,_ZN12_GLOBAL__N_126ccipher_test_caesar_1_TestD0Ev
FNDA:1,_ZN12_GLOBAL__N_126ccipher_test_caesar_1_TestD2Ev
FNDA:1,_ZN12_GLOBAL__N_126ccipher_test_caesar_2_Test8TestBodyEv
FNDA:1,_ZN12_GLOBAL__N_126ccipher_test_caesar_2_TestC2Ev
FNDA:1,_ZN12_GLOBAL__N_126ccipher_test_caesar_2_TestD0Ev
FNDA:1,_ZN12_GLOBAL__N_126ccipher_test_caesar_2_TestD2Ev
FNDA:1,_ZN12_GLOBAL__N_127kcipher_test_keyword_0_Test8TestBodyEv
FNDA:1,_ZN12_GLOBAL__N_127kcipher_test_keyword_0_TestC2Ev
FNDA:1,_ZN12_GLOBAL__N_127kcipher_test_keyword_0_TestD0Ev
FNDA:1,_ZN12_GLOBAL__N_127kcipher_test_keyword_0_TestD2Ev
FNDA:1,_ZN12_GLOBAL__N_127kcipher_test_keyword_1_Test8TestBodyEv
FNDA:1,_ZN12_GLOBAL__N_127kcipher_test_keyword_1_TestC2Ev
FNDA:1,_ZN12_GLOBAL__N_127kcipher_test_keyword_1_TestD0Ev
FNDA:1,_ZN12_GLOBAL__N_127kcipher_test_keyword_1_TestD2Ev
FNF:24
FNH:24
DA:49,4
DA:50,1
DA:51,1
DA:52,1
DA:53,1
DA:55,1
DA:56,1
DA:58,4
DA:59,1
DA:60,1
DA:61,1
DA:62,1
DA:64,1
DA:65,1
DA:67,4
DA:68,1
DA:69,1
DA:70,1
DA:71,1
DA:73,1
DA:74,1
DA:76,4
DA:77,2
DA:78,1
DA:81,1
DA:83,1
DA:85,1
DA:87,1
DA:88,1
DA:90,4
DA:91,2
DA:92,1
DA:95,1
DA:97,1
DA:99,1
DA:101,1
DA:102,1
DA:104,4
DA:105,2
DA:106,1
DA:109,1
DA:111,1
DA:113,1
DA:115,1
DA:116,1
LF:45
LH:45
end_of_record
TN:
SF:/home/akiel/Desktop/trunk/github/pub/openGPMP/tests/nt/t_factorization.cpp
FN:50,50,_ZN12_GLOBAL__N_133factorizations_factorization_Test8TestBodyEv
FN:50,50,_ZN12_GLOBAL__N_133factorizations_factorization_TestC2Ev
FN:50,50,_ZN12_GLOBAL__N_133factorizations_factorization_TestD0Ev
FN:50,50,_ZN12_GLOBAL__N_133factorizations_factorization_TestD2Ev
FNDA:1,_ZN12_GLOBAL__N_133factorizations_factorization_Test8TestBodyEv
FNDA:1,_ZN12_GLOBAL__N_133factorizations_factorization_TestC2Ev
FNDA:1,_ZN12_GLOBAL__N_133factorizations_factorization_TestD0Ev
FNDA:1,_ZN12_GLOBAL__N_133factorizations_factorization_TestD2Ev
FNF:4
FNH:4
DA:50,4
DA:51,1
DA:52,1
LF:3
LH:3
end_of_record
TN:
SF:/home/akiel/Desktop/trunk/github/pub/openGPMP/tests/nt/t_logarithms.cpp
FN:49,49,_ZN12_GLOBAL__N_127logarithms_pollard_rho_Test8TestBodyEv
FN:49,49,_ZN12_GLOBAL__N_127logarithms_pollard_rho_TestC2Ev
FN:49,49,_ZN12_GLOBAL__N_127logarithms_pollard_rho_TestD0Ev
FN:49,49,_ZN12_GLOBAL__N_127logarithms_pollard_rho_TestD2Ev
FNDA:1,_ZN12_GLOBAL__N_127logarithms_pollard_rho_Test8TestBodyEv
FNDA:1,_ZN12_GLOBAL__N_127logarithms_pollard_rho_TestC2Ev
FNDA:1,_ZN12_GLOBAL__N_127logarithms_pollard_rho_TestD0Ev
FNDA:1,_ZN12_GLOBAL__N_127logarithms_pollard_rho_TestD2Ev
FNF:4
FNH:4
DA:49,4
DA:50,1
DA:51,1
LF:3
LH:3
end_of_record
TN:
SF:/home/akiel/Desktop/trunk/github/pub/openGPMP/tests/nt/t_primes.cpp
FN:103,103,_ZN12_GLOBAL__N_123prime_test_mod_pow_Test8TestBodyEv
FN:103,103,_ZN12_GLOBAL__N_123prime_test_mod_pow_TestC2Ev
FN:103,103,_ZN12_GLOBAL__N_123prime_test_mod_pow_TestD0Ev
FN:103,103,_ZN12_GLOBAL__N_123prime_test_mod_pow_TestD2Ev
FN:135,135,_ZN12_GLOBAL__N_134prime_test_miller_rabin_prime_Test8TestBodyEv
FN:135,135,_ZN12_GLOBAL__N_134prime_test_miller_rabin_prime_TestC2Ev
FN:135,135,_ZN12_GLOBAL__N_134prime_test_miller_rabin_prime_TestD0Ev
FN:135,135,_ZN12_GLOBAL__N_134prime_test_miller_rabin_prime_TestD2Ev
FN:147,147,_ZN12_GLOBAL__N_132prime_test_solovoy_strassen_Test8TestBodyEv
FN:147,147,_ZN12_GLOBAL__N_132prime_test_solovoy_strassen_TestC2Ev
FN:147,147,_ZN12_GLOBAL__N_132prime_test_solovoy_strassen_TestD0Ev
FN:147,147,_ZN12_GLOBAL__N_132prime_test_solovoy_strassen_TestD2Ev
FN:49,49,_ZN12_GLOBAL__N_124prime_test_is_prime_Test8TestBodyEv
FN:49,49,_ZN12_GLOBAL__N_124prime_test_is_prime_TestC2Ev
FN:49,49,_ZN12_GLOBAL__N_124prime_test_is_prime_TestD0Ev
FN:49,49,_ZN12_GLOBAL__N_124prime_test_is_prime_TestD2Ev
FN:91,101,_ZN12_GLOBAL__N_126prime_test_carmichael_Test8TestBodyEv
FN:91,101,_ZN12_GLOBAL__N_126prime_test_carmichael_TestC2Ev
FN:91,101,_ZN12_GLOBAL__N_126prime_test_carmichael_TestD0Ev
FN:91,101,_ZN12_GLOBAL__N_126prime_test_carmichael_TestD2Ev
FNDA:1,_ZN12_GLOBAL__N_123prime_test_mod_pow_Test8TestBodyEv
FNDA:1,_ZN12_GLOBAL__N_123prime_test_mod_pow_TestC2Ev
FNDA:1,_ZN12_GLOBAL__N_123prime_test_mod_pow_TestD0Ev
FNDA:1,_ZN12_GLOBAL__N_123prime_test_mod_pow_TestD2Ev
FNDA:1,_ZN12_GLOBAL__N_134prime_test_miller_rabin_prime_Test8TestBodyEv
FNDA:1,_ZN12_GLOBAL__N_134prime_test_miller_rabin_prime_TestC2Ev
FNDA:1,_ZN12_GLOBAL__N_134prime_test_miller_rabin_prime_TestD0Ev
FNDA:1,_ZN12_GLOBAL__N_134prime_test_miller_rabin_prime_TestD2Ev
FNDA:1,_ZN12_GLOBAL__N_132prime_test_solovoy_strassen_Test8TestBodyEv
FNDA:1,_ZN12_GLOBAL__N_132prime_test_solovoy_strassen_TestC2Ev
FNDA:1,_ZN12_GLOBAL__N_132prime_test_solovoy_strassen_TestD0Ev
FNDA:1,_ZN12_GLOBAL__N_132prime_test_solovoy_strassen_TestD2Ev
FNDA:1,_ZN12_GLOBAL__N_124prime_test_is_prime_Test8TestBodyEv
FNDA:1,_ZN12_GLOBAL__N_124prime_test_is_prime_TestC2Ev
FNDA:1,_ZN12_GLOBAL__N_124prime_test_is_prime_TestD0Ev
FNDA:1,_ZN12_GLOBAL__N_124prime_test_is_prime_TestD2Ev
FNDA:1,_ZN12_GLOBAL__N_126prime_test_carmichael_Test8TestBodyEv
FNDA:1,_ZN12_GLOBAL__N_126prime_test_carmichael_TestC2Ev
FNDA:1,_ZN12_GLOBAL__N_126prime_test_carmichael_TestD0Ev
FNDA:1,_ZN12_GLOBAL__N_126prime_test_carmichael_TestD2Ev
FNF:20
FNH:20
DA:49,4
DA:50,1
DA:51,1
DA:52,1
DA:53,1
DA:55,1
DA:56,1
DA:57,1
DA:58,1
DA:60,1
DA:61,1
DA:62,1
DA:63,1
DA:65,1
DA:66,1
DA:67,1
DA:68,1
DA:70,1
DA:71,1
DA:72,1
DA:73,1
DA:75,1
DA:76,1
DA:77,1
DA:78,1
DA:80,1
DA:81,1
DA:82,1
DA:83,1
DA:85,1
DA:86,1
DA:87,1
DA:88,1
DA:89,1
DA:91,4
DA:92,1
DA:93,1
DA:94,1
DA:95,1
DA:97,1
DA:98,1
DA:99,1
DA:100,1
DA:101,1
DA:103,4
DA:104,1
DA:105,1
DA:106,1
DA:107,1
DA:108,1
DA:135,4
DA:136,1
DA:137,1
DA:138,1
DA:139,1
DA:140,1
DA:141,1
DA:142,1
DA:143,1
DA:147,4
DA:148,1
DA:149,1
DA:150,1
DA:151,1
DA:152,1
DA:153,1
DA:154,1
LF:67
LH:67
end_of_record
TN:
SF:/home/akiel/Desktop/trunk/github/pub/openGPMP/tests/nt/t_random.cpp
FN:19,19,_ZN30LCGTest_CustomConstructor_Test8TestBodyEv
FN:19,19,_ZN30LCGTest_CustomConstructor_TestC2Ev
FN:19,19,_ZN30LCGTest_CustomConstructor_TestD0Ev
FN:19,19,_ZN30LCGTest_CustomConstructor_TestD2Ev
FN:8,8,_ZN31LCGTest_DefaultConstructor_Test8TestBodyEv
FN:8,8,_ZN31LCGTest_DefaultConstructor_TestC2Ev
FN:8,8,_ZN31LCGTest_DefaultConstructor_TestD0Ev
FN:8,8,_ZN31LCGTest_DefaultConstructor_TestD2Ev
FNDA:1,_ZN30LCGTest_CustomConstructor_Test8TestBodyEv
FNDA:1,_ZN30LCGTest_CustomConstructor_TestC2Ev
FNDA:1,_ZN30LCGTest_CustomConstructor_TestD0Ev
FNDA:1,_ZN30LCGTest_CustomConstructor_TestD2Ev
FNDA:1,_ZN31LCGTest_DefaultConstructor_Test8TestBodyEv
FNDA:1,_ZN31LCGTest_DefaultConstructor_TestC2Ev
FNDA:1,_ZN31LCGTest_DefaultConstructor_TestD0Ev
FNDA:1,_ZN31LCGTest_DefaultConstructor_TestD2Ev
FNF:8
FNH:8
DA:8,4
DA:9,1
DA:12,11
DA:13,10
DA:14,10
DA:15,10
DA:17,1
DA:19,4
DA:20,1
DA:21,1
DA:22,1
DA:24,1
DA:27,11
DA:28,10
DA:29,10
DA:30,10
DA:32,1
LF:17
LH:17
end_of_record
TN:
SF:/home/akiel/Desktop/trunk/github/pub/openGPMP/tests/nt/t_rc4.cpp
FN:113,113,_ZN12_GLOBAL__N_123rc4_test_hash_BYTE_Test8TestBodyEv
FN:113,113,_ZN12_GLOBAL__N_123rc4_test_hash_BYTE_TestC2Ev
FN:113,113,_ZN12_GLOBAL__N_123rc4_test_hash_BYTE_TestD0Ev
FN:113,113,_ZN12_GLOBAL__N_123rc4_test_hash_BYTE_TestD2Ev
FN:137,137,_ZN12_GLOBAL__N_126rc4_test_SWAP_error_4_Test8TestBodyEv
FN:137,137,_ZN12_GLOBAL__N_126rc4_test_SWAP_error_4_TestC2Ev
FN:137,137,_ZN12_GLOBAL__N_126rc4_test_SWAP_error_4_TestD0Ev
FN:137,137,_ZN12_GLOBAL__N_126rc4_test_SWAP_error_4_TestD2Ev
FN:153,153,_ZN12_GLOBAL__N_128rc4_test_SWAP_error_127_Test8TestBodyEv
FN:153,153,_ZN12_GLOBAL__N_128rc4_test_SWAP_error_127_TestC2Ev
FN:153,153,_ZN12_GLOBAL__N_128rc4_test_SWAP_error_127_TestD0Ev
FN:153,153,_ZN12_GLOBAL__N_128rc4_test_SWAP_error_127_TestD2Ev
FN:169,184,_ZN12_GLOBAL__N_129rc4_test_NULL_ciphertext_Test8TestBodyEv
FN:169,184,_ZN12_GLOBAL__N_129rc4_test_NULL_ciphertext_TestC2Ev
FN:169,184,_ZN12_GLOBAL__N_129rc4_test_NULL_ciphertext_TestD0Ev
FN:169,184,_ZN12_GLOBAL__N_129rc4_test_NULL_ciphertext_TestD2Ev
FN:63,63,_ZN12_GLOBAL__N_122rc4_test_hash_XOR_Test8TestBodyEv
FN:63,63,_ZN12_GLOBAL__N_122rc4_test_hash_XOR_TestC2Ev
FN:63,63,_ZN12_GLOBAL__N_122rc4_test_hash_XOR_TestD0Ev
FN:63,63,_ZN12_GLOBAL__N_122rc4_test_hash_XOR_TestD2Ev
FN:89,111,_ZN12_GLOBAL__N_130rc4_test_hash_TRADITIONAL_Test8TestBodyEv
FN:89,111,_ZN12_GLOBAL__N_130rc4_test_hash_TRADITIONAL_TestC2Ev
FN:89,111,_ZN12_GLOBAL__N_130rc4_test_hash_TRADITIONAL_TestD0Ev
FN:89,111,_ZN12_GLOBAL__N_130rc4_test_hash_TRADITIONAL_TestD2Ev
FNDA:1,_ZN12_GLOBAL__N_123rc4_test_hash_BYTE_Test8TestBodyEv
FNDA:1,_ZN12_GLOBAL__N_123rc4_test_hash_BYTE_TestC2Ev
FNDA:1,_ZN12_GLOBAL__N_123rc4_test_hash_BYTE_TestD0Ev
FNDA:1,_ZN12_GLOBAL__N_123rc4_test_hash_BYTE_TestD2Ev
FNDA:1,_ZN12_GLOBAL__N_126rc4_test_SWAP_error_4_Test8TestBodyEv
FNDA:1,_ZN12_GLOBAL__N_126rc4_test_SWAP_error_4_TestC2Ev
FNDA:1,_ZN12_GLOBAL__N_126rc4_test_SWAP_error_4_TestD0Ev
FNDA:1,_ZN12_GLOBAL__N_126rc4_test_SWAP_error_4_TestD2Ev
FNDA:1,_ZN12_GLOBAL__N_128rc4_test_SWAP_error_127_Test8TestBodyEv
FNDA:1,_ZN12_GLOBAL__N_128rc4_test_SWAP_error_127_TestC2Ev
FNDA:1,_ZN12_GLOBAL__N_128rc4_test_SWAP_error_127_TestD0Ev
FNDA:1,_ZN12_GLOBAL__N_128rc4_test_SWAP_error_127_TestD2Ev
FNDA:1,_ZN12_GLOBAL__N_129rc4_test_NULL_ciphertext_Test8TestBodyEv
FNDA:1,_ZN12_GLOBAL__N_129rc4_test_NULL_ciphertext_TestC2Ev
FNDA:1,_ZN12_GLOBAL__N_129rc4_test_NULL_ciphertext_TestD0Ev
FNDA:1,_ZN12_GLOBAL__N_129rc4_test_NULL_ciphertext_TestD2Ev
FNDA:1,_ZN12_GLOBAL__N_122rc4_test_hash_XOR_Test8TestBodyEv
FNDA:1,_ZN12_GLOBAL__N_122rc4_test_hash_XOR_TestC2Ev
FNDA:1,_ZN12_GLOBAL__N_122rc4_test_hash_XOR_TestD0Ev
FNDA:1,_ZN12_GLOBAL__N_122rc4_test_hash_XOR_TestD2Ev
FNDA:1,_ZN12_GLOBAL__N_130rc4_test_hash_TRADITIONAL_Test8TestBodyEv
FNDA:1,_ZN12_GLOBAL__N_130rc4_test_hash_TRADITIONAL_TestC2Ev
FNDA:1,_ZN12_GLOBAL__N_130rc4_test_hash_TRADITIONAL_TestD0Ev
FNDA:1,_ZN12_GLOBAL__N_130rc4_test_hash_TRADITIONAL_TestD2Ev
FNF:24
FNH:24
DA:63,4
DA:64,1
DA:65,1
DA:68,1
DA:69,1
DA:70,1
DA:71,1
DA:73,2
DA:75,1
DA:76,1
DA:77,2
DA:78,1
DA:81,2
DA:83,1
DA:84,1
DA:85,2
DA:86,1
DA:87,1
DA:89,4
DA:90,1
DA:91,1
DA:93,1
DA:94,1
DA:95,1
DA:96,1
DA:98,2
DA:100,1
DA:101,1
DA:102,2
DA:103,1
DA:105,2
DA:107,1
DA:108,1
DA:109,2
DA:110,1
DA:111,1
DA:113,4
DA:114,1
DA:115,1
DA:117,1
DA:118,1
DA:119,1
DA:120,1
DA:122,2
DA:124,1
DA:125,1
DA:126,2
DA:127,1
DA:129,2
DA:131,1
DA:132,1
DA:133,2
DA:134,1
DA:135,1
DA:137,4
DA:138,1
DA:139,2
DA:142,1
DA:144,1
DA:146,1
DA:147,1
DA:149,1
DA:150,1
DA:151,1
DA:153,4
DA:154,1
DA:155,2
DA:158,1
DA:160,1
DA:162,1
DA:163,1
DA:165,1
DA:166,1
DA:167,1
DA:169,4
DA:170,1
DA:171,2
DA:174,1
DA:175,1
DA:179,1
DA:180,1
DA:182,1
DA:183,1
DA:184,1
LF:84
LH:84
end_of_record
