TN:
SF:/home/akiel/Desktop/trunk/github/pub/openGPMP/include/calculus/differential.hpp
FN:60,61,_ZN4gpmp4TermC2Edi
FNDA:24,_ZN4gpmp4TermC2Edi
FNF:1
FNH:1
DA:60,24
DA:61,24
LF:2
LH:2
end_of_record
TN:
SF:/home/akiel/Desktop/trunk/github/pub/openGPMP/include/core/threads.hpp
FN:108,110,_ZZZN4gpmp4core10ThreadPoolC4EiENKUlvE_clEvENKUlvE_clEv
FN:148,180,_ZN4gpmp4core10ThreadPool7enqueueIRZN12_GLOBAL__N_140ThreadDispatchTest_DispatchFunction_Test8TestBodyEvEUlvE_JEEESt6futureINSt9result_ofIFT_DpT0_EE4typeEEOS9_DpOSA_
FN:148,180,_ZN4gpmp4core10ThreadPool7enqueueIRZN12_GLOBAL__N_148ThreadDispatchTest_DispatchFunctionWithArgs_Test8TestBodyEvEUliE_JiEEESt6futureINSt9result_ofIFT_DpT0_EE4typeEEOS9_DpOSA_
FN:148,180,_ZN4gpmp4core10ThreadPool7enqueueIRZN12_GLOBAL__N_153ThreadPoolTest_TestEnqueueWithLargeNumberOfTasks_Test8TestBodyEvEUlvE_JEEESt6futureINSt9result_ofIFT_DpT0_EE4typeEEOS9_DpOSA_
FN:148,180,_ZN4gpmp4core10ThreadPool7enqueueIRZN12_GLOBAL__N_155ThreadPoolTest_TestEnqueueWithDifferentReturnTypes_Test8TestBodyEvEUlvE0_JEEESt6futureINSt9result_ofIFT_DpT0_EE4typeEEOS9_DpOSA_
FN:148,180,_ZN4gpmp4core10ThreadPool7enqueueIRZN12_GLOBAL__N_155ThreadPoolTest_TestEnqueueWithDifferentReturnTypes_Test8TestBodyEvEUlvE1_JEEESt6futureINSt9result_ofIFT_DpT0_EE4typeEEOS9_DpOSA_
FN:148,180,_ZN4gpmp4core10ThreadPool7enqueueIRZN12_GLOBAL__N_155ThreadPoolTest_TestEnqueueWithDifferentReturnTypes_Test8TestBodyEvEUlvE_JEEESt6futureINSt9result_ofIFT_DpT0_EE4typeEEOS9_DpOSA_
FN:148,180,_ZN4gpmp4core10ThreadPool7enqueueIRZN12_GLOBAL__N_157ThreadPoolTest_TestEnqueueWithDifferentArgumentTypes_Test8TestBodyEvEUlRKNSt7__cxx1112basic_stringIcSt11char_traitsIcESaIcEEEE_JRA12_KcEEESt6futureINSt9result_ofIFT_DpT0_EE4typeEEOSK_DpOSL_
FN:148,180,_ZN4gpmp4core10ThreadPool7enqueueIRZN12_GLOBAL__N_157ThreadPoolTest_TestEnqueueWithDifferentArgumentTypes_Test8TestBodyEvEUlbfE_JbfEEESt6futureINSt9result_ofIFT_DpT0_EE4typeEEOS9_DpOSA_
FN:148,180,_ZN4gpmp4core10ThreadPool7enqueueIRZN12_GLOBAL__N_157ThreadPoolTest_TestEnqueueWithDifferentArgumentTypes_Test8TestBodyEvEUliiE_JiiEEESt6futureINSt9result_ofIFT_DpT0_EE4typeEEOS9_DpOSA_
FN:148,180,_ZN4gpmp4core10ThreadPool7enqueueIZN12_GLOBAL__N_133ThreadPoolTest_TestException_Test8TestBodyEvEUlvE_JEEESt6futureINSt9result_ofIFT_DpT0_EE4typeEEOS8_DpOS9_
FN:148,180,_ZN4gpmp4core10ThreadPool7enqueueIZN12_GLOBAL__N_134ThreadPoolTest_TestSingleTask_Test8TestBodyEvEUliiE_JiiEEESt6futureINSt9result_ofIFT_DpT0_EE4typeEEOS8_DpOS9_
FN:148,180,_ZN4gpmp4core10ThreadPool7enqueueIZN12_GLOBAL__N_136ThreadPoolTest_EnqueueException_Test8TestBodyEvEUlvE_JEEESt6futureINSt9result_ofIFT_DpT0_EE4typeEEOS8_DpOS9_
FN:148,180,_ZN4gpmp4core10ThreadPool7enqueueIZN12_GLOBAL__N_137ThreadPoolTest_EnqueueSingleTask_Test8TestBodyEvEUlvE_JEEESt6futureINSt9result_ofIFT_DpT0_EE4typeEEOS8_DpOS9_
FN:148,180,_ZN4gpmp4core10ThreadPool7enqueueIZN12_GLOBAL__N_140ThreadPoolTest_EnqueueMultipleTasks_Test8TestBodyEvEUlvE_JEEESt6futureINSt9result_ofIFT_DpT0_EE4typeEEOS8_DpOS9_
FN:148,180,_ZN4gpmp4core10ThreadPool7enqueueIZN12_GLOBAL__N_141ThreadPoolTest_TestDynamicAllocation_Test8TestBodyEvEUlvE_JEEESt6futureINSt9result_ofIFT_DpT0_EE4typeEEOS8_DpOS9_
FN:148,180,_ZN4gpmp4core10ThreadPool7enqueueIZN12_GLOBAL__N_150ThreadPoolTest_TestEnqueueOnStoppedThreadPool_Test8TestBodyEvEUlvE_JEEESt6futureINSt9result_ofIFT_DpT0_EE4typeEEOS8_DpOS9_
FN:173,173,_ZZN4gpmp4core10ThreadPool7enqueueIRZN12_GLOBAL__N_140ThreadDispatchTest_DispatchFunction_Test8TestBodyEvEUlvE_JEEESt6futureINSt9result_ofIFT_DpT0_EE4typeEEOS9_DpOSA_ENKUlvE_clEv
FN:173,173,_ZZN4gpmp4core10ThreadPool7enqueueIRZN12_GLOBAL__N_148ThreadDispatchTest_DispatchFunctionWithArgs_Test8TestBodyEvEUliE_JiEEESt6futureINSt9result_ofIFT_DpT0_EE4typeEEOS9_DpOSA_ENKUlvE_clEv
FN:173,173,_ZZN4gpmp4core10ThreadPool7enqueueIRZN12_GLOBAL__N_153ThreadPoolTest_TestEnqueueWithLargeNumberOfTasks_Test8TestBodyEvEUlvE_JEEESt6futureINSt9result_ofIFT_DpT0_EE4typeEEOS9_DpOSA_ENKUlvE_clEv
FN:173,173,_ZZN4gpmp4core10ThreadPool7enqueueIRZN12_GLOBAL__N_155ThreadPoolTest_TestEnqueueWithDifferentReturnTypes_Test8TestBodyEvEUlvE0_JEEESt6futureINSt9result_ofIFT_DpT0_EE4typeEEOS9_DpOSA_ENKUlvE_clEv
FN:173,173,_ZZN4gpmp4core10ThreadPool7enqueueIRZN12_GLOBAL__N_155ThreadPoolTest_TestEnqueueWithDifferentReturnTypes_Test8TestBodyEvEUlvE1_JEEESt6futureINSt9result_ofIFT_DpT0_EE4typeEEOS9_DpOSA_ENKUlvE_clEv
FN:173,173,_ZZN4gpmp4core10ThreadPool7enqueueIRZN12_GLOBAL__N_155ThreadPoolTest_TestEnqueueWithDifferentReturnTypes_Test8TestBodyEvEUlvE_JEEESt6futureINSt9result_ofIFT_DpT0_EE4typeEEOS9_DpOSA_ENKUlvE_clEv
FN:173,173,_ZZN4gpmp4core10ThreadPool7enqueueIRZN12_GLOBAL__N_157ThreadPoolTest_TestEnqueueWithDifferentArgumentTypes_Test8TestBodyEvEUlRKNSt7__cxx1112basic_stringIcSt11char_traitsIcESaIcEEEE_JRA12_KcEEESt6futureINSt9result_ofIFT_DpT0_EE4typeEEOSK_DpOSL_ENKUlvE_clEv
FN:173,173,_ZZN4gpmp4core10ThreadPool7enqueueIRZN12_GLOBAL__N_157ThreadPoolTest_TestEnqueueWithDifferentArgumentTypes_Test8TestBodyEvEUlbfE_JbfEEESt6futureINSt9result_ofIFT_DpT0_EE4typeEEOS9_DpOSA_ENKUlvE_clEv
FN:173,173,_ZZN4gpmp4core10ThreadPool7enqueueIRZN12_GLOBAL__N_157ThreadPoolTest_TestEnqueueWithDifferentArgumentTypes_Test8TestBodyEvEUliiE_JiiEEESt6futureINSt9result_ofIFT_DpT0_EE4typeEEOS9_DpOSA_ENKUlvE_clEv
FN:173,173,_ZZN4gpmp4core10ThreadPool7enqueueIZN12_GLOBAL__N_133ThreadPoolTest_TestException_Test8TestBodyEvEUlvE_JEEESt6futureINSt9result_ofIFT_DpT0_EE4typeEEOS8_DpOS9_ENKUlvE_clEv
FN:173,173,_ZZN4gpmp4core10ThreadPool7enqueueIZN12_GLOBAL__N_134ThreadPoolTest_TestSingleTask_Test8TestBodyEvEUliiE_JiiEEESt6futureINSt9result_ofIFT_DpT0_EE4typeEEOS8_DpOS9_ENKUlvE_clEv
FN:173,173,_ZZN4gpmp4core10ThreadPool7enqueueIZN12_GLOBAL__N_136ThreadPoolTest_EnqueueException_Test8TestBodyEvEUlvE_JEEESt6futureINSt9result_ofIFT_DpT0_EE4typeEEOS8_DpOS9_ENKUlvE_clEv
FN:173,173,_ZZN4gpmp4core10ThreadPool7enqueueIZN12_GLOBAL__N_137ThreadPoolTest_EnqueueSingleTask_Test8TestBodyEvEUlvE_JEEESt6futureINSt9result_ofIFT_DpT0_EE4typeEEOS8_DpOS9_ENKUlvE_clEv
FN:173,173,_ZZN4gpmp4core10ThreadPool7enqueueIZN12_GLOBAL__N_140ThreadPoolTest_EnqueueMultipleTasks_Test8TestBodyEvEUlvE_JEEESt6futureINSt9result_ofIFT_DpT0_EE4typeEEOS8_DpOS9_ENKUlvE_clEv
FN:173,173,_ZZN4gpmp4core10ThreadPool7enqueueIZN12_GLOBAL__N_141ThreadPoolTest_TestDynamicAllocation_Test8TestBodyEvEUlvE_JEEESt6futureINSt9result_ofIFT_DpT0_EE4typeEEOS8_DpOS9_ENKUlvE_clEv
FN:173,173,_ZZN4gpmp4core10ThreadPool7enqueueIZN12_GLOBAL__N_150ThreadPoolTest_TestEnqueueOnStoppedThreadPool_Test8TestBodyEvEUlvE_JEEESt6futureINSt9result_ofIFT_DpT0_EE4typeEEOS8_DpOS9_ENKUlvE_clEv
FN:182,194,_ZN4gpmp4core10ThreadPoolD2Ev
FN:217,226,_ZN4gpmp4core14ThreadDispatch8dispatchIRZN12_GLOBAL__N_140ThreadDispatchTest_DispatchFunction_Test8TestBodyEvEUlvE_JEEESt6futureINSt9result_ofIFT_DpT0_EE4typeEERNS0_10ThreadPoolEOS9_DpOSA_
FN:217,226,_ZN4gpmp4core14ThreadDispatch8dispatchIRZN12_GLOBAL__N_148ThreadDispatchTest_DispatchFunctionWithArgs_Test8TestBodyEvEUliE_JiEEESt6futureINSt9result_ofIFT_DpT0_EE4typeEERNS0_10ThreadPoolEOS9_DpOSA_
FN:242,278,_ZN4gpmp4coreL12parallel_forEjSt8functionIFviiEEb
FN:88,132,_ZN4gpmp4core10ThreadPoolC2Ei
FN:94,130,_ZZN4gpmp4core10ThreadPoolC4EiENKUlvE_clEv
FNDA:6737,_ZZZN4gpmp4core10ThreadPoolC4EiENKUlvE_clEvENKUlvE_clEv
FNDA:3,_ZN4gpmp4core10ThreadPool7enqueueIRZN12_GLOBAL__N_140ThreadDispatchTest_DispatchFunction_Test8TestBodyEvEUlvE_JEEESt6futureINSt9result_ofIFT_DpT0_EE4typeEEOS9_DpOSA_
FNDA:3,_ZN4gpmp4core10ThreadPool7enqueueIRZN12_GLOBAL__N_148ThreadDispatchTest_DispatchFunctionWithArgs_Test8TestBodyEvEUliE_JiEEESt6futureINSt9result_ofIFT_DpT0_EE4typeEEOS9_DpOSA_
FNDA:3000,_ZN4gpmp4core10ThreadPool7enqueueIRZN12_GLOBAL__N_153ThreadPoolTest_TestEnqueueWithLargeNumberOfTasks_Test8TestBodyEvEUlvE_JEEESt6futureINSt9result_ofIFT_DpT0_EE4typeEEOS9_DpOSA_
FNDA:3,_ZN4gpmp4core10ThreadPool7enqueueIRZN12_GLOBAL__N_155ThreadPoolTest_TestEnqueueWithDifferentReturnTypes_Test8TestBodyEvEUlvE0_JEEESt6futureINSt9result_ofIFT_DpT0_EE4typeEEOS9_DpOSA_
FNDA:3,_ZN4gpmp4core10ThreadPool7enqueueIRZN12_GLOBAL__N_155ThreadPoolTest_TestEnqueueWithDifferentReturnTypes_Test8TestBodyEvEUlvE1_JEEESt6futureINSt9result_ofIFT_DpT0_EE4typeEEOS9_DpOSA_
FNDA:3,_ZN4gpmp4core10ThreadPool7enqueueIRZN12_GLOBAL__N_155ThreadPoolTest_TestEnqueueWithDifferentReturnTypes_Test8TestBodyEvEUlvE_JEEESt6futureINSt9result_ofIFT_DpT0_EE4typeEEOS9_DpOSA_
FNDA:3,_ZN4gpmp4core10ThreadPool7enqueueIRZN12_GLOBAL__N_157ThreadPoolTest_TestEnqueueWithDifferentArgumentTypes_Test8TestBodyEvEUlRKNSt7__cxx1112basic_stringIcSt11char_traitsIcESaIcEEEE_JRA12_KcEEESt6futureINSt9result_ofIFT_DpT0_EE4typeEEOSK_DpOSL_
FNDA:3,_ZN4gpmp4core10ThreadPool7enqueueIRZN12_GLOBAL__N_157ThreadPoolTest_TestEnqueueWithDifferentArgumentTypes_Test8TestBodyEvEUlbfE_JbfEEESt6futureINSt9result_ofIFT_DpT0_EE4typeEEOS9_DpOSA_
FNDA:3,_ZN4gpmp4core10ThreadPool7enqueueIRZN12_GLOBAL__N_157ThreadPoolTest_TestEnqueueWithDifferentArgumentTypes_Test8TestBodyEvEUliiE_JiiEEESt6futureINSt9result_ofIFT_DpT0_EE4typeEEOS9_DpOSA_
FNDA:3,_ZN4gpmp4core10ThreadPool7enqueueIZN12_GLOBAL__N_133ThreadPoolTest_TestException_Test8TestBodyEvEUlvE_JEEESt6futureINSt9result_ofIFT_DpT0_EE4typeEEOS8_DpOS9_
FNDA:3,_ZN4gpmp4core10ThreadPool7enqueueIZN12_GLOBAL__N_134ThreadPoolTest_TestSingleTask_Test8TestBodyEvEUliiE_JiiEEESt6futureINSt9result_ofIFT_DpT0_EE4typeEEOS8_DpOS9_
FNDA:3,_ZN4gpmp4core10ThreadPool7enqueueIZN12_GLOBAL__N_136ThreadPoolTest_EnqueueException_Test8TestBodyEvEUlvE_JEEESt6futureINSt9result_ofIFT_DpT0_EE4typeEEOS8_DpOS9_
FNDA:3,_ZN4gpmp4core10ThreadPool7enqueueIZN12_GLOBAL__N_137ThreadPoolTest_EnqueueSingleTask_Test8TestBodyEvEUlvE_JEEESt6futureINSt9result_ofIFT_DpT0_EE4typeEEOS8_DpOS9_
FNDA:300,_ZN4gpmp4core10ThreadPool7enqueueIZN12_GLOBAL__N_140ThreadPoolTest_EnqueueMultipleTasks_Test8TestBodyEvEUlvE_JEEESt6futureINSt9result_ofIFT_DpT0_EE4typeEEOS8_DpOS9_
FNDA:3,_ZN4gpmp4core10ThreadPool7enqueueIZN12_GLOBAL__N_141ThreadPoolTest_TestDynamicAllocation_Test8TestBodyEvEUlvE_JEEESt6futureINSt9result_ofIFT_DpT0_EE4typeEEOS8_DpOS9_
FNDA:3,_ZN4gpmp4core10ThreadPool7enqueueIZN12_GLOBAL__N_150ThreadPoolTest_TestEnqueueOnStoppedThreadPool_Test8TestBodyEvEUlvE_JEEESt6futureINSt9result_ofIFT_DpT0_EE4typeEEOS8_DpOS9_
FNDA:3,_ZZN4gpmp4core10ThreadPool7enqueueIRZN12_GLOBAL__N_140ThreadDispatchTest_DispatchFunction_Test8TestBodyEvEUlvE_JEEESt6futureINSt9result_ofIFT_DpT0_EE4typeEEOS9_DpOSA_ENKUlvE_clEv
FNDA:3,_ZZN4gpmp4core10ThreadPool7enqueueIRZN12_GLOBAL__N_148ThreadDispatchTest_DispatchFunctionWithArgs_Test8TestBodyEvEUliE_JiEEESt6futureINSt9result_ofIFT_DpT0_EE4typeEEOS9_DpOSA_ENKUlvE_clEv
FNDA:3000,_ZZN4gpmp4core10ThreadPool7enqueueIRZN12_GLOBAL__N_153ThreadPoolTest_TestEnqueueWithLargeNumberOfTasks_Test8TestBodyEvEUlvE_JEEESt6futureINSt9result_ofIFT_DpT0_EE4typeEEOS9_DpOSA_ENKUlvE_clEv
FNDA:3,_ZZN4gpmp4core10ThreadPool7enqueueIRZN12_GLOBAL__N_155ThreadPoolTest_TestEnqueueWithDifferentReturnTypes_Test8TestBodyEvEUlvE0_JEEESt6futureINSt9result_ofIFT_DpT0_EE4typeEEOS9_DpOSA_ENKUlvE_clEv
FNDA:3,_ZZN4gpmp4core10ThreadPool7enqueueIRZN12_GLOBAL__N_155ThreadPoolTest_TestEnqueueWithDifferentReturnTypes_Test8TestBodyEvEUlvE1_JEEESt6futureINSt9result_ofIFT_DpT0_EE4typeEEOS9_DpOSA_ENKUlvE_clEv
FNDA:3,_ZZN4gpmp4core10ThreadPool7enqueueIRZN12_GLOBAL__N_155ThreadPoolTest_TestEnqueueWithDifferentReturnTypes_Test8TestBodyEvEUlvE_JEEESt6futureINSt9result_ofIFT_DpT0_EE4typeEEOS9_DpOSA_ENKUlvE_clEv
FNDA:3,_ZZN4gpmp4core10ThreadPool7enqueueIRZN12_GLOBAL__N_157ThreadPoolTest_TestEnqueueWithDifferentArgumentTypes_Test8TestBodyEvEUlRKNSt7__cxx1112basic_stringIcSt11char_traitsIcESaIcEEEE_JRA12_KcEEESt6futureINSt9result_ofIFT_DpT0_EE4typeEEOSK_DpOSL_ENKUlvE_clEv
FNDA:3,_ZZN4gpmp4core10ThreadPool7enqueueIRZN12_GLOBAL__N_157ThreadPoolTest_TestEnqueueWithDifferentArgumentTypes_Test8TestBodyEvEUlbfE_JbfEEESt6futureINSt9result_ofIFT_DpT0_EE4typeEEOS9_DpOSA_ENKUlvE_clEv
FNDA:3,_ZZN4gpmp4core10ThreadPool7enqueueIRZN12_GLOBAL__N_157ThreadPoolTest_TestEnqueueWithDifferentArgumentTypes_Test8TestBodyEvEUliiE_JiiEEESt6futureINSt9result_ofIFT_DpT0_EE4typeEEOS9_DpOSA_ENKUlvE_clEv
FNDA:3,_ZZN4gpmp4core10ThreadPool7enqueueIZN12_GLOBAL__N_133ThreadPoolTest_TestException_Test8TestBodyEvEUlvE_JEEESt6futureINSt9result_ofIFT_DpT0_EE4typeEEOS8_DpOS9_ENKUlvE_clEv
FNDA:3,_ZZN4gpmp4core10ThreadPool7enqueueIZN12_GLOBAL__N_134ThreadPoolTest_TestSingleTask_Test8TestBodyEvEUliiE_JiiEEESt6futureINSt9result_ofIFT_DpT0_EE4typeEEOS8_DpOS9_ENKUlvE_clEv
FNDA:3,_ZZN4gpmp4core10ThreadPool7enqueueIZN12_GLOBAL__N_136ThreadPoolTest_EnqueueException_Test8TestBodyEvEUlvE_JEEESt6futureINSt9result_ofIFT_DpT0_EE4typeEEOS8_DpOS9_ENKUlvE_clEv
FNDA:3,_ZZN4gpmp4core10ThreadPool7enqueueIZN12_GLOBAL__N_137ThreadPoolTest_EnqueueSingleTask_Test8TestBodyEvEUlvE_JEEESt6futureINSt9result_ofIFT_DpT0_EE4typeEEOS8_DpOS9_ENKUlvE_clEv
FNDA:300,_ZZN4gpmp4core10ThreadPool7enqueueIZN12_GLOBAL__N_140ThreadPoolTest_EnqueueMultipleTasks_Test8TestBodyEvEUlvE_JEEESt6futureINSt9result_ofIFT_DpT0_EE4typeEEOS8_DpOS9_ENKUlvE_clEv
FNDA:3,_ZZN4gpmp4core10ThreadPool7enqueueIZN12_GLOBAL__N_141ThreadPoolTest_TestDynamicAllocation_Test8TestBodyEvEUlvE_JEEESt6futureINSt9result_ofIFT_DpT0_EE4typeEEOS8_DpOS9_ENKUlvE_clEv
FNDA:0,_ZZN4gpmp4core10ThreadPool7enqueueIZN12_GLOBAL__N_150ThreadPoolTest_TestEnqueueOnStoppedThreadPool_Test8TestBodyEvEUlvE_JEEESt6futureINSt9result_ofIFT_DpT0_EE4typeEEOS8_DpOS9_ENKUlvE_clEv
FNDA:36,_ZN4gpmp4core10ThreadPoolD2Ev
FNDA:3,_ZN4gpmp4core14ThreadDispatch8dispatchIRZN12_GLOBAL__N_140ThreadDispatchTest_DispatchFunction_Test8TestBodyEvEUlvE_JEEESt6futureINSt9result_ofIFT_DpT0_EE4typeEERNS0_10ThreadPoolEOS9_DpOSA_
FNDA:3,_ZN4gpmp4core14ThreadDispatch8dispatchIRZN12_GLOBAL__N_148ThreadDispatchTest_DispatchFunctionWithArgs_Test8TestBodyEvEUliE_JiEEESt6futureINSt9result_ofIFT_DpT0_EE4typeEERNS0_10ThreadPoolEOS9_DpOSA_
FNDA:0,_ZN4gpmp4coreL12parallel_forEjSt8functionIFviiEEb
FNDA:36,_ZN4gpmp4core10ThreadPoolC2Ei
FNDA:84,_ZZN4gpmp4core10ThreadPoolC4EiENKUlvE_clEv
FNF:39
FNH:37
DA:88,36
DA:91,120
DA:94,168
DA:98,3420
DA:104,3418
DA:108,3423
DA:109,6737
DA:113,3423
DA:114,168
DA:119,3339
DA:124,3339
DA:125,3423
DA:128,3339
DA:129,6759
DA:132,36
DA:148,3342
DA:159,3342
DA:160,3327
DA:163,3342
DA:166,3342
DA:168,3342
DA:169,3
DA:173,6678
DA:174,3342
DA:177,3339
DA:179,6678
DA:180,3345
DA:182,36
DA:185,36
DA:186,36
DA:187,36
DA:189,36
DA:191,120
DA:192,84
DA:194,36
DA:217,6
DA:221,6
DA:225,6
DA:242,0
DA:246,0
DA:247,0
DA:249,0
DA:250,0
DA:252,0
DA:254,0
DA:256,0
DA:257,0
DA:258,0
DA:262,0
DA:263,0
DA:264,0
DA:269,0
DA:270,0
DA:273,0
DA:274,0
DA:278,0
LF:56
LH:38
end_of_record
TN:
SF:/home/akiel/Desktop/trunk/github/pub/openGPMP/include/disct/graphs.hpp
FN:58,59,_ZN4gpmp5GraphC2Ei
FNDA:3,_ZN4gpmp5GraphC2Ei
FNF:1
FNH:1
DA:58,9
DA:59,3
LF:2
LH:2
end_of_record
TN:
SF:/home/akiel/Desktop/trunk/github/pub/openGPMP/modules/arithmetic/arith.cpp
FN:40,49,_ZN4gpmp6Basics14greatest_powerEll
FN:51,60,_ZN4gpmp6Basics6op_gcdEll
FNDA:6,_ZN4gpmp6Basics14greatest_powerEll
FNDA:10422,_ZN4gpmp6Basics6op_gcdEll
FNF:2
FNH:2
DA:40,6
DA:41,6
DA:44,21
DA:45,15
DA:46,15
DA:48,6
DA:51,10422
DA:52,10422
DA:53,1686
DA:55,8736
DA:56,1698
DA:59,7038
LF:12
LH:12
end_of_record
TN:
SF:/home/akiel/Desktop/trunk/github/pub/openGPMP/modules/calculus/differential.cpp
FN:105,111,_ZNK4gpmp12Differential14nth_derivativeEi
FN:113,119,_ZNK4gpmp12Differential4evalEd
FN:121,129,_ZNK4gpmp12Differential8limit_atEd
FN:131,157,_ZNK4gpmp12Differential17limit_at_infinityEv
FN:138,140,_ZZNK4gpmp12Differential17limit_at_infinityEvENKUlRKT_RKT0_E_clINS_4TermES9_EEDaS3_S6_
FN:46,48,_ZN4gpmp12Differential8add_termEdi
FN:50,66,_ZNK4gpmp12Differential7displayEv
FN:68,78,_ZNK4gpmp12Differential10power_ruleEv
FN:81,103,_ZNK4gpmp12Differential10chain_ruleERKS0_
FNDA:0,_ZNK4gpmp12Differential14nth_derivativeEi
FNDA:0,_ZNK4gpmp12Differential4evalEd
FNDA:0,_ZNK4gpmp12Differential8limit_atEd
FNDA:0,_ZNK4gpmp12Differential17limit_at_infinityEv
FNDA:0,_ZZNK4gpmp12Differential17limit_at_infinityEvENKUlRKT_RKT0_E_clINS_4TermES9_EEDaS3_S6_
FNDA:24,_ZN4gpmp12Differential8add_termEdi
FNDA:0,_ZNK4gpmp12Differential7displayEv
FNDA:3,_ZNK4gpmp12Differential10power_ruleEv
FNDA:0,_ZNK4gpmp12Differential10chain_ruleERKS0_
FNF:9
FNH:2
DA:46,24
DA:47,24
DA:48,24
DA:50,0
DA:51,0
DA:52,0
DA:53,0
DA:54,0
DA:55,0
DA:56,0
DA:58,0
DA:61,0
DA:62,0
DA:65,0
DA:66,0
DA:68,3
DA:69,3
DA:70,12
DA:71,9
DA:72,6
DA:73,6
DA:74,6
DA:77,3
DA:78,0
DA:81,0
DA:82,0
DA:84,0
DA:86,0
DA:90,0
DA:91,0
DA:95,0
DA:96,0
DA:97,0
DA:98,0
DA:100,0
DA:102,0
DA:103,0
DA:105,0
DA:106,0
DA:107,0
DA:108,0
DA:110,0
DA:111,0
DA:113,0
DA:114,0
DA:115,0
DA:116,0
DA:118,0
DA:121,0
DA:122,0
DA:124,0
DA:125,0
DA:128,0
DA:131,0
DA:134,0
DA:136,0
DA:138,0
DA:139,0
DA:140,0
DA:142,0
DA:145,0
DA:146,0
DA:147,0
DA:151,0
DA:156,0
LF:65
LH:11
end_of_record
TN:
SF:/home/akiel/Desktop/trunk/github/pub/openGPMP/modules/core/datatable.cpp
FN:149,216,_ZN4gpmp4core9DataTable8datetimeENSt7__cxx1112basic_stringIcSt11char_traitsIcESaIcEEEbbb
FN:219,248,_ZN4gpmp4core9DataTable4sortERKSt6vectorINSt7__cxx1112basic_stringIcSt11char_traitsIcESaIcEEESaIS8_EEb
FN:234,247,_ZZN4gpmp4core9DataTable4sortERKSt6vectorINSt7__cxx1112basic_stringIcSt11char_traitsIcESaIcEEESaIS8_EEbENKUlSC_SC_E_clESC_SC_
FN:252,316,_ZN4gpmp4core9DataTable8group_byESt6vectorINSt7__cxx1112basic_stringIcSt11char_traitsIcESaIcEEESaIS8_EE
FN:292,295,_ZZN4gpmp4core9DataTable8group_byESt6vectorINSt7__cxx1112basic_stringIcSt11char_traitsIcESaIcEEESaIS8_EEENKUlRKSt4pairISA_SB_ISA_S2_ISA_SaISA_EEEEE_clESH_
FN:319,344,_ZNK4gpmp4core9DataTable5firstERKSt6vectorISt4pairIS2_INSt7__cxx1112basic_stringIcSt11char_traitsIcESaIcEEESaIS9_EES2_ISB_SaISB_EEESaISE_EE
FN:349,369,_ZN4gpmp4core9DataTable10str_to_intESt4pairISt6vectorINSt7__cxx1112basic_stringIcSt11char_traitsIcESaIcEEESaIS9_EES3_ISB_SaISB_EEE
FN:372,392,_ZN4gpmp4core9DataTable13str_to_doubleESt4pairISt6vectorINSt7__cxx1112basic_stringIcSt11char_traitsIcESaIcEEESaIS9_EES3_ISB_SaISB_EEE
FN:59,143,_ZN4gpmp4core9DataTable8csv_readENSt7__cxx1112basic_stringIcSt11char_traitsIcESaIcEEESt6vectorIS7_SaIS7_EE
FNDA:0,_ZN4gpmp4core9DataTable8datetimeENSt7__cxx1112basic_stringIcSt11char_traitsIcESaIcEEEbbb
FNDA:0,_ZN4gpmp4core9DataTable4sortERKSt6vectorINSt7__cxx1112basic_stringIcSt11char_traitsIcESaIcEEESaIS8_EEb
FNDA:0,_ZZN4gpmp4core9DataTable4sortERKSt6vectorINSt7__cxx1112basic_stringIcSt11char_traitsIcESaIcEEESaIS8_EEbENKUlSC_SC_E_clESC_SC_
FNDA:0,_ZN4gpmp4core9DataTable8group_byESt6vectorINSt7__cxx1112basic_stringIcSt11char_traitsIcESaIcEEESaIS8_EE
FNDA:0,_ZZN4gpmp4core9DataTable8group_byESt6vectorINSt7__cxx1112basic_stringIcSt11char_traitsIcESaIcEEESaIS8_EEENKUlRKSt4pairISA_SB_ISA_S2_ISA_SaISA_EEEEE_clESH_
FNDA:0,_ZNK4gpmp4core9DataTable5firstERKSt6vectorISt4pairIS2_INSt7__cxx1112basic_stringIcSt11char_traitsIcESaIcEEESaIS9_EES2_ISB_SaISB_EEESaISE_EE
FNDA:0,_ZN4gpmp4core9DataTable10str_to_intESt4pairISt6vectorINSt7__cxx1112basic_stringIcSt11char_traitsIcESaIcEEESaIS9_EES3_ISB_SaISB_EEE
FNDA:0,_ZN4gpmp4core9DataTable13str_to_doubleESt4pairISt6vectorINSt7__cxx1112basic_stringIcSt11char_traitsIcESaIcEEESaIS9_EES3_ISB_SaISB_EEE
FNDA:0,_ZN4gpmp4core9DataTable8csv_readENSt7__cxx1112basic_stringIcSt11char_traitsIcESaIcEEESt6vectorIS7_SaIS7_EE
FNF:9
FNH:0
DA:59,0
DA:62,0
DA:63,0
DA:65,0
DA:66,0
DA:69,0
DA:71,0
DA:73,0
DA:75,0
DA:76,0
DA:77,0
DA:80,0
DA:81,0
DA:82,0
DA:85,0
DA:86,0
DA:87,0
DA:88,0
DA:90,0
DA:91,0
DA:95,0
DA:96,0
DA:100,0
DA:101,0
DA:102,0
DA:104,0
DA:105,0
DA:106,0
DA:107,0
DA:112,0
DA:113,0
DA:114,0
DA:115,0
DA:116,0
DA:118,0
DA:120,0
DA:122,0
DA:123,0
DA:126,0
DA:129,0
DA:130,0
DA:132,0
DA:135,0
DA:137,0
DA:139,0
DA:140,0
DA:142,0
DA:143,0
DA:149,0
DA:154,0
DA:155,0
DA:156,0
DA:157,0
DA:159,0
DA:162,0
DA:163,0
DA:166,0
DA:167,0
DA:169,0
DA:170,0
DA:172,0
DA:175,0
DA:176,0
DA:179,0
DA:182,0
DA:183,0
DA:184,0
DA:186,0
DA:187,0
DA:188,0
DA:190,0
DA:191,0
DA:192,0
DA:196,0
DA:198,0
DA:199,0
DA:202,0
DA:203,0
DA:204,0
DA:205,0
DA:206,0
DA:207,0
DA:210,0
DA:213,0
DA:215,0
DA:216,0
DA:219,0
DA:222,0
DA:223,0
DA:224,0
DA:225,0
DA:226,0
DA:227,0
DA:232,0
DA:234,0
DA:236,0
DA:237,0
DA:238,0
DA:239,0
DA:241,0
DA:246,0
DA:248,0
DA:252,0
DA:254,0
DA:257,0
DA:258,0
DA:262,0
DA:265,0
DA:266,0
DA:267,0
DA:270,0
DA:272,0
DA:277,0
DA:280,0
DA:282,0
DA:284,0
DA:285,0
DA:289,0
DA:292,0
DA:294,0
DA:297,0
DA:299,0
DA:300,0
DA:301,0
DA:304,0
DA:305,0
DA:308,0
DA:310,0
DA:311,0
DA:315,0
DA:316,0
DA:319,0
DA:321,0
DA:323,0
DA:324,0
DA:327,0
DA:329,0
DA:330,0
DA:331,0
DA:332,0
DA:336,0
DA:338,0
DA:341,0
DA:342,0
DA:344,0
DA:349,0
DA:350,0
DA:352,0
DA:354,0
DA:355,0
DA:358,0
DA:359,0
DA:360,0
DA:362,0
DA:363,0
DA:366,0
DA:367,0
DA:368,0
DA:369,0
DA:372,0
DA:373,0
DA:375,0
DA:376,0
DA:377,0
DA:381,0
DA:382,0
DA:383,0
DA:384,0
DA:385,0
DA:388,0
DA:389,0
DA:391,0
DA:392,0
LF:173
LH:0
end_of_record
TN:
SF:/home/akiel/Desktop/trunk/github/pub/openGPMP/modules/core/utils.cpp
FN:110,123,_ZN4gpmp4core6Logger19getCurrentTimestampB5cxx11Ev
FN:125,132,_ZN4gpmp4core6Logger16formatLogMessageERKNSt7__cxx1112basic_stringIcSt11char_traitsIcESaIcEEES9_
FN:46,49,_ZN4gpmp4core6LoggerC2E8LogLevelb
FN:51,55,_ZN4gpmp4core6LoggerD2Ev
FN:57,59,_ZN4gpmp4core6Logger11setLogLevelE8LogLevel
FN:61,63,_ZN4gpmp4core6Logger16enableTimestampsEb
FN:65,67,_ZN4gpmp4core6Logger17setLogDestinationE14LogDestination
FN:69,75,_ZN4gpmp4core6Logger10setLogFileERKNSt7__cxx1112basic_stringIcSt11char_traitsIcESaIcEEE
FN:77,93,_ZN4gpmp4core6Logger3logE8LogLevelRKNSt7__cxx1112basic_stringIcSt11char_traitsIcESaIcEEE
FN:95,108,_ZN4gpmp4core6Logger12getLogPrefixB5cxx11E8LogLevel
FNDA:0,_ZN4gpmp4core6Logger19getCurrentTimestampB5cxx11Ev
FNDA:0,_ZN4gpmp4core6Logger16formatLogMessageERKNSt7__cxx1112basic_stringIcSt11char_traitsIcESaIcEEES9_
FNDA:6,_ZN4gpmp4core6LoggerC2E8LogLevelb
FNDA:6,_ZN4gpmp4core6LoggerD2Ev
FNDA:0,_ZN4gpmp4core6Logger11setLogLevelE8LogLevel
FNDA:0,_ZN4gpmp4core6Logger16enableTimestampsEb
FNDA:0,_ZN4gpmp4core6Logger17setLogDestinationE14LogDestination
FNDA:0,_ZN4gpmp4core6Logger10setLogFileERKNSt7__cxx1112basic_stringIcSt11char_traitsIcESaIcEEE
FNDA:0,_ZN4gpmp4core6Logger3logE8LogLevelRKNSt7__cxx1112basic_stringIcSt11char_traitsIcESaIcEEE
FNDA:0,_ZN4gpmp4core6Logger12getLogPrefixB5cxx11E8LogLevel
FNF:10
FNH:2
DA:46,6
DA:47,6
DA:48,6
DA:49,6
DA:51,6
DA:52,6
DA:53,0
DA:55,6
DA:57,0
DA:58,0
DA:59,0
DA:61,0
DA:62,0
DA:63,0
DA:65,0
DA:66,0
DA:67,0
DA:69,0
DA:70,0
DA:71,0
DA:72,0
DA:73,0
DA:75,0
DA:77,0
DA:78,0
DA:79,0
DA:80,0
DA:82,0
DA:83,0
DA:84,0
DA:86,0
DA:89,0
DA:90,0
DA:92,0
DA:93,0
DA:95,0
DA:96,0
DA:97,0
DA:98,0
DA:99,0
DA:100,0
DA:101,0
DA:102,0
DA:103,0
DA:104,0
DA:105,0
DA:106,0
DA:110,0
DA:111,0
DA:112,0
DA:113,0
DA:114,0
DA:115,0
DA:116,0
DA:118,0
DA:120,0
DA:122,0
DA:123,0
DA:125,0
DA:127,0
DA:128,0
DA:129,0
DA:131,0
DA:132,0
LF:64
LH:7
end_of_record
TN:
SF:/home/akiel/Desktop/trunk/github/pub/openGPMP/modules/disct/graphs.cpp
FN:118,139,_ZN4gpmp5Graph12bellman_fordEi
FN:141,170,_ZN4gpmp5Graph7kruskalEv
FN:172,209,_ZN4gpmp5Graph14floyd_warshallEv
FN:211,227,_ZN4gpmp5Graph9topo_sortEv
FN:229,242,_ZN4gpmp5Graph14topo_sort_utilEiRSt6vectorIbSaIbEERSt5stackIiSt5dequeIiSaIiEEE
FN:244,248,_ZN4gpmp5Graph4findERSt6vectorIiSaIiEEi
FN:250,254,_ZN4gpmp5Graph10union_setsERSt6vectorIiSaIiEEii
FN:256,269,_ZN4gpmp5Graph20connected_componentsEv
FN:271,298,_ZN4gpmp5Graph12is_bipartiteEv
FN:300,353,_ZN4gpmp5Graph22betweenness_centralityEv
FN:355,367,_ZN4gpmp5Graph24dfs_connected_componentsEiRSt6vectorIbSaIbEERS1_IiSaIiEE
FN:369,381,_ZN4gpmp5Graph23has_hamiltonian_circuitEv
FN:383,395,_ZN4gpmp5Graph17has_eulerian_pathEv
FN:397,431,_ZN4gpmp5Graph24hamiltonian_circuit_utilEiRSt6vectorIbSaIbEERS1_IiSaIiEEi
FN:433,455,_ZN4gpmp5Graph12eccentricityEi
FN:458,467,_ZN4gpmp5Graph6radiusEv
FN:46,49,_ZN4gpmp5Graph8add_edgeEiii
FN:469,510,_ZN4gpmp5Graph16chromatic_numberEv
FN:51,54,_ZN4gpmp5Graph3dfsEi
FN:513,535,_ZN4gpmp5Graph15greedy_coloringEv
FN:537,556,_ZN4gpmp5Graph17match_cardinalityEv
FN:559,589,_ZN4gpmp5Graph8match_wtEv
FN:56,65,_ZN4gpmp5Graph7dfs_recEiRSt6vectorIbSaIbEE
FN:574,574,_ZZN4gpmp5Graph8match_wtEvENKUlRKT_RKT0_E_clISt4pairIS9_IiiEiESB_EEDaS3_S6_
FN:591,595,_ZN4gpmp5Graph9is_planarEv
FN:599,623,_ZN4gpmp5Graph10planar_genEid
FN:626,652,_ZN4gpmp5Graph6has_k5Ev
FN:656,671,_ZN4gpmp5Graph7has_k33Ev
FN:67,86,_ZN4gpmp5Graph3bfsEi
FN:674,685,_ZN4gpmp5Graph6is_k33ERKSt3setIiSt4lessIiESaIiEE
FN:688,693,_ZN4gpmp5Graph11euclid_distERKSt4pairIddES4_
FN:695,718,_ZN4gpmp5Graph8compressEv
FN:721,745,_ZN4gpmp5Graph10decompressERKSt6vectorImSaImEE
FN:88,116,_ZN4gpmp5Graph8dijkstraEi
FNDA:0,_ZN4gpmp5Graph12bellman_fordEi
FNDA:0,_ZN4gpmp5Graph7kruskalEv
FNDA:0,_ZN4gpmp5Graph14floyd_warshallEv
FNDA:0,_ZN4gpmp5Graph9topo_sortEv
FNDA:0,_ZN4gpmp5Graph14topo_sort_utilEiRSt6vectorIbSaIbEERSt5stackIiSt5dequeIiSaIiEEE
FNDA:0,_ZN4gpmp5Graph4findERSt6vectorIiSaIiEEi
FNDA:0,_ZN4gpmp5Graph10union_setsERSt6vectorIiSaIiEEii
FNDA:0,_ZN4gpmp5Graph20connected_componentsEv
FNDA:0,_ZN4gpmp5Graph12is_bipartiteEv
FNDA:0,_ZN4gpmp5Graph22betweenness_centralityEv
FNDA:0,_ZN4gpmp5Graph24dfs_connected_componentsEiRSt6vectorIbSaIbEERS1_IiSaIiEE
FNDA:0,_ZN4gpmp5Graph23has_hamiltonian_circuitEv
FNDA:0,_ZN4gpmp5Graph17has_eulerian_pathEv
FNDA:0,_ZN4gpmp5Graph24hamiltonian_circuit_utilEiRSt6vectorIbSaIbEERS1_IiSaIiEEi
FNDA:0,_ZN4gpmp5Graph12eccentricityEi
FNDA:0,_ZN4gpmp5Graph6radiusEv
FNDA:9,_ZN4gpmp5Graph8add_edgeEiii
FNDA:0,_ZN4gpmp5Graph16chromatic_numberEv
FNDA:0,_ZN4gpmp5Graph3dfsEi
FNDA:0,_ZN4gpmp5Graph15greedy_coloringEv
FNDA:0,_ZN4gpmp5Graph17match_cardinalityEv
FNDA:0,_ZN4gpmp5Graph8match_wtEv
FNDA:0,_ZN4gpmp5Graph7dfs_recEiRSt6vectorIbSaIbEE
FNDA:0,_ZZN4gpmp5Graph8match_wtEvENKUlRKT_RKT0_E_clISt4pairIS9_IiiEiESB_EEDaS3_S6_
FNDA:0,_ZN4gpmp5Graph9is_planarEv
FNDA:0,_ZN4gpmp5Graph10planar_genEid
FNDA:0,_ZN4gpmp5Graph6has_k5Ev
FNDA:0,_ZN4gpmp5Graph7has_k33Ev
FNDA:0,_ZN4gpmp5Graph3bfsEi
FNDA:0,_ZN4gpmp5Graph6is_k33ERKSt3setIiSt4lessIiESaIiEE
FNDA:0,_ZN4gpmp5Graph11euclid_distERKSt4pairIddES4_
FNDA:0,_ZN4gpmp5Graph8compressEv
FNDA:0,_ZN4gpmp5Graph10decompressERKSt6vectorImSaImEE
FNDA:0,_ZN4gpmp5Graph8dijkstraEi
FNF:34
FNH:1
DA:46,9
DA:47,9
DA:48,9
DA:49,9
DA:51,0
DA:52,0
DA:53,0
DA:54,0
DA:56,0
DA:57,0
DA:58,0
DA:60,0
DA:61,0
DA:62,0
DA:65,0
DA:67,0
DA:68,0
DA:69,0
DA:71,0
DA:72,0
DA:74,0
DA:75,0
DA:76,0
DA:77,0
DA:79,0
DA:80,0
DA:81,0
DA:82,0
DA:86,0
DA:88,0
DA:92,0
DA:93,0
DA:95,0
DA:96,0
DA:98,0
DA:99,0
DA:100,0
DA:102,0
DA:103,0
DA:104,0
DA:106,0
DA:107,0
DA:108,0
DA:113,0
DA:114,0
DA:115,0
DA:116,0
DA:118,0
DA:119,0
DA:120,0
DA:122,0
DA:123,0
DA:124,0
DA:125,0
DA:126,0
DA:128,0
DA:129,0
DA:130,0
DA:136,0
DA:137,0
DA:138,0
DA:139,0
DA:141,0
DA:142,0
DA:143,0
DA:144,0
DA:145,0
DA:146,0
DA:147,0
DA:151,0
DA:153,0
DA:154,0
DA:156,0
DA:157,0
DA:158,0
DA:160,0
DA:161,0
DA:163,0
DA:164,0
DA:165,0
DA:169,0
DA:170,0
DA:172,0
DA:174,0
DA:175,0
DA:177,0
DA:178,0
DA:179,0
DA:180,0
DA:181,0
DA:182,0
DA:186,0
DA:187,0
DA:188,0
DA:189,0
DA:190,0
DA:191,0
DA:192,0
DA:198,0
DA:199,0
DA:200,0
DA:201,0
DA:202,0
DA:203,0
DA:205,0
DA:206,0
DA:209,0
DA:211,0
DA:212,0
DA:213,0
DA:215,0
DA:216,0
DA:217,0
DA:221,0
DA:222,0
DA:223,0
DA:224,0
DA:226,0
DA:227,0
DA:229,0
DA:232,0
DA:234,0
DA:235,0
DA:236,0
DA:237,0
DA:241,0
DA:242,0
DA:244,0
DA:245,0
DA:246,0
DA:247,0
DA:250,0
DA:251,0
DA:252,0
DA:253,0
DA:254,0
DA:256,0
DA:257,0
DA:258,0
DA:260,0
DA:261,0
DA:262,0
DA:263,0
DA:264,0
DA:265,0
DA:268,0
DA:269,0
DA:271,0
DA:272,0
DA:273,0
DA:275,0
DA:276,0
DA:277,0
DA:278,0
DA:280,0
DA:281,0
DA:282,0
DA:284,0
DA:285,0
DA:286,0
DA:287,0
DA:288,0
DA:289,0
DA:290,0
DA:297,0
DA:298,0
DA:300,0
DA:301,0
DA:303,0
DA:304,0
DA:305,0
DA:306,0
DA:307,0
DA:308,0
DA:310,0
DA:311,0
DA:312,0
DA:314,0
DA:315,0
DA:316,0
DA:317,0
DA:319,0
DA:320,0
DA:321,0
DA:322,0
DA:323,0
DA:326,0
DA:327,0
DA:328,0
DA:333,0
DA:335,0
DA:336,0
DA:337,0
DA:339,0
DA:340,0
DA:341,0
DA:342,0
DA:343,0
DA:346,0
DA:347,0
DA:350,0
DA:352,0
DA:353,0
DA:355,0
DA:358,0
DA:359,0
DA:361,0
DA:362,0
DA:363,0
DA:364,0
DA:367,0
DA:369,0
DA:370,0
DA:371,0
DA:373,0
DA:374,0
DA:375,0
DA:376,0
DA:380,0
DA:381,0
DA:383,0
DA:386,0
DA:388,0
DA:389,0
DA:390,0
DA:394,0
DA:397,0
DA:401,0
DA:402,0
DA:404,0
DA:407,0
DA:408,0
DA:409,0
DA:415,0
DA:416,0
DA:417,0
DA:421,0
DA:428,0
DA:429,0
DA:430,0
DA:433,0
DA:434,0
DA:435,0
DA:437,0
DA:438,0
DA:440,0
DA:441,0
DA:442,0
DA:444,0
DA:445,0
DA:446,0
DA:447,0
DA:448,0
DA:454,0
DA:455,0
DA:458,0
DA:459,0
DA:461,0
DA:462,0
DA:463,0
DA:466,0
DA:469,0
DA:470,0
DA:473,0
DA:477,0
DA:478,0
DA:479,0
DA:480,0
DA:481,0
DA:486,0
DA:487,0
DA:488,0
DA:489,0
DA:490,0
DA:495,0
DA:498,0
DA:499,0
DA:500,0
DA:501,0
DA:507,0
DA:509,0
DA:510,0
DA:513,0
DA:514,0
DA:517,0
DA:518,0
DA:519,0
DA:520,0
DA:521,0
DA:522,0
DA:526,0
DA:527,0
DA:528,0
DA:529,0
DA:532,0
DA:534,0
DA:535,0
DA:537,0
DA:538,0
DA:541,0
DA:542,0
DA:543,0
DA:544,0
DA:545,0
DA:546,0
DA:547,0
DA:548,0
DA:549,0
DA:555,0
DA:556,0
DA:559,0
DA:560,0
DA:563,0
DA:564,0
DA:565,0
DA:566,0
DA:567,0
DA:568,0
DA:572,0
DA:573,0
DA:574,0
DA:578,0
DA:579,0
DA:580,0
DA:581,0
DA:582,0
DA:583,0
DA:584,0
DA:588,0
DA:589,0
DA:591,0
DA:594,0
DA:599,0
DA:600,0
DA:601,0
DA:604,0
DA:605,0
DA:606,0
DA:607,0
DA:608,0
DA:613,0
DA:614,0
DA:615,0
DA:616,0
DA:619,0
DA:623,0
DA:626,0
DA:627,0
DA:628,0
DA:629,0
DA:630,0
DA:631,0
DA:634,0
DA:635,0
DA:636,0
DA:637,0
DA:638,0
DA:642,0
DA:643,0
DA:644,0
DA:647,0
DA:648,0
DA:651,0
DA:656,0
DA:657,0
DA:658,0
DA:659,0
DA:660,0
DA:661,0
DA:664,0
DA:665,0
DA:667,0
DA:670,0
DA:674,0
DA:675,0
DA:676,0
DA:677,0
DA:678,0
DA:682,0
DA:684,0
DA:688,0
DA:690,0
DA:691,0
DA:692,0
DA:695,0
DA:696,0
DA:697,0
DA:699,0
DA:701,0
DA:702,0
DA:705,0
DA:708,0
DA:709,0
DA:712,0
DA:713,0
DA:717,0
DA:718,0
DA:721,0
DA:722,0
DA:723,0
DA:725,0
DA:727,0
DA:728,0
DA:729,0
DA:730,0
DA:734,0
DA:737,0
DA:740,0
DA:741,0
DA:742,0
DA:745,0
LF:411
LH:4
end_of_record
TN:
SF:/home/akiel/Desktop/trunk/github/pub/openGPMP/modules/linalg/eigen.cpp
FN:111,119,_ZNK4gpmp6linalg5Eigen11determinantEv
FN:121,146,_ZNK4gpmp6linalg5Eigen11sensitivityEd
FN:148,175,_ZNK4gpmp6linalg5Eigen12schur_decompERSt6vectorIS2_IdSaIdEESaIS4_EEd
FN:17,60,_ZNK4gpmp6linalg5Eigen10power_iterEid
FN:178,201,_ZNK4gpmp6linalg5Eigen18jordan_normal_formEd
FN:62,109,_ZNK4gpmp6linalg5Eigen12qr_algorithmEid
FN:8,15,_ZN4gpmp6linalg5EigenC2ERKSt6vectorIS2_IdSaIdEESaIS4_EE
FNDA:0,_ZNK4gpmp6linalg5Eigen11determinantEv
FNDA:0,_ZNK4gpmp6linalg5Eigen11sensitivityEd
FNDA:0,_ZNK4gpmp6linalg5Eigen12schur_decompERSt6vectorIS2_IdSaIdEESaIS4_EEd
FNDA:0,_ZNK4gpmp6linalg5Eigen10power_iterEid
FNDA:0,_ZNK4gpmp6linalg5Eigen18jordan_normal_formEd
FNDA:0,_ZNK4gpmp6linalg5Eigen12qr_algorithmEid
FNDA:0,_ZN4gpmp6linalg5EigenC2ERKSt6vectorIS2_IdSaIdEESaIS4_EE
FNF:7
FNH:0
DA:8,0
DA:9,0
DA:11,0
DA:13,0
DA:15,0
DA:17,0
DA:19,0
DA:20,0
DA:22,0
DA:24,0
DA:25,0
DA:26,0
DA:27,0
DA:32,0
DA:33,0
DA:34,0
DA:38,0
DA:39,0
DA:43,0
DA:44,0
DA:45,0
DA:48,0
DA:50,0
DA:53,0
DA:57,0
DA:59,0
DA:60,0
DA:62,0
DA:64,0
DA:67,0
DA:69,0
DA:71,0
DA:72,0
DA:73,0
DA:74,0
DA:75,0
DA:78,0
DA:80,0
DA:82,0
DA:83,0
DA:84,0
DA:89,0
DA:90,0
DA:91,0
DA:94,0
DA:96,0
DA:97,0
DA:98,0
DA:101,0
DA:102,0
DA:106,0
DA:108,0
DA:109,0
DA:111,0
DA:113,0
DA:114,0
DA:118,0
DA:119,0
DA:121,0
DA:122,0
DA:124,0
DA:125,0
DA:127,0
DA:128,0
DA:132,0
DA:133,0
DA:134,0
DA:138,0
DA:139,0
DA:141,0
DA:142,0
DA:145,0
DA:146,0
DA:148,0
DA:151,0
DA:153,0
DA:155,0
DA:156,0
DA:159,0
DA:160,0
DA:161,0
DA:162,0
DA:163,0
DA:165,0
DA:167,0
DA:169,0
DA:170,0
DA:171,0
DA:175,0
DA:178,0
DA:180,0
DA:181,0
DA:182,0
DA:184,0
DA:185,0
DA:188,0
DA:189,0
DA:190,0
DA:191,0
DA:195,0
DA:196,0
DA:200,0
DA:201,0
LF:103
LH:0
end_of_record
TN:
SF:/home/akiel/Desktop/trunk/github/pub/openGPMP/modules/linalg/linsys.cpp
FN:113,140,_ZN4gpmp6linalg6LinSys10invert_mtxEv
FN:141,155,_ZN4gpmp6linalg6LinSys9lu_decompEv
FN:157,174,_ZN4gpmp6linalg6LinSys8solve_luEv
FN:176,220,_ZN4gpmp6linalg6LinSys14solve_choleskyEv
FN:223,259,_ZN4gpmp6linalg6LinSys12solve_jacobiEid
FN:262,294,_ZNK4gpmp6linalg6LinSys12is_symmetricEv
FN:296,304,_ZNK4gpmp6linalg6LinSys14frobenius_normEv
FN:307,317,_ZNK4gpmp6linalg6LinSys8one_normEv
FN:320,330,_ZNK4gpmp6linalg6LinSys8inf_normEv
FN:333,351,_ZN4gpmp6linalg6LinSys12gram_schmidtEv
FN:354,368,_ZNK4gpmp6linalg6LinSys19diagonally_dominantEv
FN:371,385,_ZNK4gpmp6linalg6LinSys13is_consistentEv
FN:388,395,_ZNK4gpmp6linalg6LinSys14is_homogeneousEv
FN:39,43,_ZN4gpmp6linalg6LinSysC2ERKSt6vectorIS2_IdSaIdEESaIS4_EE
FN:46,53,_ZNK4gpmp6linalg6LinSys11display_mtxEv
FN:56,82,_ZN4gpmp6linalg6LinSys11solve_gaussEv
FN:85,110,_ZNK4gpmp6linalg6LinSys11determinantEv
FNDA:0,_ZN4gpmp6linalg6LinSys10invert_mtxEv
FNDA:0,_ZN4gpmp6linalg6LinSys9lu_decompEv
FNDA:0,_ZN4gpmp6linalg6LinSys8solve_luEv
FNDA:0,_ZN4gpmp6linalg6LinSys14solve_choleskyEv
FNDA:0,_ZN4gpmp6linalg6LinSys12solve_jacobiEid
FNDA:0,_ZNK4gpmp6linalg6LinSys12is_symmetricEv
FNDA:0,_ZNK4gpmp6linalg6LinSys14frobenius_normEv
FNDA:0,_ZNK4gpmp6linalg6LinSys8one_normEv
FNDA:0,_ZNK4gpmp6linalg6LinSys8inf_normEv
FNDA:0,_ZN4gpmp6linalg6LinSys12gram_schmidtEv
FNDA:0,_ZNK4gpmp6linalg6LinSys19diagonally_dominantEv
FNDA:0,_ZNK4gpmp6linalg6LinSys13is_consistentEv
FNDA:0,_ZNK4gpmp6linalg6LinSys14is_homogeneousEv
FNDA:0,_ZN4gpmp6linalg6LinSysC2ERKSt6vectorIS2_IdSaIdEESaIS4_EE
FNDA:0,_ZNK4gpmp6linalg6LinSys11display_mtxEv
FNDA:0,_ZN4gpmp6linalg6LinSys11solve_gaussEv
FNDA:0,_ZNK4gpmp6linalg6LinSys11determinantEv
FNF:17
FNH:0
DA:39,0
DA:40,0
DA:41,0
DA:42,0
DA:43,0
DA:46,0
DA:47,0
DA:48,0
DA:49,0
DA:51,0
DA:53,0
DA:56,0
DA:57,0
DA:59,0
DA:60,0
DA:61,0
DA:62,0
DA:64,0
DA:67,0
DA:68,0
DA:69,0
DA:70,0
DA:76,0
DA:77,0
DA:78,0
DA:80,0
DA:82,0
DA:85,0
DA:87,0
DA:88,0
DA:89,0
DA:90,0
DA:93,0
DA:94,0
DA:96,0
DA:97,0
DA:98,0
DA:99,0
DA:100,0
DA:105,0
DA:106,0
DA:109,0
DA:110,0
DA:113,0
DA:115,0
DA:117,0
DA:118,0
DA:119,0
DA:123,0
DA:124,0
DA:127,0
DA:128,0
DA:129,0
DA:130,0
DA:134,0
DA:137,0
DA:138,0
DA:140,0
DA:141,0
DA:142,0
DA:143,0
DA:144,0
DA:146,0
DA:148,0
DA:149,0
DA:150,0
DA:152,0
DA:155,0
DA:157,0
DA:158,0
DA:161,0
DA:162,0
DA:163,0
DA:168,0
DA:169,0
DA:170,0
DA:172,0
DA:174,0
DA:176,0
DA:178,0
DA:180,0
DA:183,0
DA:184,0
DA:185,0
DA:186,0
DA:187,0
DA:188,0
DA:190,0
DA:194,0
DA:195,0
DA:196,0
DA:198,0
DA:204,0
DA:205,0
DA:206,0
DA:207,0
DA:209,0
DA:213,0
DA:214,0
DA:215,0
DA:216,0
DA:218,0
DA:220,0
DA:223,0
DA:224,0
DA:225,0
DA:227,0
DA:228,0
DA:229,0
DA:230,0
DA:231,0
DA:232,0
DA:235,0
DA:239,0
DA:240,0
DA:241,0
DA:242,0
DA:243,0
DA:248,0
DA:249,0
DA:252,0
DA:256,0
DA:257,0
DA:259,0
DA:262,0
DA:264,0
DA:265,0
DA:269,0
DA:270,0
DA:271,0
DA:272,0
DA:278,0
DA:279,0
DA:280,0
DA:281,0
DA:282,0
DA:283,0
DA:287,0
DA:288,0
DA:289,0
DA:291,0
DA:293,0
DA:296,0
DA:297,0
DA:298,0
DA:299,0
DA:300,0
DA:303,0
DA:307,0
DA:308,0
DA:309,0
DA:310,0
DA:311,0
DA:312,0
DA:314,0
DA:316,0
DA:320,0
DA:321,0
DA:322,0
DA:323,0
DA:324,0
DA:325,0
DA:327,0
DA:329,0
DA:333,0
DA:335,0
DA:336,0
DA:338,0
DA:339,0
DA:340,0
DA:341,0
DA:342,0
DA:343,0
DA:345,0
DA:350,0
DA:351,0
DA:354,0
DA:355,0
DA:356,0
DA:357,0
DA:358,0
DA:359,0
DA:360,0
DA:363,0
DA:364,0
DA:367,0
DA:371,0
DA:372,0
DA:373,0
DA:374,0
DA:375,0
DA:376,0
DA:377,0
DA:380,0
DA:381,0
DA:384,0
DA:388,0
DA:389,0
DA:390,0
DA:391,0
DA:394,0
LF:201
LH:0
end_of_record
TN:
SF:/home/akiel/Desktop/trunk/github/pub/openGPMP/modules/linalg/mtx.cpp
FN:105,133,_ZN4gpmp6linalg3Mtx7mtx_addEPKaS3_Paii
FN:1359,1371,_ZN4gpmp6linalg3Mtx11std_mtx_addIaEEvPKT_S5_PS3_ii
FN:1359,1371,_ZN4gpmp6linalg3Mtx11std_mtx_addIdEEvPKT_S5_PS3_ii
FN:1359,1371,_ZN4gpmp6linalg3Mtx11std_mtx_addIfEEvPKT_S5_PS3_ii
FN:1359,1371,_ZN4gpmp6linalg3Mtx11std_mtx_addIiEEvPKT_S5_PS3_ii
FN:1359,1371,_ZN4gpmp6linalg3Mtx11std_mtx_addIsEEvPKT_S5_PS3_ii
FN:136,164,_ZN4gpmp6linalg3Mtx7mtx_addEPKsS3_Psii
FN:1412,1425,_ZN4gpmp6linalg3Mtx11std_mtx_addIdEEvRKSt6vectorIT_SaIS4_EES8_RS6_
FN:1412,1425,_ZN4gpmp6linalg3Mtx11std_mtx_addIfEEvRKSt6vectorIT_SaIS4_EES8_RS6_
FN:1412,1425,_ZN4gpmp6linalg3Mtx11std_mtx_addIiEEvRKSt6vectorIT_SaIS4_EES8_RS6_
FN:1448,1459,_ZN4gpmp6linalg3Mtx11std_mtx_addIdEEvRKSt6vectorIS3_IT_SaIS4_EESaIS6_EESA_RS8_
FN:1448,1459,_ZN4gpmp6linalg3Mtx11std_mtx_addIfEEvRKSt6vectorIS3_IT_SaIS4_EESaIS6_EESA_RS8_
FN:1448,1459,_ZN4gpmp6linalg3Mtx11std_mtx_addIiEEvRKSt6vectorIS3_IT_SaIS4_EESaIS6_EESA_RS8_
FN:1479,1490,_ZN4gpmp6linalg3Mtx11std_mtx_subIdEEvRKSt6vectorIS3_IT_SaIS4_EESaIS6_EESA_RS8_
FN:1479,1490,_ZN4gpmp6linalg3Mtx11std_mtx_subIfEEvRKSt6vectorIS3_IT_SaIS4_EESaIS6_EESA_RS8_
FN:1479,1490,_ZN4gpmp6linalg3Mtx11std_mtx_subIiEEvRKSt6vectorIS3_IT_SaIS4_EESaIS6_EESA_RS8_
FN:1510,1527,_ZN4gpmp6linalg3Mtx12std_mtx_multIdEEvRKSt6vectorIS3_IT_SaIS4_EESaIS6_EESA_RS8_
FN:1510,1527,_ZN4gpmp6linalg3Mtx12std_mtx_multIfEEvRKSt6vectorIS3_IT_SaIS4_EESaIS6_EESA_RS8_
FN:1510,1527,_ZN4gpmp6linalg3Mtx12std_mtx_multIiEEvRKSt6vectorIS3_IT_SaIS4_EESaIS6_EESA_RS8_
FN:167,204,_ZN4gpmp6linalg3Mtx7mtx_addEPKiS3_Piii
FN:207,237,_ZN4gpmp6linalg3Mtx7mtx_addEPKdS3_Pdii
FN:240,270,_ZN4gpmp6linalg3Mtx7mtx_addEPKfS3_Pfii
FN:278,315,_ZN4gpmp6linalg3Mtx7mtx_addERKSt6vectorIS2_IiSaIiEESaIS4_EES8_RS6_
FN:318,349,_ZN4gpmp6linalg3Mtx7mtx_addERKSt6vectorIS2_IdSaIdEESaIS4_EES8_RS6_
FN:352,383,_ZN4gpmp6linalg3Mtx7mtx_addERKSt6vectorIS2_IfSaIfEESaIS4_EES8_RS6_
FN:386,416,_ZN4gpmp6linalg3Mtx7mtx_subERKSt6vectorIS2_IiSaIiEESaIS4_EES8_RS6_
FN:419,446,_ZN4gpmp6linalg3Mtx7mtx_subERKSt6vectorIS2_IdSaIdEESaIS4_EES8_RS6_
FN:449,489,_ZN4gpmp6linalg3Mtx8mtx_multERKSt6vectorIS2_IiSaIiEESaIS4_EES8_RS6_
FN:492,531,_ZN4gpmp6linalg3Mtx8mtx_multERKSt6vectorIS2_IdSaIdEESaIS4_EES8_RS6_
FN:534,597,_ZN4gpmp6linalg3Mtx9mtx_tposeERSt6vectorIS2_IiSaIiEESaIS4_EE
FN:599,630,_ZN4gpmp6linalg3Mtx9mtx_tposeERSt6vectorIS2_IdSaIdEESaIS4_EE
FN:70,75,_ZN4gpmp6linalg3Mtx11mtx_add_f90EPfS2_S2_m
FN:78,83,_ZN4gpmp6linalg3Mtx11mtx_add_f90EPiS2_S2_m
FNDA:6,_ZN4gpmp6linalg3Mtx7mtx_addEPKaS3_Paii
FNDA:6,_ZN4gpmp6linalg3Mtx11std_mtx_addIaEEvPKT_S5_PS3_ii
FNDA:6,_ZN4gpmp6linalg3Mtx11std_mtx_addIdEEvPKT_S5_PS3_ii
FNDA:0,_ZN4gpmp6linalg3Mtx11std_mtx_addIfEEvPKT_S5_PS3_ii
FNDA:9,_ZN4gpmp6linalg3Mtx11std_mtx_addIiEEvPKT_S5_PS3_ii
FNDA:6,_ZN4gpmp6linalg3Mtx11std_mtx_addIsEEvPKT_S5_PS3_ii
FNDA:6,_ZN4gpmp6linalg3Mtx7mtx_addEPKsS3_Psii
FNDA:0,_ZN4gpmp6linalg3Mtx11std_mtx_addIdEEvRKSt6vectorIT_SaIS4_EES8_RS6_
FNDA:0,_ZN4gpmp6linalg3Mtx11std_mtx_addIfEEvRKSt6vectorIT_SaIS4_EES8_RS6_
FNDA:0,_ZN4gpmp6linalg3Mtx11std_mtx_addIiEEvRKSt6vectorIT_SaIS4_EES8_RS6_
FNDA:6,_ZN4gpmp6linalg3Mtx11std_mtx_addIdEEvRKSt6vectorIS3_IT_SaIS4_EESaIS6_EESA_RS8_
FNDA:0,_ZN4gpmp6linalg3Mtx11std_mtx_addIfEEvRKSt6vectorIS3_IT_SaIS4_EESaIS6_EESA_RS8_
FNDA:6,_ZN4gpmp6linalg3Mtx11std_mtx_addIiEEvRKSt6vectorIS3_IT_SaIS4_EESaIS6_EESA_RS8_
FNDA:0,_ZN4gpmp6linalg3Mtx11std_mtx_subIdEEvRKSt6vectorIS3_IT_SaIS4_EESaIS6_EESA_RS8_
FNDA:0,_ZN4gpmp6linalg3Mtx11std_mtx_subIfEEvRKSt6vectorIS3_IT_SaIS4_EESaIS6_EESA_RS8_
FNDA:0,_ZN4gpmp6linalg3Mtx11std_mtx_subIiEEvRKSt6vectorIS3_IT_SaIS4_EESaIS6_EESA_RS8_
FNDA:0,_ZN4gpmp6linalg3Mtx12std_mtx_multIdEEvRKSt6vectorIS3_IT_SaIS4_EESaIS6_EESA_RS8_
FNDA:0,_ZN4gpmp6linalg3Mtx12std_mtx_multIfEEvRKSt6vectorIS3_IT_SaIS4_EESaIS6_EESA_RS8_
FNDA:0,_ZN4gpmp6linalg3Mtx12std_mtx_multIiEEvRKSt6vectorIS3_IT_SaIS4_EESaIS6_EESA_RS8_
FNDA:6,_ZN4gpmp6linalg3Mtx7mtx_addEPKiS3_Piii
FNDA:6,_ZN4gpmp6linalg3Mtx7mtx_addEPKdS3_Pdii
FNDA:0,_ZN4gpmp6linalg3Mtx7mtx_addEPKfS3_Pfii
FNDA:6,_ZN4gpmp6linalg3Mtx7mtx_addERKSt6vectorIS2_IiSaIiEESaIS4_EES8_RS6_
FNDA:6,_ZN4gpmp6linalg3Mtx7mtx_addERKSt6vectorIS2_IdSaIdEESaIS4_EES8_RS6_
FNDA:0,_ZN4gpmp6linalg3Mtx7mtx_addERKSt6vectorIS2_IfSaIfEESaIS4_EES8_RS6_
FNDA:0,_ZN4gpmp6linalg3Mtx7mtx_subERKSt6vectorIS2_IiSaIiEESaIS4_EES8_RS6_
FNDA:0,_ZN4gpmp6linalg3Mtx7mtx_subERKSt6vectorIS2_IdSaIdEESaIS4_EES8_RS6_
FNDA:0,_ZN4gpmp6linalg3Mtx8mtx_multERKSt6vectorIS2_IiSaIiEESaIS4_EES8_RS6_
FNDA:0,_ZN4gpmp6linalg3Mtx8mtx_multERKSt6vectorIS2_IdSaIdEESaIS4_EES8_RS6_
FNDA:0,_ZN4gpmp6linalg3Mtx9mtx_tposeERSt6vectorIS2_IiSaIiEESaIS4_EE
FNDA:0,_ZN4gpmp6linalg3Mtx9mtx_tposeERSt6vectorIS2_IdSaIdEESaIS4_EE
FNDA:0,_ZN4gpmp6linalg3Mtx11mtx_add_f90EPfS2_S2_m
FNDA:0,_ZN4gpmp6linalg3Mtx11mtx_add_f90EPiS2_S2_m
FNF:33
FNH:12
DA:70,0
DA:74,0
DA:75,0
DA:78,0
DA:82,0
DA:83,0
DA:105,6
DA:111,4278
DA:112,4272
DA:113,116976
DA:114,112704
DA:115,112704
DA:116,112704
DA:117,112704
DA:118,112704
DA:119,112704
DA:122,112704
DA:125,112704
DA:129,23472
DA:130,19200
DA:133,6
DA:136,6
DA:142,3978
DA:143,3972
DA:144,216780
DA:145,212808
DA:146,212808
DA:147,212808
DA:148,212808
DA:149,212808
DA:150,212808
DA:153,212808
DA:156,212808
DA:160,14772
DA:161,10800
DA:164,6
DA:167,6
DA:173,6
DA:174,3075
DA:175,3072
DA:177,396288
DA:179,393216
DA:180,393216
DA:181,393216
DA:182,393216
DA:183,393216
DA:184,393216
DA:187,393216
DA:191,393216
DA:196,3072
DA:197,0
DA:202,3
DA:204,6
DA:207,6
DA:212,6
DA:213,3270
DA:214,3264
DA:216,792768
DA:218,789504
DA:219,789504
DA:220,1579008
DA:222,789504
DA:225,789504
DA:229,3264
DA:230,0
DA:235,0
DA:237,6
DA:240,0
DA:245,0
DA:246,0
DA:247,0
DA:249,0
DA:251,0
DA:252,0
DA:253,0
DA:255,0
DA:258,0
DA:262,0
DA:263,0
DA:268,0
DA:270,0
DA:278,6
DA:281,6
DA:282,6
DA:284,6
DA:285,3270
DA:286,3264
DA:288,398016
DA:290,394752
DA:291,394752
DA:292,394752
DA:293,394752
DA:294,394752
DA:295,394752
DA:298,394752
DA:301,394752
DA:305,3264
DA:306,0
DA:313,0
DA:315,6
DA:318,6
DA:321,6
DA:322,6
DA:324,6
DA:325,3270
DA:326,3264
DA:328,792768
DA:330,789504
DA:331,789504
DA:332,1579008
DA:335,789504
DA:338,789504
DA:342,3264
DA:343,0
DA:347,0
DA:349,6
DA:352,0
DA:355,0
DA:356,0
DA:358,0
DA:359,0
DA:360,0
DA:362,0
DA:364,0
DA:365,0
DA:366,0
DA:369,0
DA:372,0
DA:376,0
DA:377,0
DA:381,0
DA:383,0
DA:386,0
DA:389,0
DA:390,0
DA:392,0
DA:393,0
DA:395,0
DA:398,0
DA:400,0
DA:402,0
DA:405,0
DA:408,0
DA:412,0
DA:413,0
DA:416,0
DA:419,0
DA:422,0
DA:423,0
DA:425,0
DA:426,0
DA:428,0
DA:430,0
DA:431,0
DA:432,0
DA:435,0
DA:438,0
DA:442,0
DA:443,0
DA:446,0
DA:449,0
DA:452,0
DA:453,0
DA:454,0
DA:456,0
DA:457,0
DA:459,0
DA:461,0
DA:463,0
DA:464,0
DA:465,0
DA:468,0
DA:471,0
DA:475,0
DA:479,0
DA:480,0
DA:482,0
DA:483,0
DA:486,0
DA:489,0
DA:492,0
DA:495,0
DA:496,0
DA:497,0
DA:499,0
DA:500,0
DA:502,0
DA:504,0
DA:506,0
DA:507,0
DA:510,0
DA:513,0
DA:517,0
DA:521,0
DA:522,0
DA:524,0
DA:525,0
DA:528,0
DA:531,0
DA:534,0
DA:535,0
DA:536,0
DA:538,0
DA:539,0
DA:540,0
DA:541,0
DA:542,0
DA:543,0
DA:544,0
DA:545,0
DA:546,0
DA:547,0
DA:548,0
DA:549,0
DA:550,0
DA:551,0
DA:552,0
DA:553,0
DA:554,0
DA:555,0
DA:560,0
DA:561,0
DA:562,0
DA:563,0
DA:564,0
DA:565,0
DA:566,0
DA:567,0
DA:569,0
DA:570,0
DA:571,0
DA:572,0
DA:573,0
DA:574,0
DA:575,0
DA:576,0
DA:579,0
DA:581,0
DA:583,0
DA:585,0
DA:587,0
DA:589,0
DA:591,0
DA:593,0
DA:597,0
DA:599,0
DA:600,0
DA:601,0
DA:603,0
DA:604,0
DA:605,0
DA:606,0
DA:607,0
DA:608,0
DA:613,0
DA:614,0
DA:615,0
DA:616,0
DA:618,0
DA:619,0
DA:620,0
DA:621,0
DA:624,0
DA:625,0
DA:626,0
DA:627,0
DA:630,0
DA:1359,27
DA:1365,15711
DA:1366,13564020
DA:1368,13548336
DA:1371,27
DA:1412,0
DA:1416,0
DA:1417,0
DA:1419,0
DA:1420,0
DA:1422,0
DA:1425,0
DA:1448,12
DA:1451,12
DA:1453,6540
DA:1454,6322560
DA:1456,6316032
DA:1459,12
DA:1479,0
DA:1482,0
DA:1484,0
DA:1485,0
DA:1487,0
DA:1490,0
DA:1510,0
DA:1516,0
DA:1517,0
DA:1519,0
DA:1520,0
DA:1521,0
DA:1522,0
DA:1523,0
DA:1527,0
LF:300
LH:100
end_of_record
TN:
SF:/home/akiel/Desktop/trunk/github/pub/openGPMP/modules/linalg/mtx_routines.f90
FN:41,50,mtx_add_routine_float_
FN:52,61,mtx_add_routine_int_
FN:70,86,mtx_mult_
FNDA:0,mtx_add_routine_float_
FNDA:0,mtx_add_routine_int_
FNDA:0,mtx_mult_
FNF:3
FNH:0
DA:41,0
DA:49,0
DA:50,0
DA:52,0
DA:60,0
DA:61,0
DA:70,0
DA:78,0
DA:79,0
DA:80,0
DA:81,0
DA:82,0
DA:86,0
LF:13
LH:0
end_of_record
TN:
SF:/home/akiel/Desktop/trunk/github/pub/openGPMP/modules/ml/bayes_clf.cpp
FN:100,100,_ZZN4gpmp2ml8BayesClf5trainERKSt6vectorIS2_IdSaIdEESaIS4_EERKS2_INSt7__cxx1112basic_stringIcSt11char_traitsIcESaIcEEESaISE_EEENKUldRKT_E_clISt4pairIKSE_dEEEDadSL_
FN:110,110,_ZZN4gpmp2ml8BayesClf5trainERKSt6vectorIS2_IdSaIdEESaIS4_EERKS2_INSt7__cxx1112basic_stringIcSt11char_traitsIcESaIcEEESaISE_EEENKUlRKT_E_clISt4pairIKSE_dEEEDaSL_
FN:115,134,_ZNK4gpmp2ml8BayesClf7predictB5cxx11ERKSt6vectorIdSaIdEE
FN:136,155,_ZNK4gpmp2ml8BayesClf7displayEv
FN:156,188,_ZN4gpmp2ml14BayesBernoulli5trainERKSt6vectorIS2_ImSaImEESaIS4_EERKS2_INSt7__cxx1112basic_stringIcSt11char_traitsIcESaIcEEESaISE_EE
FN:192,211,_ZNK4gpmp2ml14BayesBernoulli7predictB5cxx11ERKSt6vectorImSaImEE
FN:213,227,_ZNK4gpmp2ml14BayesBernoulli7displayEv
FN:229,244,_ZN4gpmp2ml10BayesGauss5trainERKSt6vectorIS2_IdSaIdEESaIS4_EERKS2_INSt7__cxx1112basic_stringIcSt11char_traitsIcESaIcEEESaISE_EE
FN:246,297,_ZN4gpmp2ml10BayesGauss12mean_and_varERKSt6vectorIS2_IdSaIdEESaIS4_EERKS2_INSt7__cxx1112basic_stringIcSt11char_traitsIcESaIcEEESaISE_EE
FN:300,322,_ZNK4gpmp2ml10BayesGauss7predictB5cxx11ERKSt6vectorIdSaIdEE
FN:324,343,_ZNK4gpmp2ml10BayesGauss7displayEv
FN:345,350,_ZN4gpmp2ml13BayesMultiNomC2EdbRKSt6vectorIdSaIdEE
FN:352,353,_ZN4gpmp2ml13BayesMultiNomD2Ev
FN:355,418,_ZN4gpmp2ml13BayesMultiNom5trainERKSt6vectorIS2_ImSaImEESaIS4_EERKS2_INSt7__cxx1112basic_stringIcSt11char_traitsIcESaIcEEESaISE_EE
FN:406,406,_ZZN4gpmp2ml13BayesMultiNom5trainERKSt6vectorIS2_ImSaImEESaIS4_EERKS2_INSt7__cxx1112basic_stringIcSt11char_traitsIcESaIcEEESaISE_EEENKUldRKT_E_clISt4pairIKSE_dEEEDadSL_
FN:416,416,_ZZN4gpmp2ml13BayesMultiNom5trainERKSt6vectorIS2_ImSaImEESaIS4_EERKS2_INSt7__cxx1112basic_stringIcSt11char_traitsIcESaIcEEESaISE_EEENKUlRKT_E_clISt4pairIKSE_dEEEDaSL_
FN:421,440,_ZNK4gpmp2ml13BayesMultiNom7predictB5cxx11ERKSt6vectorImSaImEE
FN:43,48,_ZN4gpmp2ml8BayesClfC2EdbRKSt6vectorIdSaIdEE
FN:442,461,_ZNK4gpmp2ml13BayesMultiNom7displayEv
FN:50,51,_ZN4gpmp2ml8BayesClfD2Ev
FN:53,112,_ZN4gpmp2ml8BayesClf5trainERKSt6vectorIS2_IdSaIdEESaIS4_EERKS2_INSt7__cxx1112basic_stringIcSt11char_traitsIcESaIcEEESaISE_EE
FNDA:0,_ZZN4gpmp2ml8BayesClf5trainERKSt6vectorIS2_IdSaIdEESaIS4_EERKS2_INSt7__cxx1112basic_stringIcSt11char_traitsIcESaIcEEESaISE_EEENKUldRKT_E_clISt4pairIKSE_dEEEDadSL_
FNDA:0,_ZZN4gpmp2ml8BayesClf5trainERKSt6vectorIS2_IdSaIdEESaIS4_EERKS2_INSt7__cxx1112basic_stringIcSt11char_traitsIcESaIcEEESaISE_EEENKUlRKT_E_clISt4pairIKSE_dEEEDaSL_
FNDA:0,_ZNK4gpmp2ml8BayesClf7predictB5cxx11ERKSt6vectorIdSaIdEE
FNDA:0,_ZNK4gpmp2ml8BayesClf7displayEv
FNDA:0,_ZN4gpmp2ml14BayesBernoulli5trainERKSt6vectorIS2_ImSaImEESaIS4_EERKS2_INSt7__cxx1112basic_stringIcSt11char_traitsIcESaIcEEESaISE_EE
FNDA:0,_ZNK4gpmp2ml14BayesBernoulli7predictB5cxx11ERKSt6vectorImSaImEE
FNDA:0,_ZNK4gpmp2ml14BayesBernoulli7displayEv
FNDA:0,_ZN4gpmp2ml10BayesGauss5trainERKSt6vectorIS2_IdSaIdEESaIS4_EERKS2_INSt7__cxx1112basic_stringIcSt11char_traitsIcESaIcEEESaISE_EE
FNDA:0,_ZN4gpmp2ml10BayesGauss12mean_and_varERKSt6vectorIS2_IdSaIdEESaIS4_EERKS2_INSt7__cxx1112basic_stringIcSt11char_traitsIcESaIcEEESaISE_EE
FNDA:0,_ZNK4gpmp2ml10BayesGauss7predictB5cxx11ERKSt6vectorIdSaIdEE
FNDA:0,_ZNK4gpmp2ml10BayesGauss7displayEv
FNDA:0,_ZN4gpmp2ml13BayesMultiNomC2EdbRKSt6vectorIdSaIdEE
FNDA:0,_ZN4gpmp2ml13BayesMultiNomD2Ev
FNDA:0,_ZN4gpmp2ml13BayesMultiNom5trainERKSt6vectorIS2_ImSaImEESaIS4_EERKS2_INSt7__cxx1112basic_stringIcSt11char_traitsIcESaIcEEESaISE_EE
FNDA:0,_ZZN4gpmp2ml13BayesMultiNom5trainERKSt6vectorIS2_ImSaImEESaIS4_EERKS2_INSt7__cxx1112basic_stringIcSt11char_traitsIcESaIcEEESaISE_EEENKUldRKT_E_clISt4pairIKSE_dEEEDadSL_
FNDA:0,_ZZN4gpmp2ml13BayesMultiNom5trainERKSt6vectorIS2_ImSaImEESaIS4_EERKS2_INSt7__cxx1112basic_stringIcSt11char_traitsIcESaIcEEESaISE_EEENKUlRKT_E_clISt4pairIKSE_dEEEDaSL_
FNDA:0,_ZNK4gpmp2ml13BayesMultiNom7predictB5cxx11ERKSt6vectorImSaImEE
FNDA:0,_ZN4gpmp2ml8BayesClfC2EdbRKSt6vectorIdSaIdEE
FNDA:0,_ZNK4gpmp2ml13BayesMultiNom7displayEv
FNDA:0,_ZN4gpmp2ml8BayesClfD2Ev
FNDA:0,_ZN4gpmp2ml8BayesClf5trainERKSt6vectorIS2_IdSaIdEESaIS4_EERKS2_INSt7__cxx1112basic_stringIcSt11char_traitsIcESaIcEEESaISE_EE
FNF:21
FNH:0
DA:43,0
DA:45,0
DA:46,0
DA:47,0
DA:48,0
DA:50,0
DA:51,0
DA:53,0
DA:56,0
DA:57,0
DA:61,0
DA:62,0
DA:63,0
DA:65,0
DA:68,0
DA:69,0
DA:72,0
DA:73,0
DA:78,0
DA:79,0
DA:80,0
DA:81,0
DA:84,0
DA:85,0
DA:88,0
DA:89,0
DA:90,0
DA:95,0
DA:96,0
DA:100,0
DA:102,0
DA:103,0
DA:106,0
DA:110,0
DA:112,0
DA:115,0
DA:116,0
DA:117,0
DA:119,0
DA:120,0
DA:121,0
DA:123,0
DA:124,0
DA:127,0
DA:128,0
DA:129,0
DA:133,0
DA:134,0
DA:136,0
DA:137,0
DA:138,0
DA:139,0
DA:142,0
DA:143,0
DA:144,0
DA:145,0
DA:146,0
DA:147,0
DA:151,0
DA:152,0
DA:153,0
DA:155,0
DA:156,0
DA:159,0
DA:160,0
DA:162,0
DA:163,0
DA:166,0
DA:169,0
DA:170,0
DA:172,0
DA:175,0
DA:176,0
DA:177,0
DA:178,0
DA:181,0
DA:182,0
DA:183,0
DA:184,0
DA:185,0
DA:188,0
DA:192,0
DA:193,0
DA:194,0
DA:196,0
DA:197,0
DA:199,0
DA:200,0
DA:201,0
DA:204,0
DA:205,0
DA:206,0
DA:210,0
DA:211,0
DA:213,0
DA:214,0
DA:215,0
DA:216,0
DA:219,0
DA:220,0
DA:221,0
DA:222,0
DA:223,0
DA:224,0
DA:227,0
DA:229,0
DA:232,0
DA:233,0
DA:237,0
DA:240,0
DA:241,0
DA:242,0
DA:244,0
DA:246,0
DA:249,0
DA:251,0
DA:252,0
DA:253,0
DA:255,0
DA:258,0
DA:259,0
DA:260,0
DA:264,0
DA:265,0
DA:270,0
DA:271,0
DA:272,0
DA:274,0
DA:275,0
DA:280,0
DA:281,0
DA:282,0
DA:284,0
DA:285,0
DA:289,0
DA:290,0
DA:291,0
DA:293,0
DA:294,0
DA:297,0
DA:300,0
DA:301,0
DA:302,0
DA:304,0
DA:305,0
DA:306,0
DA:308,0
DA:309,0
DA:310,0
DA:311,0
DA:312,0
DA:315,0
DA:316,0
DA:317,0
DA:321,0
DA:322,0
DA:324,0
DA:325,0
DA:326,0
DA:327,0
DA:330,0
DA:331,0
DA:332,0
DA:333,0
DA:334,0
DA:335,0
DA:337,0
DA:338,0
DA:339,0
DA:341,0
DA:343,0
DA:345,0
DA:347,0
DA:348,0
DA:349,0
DA:350,0
DA:352,0
DA:353,0
DA:355,0
DA:358,0
DA:359,0
DA:362,0
DA:363,0
DA:367,0
DA:368,0
DA:369,0
DA:371,0
DA:374,0
DA:375,0
DA:378,0
DA:379,0
DA:384,0
DA:385,0
DA:386,0
DA:387,0
DA:390,0
DA:391,0
DA:394,0
DA:395,0
DA:396,0
DA:401,0
DA:402,0
DA:406,0
DA:408,0
DA:409,0
DA:412,0
DA:416,0
DA:418,0
DA:421,0
DA:422,0
DA:423,0
DA:425,0
DA:426,0
DA:427,0
DA:429,0
DA:430,0
DA:433,0
DA:434,0
DA:435,0
DA:439,0
DA:440,0
DA:442,0
DA:443,0
DA:444,0
DA:445,0
DA:448,0
DA:449,0
DA:450,0
DA:451,0
DA:452,0
DA:453,0
DA:457,0
DA:458,0
DA:459,0
DA:461,0
LF:235
LH:0
end_of_record
TN:
SF:/home/akiel/Desktop/trunk/github/pub/openGPMP/modules/ml/encoder.cpp
FN:118,124,_ZN4gpmp2ml11AutoEncoder7sigmoidERKSt6vectorIdSaIdEE
FN:127,151,_ZN4gpmp2ml11AutoEncoder7forwardERKSt6vectorIdSaIdEE
FN:153,202,_ZN4gpmp2ml11AutoEncoder5trainERKSt6vectorIS2_IdSaIdEESaIS4_EEi
FN:204,220,_ZN4gpmp2ml11AutoEncoder7displayEv
FN:222,230,_ZN4gpmp2ml17SparseAutoEncoderC2Eiiiddd
FN:232,282,_ZN4gpmp2ml17SparseAutoEncoder5trainERKSt6vectorIS2_IdSaIdEESaIS4_EEi
FN:284,291,_ZN4gpmp2ml20DenoisingAutoEncoderC2Eiiidd
FN:293,334,_ZN4gpmp2ml20DenoisingAutoEncoder5trainERKSt6vectorIS2_IdSaIdEESaIS4_EEi
FN:336,343,_ZN4gpmp2ml22ContractiveAutoEncoderC2Eiiidd
FN:345,377,_ZN4gpmp2ml22ContractiveAutoEncoder5trainERKSt6vectorIS2_IdSaIdEESaIS4_EEi
FN:379,385,_ZN4gpmp2ml14MDLAutoEncoderC2Eiiidd
FN:387,418,_ZN4gpmp2ml14MDLAutoEncoder5trainERKSt6vectorIS2_IdSaIdEESaIS4_EEi
FN:42,58,_ZNK4gpmp2ml11AutoEncoder4saveERKNSt7__cxx1112basic_stringIcSt11char_traitsIcESaIcEEE
FN:420,426,_ZN4gpmp2ml19ConcreteAutoEncoderC2Eiiidd
FN:428,469,_ZN4gpmp2ml19ConcreteAutoEncoder5trainERKSt6vectorIS2_IdSaIdEESaIS4_EEi
FN:471,476,_ZN4gpmp2ml22VariationalAutoEncoderC2Eiiid
FN:478,482,_ZN4gpmp2ml22VariationalAutoEncoder11sample_distEv
FN:484,488,_ZN4gpmp2ml22VariationalAutoEncoder14reparameterizeEdd
FN:491,503,_ZN4gpmp2ml22VariationalAutoEncoder7encoderERKSt6vectorIdSaIdEE
FN:505,518,_ZN4gpmp2ml22VariationalAutoEncoder7decoderERKSt6vectorIdSaIdEE
FN:520,551,_ZN4gpmp2ml22VariationalAutoEncoder16gradient_descentERKSt6vectorIdSaIdEES6_S6_
FN:553,578,_ZN4gpmp2ml22VariationalAutoEncoder5trainERKSt6vectorIS2_IdSaIdEESaIS4_EEi
FN:580,586,_ZN4gpmp2ml20RecurrentAutoEncoderC2Eiiid
FN:588,632,_ZN4gpmp2ml20RecurrentAutoEncoder5trainERKSt6vectorIS2_IdSaIdEESaIS4_EEi
FN:60,76,_ZN4gpmp2ml11AutoEncoder4loadERKNSt7__cxx1112basic_stringIcSt11char_traitsIcESaIcEEE
FN:634,655,_ZN4gpmp2ml20RecurrentAutoEncoder10recurr_fwdERKSt6vectorIdSaIdEES6_
FN:657,662,_ZN4gpmp2ml15FullAutoEncoderC2Eiiid
FN:664,695,_ZN4gpmp2ml15FullAutoEncoder5trainERKSt6vectorIS2_IdSaIdEESaIS4_EEi
FN:78,80,_ZN4gpmp2ml11AutoEncoder9lrate_setEd
FN:82,91,_ZN4gpmp2ml11AutoEncoder12lrate_updateEi
FN:93,115,_ZN4gpmp2ml11AutoEncoderC2Eiiid
FNDA:0,_ZN4gpmp2ml11AutoEncoder7sigmoidERKSt6vectorIdSaIdEE
FNDA:0,_ZN4gpmp2ml11AutoEncoder7forwardERKSt6vectorIdSaIdEE
FNDA:0,_ZN4gpmp2ml11AutoEncoder5trainERKSt6vectorIS2_IdSaIdEESaIS4_EEi
FNDA:0,_ZN4gpmp2ml11AutoEncoder7displayEv
FNDA:0,_ZN4gpmp2ml17SparseAutoEncoderC2Eiiiddd
FNDA:0,_ZN4gpmp2ml17SparseAutoEncoder5trainERKSt6vectorIS2_IdSaIdEESaIS4_EEi
FNDA:0,_ZN4gpmp2ml20DenoisingAutoEncoderC2Eiiidd
FNDA:0,_ZN4gpmp2ml20DenoisingAutoEncoder5trainERKSt6vectorIS2_IdSaIdEESaIS4_EEi
FNDA:0,_ZN4gpmp2ml22ContractiveAutoEncoderC2Eiiidd
FNDA:0,_ZN4gpmp2ml22ContractiveAutoEncoder5trainERKSt6vectorIS2_IdSaIdEESaIS4_EEi
FNDA:0,_ZN4gpmp2ml14MDLAutoEncoderC2Eiiidd
FNDA:0,_ZN4gpmp2ml14MDLAutoEncoder5trainERKSt6vectorIS2_IdSaIdEESaIS4_EEi
FNDA:0,_ZNK4gpmp2ml11AutoEncoder4saveERKNSt7__cxx1112basic_stringIcSt11char_traitsIcESaIcEEE
FNDA:0,_ZN4gpmp2ml19ConcreteAutoEncoderC2Eiiidd
FNDA:0,_ZN4gpmp2ml19ConcreteAutoEncoder5trainERKSt6vectorIS2_IdSaIdEESaIS4_EEi
FNDA:0,_ZN4gpmp2ml22VariationalAutoEncoderC2Eiiid
FNDA:0,_ZN4gpmp2ml22VariationalAutoEncoder11sample_distEv
FNDA:0,_ZN4gpmp2ml22VariationalAutoEncoder14reparameterizeEdd
FNDA:0,_ZN4gpmp2ml22VariationalAutoEncoder7encoderERKSt6vectorIdSaIdEE
FNDA:0,_ZN4gpmp2ml22VariationalAutoEncoder7decoderERKSt6vectorIdSaIdEE
FNDA:0,_ZN4gpmp2ml22VariationalAutoEncoder16gradient_descentERKSt6vectorIdSaIdEES6_S6_
FNDA:0,_ZN4gpmp2ml22VariationalAutoEncoder5trainERKSt6vectorIS2_IdSaIdEESaIS4_EEi
FNDA:0,_ZN4gpmp2ml20RecurrentAutoEncoderC2Eiiid
FNDA:0,_ZN4gpmp2ml20RecurrentAutoEncoder5trainERKSt6vectorIS2_IdSaIdEESaIS4_EEi
FNDA:0,_ZN4gpmp2ml11AutoEncoder4loadERKNSt7__cxx1112basic_stringIcSt11char_traitsIcESaIcEEE
FNDA:0,_ZN4gpmp2ml20RecurrentAutoEncoder10recurr_fwdERKSt6vectorIdSaIdEES6_
FNDA:0,_ZN4gpmp2ml15FullAutoEncoderC2Eiiid
FNDA:0,_ZN4gpmp2ml15FullAutoEncoder5trainERKSt6vectorIS2_IdSaIdEESaIS4_EEi
FNDA:0,_ZN4gpmp2ml11AutoEncoder9lrate_setEd
FNDA:0,_ZN4gpmp2ml11AutoEncoder12lrate_updateEi
FNDA:0,_ZN4gpmp2ml11AutoEncoderC2Eiiid
FNF:31
FNH:0
DA:42,0
DA:43,0
DA:45,0
DA:46,0
DA:47,0
DA:48,0
DA:49,0
DA:50,0
DA:51,0
DA:53,0
DA:54,0
DA:56,0
DA:58,0
DA:60,0
DA:61,0
DA:63,0
DA:64,0
DA:65,0
DA:67,0
DA:68,0
DA:69,0
DA:71,0
DA:72,0
DA:74,0
DA:76,0
DA:78,0
DA:79,0
DA:80,0
DA:82,0
DA:84,0
DA:85,0
DA:86,0
DA:87,0
DA:88,0
DA:91,0
DA:93,0
DA:96,0
DA:97,0
DA:98,0
DA:101,0
DA:102,0
DA:104,0
DA:105,0
DA:107,0
DA:110,0
DA:111,0
DA:112,0
DA:115,0
DA:118,0
DA:119,0
DA:120,0
DA:121,0
DA:123,0
DA:124,0
DA:127,0
DA:129,0
DA:130,0
DA:133,0
DA:134,0
DA:135,0
DA:136,0
DA:138,0
DA:142,0
DA:143,0
DA:144,0
DA:145,0
DA:147,0
DA:150,0
DA:151,0
DA:153,0
DA:156,0
DA:157,0
DA:159,0
DA:160,0
DA:163,0
DA:164,0
DA:165,0
DA:166,0
DA:168,0
DA:172,0
DA:173,0
DA:174,0
DA:175,0
DA:177,0
DA:181,0
DA:182,0
DA:183,0
DA:184,0
DA:188,0
DA:189,0
DA:190,0
DA:191,0
DA:192,0
DA:193,0
DA:195,0
DA:196,0
DA:197,0
DA:200,0
DA:202,0
DA:204,0
DA:205,0
DA:206,0
DA:207,0
DA:208,0
DA:210,0
DA:213,0
DA:214,0
DA:215,0
DA:216,0
DA:218,0
DA:220,0
DA:222,0
DA:227,0
DA:228,0
DA:229,0
DA:230,0
DA:232,0
DA:236,0
DA:238,0
DA:239,0
DA:241,0
DA:244,0
DA:245,0
DA:246,0
DA:247,0
DA:248,0
DA:252,0
DA:253,0
DA:254,0
DA:255,0
DA:256,0
DA:257,0
DA:261,0
DA:263,0
DA:264,0
DA:265,0
DA:269,0
DA:270,0
DA:271,0
DA:272,0
DA:273,0
DA:274,0
DA:275,0
DA:276,0
DA:277,0
DA:278,0
DA:280,0
DA:282,0
DA:284,0
DA:288,0
DA:290,0
DA:291,0
DA:293,0
DA:296,0
DA:298,0
DA:299,0
DA:301,0
DA:302,0
DA:303,0
DA:305,0
DA:310,0
DA:313,0
DA:314,0
DA:315,0
DA:316,0
DA:320,0
DA:321,0
DA:322,0
DA:323,0
DA:324,0
DA:325,0
DA:327,0
DA:328,0
DA:329,0
DA:332,0
DA:334,0
DA:336,0
DA:340,0
DA:342,0
DA:343,0
DA:345,0
DA:348,0
DA:349,0
DA:351,0
DA:354,0
DA:355,0
DA:356,0
DA:357,0
DA:361,0
DA:362,0
DA:363,0
DA:364,0
DA:365,0
DA:366,0
DA:369,0
DA:370,0
DA:371,0
DA:372,0
DA:375,0
DA:377,0
DA:379,0
DA:383,0
DA:384,0
DA:385,0
DA:387,0
DA:390,0
DA:391,0
DA:393,0
DA:396,0
DA:397,0
DA:398,0
DA:399,0
DA:403,0
DA:404,0
DA:405,0
DA:406,0
DA:407,0
DA:408,0
DA:410,0
DA:411,0
DA:412,0
DA:413,0
DA:416,0
DA:418,0
DA:420,0
DA:424,0
DA:425,0
DA:426,0
DA:428,0
DA:431,0
DA:432,0
DA:434,0
DA:435,0
DA:437,0
DA:438,0
DA:439,0
DA:441,0
DA:442,0
DA:443,0
DA:444,0
DA:448,0
DA:449,0
DA:450,0
DA:451,0
DA:455,0
DA:456,0
DA:457,0
DA:458,0
DA:459,0
DA:460,0
DA:462,0
DA:463,0
DA:464,0
DA:467,0
DA:469,0
DA:471,0
DA:474,0
DA:475,0
DA:476,0
DA:478,0
DA:479,0
DA:480,0
DA:481,0
DA:484,0
DA:486,0
DA:487,0
DA:491,0
DA:492,0
DA:494,0
DA:495,0
DA:496,0
DA:497,0
DA:499,0
DA:502,0
DA:503,0
DA:505,0
DA:507,0
DA:509,0
DA:510,0
DA:511,0
DA:512,0
DA:514,0
DA:517,0
DA:518,0
DA:520,0
DA:524,0
DA:525,0
DA:526,0
DA:527,0
DA:531,0
DA:532,0
DA:533,0
DA:534,0
DA:535,0
DA:538,0
DA:541,0
DA:542,0
DA:543,0
DA:544,0
DA:545,0
DA:546,0
DA:547,0
DA:548,0
DA:551,0
DA:553,0
DA:556,0
DA:557,0
DA:558,0
DA:560,0
DA:561,0
DA:563,0
DA:564,0
DA:566,0
DA:567,0
DA:568,0
DA:572,0
DA:575,0
DA:576,0
DA:578,0
DA:580,0
DA:583,0
DA:585,0
DA:586,0
DA:588,0
DA:591,0
DA:592,0
DA:594,0
DA:596,0
DA:597,0
DA:600,0
DA:601,0
DA:602,0
DA:603,0
DA:607,0
DA:608,0
DA:609,0
DA:610,0
DA:611,0
DA:612,0
DA:614,0
DA:615,0
DA:616,0
DA:621,0
DA:622,0
DA:623,0
DA:624,0
DA:625,0
DA:629,0
DA:630,0
DA:631,0
DA:632,0
DA:634,0
DA:637,0
DA:641,0
DA:642,0
DA:643,0
DA:644,0
DA:646,0
DA:647,0
DA:651,0
DA:654,0
DA:655,0
DA:657,0
DA:660,0
DA:661,0
DA:662,0
DA:664,0
DA:667,0
DA:668,0
DA:670,0
DA:671,0
DA:674,0
DA:675,0
DA:676,0
DA:677,0
DA:681,0
DA:682,0
DA:683,0
DA:684,0
DA:685,0
DA:686,0
DA:688,0
DA:689,0
DA:690,0
DA:693,0
DA:695,0
LF:386
LH:0
end_of_record
TN:
SF:/home/akiel/Desktop/trunk/github/pub/openGPMP/modules/ml/mlp_network.cpp
FN:115,140,_ZN4gpmp2ml10PrimaryMLPD2Ev
FN:48,51,_ZN4gpmp2ml10PrimaryMLP9rand_initEv
FN:54,56,_ZN4gpmp2ml10PrimaryMLP8rand_intEll
FN:59,61,_ZN4gpmp2ml10PrimaryMLP9rand_realEee
FN:64,112,_ZN4gpmp2ml10PrimaryMLPC2ElPl
FNDA:0,_ZN4gpmp2ml10PrimaryMLPD2Ev
FNDA:0,_ZN4gpmp2ml10PrimaryMLP9rand_initEv
FNDA:0,_ZN4gpmp2ml10PrimaryMLP8rand_intEll
FNDA:0,_ZN4gpmp2ml10PrimaryMLP9rand_realEee
FNDA:0,_ZN4gpmp2ml10PrimaryMLPC2ElPl
FNF:5
FNH:0
DA:48,0
DA:49,0
DA:51,0
DA:54,0
DA:55,0
DA:59,0
DA:60,0
DA:64,0
DA:65,0
DA:66,0
DA:70,0
DA:71,0
DA:74,0
DA:76,0
DA:77,0
DA:80,0
DA:82,0
DA:84,0
DA:87,0
DA:91,0
DA:92,0
DA:94,0
DA:95,0
DA:97,0
DA:98,0
DA:106,0
DA:107,0
DA:108,0
DA:112,0
DA:115,0
DA:120,0
DA:121,0
DA:122,0
DA:124,0
DA:125,0
DA:128,0
DA:129,0
DA:132,0
DA:133,0
DA:137,0
DA:139,0
DA:140,0
LF:42
LH:0
end_of_record
TN:
SF:/home/akiel/Desktop/trunk/github/pub/openGPMP/modules/nt/cipher.cpp
FN:46,61,_ZN4gpmp6Cipher6caesarENSt7__cxx1112basic_stringIcSt11char_traitsIcESaIcEEEl
FN:63,97,_ZN4gpmp6Cipher14keyword_encodeENSt7__cxx1112basic_stringIcSt11char_traitsIcESaIcEEE
FN:99,123,_ZN4gpmp6Cipher7keywordENSt7__cxx1112basic_stringIcSt11char_traitsIcESaIcEEES6_
FNDA:9,_ZN4gpmp6Cipher6caesarENSt7__cxx1112basic_stringIcSt11char_traitsIcESaIcEEEl
FNDA:9,_ZN4gpmp6Cipher14keyword_encodeENSt7__cxx1112basic_stringIcSt11char_traitsIcESaIcEEE
FNDA:9,_ZN4gpmp6Cipher7keywordENSt7__cxx1112basic_stringIcSt11char_traitsIcESaIcEEES6_
FNF:3
FNH:3
DA:46,9
DA:47,9
DA:49,108
DA:51,99
DA:53,60
DA:56,39
DA:60,9
DA:61,0
DA:63,9
DA:64,9
DA:66,9
DA:70,75
DA:71,66
DA:76,15
DA:77,15
DA:78,15
DA:80,51
DA:81,45
DA:82,42
DA:83,42
DA:90,243
DA:91,234
DA:92,177
DA:93,177
DA:96,18
DA:97,0
DA:99,9
DA:101,9
DA:107,81
DA:108,72
DA:109,42
DA:110,42
DA:113,30
DA:114,18
DA:115,18
DA:119,12
DA:122,9
DA:123,0
LF:38
LH:35
end_of_record
TN:
SF:/home/akiel/Desktop/trunk/github/pub/openGPMP/modules/nt/factorization.cpp
FN:81,140,_ZN4gpmp13Factorization11pollard_rhoEm
FNDA:0,_ZN4gpmp13Factorization11pollard_rhoEm
FNF:1
FNH:0
DA:81,0
DA:84,0
DA:87,0
DA:88,0
DA:92,0
DA:93,0
DA:97,0
DA:98,0
DA:99,0
DA:104,0
DA:105,0
DA:108,0
DA:112,0
DA:114,0
DA:115,0
DA:116,0
DA:120,0
DA:121,0
DA:122,0
DA:124,0
DA:125,0
DA:126,0
DA:130,0
DA:134,0
DA:135,0
DA:139,0
LF:26
LH:0
end_of_record
TN:
SF:/home/akiel/Desktop/trunk/github/pub/openGPMP/modules/nt/logarithms.cpp
FN:58,95,_ZN4gpmp10Logarithms15pollard_rho_logEmmm
FN:98,122,_ZN4gpmp10Logarithms4BSGSEmmm
FNDA:0,_ZN4gpmp10Logarithms15pollard_rho_logEmmm
FNDA:0,_ZN4gpmp10Logarithms4BSGSEmmm
FNF:2
FNH:0
DA:58,0
DA:59,0
DA:66,0
DA:67,0
DA:68,0
DA:69,0
DA:73,0
DA:74,0
DA:75,0
DA:76,0
DA:77,0
DA:78,0
DA:79,0
DA:83,0
DA:84,0
DA:86,0
DA:87,0
DA:88,0
DA:89,0
DA:90,0
DA:91,0
DA:93,0
DA:95,0
DA:98,0
DA:99,0
DA:101,0
DA:104,0
DA:105,0
DA:108,0
DA:110,0
DA:113,0
DA:114,0
DA:116,0
DA:117,0
DA:121,0
DA:122,0
LF:36
LH:0
end_of_record
TN:
SF:/home/akiel/Desktop/trunk/github/pub/openGPMP/modules/nt/prime_gen.cpp
FN:51,76,_ZN4gpmp12PrimalityGen21sieve_of_eratosthenesEm
FNDA:0,_ZN4gpmp12PrimalityGen21sieve_of_eratosthenesEm
FNF:1
FNH:0
DA:51,0
DA:55,0
DA:56,0
DA:58,0
DA:60,0
DA:65,0
DA:66,0
DA:71,0
DA:72,0
DA:73,0
DA:76,0
LF:11
LH:0
end_of_record
TN:
SF:/home/akiel/Desktop/trunk/github/pub/openGPMP/modules/nt/prime_test.cpp
FN:104,116,_ZN4gpmp13PrimalityTest8is_primeEm
FN:121,166,_ZN4gpmp13PrimalityTest20compute_miller_rabinEmm
FN:168,183,_ZN4gpmp13PrimalityTest7witnessEmmmm
FN:185,207,_ZN4gpmp13PrimalityTest18miller_rabin_primeEmm
FN:209,226,_ZN4gpmp13PrimalityTest12miller_rabinEmmm
FN:228,272,_ZN4gpmp13PrimalityTest3AKSEm
FN:277,319,_ZN4gpmp13PrimalityTest15jacobian_numberEmm
FN:327,344,_ZN4gpmp13PrimalityTest16solovoy_strassenEmm
FN:351,360,_ZN4gpmp13PrimalityTest14carmichael_numEm
FN:410,420,_ZN4gpmp13PrimalityTest3ETFEm
FN:61,71,_ZN4gpmp13PrimalityTest7mod_mulEmmm
FN:74,85,_ZN4gpmp13PrimalityTest7mod_powEmmm
FNDA:24,_ZN4gpmp13PrimalityTest8is_primeEm
FNDA:0,_ZN4gpmp13PrimalityTest20compute_miller_rabinEmm
FNDA:36,_ZN4gpmp13PrimalityTest7witnessEmmmm
FNDA:21,_ZN4gpmp13PrimalityTest18miller_rabin_primeEmm
FNDA:0,_ZN4gpmp13PrimalityTest12miller_rabinEmmm
FNDA:0,_ZN4gpmp13PrimalityTest3AKSEm
FNDA:174,_ZN4gpmp13PrimalityTest15jacobian_numberEmm
FNDA:18,_ZN4gpmp13PrimalityTest16solovoy_strassenEmm
FNDA:6,_ZN4gpmp13PrimalityTest14carmichael_numEm
FNDA:0,_ZN4gpmp13PrimalityTest3ETFEm
FNDA:13599,_ZN4gpmp13PrimalityTest7mod_mulEmmm
FNDA:1182,_ZN4gpmp13PrimalityTest7mod_powEmmm
FNF:12
FNH:8
DA:61,13599
DA:62,13599
DA:63,111795
DA:64,98196
DA:65,55875
DA:67,98196
DA:68,98196
DA:70,13599
DA:74,1182
DA:75,1182
DA:76,1182
DA:77,11424
DA:78,10242
DA:79,3336
DA:81,10242
DA:82,10242
DA:84,1182
DA:104,24
DA:105,24
DA:106,3
DA:110,1597449
DA:111,1597437
DA:112,9
DA:115,12
DA:121,0
DA:131,0
DA:141,0
DA:143,0
DA:144,0
DA:152,0
DA:153,0
DA:154,0
DA:156,0
DA:157,0
DA:159,0
DA:160,0
DA:165,0
DA:168,36
DA:172,36
DA:173,36
DA:174,18
DA:176,21
DA:177,21
DA:178,21
DA:179,18
DA:182,0
DA:185,21
DA:186,21
DA:187,0
DA:189,21
DA:190,3
DA:192,18
DA:193,9
DA:195,9
DA:196,27
DA:197,18
DA:198,18
DA:200,45
DA:201,36
DA:202,36
DA:203,0
DA:206,9
DA:209,0
DA:212,0
DA:213,0
DA:219,0
DA:221,0
DA:222,0
DA:225,0
DA:226,0
DA:228,0
DA:230,0
DA:231,0
DA:233,0
DA:234,0
DA:239,0
DA:240,0
DA:241,0
DA:242,0
DA:243,0
DA:244,0
DA:245,0
DA:248,0
DA:249,0
DA:250,0
DA:251,0
DA:253,0
DA:254,0
DA:255,0
DA:257,0
DA:258,0
DA:259,0
DA:260,0
DA:261,0
DA:262,0
DA:265,0
DA:266,0
DA:269,0
DA:271,0
DA:277,174
DA:278,174
DA:279,0
DA:281,174
DA:289,174
DA:290,75
DA:292,306
DA:299,348
DA:300,141
DA:301,141
DA:302,99
DA:304,207
DA:306,207
DA:307,36
DA:309,207
DA:311,207
DA:312,30
DA:315,99
DA:316,90
DA:318,9
DA:327,18
DA:328,18
DA:329,0
DA:331,18
DA:332,3
DA:334,177
DA:336,174
DA:337,174
DA:338,174
DA:340,174
DA:341,12
DA:343,3
DA:351,6
DA:352,1686
DA:354,1683
DA:356,960
DA:357,3
DA:359,3
DA:410,0
DA:411,0
DA:413,0
DA:414,0
DA:415,0
DA:419,0
LF:143
LH:82
end_of_record
TN:
SF:/home/akiel/Desktop/trunk/github/pub/openGPMP/modules/nt/random.cpp
FN:135,137,_ZN4gpmp4core4rndm6rotr32Ejj
FN:139,146,_ZN4gpmp4core4rndm5pcg32Ev
FN:148,151,_ZN4gpmp4core4rndm10pcg32_initEm
FN:40,43,_ZN4gpmp4core4rndm3LCGC2Ev
FN:46,48,_ZN4gpmp4core4rndm3LCGC2Emmm
FN:50,64,_ZN4gpmp4core4rndm3LCGclEv
FN:67,69,_ZN4gpmp4core4rndm3LCG4seedEm
FN:72,74,_ZNK4gpmp4core4rndm3LCG14get_multiplierEv
FN:76,78,_ZNK4gpmp4core4rndm3LCG13get_incrementEv
FN:80,82,_ZNK4gpmp4core4rndm3LCG8get_seedEv
FNDA:0,_ZN4gpmp4core4rndm6rotr32Ejj
FNDA:0,_ZN4gpmp4core4rndm5pcg32Ev
FNDA:0,_ZN4gpmp4core4rndm10pcg32_initEm
FNDA:3,_ZN4gpmp4core4rndm3LCGC2Ev
FNDA:3,_ZN4gpmp4core4rndm3LCGC2Emmm
FNDA:60,_ZN4gpmp4core4rndm3LCGclEv
FNDA:0,_ZN4gpmp4core4rndm3LCG4seedEm
FNDA:0,_ZNK4gpmp4core4rndm3LCG14get_multiplierEv
FNDA:0,_ZNK4gpmp4core4rndm3LCG13get_incrementEv
FNDA:0,_ZNK4gpmp4core4rndm3LCG8get_seedEv
FNF:10
FNH:3
DA:40,3
DA:41,3
DA:42,3
DA:43,3
DA:46,3
DA:47,3
DA:48,3
DA:50,60
DA:52,60
DA:55,60
DA:58,60
DA:60,9
DA:63,60
DA:67,0
DA:68,0
DA:69,0
DA:72,0
DA:73,0
DA:76,0
DA:77,0
DA:80,0
DA:81,0
DA:135,0
DA:136,0
DA:139,0
DA:140,0
DA:141,0
DA:143,0
DA:144,0
DA:145,0
DA:148,0
DA:149,0
DA:150,0
DA:151,0
LF:34
LH:13
end_of_record
TN:
SF:/home/akiel/Desktop/trunk/github/pub/openGPMP/modules/nt/rc4.cpp
FN:117,140,_ZN4gpmp3RC410store_hashB5cxx11EPcPhi
FN:142,162,_ZN4gpmp3RC47computeEPcS1_Phi
FN:49,54,_ZN4gpmp3RC49byte_swapEPhS1_
FN:56,60,_ZN4gpmp3RC49trad_swapEPhS1_
FN:62,66,_ZN4gpmp3RC48XOR_swapEPhS1_
FN:68,88,_ZN4gpmp3RC43KSAEPcPhi
FN:90,114,_ZN4gpmp3RC44PRGAEPhPcS1_i
FNDA:27,_ZN4gpmp3RC410store_hashB5cxx11EPcPhi
FNDA:45,_ZN4gpmp3RC47computeEPcS1_Phi
FNDA:2388,_ZN4gpmp3RC49byte_swapEPhS1_
FNDA:2388,_ZN4gpmp3RC49trad_swapEPhS1_
FNDA:2388,_ZN4gpmp3RC48XOR_swapEPhS1_
FNDA:27,_ZN4gpmp3RC43KSAEPcPhi
FNDA:27,_ZN4gpmp3RC44PRGAEPhPcS1_i
FNF:7
FNH:7
DA:49,2388
DA:50,2388
DA:51,2388
DA:52,2388
DA:53,2388
DA:54,2388
DA:56,2388
DA:57,2388
DA:58,2388
DA:59,2388
DA:60,2388
DA:62,2388
DA:63,2388
DA:64,2388
DA:65,2388
DA:66,2388
DA:68,27
DA:69,27
DA:70,27
DA:72,6939
DA:73,6912
DA:76,6939
DA:77,6912
DA:80,6912
DA:81,2304
DA:82,4608
DA:83,2304
DA:84,2304
DA:85,2304
DA:88,27
DA:90,27
DA:94,27
DA:95,27
DA:97,279
DA:98,252
DA:99,252
DA:102,252
DA:103,84
DA:104,168
DA:105,84
DA:106,84
DA:107,84
DA:110,252
DA:112,252
DA:114,27
DA:117,27
DA:119,27
DA:121,27
DA:122,27
DA:125,27
DA:128,279
DA:129,252
DA:130,84
DA:134,168
DA:137,504
DA:139,54
DA:140,27
DA:142,45
DA:146,45
DA:147,6
DA:151,39
DA:153,27
DA:154,27
DA:155,27
DA:157,12
DA:158,12
DA:161,27
LF:67
LH:67
end_of_record
TN:
SF:/home/akiel/Desktop/trunk/github/pub/openGPMP/modules/stats/describe.cpp
FN:104,111,_ZN4gpmp5stats8Describe11mean_lehmerERKSt6vectorIdSaIdEEd
FN:114,122,_ZN4gpmp5stats8Describe6MedianESt6vectorIdSaIdEE
FN:125,132,_ZN4gpmp5stats8Describe11avg_abs_devERKSt6vectorIdSaIdEE
FN:135,139,_ZN4gpmp5stats8Describe9var_coeffERKSt6vectorIdSaIdEE
FN:142,151,_ZN4gpmp5stats8Describe8iq_rangeERKSt6vectorIdSaIdEE
FN:154,162,_ZN4gpmp5stats8Describe10percentileERKSt6vectorIdSaIdEEd
FN:165,168,_ZN4gpmp5stats8Describe5rangeERKSt6vectorIdSaIdEE
FN:171,178,_ZN4gpmp5stats8Describe5stdevERKSt6vectorIdSaIdEEd
FN:181,188,_ZN4gpmp5stats8Describe8varianceERKSt6vectorIdSaIdEEd
FN:191,196,_ZN4gpmp5stats8Describe3cltERKSt6vectorIdSaIdEEi
FN:199,207,_ZN4gpmp5stats8Describe8kurtosisERKSt6vectorIdSaIdEEd
FN:210,217,_ZN4gpmp5stats8Describe8lmoment1ERKSt6vectorIdSaIdEEd
FN:219,226,_ZN4gpmp5stats8Describe8lmoment2ERKSt6vectorIdSaIdEEd
FN:229,237,_ZN4gpmp5stats8Describe8skewnessERKSt6vectorIdSaIdEEdd
FN:240,254,_ZN4gpmp5stats8Describe9rank_dataERKSt6vectorIdSaIdEE
FN:256,265,_ZN4gpmp5stats8Describe12partial_corrERKSt6vectorIdSaIdEES6_S6_
FN:268,284,_ZN4gpmp5stats8Describe4ppmcERKSt6vectorIdSaIdEES6_
FN:287,306,_ZN4gpmp5stats8Describe12kendalls_tauERKSt6vectorIdSaIdEES6_
FN:309,321,_ZN4gpmp5stats8Describe13spearmans_rhoERKSt6vectorIdSaIdEES6_
FN:39,45,_ZN4gpmp5stats8Describe10mean_arithERKSt6vectorIdSaIdEE
FN:48,54,_ZN4gpmp5stats8Describe8mean_geoERKSt6vectorIdSaIdEE
FN:57,64,_ZN4gpmp5stats8Describe10mean_cubicERKSt6vectorIdSaIdEEd
FN:67,74,_ZN4gpmp5stats8Describe12mean_geo_powERKSt6vectorIdSaIdEEd
FN:77,83,_ZN4gpmp5stats8Describe13mean_harmonicERKSt6vectorIdSaIdEE
FN:86,92,_ZN4gpmp5stats8Describe13mean_heronianERKSt6vectorIdSaIdEE
FN:95,101,_ZN4gpmp5stats8Describe10mean_heinzERKSt6vectorIdSaIdEE
FNDA:0,_ZN4gpmp5stats8Describe11mean_lehmerERKSt6vectorIdSaIdEEd
FNDA:0,_ZN4gpmp5stats8Describe6MedianESt6vectorIdSaIdEE
FNDA:0,_ZN4gpmp5stats8Describe11avg_abs_devERKSt6vectorIdSaIdEE
FNDA:0,_ZN4gpmp5stats8Describe9var_coeffERKSt6vectorIdSaIdEE
FNDA:0,_ZN4gpmp5stats8Describe8iq_rangeERKSt6vectorIdSaIdEE
FNDA:0,_ZN4gpmp5stats8Describe10percentileERKSt6vectorIdSaIdEEd
FNDA:0,_ZN4gpmp5stats8Describe5rangeERKSt6vectorIdSaIdEE
FNDA:0,_ZN4gpmp5stats8Describe5stdevERKSt6vectorIdSaIdEEd
FNDA:0,_ZN4gpmp5stats8Describe8varianceERKSt6vectorIdSaIdEEd
FNDA:0,_ZN4gpmp5stats8Describe3cltERKSt6vectorIdSaIdEEi
FNDA:0,_ZN4gpmp5stats8Describe8kurtosisERKSt6vectorIdSaIdEEd
FNDA:0,_ZN4gpmp5stats8Describe8lmoment1ERKSt6vectorIdSaIdEEd
FNDA:0,_ZN4gpmp5stats8Describe8lmoment2ERKSt6vectorIdSaIdEEd
FNDA:0,_ZN4gpmp5stats8Describe8skewnessERKSt6vectorIdSaIdEEdd
FNDA:0,_ZN4gpmp5stats8Describe9rank_dataERKSt6vectorIdSaIdEE
FNDA:0,_ZN4gpmp5stats8Describe12partial_corrERKSt6vectorIdSaIdEES6_S6_
FNDA:0,_ZN4gpmp5stats8Describe4ppmcERKSt6vectorIdSaIdEES6_
FNDA:0,_ZN4gpmp5stats8Describe12kendalls_tauERKSt6vectorIdSaIdEES6_
FNDA:0,_ZN4gpmp5stats8Describe13spearmans_rhoERKSt6vectorIdSaIdEES6_
FNDA:0,_ZN4gpmp5stats8Describe10mean_arithERKSt6vectorIdSaIdEE
FNDA:0,_ZN4gpmp5stats8Describe8mean_geoERKSt6vectorIdSaIdEE
FNDA:0,_ZN4gpmp5stats8Describe10mean_cubicERKSt6vectorIdSaIdEEd
FNDA:0,_ZN4gpmp5stats8Describe12mean_geo_powERKSt6vectorIdSaIdEEd
FNDA:0,_ZN4gpmp5stats8Describe13mean_harmonicERKSt6vectorIdSaIdEE
FNDA:0,_ZN4gpmp5stats8Describe13mean_heronianERKSt6vectorIdSaIdEE
FNDA:0,_ZN4gpmp5stats8Describe10mean_heinzERKSt6vectorIdSaIdEE
FNF:26
FNH:0
DA:39,0
DA:40,0
DA:41,0
DA:42,0
DA:44,0
DA:48,0
DA:49,0
DA:50,0
DA:51,0
DA:53,0
DA:57,0
DA:59,0
DA:60,0
DA:61,0
DA:63,0
DA:67,0
DA:69,0
DA:70,0
DA:71,0
DA:73,0
DA:77,0
DA:78,0
DA:79,0
DA:80,0
DA:82,0
DA:86,0
DA:87,0
DA:88,0
DA:89,0
DA:91,0
DA:95,0
DA:96,0
DA:97,0
DA:98,0
DA:100,0
DA:104,0
DA:106,0
DA:107,0
DA:108,0
DA:110,0
DA:114,0
DA:115,0
DA:116,0
DA:117,0
DA:118,0
DA:120,0
DA:125,0
DA:126,0
DA:127,0
DA:128,0
DA:129,0
DA:131,0
DA:135,0
DA:136,0
DA:137,0
DA:138,0
DA:142,0
DA:143,0
DA:144,0
DA:146,0
DA:147,0
DA:148,0
DA:150,0
DA:151,0
DA:154,0
DA:156,0
DA:157,0
DA:159,0
DA:160,0
DA:161,0
DA:162,0
DA:165,0
DA:166,0
DA:167,0
DA:171,0
DA:173,0
DA:174,0
DA:175,0
DA:177,0
DA:181,0
DA:183,0
DA:184,0
DA:185,0
DA:187,0
DA:191,0
DA:193,0
DA:194,0
DA:195,0
DA:199,0
DA:201,0
DA:202,0
DA:203,0
DA:205,0
DA:206,0
DA:210,0
DA:212,0
DA:213,0
DA:214,0
DA:216,0
DA:219,0
DA:221,0
DA:222,0
DA:223,0
DA:225,0
DA:229,0
DA:232,0
DA:233,0
DA:234,0
DA:236,0
DA:240,0
DA:241,0
DA:243,0
DA:244,0
DA:245,0
DA:246,0
DA:247,0
DA:250,0
DA:253,0
DA:256,0
DA:259,0
DA:260,0
DA:261,0
DA:263,0
DA:264,0
DA:268,0
DA:270,0
DA:271,0
DA:273,0
DA:274,0
DA:275,0
DA:277,0
DA:278,0
DA:279,0
DA:280,0
DA:283,0
DA:287,0
DA:289,0
DA:290,0
DA:292,0
DA:293,0
DA:294,0
DA:295,0
DA:296,0
DA:297,0
DA:298,0
DA:303,0
DA:304,0
DA:305,0
DA:309,0
DA:311,0
DA:312,0
DA:314,0
DA:315,0
DA:316,0
DA:320,0
DA:321,0
LF:156
LH:0
end_of_record
TN:
SF:/home/akiel/Desktop/trunk/github/pub/openGPMP/tests/arith/t_arith.cpp
FN:81,81,_ZN12_GLOBAL__N_124basics_greatest_pow_Test8TestBodyEv
FN:81,81,_ZN12_GLOBAL__N_124basics_greatest_pow_TestC2Ev
FN:81,81,_ZN12_GLOBAL__N_124basics_greatest_pow_TestD0Ev
FN:81,81,_ZN12_GLOBAL__N_124basics_greatest_pow_TestD2Ev
FN:87,87,_ZN12_GLOBAL__N_135basics_greatest_common_divisor_Test8TestBodyEv
FN:87,87,_ZN12_GLOBAL__N_135basics_greatest_common_divisor_TestC2Ev
FN:87,87,_ZN12_GLOBAL__N_135basics_greatest_common_divisor_TestD0Ev
FN:87,87,_ZN12_GLOBAL__N_135basics_greatest_common_divisor_TestD2Ev
FNDA:3,_ZN12_GLOBAL__N_124basics_greatest_pow_Test8TestBodyEv
FNDA:3,_ZN12_GLOBAL__N_124basics_greatest_pow_TestC2Ev
FNDA:3,_ZN12_GLOBAL__N_124basics_greatest_pow_TestD0Ev
FNDA:3,_ZN12_GLOBAL__N_124basics_greatest_pow_TestD2Ev
FNDA:3,_ZN12_GLOBAL__N_135basics_greatest_common_divisor_Test8TestBodyEv
FNDA:3,_ZN12_GLOBAL__N_135basics_greatest_common_divisor_TestC2Ev
FNDA:3,_ZN12_GLOBAL__N_135basics_greatest_common_divisor_TestD0Ev
FNDA:3,_ZN12_GLOBAL__N_135basics_greatest_common_divisor_TestD2Ev
FNF:8
FNH:8
DA:81,12
DA:82,3
DA:83,3
DA:84,3
DA:87,12
DA:88,3
DA:89,3
DA:90,3
DA:91,3
DA:92,3
DA:93,3
LF:11
LH:11
end_of_record
TN:
SF:/home/akiel/Desktop/trunk/github/pub/openGPMP/tests/calc/t_calc.cpp
FN:49,49,_ZN12_GLOBAL__N_130DifferentialTests_AddTerm_Test8TestBodyEv
FN:49,49,_ZN12_GLOBAL__N_130DifferentialTests_AddTerm_TestC2Ev
FN:49,49,_ZN12_GLOBAL__N_130DifferentialTests_AddTerm_TestD0Ev
FN:49,49,_ZN12_GLOBAL__N_130DifferentialTests_AddTerm_TestD2Ev
FN:60,60,_ZN12_GLOBAL__N_132DifferentialTests_PowerRule_Test8TestBodyEv
FN:60,60,_ZN12_GLOBAL__N_132DifferentialTests_PowerRule_TestC2Ev
FN:60,60,_ZN12_GLOBAL__N_132DifferentialTests_PowerRule_TestD0Ev
FN:60,60,_ZN12_GLOBAL__N_132DifferentialTests_PowerRule_TestD2Ev
FNDA:3,_ZN12_GLOBAL__N_130DifferentialTests_AddTerm_Test8TestBodyEv
FNDA:3,_ZN12_GLOBAL__N_130DifferentialTests_AddTerm_TestC2Ev
FNDA:3,_ZN12_GLOBAL__N_130DifferentialTests_AddTerm_TestD0Ev
FNDA:3,_ZN12_GLOBAL__N_130DifferentialTests_AddTerm_TestD2Ev
FNDA:3,_ZN12_GLOBAL__N_132DifferentialTests_PowerRule_Test8TestBodyEv
FNDA:3,_ZN12_GLOBAL__N_132DifferentialTests_PowerRule_TestC2Ev
FNDA:3,_ZN12_GLOBAL__N_132DifferentialTests_PowerRule_TestD0Ev
FNDA:3,_ZN12_GLOBAL__N_132DifferentialTests_PowerRule_TestD2Ev
FNF:8
FNH:8
DA:49,12
DA:50,3
DA:51,3
DA:52,3
DA:53,3
DA:55,3
DA:58,3
DA:60,12
DA:61,3
DA:62,3
DA:63,3
DA:64,3
DA:66,3
DA:69,3
DA:70,3
DA:71,3
DA:72,3
DA:73,3
DA:74,3
LF:19
LH:19
end_of_record
TN:
SF:/home/akiel/Desktop/trunk/github/pub/openGPMP/tests/core/t_threadpool.cpp
FN:108,117,_ZN12_GLOBAL__N_153ThreadPoolTest_TestEnqueueWithLargeNumberOfTasks_Test8TestBodyEv
FN:108,117,_ZN12_GLOBAL__N_153ThreadPoolTest_TestEnqueueWithLargeNumberOfTasks_TestC2Ev
FN:108,117,_ZN12_GLOBAL__N_153ThreadPoolTest_TestEnqueueWithLargeNumberOfTasks_TestD0Ev
FN:108,117,_ZN12_GLOBAL__N_153ThreadPoolTest_TestEnqueueWithLargeNumberOfTasks_TestD2Ev
FN:11,15,_ZN12_GLOBAL__N_137ThreadPoolTest_EnqueueSingleTask_Test8TestBodyEv
FN:11,15,_ZN12_GLOBAL__N_137ThreadPoolTest_EnqueueSingleTask_TestC2Ev
FN:11,15,_ZN12_GLOBAL__N_137ThreadPoolTest_EnqueueSingleTask_TestD0Ev
FN:11,15,_ZN12_GLOBAL__N_137ThreadPoolTest_EnqueueSingleTask_TestD2Ev
FN:113,113,_ZZN12_GLOBAL__N_153ThreadPoolTest_TestEnqueueWithLargeNumberOfTasks_Test8TestBodyEvENKUlvE_clEv
FN:119,135,_ZN12_GLOBAL__N_140ThreadDispatchTest_DispatchFunction_Test8TestBodyEv
FN:119,135,_ZN12_GLOBAL__N_140ThreadDispatchTest_DispatchFunction_TestC2Ev
FN:119,135,_ZN12_GLOBAL__N_140ThreadDispatchTest_DispatchFunction_TestD0Ev
FN:119,135,_ZN12_GLOBAL__N_140ThreadDispatchTest_DispatchFunction_TestD2Ev
FN:124,124,_ZZN12_GLOBAL__N_140ThreadDispatchTest_DispatchFunction_Test8TestBodyEvENKUlvE_clEv
FN:13,13,_ZZN12_GLOBAL__N_137ThreadPoolTest_EnqueueSingleTask_Test8TestBodyEvENKUlvE_clEv
FN:137,137,_ZN12_GLOBAL__N_148ThreadDispatchTest_DispatchFunctionWithArgs_Test8TestBodyEv
FN:137,137,_ZN12_GLOBAL__N_148ThreadDispatchTest_DispatchFunctionWithArgs_TestC2Ev
FN:137,137,_ZN12_GLOBAL__N_148ThreadDispatchTest_DispatchFunctionWithArgs_TestD0Ev
FN:137,137,_ZN12_GLOBAL__N_148ThreadDispatchTest_DispatchFunctionWithArgs_TestD2Ev
FN:143,143,_ZZN12_GLOBAL__N_148ThreadDispatchTest_DispatchFunctionWithArgs_Test8TestBodyEvENKUliE_clEi
FN:17,17,_ZN12_GLOBAL__N_134ThreadPoolTest_TestSingleTask_Test8TestBodyEv
FN:17,17,_ZN12_GLOBAL__N_134ThreadPoolTest_TestSingleTask_TestC2Ev
FN:17,17,_ZN12_GLOBAL__N_134ThreadPoolTest_TestSingleTask_TestD0Ev
FN:17,17,_ZN12_GLOBAL__N_134ThreadPoolTest_TestSingleTask_TestD2Ev
FN:21,21,_ZZN12_GLOBAL__N_134ThreadPoolTest_TestSingleTask_Test8TestBodyEvENKUliiE_clEii
FN:26,26,_ZN12_GLOBAL__N_140ThreadPoolTest_EnqueueMultipleTasks_Test8TestBodyEv
FN:26,26,_ZN12_GLOBAL__N_140ThreadPoolTest_EnqueueMultipleTasks_TestC2Ev
FN:26,26,_ZN12_GLOBAL__N_140ThreadPoolTest_EnqueueMultipleTasks_TestD0Ev
FN:26,26,_ZN12_GLOBAL__N_140ThreadPoolTest_EnqueueMultipleTasks_TestD2Ev
FN:30,30,_ZZN12_GLOBAL__N_140ThreadPoolTest_EnqueueMultipleTasks_Test8TestBodyEvENKUlvE_clEv
FN:37,42,_ZN12_GLOBAL__N_136ThreadPoolTest_EnqueueException_Test8TestBodyEv
FN:37,42,_ZN12_GLOBAL__N_136ThreadPoolTest_EnqueueException_TestC2Ev
FN:37,42,_ZN12_GLOBAL__N_136ThreadPoolTest_EnqueueException_TestD0Ev
FN:37,42,_ZN12_GLOBAL__N_136ThreadPoolTest_EnqueueException_TestD2Ev
FN:40,40,_ZZN12_GLOBAL__N_136ThreadPoolTest_EnqueueException_Test8TestBodyEvENKUlvE_clEv
FN:44,51,_ZN12_GLOBAL__N_133ThreadPoolTest_TestException_Test8TestBodyEv
FN:44,51,_ZN12_GLOBAL__N_133ThreadPoolTest_TestException_TestC2Ev
FN:44,51,_ZN12_GLOBAL__N_133ThreadPoolTest_TestException_TestD0Ev
FN:44,51,_ZN12_GLOBAL__N_133ThreadPoolTest_TestException_TestD2Ev
FN:47,47,_ZZN12_GLOBAL__N_133ThreadPoolTest_TestException_Test8TestBodyEvENKUlvE_clEv
FN:53,53,_ZN12_GLOBAL__N_141ThreadPoolTest_TestDynamicAllocation_Test8TestBodyEv
FN:53,53,_ZN12_GLOBAL__N_141ThreadPoolTest_TestDynamicAllocation_TestC2Ev
FN:53,53,_ZN12_GLOBAL__N_141ThreadPoolTest_TestDynamicAllocation_TestD0Ev
FN:53,53,_ZN12_GLOBAL__N_141ThreadPoolTest_TestDynamicAllocation_TestD2Ev
FN:58,58,_ZZN12_GLOBAL__N_141ThreadPoolTest_TestDynamicAllocation_Test8TestBodyEvENKUlvE_clEv
FN:65,65,_ZN12_GLOBAL__N_150ThreadPoolTest_TestEnqueueOnStoppedThreadPool_Test8TestBodyEv
FN:65,65,_ZN12_GLOBAL__N_150ThreadPoolTest_TestEnqueueOnStoppedThreadPool_TestC2Ev
FN:65,65,_ZN12_GLOBAL__N_150ThreadPoolTest_TestEnqueueOnStoppedThreadPool_TestD0Ev
FN:65,65,_ZN12_GLOBAL__N_150ThreadPoolTest_TestEnqueueOnStoppedThreadPool_TestD2Ev
FN:73,73,_ZZN12_GLOBAL__N_150ThreadPoolTest_TestEnqueueOnStoppedThreadPool_Test8TestBodyEvENKUlvE_clEv
FN:76,90,_ZN12_GLOBAL__N_155ThreadPoolTest_TestEnqueueWithDifferentReturnTypes_Test8TestBodyEv
FN:76,90,_ZN12_GLOBAL__N_155ThreadPoolTest_TestEnqueueWithDifferentReturnTypes_TestC2Ev
FN:76,90,_ZN12_GLOBAL__N_155ThreadPoolTest_TestEnqueueWithDifferentReturnTypes_TestD0Ev
FN:76,90,_ZN12_GLOBAL__N_155ThreadPoolTest_TestEnqueueWithDifferentReturnTypes_TestD2Ev
FN:79,79,_ZZN12_GLOBAL__N_155ThreadPoolTest_TestEnqueueWithDifferentReturnTypes_Test8TestBodyEvENKUlvE_clEv
FN:80,80,_ZZN12_GLOBAL__N_155ThreadPoolTest_TestEnqueueWithDifferentReturnTypes_Test8TestBodyEvENKUlvE0_clEv
FN:81,81,_ZZN12_GLOBAL__N_155ThreadPoolTest_TestEnqueueWithDifferentReturnTypes_Test8TestBodyEvENKUlvE1_clEv
FN:92,92,_ZN12_GLOBAL__N_157ThreadPoolTest_TestEnqueueWithDifferentArgumentTypes_Test8TestBodyEv
FN:92,92,_ZN12_GLOBAL__N_157ThreadPoolTest_TestEnqueueWithDifferentArgumentTypes_TestC2Ev
FN:92,92,_ZN12_GLOBAL__N_157ThreadPoolTest_TestEnqueueWithDifferentArgumentTypes_TestD0Ev
FN:92,92,_ZN12_GLOBAL__N_157ThreadPoolTest_TestEnqueueWithDifferentArgumentTypes_TestD2Ev
FN:95,95,_ZZN12_GLOBAL__N_157ThreadPoolTest_TestEnqueueWithDifferentArgumentTypes_Test8TestBodyEvENKUliiE_clEii
FN:96,96,_ZZN12_GLOBAL__N_157ThreadPoolTest_TestEnqueueWithDifferentArgumentTypes_Test8TestBodyEvENKUlRKNSt7__cxx1112basic_stringIcSt11char_traitsIcESaIcEEEE_clES8_
FN:97,97,_ZZN12_GLOBAL__N_157ThreadPoolTest_TestEnqueueWithDifferentArgumentTypes_Test8TestBodyEvENKUlbfE_clEbf
FNDA:3,_ZN12_GLOBAL__N_153ThreadPoolTest_TestEnqueueWithLargeNumberOfTasks_Test8TestBodyEv
FNDA:3,_ZN12_GLOBAL__N_153ThreadPoolTest_TestEnqueueWithLargeNumberOfTasks_TestC2Ev
FNDA:3,_ZN12_GLOBAL__N_153ThreadPoolTest_TestEnqueueWithLargeNumberOfTasks_TestD0Ev
FNDA:3,_ZN12_GLOBAL__N_153ThreadPoolTest_TestEnqueueWithLargeNumberOfTasks_TestD2Ev
FNDA:3,_ZN12_GLOBAL__N_137ThreadPoolTest_EnqueueSingleTask_Test8TestBodyEv
FNDA:3,_ZN12_GLOBAL__N_137ThreadPoolTest_EnqueueSingleTask_TestC2Ev
FNDA:3,_ZN12_GLOBAL__N_137ThreadPoolTest_EnqueueSingleTask_TestD0Ev
FNDA:3,_ZN12_GLOBAL__N_137ThreadPoolTest_EnqueueSingleTask_TestD2Ev
FNDA:3000,_ZZN12_GLOBAL__N_153ThreadPoolTest_TestEnqueueWithLargeNumberOfTasks_Test8TestBodyEvENKUlvE_clEv
FNDA:3,_ZN12_GLOBAL__N_140ThreadDispatchTest_DispatchFunction_Test8TestBodyEv
FNDA:3,_ZN12_GLOBAL__N_140ThreadDispatchTest_DispatchFunction_TestC2Ev
FNDA:3,_ZN12_GLOBAL__N_140ThreadDispatchTest_DispatchFunction_TestD0Ev
FNDA:3,_ZN12_GLOBAL__N_140ThreadDispatchTest_DispatchFunction_TestD2Ev
FNDA:3,_ZZN12_GLOBAL__N_140ThreadDispatchTest_DispatchFunction_Test8TestBodyEvENKUlvE_clEv
FNDA:3,_ZZN12_GLOBAL__N_137ThreadPoolTest_EnqueueSingleTask_Test8TestBodyEvENKUlvE_clEv
FNDA:3,_ZN12_GLOBAL__N_148ThreadDispatchTest_DispatchFunctionWithArgs_Test8TestBodyEv
FNDA:3,_ZN12_GLOBAL__N_148ThreadDispatchTest_DispatchFunctionWithArgs_TestC2Ev
FNDA:3,_ZN12_GLOBAL__N_148ThreadDispatchTest_DispatchFunctionWithArgs_TestD0Ev
[...]
FN:88,140,_ZN12_GLOBAL__N_146ADD_MTX_SMALL_VEC_INT_assert_intel_intrin_Test8TestBodyEv
FN:88,140,_ZN12_GLOBAL__N_146ADD_MTX_SMALL_VEC_INT_assert_intel_intrin_TestC2Ev
FN:88,140,_ZN12_GLOBAL__N_146ADD_MTX_SMALL_VEC_INT_assert_intel_intrin_TestD0Ev
FN:88,140,_ZN12_GLOBAL__N_146ADD_MTX_SMALL_VEC_INT_assert_intel_intrin_TestD2Ev
FNDA:3,_ZN12_GLOBAL__N_146ADD_MTX_LARGE_VEC_INT_assert_intel_intrin_Test8TestBodyEv
FNDA:3,_ZN12_GLOBAL__N_146ADD_MTX_LARGE_VEC_INT_assert_intel_intrin_TestC2Ev
FNDA:3,_ZN12_GLOBAL__N_146ADD_MTX_LARGE_VEC_INT_assert_intel_intrin_TestD0Ev
FNDA:3,_ZN12_GLOBAL__N_146ADD_MTX_LARGE_VEC_INT_assert_intel_intrin_TestD2Ev
FNDA:3,_ZN12_GLOBAL__N_149ADD_MTX_SMALL_VEC_DOUBLE_assert_intel_intrin_Test8TestBodyEv
FNDA:3,_ZN12_GLOBAL__N_149ADD_MTX_SMALL_VEC_DOUBLE_assert_intel_intrin_TestC2Ev
FNDA:3,_ZN12_GLOBAL__N_149ADD_MTX_SMALL_VEC_DOUBLE_assert_intel_intrin_TestD0Ev
FNDA:3,_ZN12_GLOBAL__N_149ADD_MTX_SMALL_VEC_DOUBLE_assert_intel_intrin_TestD2Ev
FNDA:6,_ZN12_GLOBAL__N_19mtx_verifIdEEbRKSt6vectorIS1_IT_SaIS2_EESaIS4_EES8_
FNDA:6,_ZN12_GLOBAL__N_19mtx_verifIiEEbRKSt6vectorIS1_IT_SaIS2_EESaIS4_EES8_
FNDA:3,_ZN12_GLOBAL__N_149ADD_MTX_LARGE_VEC_DOUBLE_assert_intel_intrin_Test8TestBodyEv
FNDA:3,_ZN12_GLOBAL__N_149ADD_MTX_LARGE_VEC_DOUBLE_assert_intel_intrin_TestC2Ev
FNDA:3,_ZN12_GLOBAL__N_149ADD_MTX_LARGE_VEC_DOUBLE_assert_intel_intrin_TestD0Ev
FNDA:3,_ZN12_GLOBAL__N_149ADD_MTX_LARGE_VEC_DOUBLE_assert_intel_intrin_TestD2Ev
FNDA:3,_ZN12_GLOBAL__N_147ADD_MTX_SMALL_ARR_INT8_assert_intel_intrin_Test8TestBodyEv
FNDA:3,_ZN12_GLOBAL__N_147ADD_MTX_SMALL_ARR_INT8_assert_intel_intrin_TestC2Ev
FNDA:3,_ZN12_GLOBAL__N_147ADD_MTX_SMALL_ARR_INT8_assert_intel_intrin_TestD0Ev
FNDA:3,_ZN12_GLOBAL__N_147ADD_MTX_SMALL_ARR_INT8_assert_intel_intrin_TestD2Ev
FNDA:3,_ZN12_GLOBAL__N_147ADD_MTX_LARGE_ARR_INT8_assert_intel_intrin_Test8TestBodyEv
FNDA:3,_ZN12_GLOBAL__N_147ADD_MTX_LARGE_ARR_INT8_assert_intel_intrin_TestC2Ev
FNDA:3,_ZN12_GLOBAL__N_147ADD_MTX_LARGE_ARR_INT8_assert_intel_intrin_TestD0Ev
FNDA:3,_ZN12_GLOBAL__N_147ADD_MTX_LARGE_ARR_INT8_assert_intel_intrin_TestD2Ev
FNDA:3,_ZN12_GLOBAL__N_148ADD_MTX_SMALL_ARR_INT16_assert_intel_intrin_Test8TestBodyEv
FNDA:3,_ZN12_GLOBAL__N_148ADD_MTX_SMALL_ARR_INT16_assert_intel_intrin_TestC2Ev
FNDA:3,_ZN12_GLOBAL__N_148ADD_MTX_SMALL_ARR_INT16_assert_intel_intrin_TestD0Ev
FNDA:3,_ZN12_GLOBAL__N_148ADD_MTX_SMALL_ARR_INT16_assert_intel_intrin_TestD2Ev
FNDA:3,_ZN12_GLOBAL__N_148ADD_MTX_LARGE_ARR_INT16_assert_intel_intrin_Test8TestBodyEv
FNDA:3,_ZN12_GLOBAL__N_148ADD_MTX_LARGE_ARR_INT16_assert_intel_intrin_TestC2Ev
FNDA:3,_ZN12_GLOBAL__N_148ADD_MTX_LARGE_ARR_INT16_assert_intel_intrin_TestD0Ev
FNDA:3,_ZN12_GLOBAL__N_148ADD_MTX_LARGE_ARR_INT16_assert_intel_intrin_TestD2Ev
FNDA:3,_ZN12_GLOBAL__N_146ADD_MTX_SMALL_ARR_INT_assert_intel_intrin_Test8TestBodyEv
FNDA:3,_ZN12_GLOBAL__N_146ADD_MTX_SMALL_ARR_INT_assert_intel_intrin_TestC2Ev
FNDA:3,_ZN12_GLOBAL__N_146ADD_MTX_SMALL_ARR_INT_assert_intel_intrin_TestD0Ev
FNDA:3,_ZN12_GLOBAL__N_146ADD_MTX_SMALL_ARR_INT_assert_intel_intrin_TestD2Ev
FNDA:3,_ZN12_GLOBAL__N_146ADD_MTX_LARGE_ARR_INT_assert_intel_intrin_Test8TestBodyEv
FNDA:3,_ZN12_GLOBAL__N_146ADD_MTX_LARGE_ARR_INT_assert_intel_intrin_TestC2Ev
FNDA:3,_ZN12_GLOBAL__N_146ADD_MTX_LARGE_ARR_INT_assert_intel_intrin_TestD0Ev
FNDA:3,_ZN12_GLOBAL__N_146ADD_MTX_LARGE_ARR_INT_assert_intel_intrin_TestD2Ev
FNDA:3,_ZN12_GLOBAL__N_149ADD_MTX_SMALL_ARR_DOUBLE_assert_intel_intrin_Test8TestBodyEv
FNDA:3,_ZN12_GLOBAL__N_149ADD_MTX_SMALL_ARR_DOUBLE_assert_intel_intrin_TestC2Ev
FNDA:3,_ZN12_GLOBAL__N_149ADD_MTX_SMALL_ARR_DOUBLE_assert_intel_intrin_TestD0Ev
FNDA:3,_ZN12_GLOBAL__N_149ADD_MTX_SMALL_ARR_DOUBLE_assert_intel_intrin_TestD2Ev
FNDA:6,_ZN12_GLOBAL__N_19mtx_verifIaEEbPKT_S3_ii
FNDA:6,_ZN12_GLOBAL__N_19mtx_verifIdEEbPKT_S3_ii
FNDA:6,_ZN12_GLOBAL__N_19mtx_verifIiEEbPKT_S3_ii
FNDA:6,_ZN12_GLOBAL__N_19mtx_verifIsEEbPKT_S3_ii
FNDA:3,_ZN12_GLOBAL__N_149ADD_MTX_LARGE_ARR_DOUBLE_assert_intel_intrin_Test8TestBodyEv
FNDA:3,_ZN12_GLOBAL__N_149ADD_MTX_LARGE_ARR_DOUBLE_assert_intel_intrin_TestC2Ev
FNDA:3,_ZN12_GLOBAL__N_149ADD_MTX_LARGE_ARR_DOUBLE_assert_intel_intrin_TestD0Ev
FNDA:3,_ZN12_GLOBAL__N_149ADD_MTX_LARGE_ARR_DOUBLE_assert_intel_intrin_TestD2Ev
FNDA:3,_ZN12_GLOBAL__N_146ADD_MTX_SMALL_VEC_INT_assert_intel_intrin_Test8TestBodyEv
FNDA:3,_ZN12_GLOBAL__N_146ADD_MTX_SMALL_VEC_INT_assert_intel_intrin_TestC2Ev
FNDA:3,_ZN12_GLOBAL__N_146ADD_MTX_SMALL_VEC_INT_assert_intel_intrin_TestD0Ev
FNDA:3,_ZN12_GLOBAL__N_146ADD_MTX_SMALL_VEC_INT_assert_intel_intrin_TestD2Ev
FNF:54
FNH:54
DA:23,12
DA:25,12
DA:26,0
DA:29,6540
DA:30,6322560
DA:31,12632064
DA:32,6316032
DA:33,0
DA:37,12
DA:60,24
DA:61,15156
DA:62,13461900
DA:63,23646240
DA:64,13446768
DA:65,0
DA:69,24
DA:88,12
DA:89,3
DA:90,3
DA:92,6
DA:93,6
DA:96,6
DA:98,6
DA:101,3
DA:102,3
DA:103,3
DA:106,195
DA:107,12480
DA:108,12288
DA:109,12288
DA:115,3
DA:118,3
DA:139,3
DA:140,3
DA:142,12
DA:143,3
DA:144,3
DA:147,6
DA:148,6
DA:150,6
DA:151,6
DA:154,3
DA:155,3
DA:156,3
DA:159,3075
DA:160,3148800
DA:161,3145728
DA:162,3145728
DA:168,3
DA:171,3
DA:192,3
DA:193,3
DA:195,12
DA:196,3
DA:197,3
DA:199,6
DA:200,6
DA:203,6
DA:206,6
DA:209,3
DA:210,3
DA:211,3
DA:214,195
DA:215,12480
DA:216,12288
DA:217,12288
DA:223,3
DA:226,3
DA:247,3
DA:248,3
DA:250,12
DA:251,3
DA:252,3
DA:255,6
DA:256,6
DA:258,6
DA:260,6
DA:263,3
DA:264,3
DA:265,3
DA:268,3075
DA:269,3148800
DA:270,3145728
DA:271,3145728
DA:277,3
DA:280,3
DA:301,3
DA:302,3
DA:304,12
DA:305,3
DA:306,3
DA:308,3
DA:309,3
DA:310,3
DA:311,3
DA:314,3
DA:315,3
DA:316,3
DA:319,1203
DA:320,481200
DA:321,480000
DA:322,480000
DA:328,3
DA:331,3
DA:334,3
DA:335,3
DA:336,3
DA:337,3
DA:338,3
DA:339,3
DA:341,12
DA:342,3
DA:343,3
DA:345,3
DA:346,3
DA:347,3
DA:348,3
DA:351,3
DA:352,3
DA:353,3
DA:356,3075
DA:357,3148800
DA:358,3145728
DA:359,3145728
DA:365,3
DA:368,3
DA:371,3
DA:372,3
DA:373,3
DA:374,3
DA:375,3
DA:376,3
DA:378,12
DA:379,3
DA:380,3
DA:382,3
DA:383,3
DA:384,3
DA:385,3
DA:388,3
DA:389,3
DA:390,3
DA:393,903
DA:394,270900
DA:395,270000
DA:396,270000
DA:402,3
DA:405,3
DA:408,3
DA:409,3
DA:410,3
DA:411,3
DA:412,3
DA:413,3
DA:415,12
DA:416,3
DA:417,3
DA:419,3
DA:420,3
DA:421,3
DA:422,3
DA:425,3
DA:426,3
DA:427,3
DA:430,3075
DA:431,3148800
DA:432,3145728
DA:433,3145728
DA:439,3
DA:442,3
DA:445,3
DA:446,3
DA:447,3
DA:448,3
DA:449,3
DA:450,3
DA:452,12
DA:453,3
DA:454,3
DA:456,3
DA:457,3
DA:458,3
DA:459,3
DA:462,3
DA:463,3
DA:464,3
DA:467,555
DA:468,102120
DA:469,101568
DA:470,101568
DA:476,3
DA:479,3
DA:495,3
DA:496,3
DA:497,3
DA:498,3
DA:499,3
DA:500,3
DA:502,12
DA:503,3
DA:504,3
DA:506,3
DA:507,3
DA:508,3
DA:509,3
DA:512,3
DA:513,3
DA:514,3
DA:517,3075
DA:518,3148800
DA:519,3145728
DA:520,3145728
DA:526,3
DA:529,3
DA:550,3
DA:551,3
DA:552,3
DA:553,3
DA:554,3
DA:555,3
DA:557,12
DA:558,3
DA:559,3
DA:561,3
DA:562,3
DA:563,3
DA:564,3
DA:567,3
DA:568,3
DA:569,3
DA:572,195
DA:573,12480
DA:574,12288
DA:575,12288
DA:581,3
DA:584,3
DA:605,3
DA:606,3
DA:607,3
DA:608,3
DA:609,3
DA:610,3
DA:612,12
DA:613,3
DA:614,3
DA:617,3
DA:618,3
DA:619,3
DA:620,3
DA:623,3
DA:624,3
DA:625,3
DA:628,3075
DA:629,3148800
DA:630,3145728
DA:631,3145728
DA:637,3
DA:640,3
DA:661,3
DA:662,3
DA:663,3
DA:664,3
DA:665,3
DA:666,3
LF:264
LH:261
end_of_record
TN:
SF:/home/akiel/Desktop/trunk/github/pub/openGPMP/tests/nt/t_cipher.cpp
FN:104,116,_ZN12_GLOBAL__N_135kcipher_test_error_cipher_text_Test8TestBodyEv
FN:104,116,_ZN12_GLOBAL__N_135kcipher_test_error_cipher_text_TestC2Ev
FN:104,116,_ZN12_GLOBAL__N_135kcipher_test_error_cipher_text_TestD0Ev
FN:104,116,_ZN12_GLOBAL__N_135kcipher_test_error_cipher_text_TestD2Ev
FN:49,49,_ZN12_GLOBAL__N_126ccipher_test_caesar_0_Test8TestBodyEv
FN:49,49,_ZN12_GLOBAL__N_126ccipher_test_caesar_0_TestC2Ev
FN:49,49,_ZN12_GLOBAL__N_126ccipher_test_caesar_0_TestD0Ev
FN:49,49,_ZN12_GLOBAL__N_126ccipher_test_caesar_0_TestD2Ev
FN:58,65,_ZN12_GLOBAL__N_126ccipher_test_caesar_1_Test8TestBodyEv
FN:58,65,_ZN12_GLOBAL__N_126ccipher_test_caesar_1_TestC2Ev
FN:58,65,_ZN12_GLOBAL__N_126ccipher_test_caesar_1_TestD0Ev
FN:58,65,_ZN12_GLOBAL__N_126ccipher_test_caesar_1_TestD2Ev
FN:67,67,_ZN12_GLOBAL__N_126ccipher_test_caesar_2_Test8TestBodyEv
FN:67,67,_ZN12_GLOBAL__N_126ccipher_test_caesar_2_TestC2Ev
FN:67,67,_ZN12_GLOBAL__N_126ccipher_test_caesar_2_TestD0Ev
FN:67,67,_ZN12_GLOBAL__N_126ccipher_test_caesar_2_TestD2Ev
FN:76,76,_ZN12_GLOBAL__N_127kcipher_test_keyword_0_Test8TestBodyEv
FN:76,76,_ZN12_GLOBAL__N_127kcipher_test_keyword_0_TestC2Ev
FN:76,76,_ZN12_GLOBAL__N_127kcipher_test_keyword_0_TestD0Ev
FN:76,76,_ZN12_GLOBAL__N_127kcipher_test_keyword_0_TestD2Ev
FN:90,90,_ZN12_GLOBAL__N_127kcipher_test_keyword_1_Test8TestBodyEv
FN:90,90,_ZN12_GLOBAL__N_127kcipher_test_keyword_1_TestC2Ev
FN:90,90,_ZN12_GLOBAL__N_127kcipher_test_keyword_1_TestD0Ev
FN:90,90,_ZN12_GLOBAL__N_127kcipher_test_keyword_1_TestD2Ev
FNDA:3,_ZN12_GLOBAL__N_135kcipher_test_error_cipher_text_Test8TestBodyEv
FNDA:3,_ZN12_GLOBAL__N_135kcipher_test_error_cipher_text_TestC2Ev
FNDA:3,_ZN12_GLOBAL__N_135kcipher_test_error_cipher_text_TestD0Ev
FNDA:3,_ZN12_GLOBAL__N_135kcipher_test_error_cipher_text_TestD2Ev
FNDA:3,_ZN12_GLOBAL__N_126ccipher_test_caesar_0_Test8TestBodyEv
FNDA:3,_ZN12_GLOBAL__N_126ccipher_test_caesar_0_TestC2Ev
FNDA:3,_ZN12_GLOBAL__N_126ccipher_test_caesar_0_TestD0Ev
FNDA:3,_ZN12_GLOBAL__N_126ccipher_test_caesar_0_TestD2Ev
FNDA:3,_ZN12_GLOBAL__N_126ccipher_test_caesar_1_Test8TestBodyEv
FNDA:3,_ZN12_GLOBAL__N_126ccipher_test_caesar_1_TestC2Ev
FNDA:3,_ZN12_GLOBAL__N_126ccipher_test_caesar_1_TestD0Ev
FNDA:3,_ZN12_GLOBAL__N_126ccipher_test_caesar_1_TestD2Ev
FNDA:3,_ZN12_GLOBAL__N_126ccipher_test_caesar_2_Test8TestBodyEv
FNDA:3,_ZN12_GLOBAL__N_126ccipher_test_caesar_2_TestC2Ev
FNDA:3,_ZN12_GLOBAL__N_126ccipher_test_caesar_2_TestD0Ev
FNDA:3,_ZN12_GLOBAL__N_126ccipher_test_caesar_2_TestD2Ev
FNDA:3,_ZN12_GLOBAL__N_127kcipher_test_keyword_0_Test8TestBodyEv
FNDA:3,_ZN12_GLOBAL__N_127kcipher_test_keyword_0_TestC2Ev
FNDA:3,_ZN12_GLOBAL__N_127kcipher_test_keyword_0_TestD0Ev
FNDA:3,_ZN12_GLOBAL__N_127kcipher_test_keyword_0_TestD2Ev
FNDA:3,_ZN12_GLOBAL__N_127kcipher_test_keyword_1_Test8TestBodyEv
FNDA:3,_ZN12_GLOBAL__N_127kcipher_test_keyword_1_TestC2Ev
FNDA:3,_ZN12_GLOBAL__N_127kcipher_test_keyword_1_TestD0Ev
FNDA:3,_ZN12_GLOBAL__N_127kcipher_test_keyword_1_TestD2Ev
FNF:24
FNH:24
DA:49,12
DA:50,3
DA:51,3
DA:52,3
DA:53,3
DA:55,3
DA:56,3
DA:58,12
DA:59,3
DA:60,3
DA:61,3
DA:62,3
DA:64,3
DA:65,3
DA:67,12
DA:68,3
DA:69,3
DA:70,3
DA:71,3
DA:73,3
DA:74,3
DA:76,12
DA:77,6
DA:78,3
DA:81,3
DA:83,3
DA:85,3
DA:87,3
DA:88,3
DA:90,12
DA:91,6
DA:92,3
DA:95,3
DA:97,3
DA:99,3
DA:101,3
DA:102,3
DA:104,12
DA:105,6
DA:106,3
DA:109,3
DA:111,3
DA:113,3
DA:115,3
DA:116,3
LF:45
LH:45
end_of_record
TN:
SF:/home/akiel/Desktop/trunk/github/pub/openGPMP/tests/nt/t_factorization.cpp
FN:50,50,_ZN12_GLOBAL__N_133factorizations_factorization_Test8TestBodyEv
FN:50,50,_ZN12_GLOBAL__N_133factorizations_factorization_TestC2Ev
FN:50,50,_ZN12_GLOBAL__N_133factorizations_factorization_TestD0Ev
FN:50,50,_ZN12_GLOBAL__N_133factorizations_factorization_TestD2Ev
FNDA:3,_ZN12_GLOBAL__N_133factorizations_factorization_Test8TestBodyEv
FNDA:3,_ZN12_GLOBAL__N_133factorizations_factorization_TestC2Ev
FNDA:3,_ZN12_GLOBAL__N_133factorizations_factorization_TestD0Ev
FNDA:3,_ZN12_GLOBAL__N_133factorizations_factorization_TestD2Ev
FNF:4
FNH:4
DA:50,12
DA:51,3
DA:52,3
LF:3
LH:3
end_of_record
TN:
SF:/home/akiel/Desktop/trunk/github/pub/openGPMP/tests/nt/t_logarithms.cpp
FN:49,49,_ZN12_GLOBAL__N_127logarithms_pollard_rho_Test8TestBodyEv
FN:49,49,_ZN12_GLOBAL__N_127logarithms_pollard_rho_TestC2Ev
FN:49,49,_ZN12_GLOBAL__N_127logarithms_pollard_rho_TestD0Ev
FN:49,49,_ZN12_GLOBAL__N_127logarithms_pollard_rho_TestD2Ev
FNDA:3,_ZN12_GLOBAL__N_127logarithms_pollard_rho_Test8TestBodyEv
FNDA:3,_ZN12_GLOBAL__N_127logarithms_pollard_rho_TestC2Ev
FNDA:3,_ZN12_GLOBAL__N_127logarithms_pollard_rho_TestD0Ev
FNDA:3,_ZN12_GLOBAL__N_127logarithms_pollard_rho_TestD2Ev
FNF:4
FNH:4
DA:49,12
DA:50,3
DA:51,3
LF:3
LH:3
end_of_record
TN:
SF:/home/akiel/Desktop/trunk/github/pub/openGPMP/tests/nt/t_primes.cpp
FN:103,103,_ZN12_GLOBAL__N_123prime_test_mod_pow_Test8TestBodyEv
FN:103,103,_ZN12_GLOBAL__N_123prime_test_mod_pow_TestC2Ev
FN:103,103,_ZN12_GLOBAL__N_123prime_test_mod_pow_TestD0Ev
FN:103,103,_ZN12_GLOBAL__N_123prime_test_mod_pow_TestD2Ev
FN:135,135,_ZN12_GLOBAL__N_134prime_test_miller_rabin_prime_Test8TestBodyEv
FN:135,135,_ZN12_GLOBAL__N_134prime_test_miller_rabin_prime_TestC2Ev
FN:135,135,_ZN12_GLOBAL__N_134prime_test_miller_rabin_prime_TestD0Ev
FN:135,135,_ZN12_GLOBAL__N_134prime_test_miller_rabin_prime_TestD2Ev
FN:147,147,_ZN12_GLOBAL__N_132prime_test_solovoy_strassen_Test8TestBodyEv
FN:147,147,_ZN12_GLOBAL__N_132prime_test_solovoy_strassen_TestC2Ev
FN:147,147,_ZN12_GLOBAL__N_132prime_test_solovoy_strassen_TestD0Ev
FN:147,147,_ZN12_GLOBAL__N_132prime_test_solovoy_strassen_TestD2Ev
FN:49,49,_ZN12_GLOBAL__N_124prime_test_is_prime_Test8TestBodyEv
FN:49,49,_ZN12_GLOBAL__N_124prime_test_is_prime_TestC2Ev
FN:49,49,_ZN12_GLOBAL__N_124prime_test_is_prime_TestD0Ev
FN:49,49,_ZN12_GLOBAL__N_124prime_test_is_prime_TestD2Ev
FN:91,101,_ZN12_GLOBAL__N_126prime_test_carmichael_Test8TestBodyEv
FN:91,101,_ZN12_GLOBAL__N_126prime_test_carmichael_TestC2Ev
FN:91,101,_ZN12_GLOBAL__N_126prime_test_carmichael_TestD0Ev
FN:91,101,_ZN12_GLOBAL__N_126prime_test_carmichael_TestD2Ev
FNDA:3,_ZN12_GLOBAL__N_123prime_test_mod_pow_Test8TestBodyEv
FNDA:3,_ZN12_GLOBAL__N_123prime_test_mod_pow_TestC2Ev
FNDA:3,_ZN12_GLOBAL__N_123prime_test_mod_pow_TestD0Ev
FNDA:3,_ZN12_GLOBAL__N_123prime_test_mod_pow_TestD2Ev
FNDA:3,_ZN12_GLOBAL__N_134prime_test_miller_rabin_prime_Test8TestBodyEv
FNDA:3,_ZN12_GLOBAL__N_134prime_test_miller_rabin_prime_TestC2Ev
FNDA:3,_ZN12_GLOBAL__N_134prime_test_miller_rabin_prime_TestD0Ev
FNDA:3,_ZN12_GLOBAL__N_134prime_test_miller_rabin_prime_TestD2Ev
FNDA:3,_ZN12_GLOBAL__N_132prime_test_solovoy_strassen_Test8TestBodyEv
FNDA:3,_ZN12_GLOBAL__N_132prime_test_solovoy_strassen_TestC2Ev
FNDA:3,_ZN12_GLOBAL__N_132prime_test_solovoy_strassen_TestD0Ev
FNDA:3,_ZN12_GLOBAL__N_132prime_test_solovoy_strassen_TestD2Ev
FNDA:3,_ZN12_GLOBAL__N_124prime_test_is_prime_Test8TestBodyEv
FNDA:3,_ZN12_GLOBAL__N_124prime_test_is_prime_TestC2Ev
FNDA:3,_ZN12_GLOBAL__N_124prime_test_is_prime_TestD0Ev
FNDA:3,_ZN12_GLOBAL__N_124prime_test_is_prime_TestD2Ev
FNDA:3,_ZN12_GLOBAL__N_126prime_test_carmichael_Test8TestBodyEv
FNDA:3,_ZN12_GLOBAL__N_126prime_test_carmichael_TestC2Ev
FNDA:3,_ZN12_GLOBAL__N_126prime_test_carmichael_TestD0Ev
FNDA:3,_ZN12_GLOBAL__N_126prime_test_carmichael_TestD2Ev
FNF:20
FNH:20
DA:49,12
DA:50,3
DA:51,3
DA:52,3
DA:53,3
DA:55,3
DA:56,3
DA:57,3
DA:58,3
DA:60,3
DA:61,3
DA:62,3
DA:63,3
DA:65,3
DA:66,3
DA:67,3
DA:68,3
DA:70,3
DA:71,3
DA:72,3
DA:73,3
DA:75,3
DA:76,3
DA:77,3
DA:78,3
DA:80,3
DA:81,3
DA:82,3
DA:83,3
DA:85,3
DA:86,3
DA:87,3
DA:88,3
DA:89,3
DA:91,12
DA:92,3
DA:93,3
DA:94,3
DA:95,3
DA:97,3
DA:98,3
DA:99,3
DA:100,3
DA:101,3
DA:103,12
DA:104,3
DA:105,3
DA:106,3
DA:107,3
DA:108,3
DA:135,12
DA:136,3
DA:137,3
DA:138,3
DA:139,3
DA:140,3
DA:141,3
DA:142,3
DA:143,3
DA:147,12
DA:148,3
DA:149,3
DA:150,3
DA:151,3
DA:152,3
DA:153,3
DA:154,3
LF:67
LH:67
end_of_record
TN:
SF:/home/akiel/Desktop/trunk/github/pub/openGPMP/tests/nt/t_random.cpp
FN:19,19,_ZN30LCGTest_CustomConstructor_Test8TestBodyEv
FN:19,19,_ZN30LCGTest_CustomConstructor_TestC2Ev
FN:19,19,_ZN30LCGTest_CustomConstructor_TestD0Ev
FN:19,19,_ZN30LCGTest_CustomConstructor_TestD2Ev
FN:8,8,_ZN31LCGTest_DefaultConstructor_Test8TestBodyEv
FN:8,8,_ZN31LCGTest_DefaultConstructor_TestC2Ev
FN:8,8,_ZN31LCGTest_DefaultConstructor_TestD0Ev
FN:8,8,_ZN31LCGTest_DefaultConstructor_TestD2Ev
FNDA:3,_ZN30LCGTest_CustomConstructor_Test8TestBodyEv
FNDA:3,_ZN30LCGTest_CustomConstructor_TestC2Ev
FNDA:3,_ZN30LCGTest_CustomConstructor_TestD0Ev
FNDA:3,_ZN30LCGTest_CustomConstructor_TestD2Ev
FNDA:3,_ZN31LCGTest_DefaultConstructor_Test8TestBodyEv
FNDA:3,_ZN31LCGTest_DefaultConstructor_TestC2Ev
FNDA:3,_ZN31LCGTest_DefaultConstructor_TestD0Ev
FNDA:3,_ZN31LCGTest_DefaultConstructor_TestD2Ev
FNF:8
FNH:8
DA:8,12
DA:9,3
DA:12,33
DA:13,30
DA:14,30
DA:15,30
DA:17,3
DA:19,12
DA:20,3
DA:21,3
DA:22,3
DA:24,3
DA:27,33
DA:28,30
DA:29,30
DA:30,30
DA:32,3
LF:17
LH:17
end_of_record
TN:
SF:/home/akiel/Desktop/trunk/github/pub/openGPMP/tests/nt/t_rc4.cpp
FN:113,113,_ZN12_GLOBAL__N_123rc4_test_hash_BYTE_Test8TestBodyEv
FN:113,113,_ZN12_GLOBAL__N_123rc4_test_hash_BYTE_TestC2Ev
FN:113,113,_ZN12_GLOBAL__N_123rc4_test_hash_BYTE_TestD0Ev
FN:113,113,_ZN12_GLOBAL__N_123rc4_test_hash_BYTE_TestD2Ev
FN:137,137,_ZN12_GLOBAL__N_126rc4_test_SWAP_error_4_Test8TestBodyEv
FN:137,137,_ZN12_GLOBAL__N_126rc4_test_SWAP_error_4_TestC2Ev
FN:137,137,_ZN12_GLOBAL__N_126rc4_test_SWAP_error_4_TestD0Ev
FN:137,137,_ZN12_GLOBAL__N_126rc4_test_SWAP_error_4_TestD2Ev
FN:153,153,_ZN12_GLOBAL__N_128rc4_test_SWAP_error_127_Test8TestBodyEv
FN:153,153,_ZN12_GLOBAL__N_128rc4_test_SWAP_error_127_TestC2Ev
FN:153,153,_ZN12_GLOBAL__N_128rc4_test_SWAP_error_127_TestD0Ev
FN:153,153,_ZN12_GLOBAL__N_128rc4_test_SWAP_error_127_TestD2Ev
FN:169,184,_ZN12_GLOBAL__N_129rc4_test_NULL_ciphertext_Test8TestBodyEv
FN:169,184,_ZN12_GLOBAL__N_129rc4_test_NULL_ciphertext_TestC2Ev
FN:169,184,_ZN12_GLOBAL__N_129rc4_test_NULL_ciphertext_TestD0Ev
FN:169,184,_ZN12_GLOBAL__N_129rc4_test_NULL_ciphertext_TestD2Ev
FN:63,63,_ZN12_GLOBAL__N_122rc4_test_hash_XOR_Test8TestBodyEv
FN:63,63,_ZN12_GLOBAL__N_122rc4_test_hash_XOR_TestC2Ev
FN:63,63,_ZN12_GLOBAL__N_122rc4_test_hash_XOR_TestD0Ev
FN:63,63,_ZN12_GLOBAL__N_122rc4_test_hash_XOR_TestD2Ev
FN:89,111,_ZN12_GLOBAL__N_130rc4_test_hash_TRADITIONAL_Test8TestBodyEv
FN:89,111,_ZN12_GLOBAL__N_130rc4_test_hash_TRADITIONAL_TestC2Ev
FN:89,111,_ZN12_GLOBAL__N_130rc4_test_hash_TRADITIONAL_TestD0Ev
FN:89,111,_ZN12_GLOBAL__N_130rc4_test_hash_TRADITIONAL_TestD2Ev
FNDA:3,_ZN12_GLOBAL__N_123rc4_test_hash_BYTE_Test8TestBodyEv
FNDA:3,_ZN12_GLOBAL__N_123rc4_test_hash_BYTE_TestC2Ev
FNDA:3,_ZN12_GLOBAL__N_123rc4_test_hash_BYTE_TestD0Ev
FNDA:3,_ZN12_GLOBAL__N_123rc4_test_hash_BYTE_TestD2Ev
FNDA:3,_ZN12_GLOBAL__N_126rc4_test_SWAP_error_4_Test8TestBodyEv
FNDA:3,_ZN12_GLOBAL__N_126rc4_test_SWAP_error_4_TestC2Ev
FNDA:3,_ZN12_GLOBAL__N_126rc4_test_SWAP_error_4_TestD0Ev
FNDA:3,_ZN12_GLOBAL__N_126rc4_test_SWAP_error_4_TestD2Ev
FNDA:3,_ZN12_GLOBAL__N_128rc4_test_SWAP_error_127_Test8TestBodyEv
FNDA:3,_ZN12_GLOBAL__N_128rc4_test_SWAP_error_127_TestC2Ev
FNDA:3,_ZN12_GLOBAL__N_128rc4_test_SWAP_error_127_TestD0Ev
FNDA:3,_ZN12_GLOBAL__N_128rc4_test_SWAP_error_127_TestD2Ev
FNDA:3,_ZN12_GLOBAL__N_129rc4_test_NULL_ciphertext_Test8TestBodyEv
FNDA:3,_ZN12_GLOBAL__N_129rc4_test_NULL_ciphertext_TestC2Ev
FNDA:3,_ZN12_GLOBAL__N_129rc4_test_NULL_ciphertext_TestD0Ev
FNDA:3,_ZN12_GLOBAL__N_129rc4_test_NULL_ciphertext_TestD2Ev
FNDA:3,_ZN12_GLOBAL__N_122rc4_test_hash_XOR_Test8TestBodyEv
FNDA:3,_ZN12_GLOBAL__N_122rc4_test_hash_XOR_TestC2Ev
FNDA:3,_ZN12_GLOBAL__N_122rc4_test_hash_XOR_TestD0Ev
FNDA:3,_ZN12_GLOBAL__N_122rc4_test_hash_XOR_TestD2Ev
FNDA:3,_ZN12_GLOBAL__N_130rc4_test_hash_TRADITIONAL_Test8TestBodyEv
FNDA:3,_ZN12_GLOBAL__N_130rc4_test_hash_TRADITIONAL_TestC2Ev
FNDA:3,_ZN12_GLOBAL__N_130rc4_test_hash_TRADITIONAL_TestD0Ev
FNDA:3,_ZN12_GLOBAL__N_130rc4_test_hash_TRADITIONAL_TestD2Ev
FNF:24
FNH:24
DA:63,12
DA:64,3
DA:65,3
DA:68,3
DA:69,3
DA:70,3
DA:71,3
DA:73,6
DA:75,3
DA:76,3
DA:77,6
DA:78,3
DA:81,6
DA:83,3
DA:84,3
DA:85,6
DA:86,3
DA:87,3
DA:89,12
DA:90,3
DA:91,3
DA:93,3
DA:94,3
DA:95,3
DA:96,3
DA:98,6
DA:100,3
DA:101,3
DA:102,6
DA:103,3
DA:105,6
DA:107,3
DA:108,3
DA:109,6
DA:110,3
DA:111,3
DA:113,12
DA:114,3
DA:115,3
DA:117,3
DA:118,3
DA:119,3
DA:120,3
DA:122,6
DA:124,3
DA:125,3
DA:126,6
DA:127,3
DA:129,6
DA:131,3
DA:132,3
DA:133,6
DA:134,3
DA:135,3
DA:137,12
DA:138,3
DA:139,6
DA:142,3
DA:144,3
DA:146,3
DA:147,3
DA:149,3
DA:150,3
DA:151,3
DA:153,12
DA:154,3
DA:155,6
DA:158,3
DA:160,3
DA:162,3
DA:163,3
DA:165,3
DA:166,3
DA:167,3
DA:169,12
DA:170,3
DA:171,6
DA:174,3
DA:175,3
DA:179,3
DA:180,3
DA:182,3
DA:183,3
DA:184,3
LF:84
LH:84
end_of_record
