TN:
SF:/usr/include/c++/12/ext/alloc_traits.h
FN:97,_ZN9__gnu_cxx14__alloc_traitsISaIcEcE17_S_select_on_copyERKS1_
FNDA:0,_ZN9__gnu_cxx14__alloc_traitsISaIcEcE17_S_select_on_copyERKS1_
DA:97,0
DA:98,0
end_of_record
SF:/usr/include/c++/12/bits/basic_string.h
FN:634,_ZNSt7__cxx1112basic_stringIcSt11char_traitsIcESaIcEEC2IS3_EEPKcRKS3_
FNDA:0,_ZNSt7__cxx1112basic_stringIcSt11char_traitsIcESaIcEEC2IS3_EEPKcRKS3_
FN:3599,_ZSteqIcSt11char_traitsIcESaIcEEbRKNSt7__cxx1112basic_stringIT_T0_T1_EEPKS5_
FNDA:9,_ZSteqIcSt11char_traitsIcESaIcEEbRKNSt7__cxx1112basic_stringIT_T0_T1_EEPKS5_
DA:358,0
DA:634,0
DA:635,0
DA:638,0
DA:639,0
DA:641,0
DA:642,0
DA:643,0
DA:3599,9
DA:3601,9
end_of_record
SF:/usr/include/c++/12/bits/stl_iterator_base_funcs.h
FN:99,_ZSt10__distanceIPcENSt15iterator_traitsIT_E15difference_typeES2_S2_St26random_access_iterator_tag
FNDA:0,_ZSt10__distanceIPcENSt15iterator_traitsIT_E15difference_typeES2_S2_St26random_access_iterator_tag
FN:99,_ZSt10__distanceIPKcENSt15iterator_traitsIT_E15difference_typeES3_S3_St26random_access_iterator_tag
FNDA:0,_ZSt10__distanceIPKcENSt15iterator_traitsIT_E15difference_typeES3_S3_St26random_access_iterator_tag
FN:147,_ZSt8distanceIPcENSt15iterator_traitsIT_E15difference_typeES2_S2_
FNDA:0,_ZSt8distanceIPcENSt15iterator_traitsIT_E15difference_typeES2_S2_
FN:147,_ZSt8distanceIPKcENSt15iterator_traitsIT_E15difference_typeES3_S3_
FNDA:0,_ZSt8distanceIPKcENSt15iterator_traitsIT_E15difference_typeES3_S3_
DA:99,0
DA:105,0
DA:99,0
DA:105,0
DA:147,0
DA:150,0
DA:151,0
DA:147,0
DA:150,0
DA:151,0
end_of_record
SF:/usr/include/c++/12/bits/basic_string.tcc
FN:217,_ZNSt7__cxx1112basic_stringIcSt11char_traitsIcESaIcEE12_M_constructIPcEEvT_S7_St20forward_iterator_tag
FNDA:0,_ZNSt7__cxx1112basic_stringIcSt11char_traitsIcESaIcEE12_M_constructIPcEEvT_S7_St20forward_iterator_tag
FN:217,_ZNSt7__cxx1112basic_stringIcSt11char_traitsIcESaIcEE12_M_constructIPKcEEvT_S8_St20forward_iterator_tag
FNDA:0,_ZNSt7__cxx1112basic_stringIcSt11char_traitsIcESaIcEE12_M_constructIPKcEEvT_S8_St20forward_iterator_tag
FN:235,_ZZNSt7__cxx1112basic_stringIcSt11char_traitsIcESaIcEE12_M_constructIPcEEvT_S7_St20forward_iterator_tagEN6_GuardC2EPS4_
FNDA:0,_ZZNSt7__cxx1112basic_stringIcSt11char_traitsIcESaIcEE12_M_constructIPcEEvT_S7_St20forward_iterator_tagEN6_GuardC2EPS4_
FN:235,_ZZNSt7__cxx1112basic_stringIcSt11char_traitsIcESaIcEE12_M_constructIPKcEEvT_S8_St20forward_iterator_tagEN6_GuardC2EPS4_
FNDA:0,_ZZNSt7__cxx1112basic_stringIcSt11char_traitsIcESaIcEE12_M_constructIPKcEEvT_S8_St20forward_iterator_tagEN6_GuardC2EPS4_
FN:238,_ZZNSt7__cxx1112basic_stringIcSt11char_traitsIcESaIcEE12_M_constructIPcEEvT_S7_St20forward_iterator_tagEN6_GuardD2Ev
FNDA:0,_ZZNSt7__cxx1112basic_stringIcSt11char_traitsIcESaIcEE12_M_constructIPcEEvT_S7_St20forward_iterator_tagEN6_GuardD2Ev
FN:238,_ZZNSt7__cxx1112basic_stringIcSt11char_traitsIcESaIcEE12_M_constructIPKcEEvT_S8_St20forward_iterator_tagEN6_GuardD2Ev
FNDA:0,_ZZNSt7__cxx1112basic_stringIcSt11char_traitsIcESaIcEE12_M_constructIPKcEEvT_S8_St20forward_iterator_tagEN6_GuardD2Ev
DA:217,0
DA:221,0
DA:223,0
DA:225,0
DA:226,0
DA:241,0
DA:243,0
DA:245,0
DA:247,0
DA:248,0
DA:217,0
DA:221,0
DA:223,0
DA:225,0
DA:226,0
DA:241,0
DA:243,0
DA:245,0
DA:247,0
DA:248,0
DA:235,0
DA:235,0
DA:238,0
DA:238,0
end_of_record
SF:/home/akiel/Desktop/Trunk/github/public-repos/OSS/RM-pkg/modules/calculus/deriv.cpp
FN:39,_ZN8calculus14derivativeTermENSt7__cxx1112basic_stringIcSt11char_traitsIcESaIcEEEx
FNDA:5,_ZN8calculus14derivativeTermENSt7__cxx1112basic_stringIcSt11char_traitsIcESaIcEEEx
FN:71,_ZN8calculus11rm_deriv_atERNSt7__cxx1112basic_stringIcSt11char_traitsIcESaIcEEEi
FNDA:1,_ZN8calculus11rm_deriv_atERNSt7__cxx1112basic_stringIcSt11char_traitsIcESaIcEEEi
FN:93,_ZN8calculus8rm_derivERNSt7__cxx1112basic_stringIcSt11char_traitsIcESaIcEEE
FNDA:0,_ZN8calculus8rm_derivERNSt7__cxx1112basic_stringIcSt11char_traitsIcESaIcEEE
DA:39,5
DA:41,5
DA:43,5
DA:46,10
DA:47,5
DA:49,5
DA:52,5
DA:54,10
DA:55,5
DA:56,5
DA:58,5
DA:61,5
DA:62,5
DA:63,5
DA:64,5
DA:66,5
DA:68,5
DA:69,5
DA:71,1
DA:72,1
DA:75,1
DA:77,1
DA:78,10
DA:81,9
DA:82,4
DA:86,5
DA:88,1
DA:89,1
DA:90,1
DA:91,1
DA:93,0
DA:94,0
DA:97,0
DA:99,0
DA:100,0
DA:105,0
DA:106,0
DA:110,0
DA:112,0
DA:113,0
end_of_record
SF:/usr/include/c++/12/iostream
end_of_record
SF:/usr/include/x86_64-linux-gnu/c++/12/bits/c++config.h
FN:516,_ZSt23__is_constant_evaluatedv
FNDA:0,_ZSt23__is_constant_evaluatedv
DA:516,0
DA:523,0
end_of_record
SF:/usr/include/c++/12/bits/new_allocator.h
FN:80,_ZNSt15__new_allocatorIcEC2Ev
FNDA:0,_ZNSt15__new_allocatorIcEC2Ev
FN:83,_ZNSt15__new_allocatorIcEC2ERKS0_
FNDA:0,_ZNSt15__new_allocatorIcEC2ERKS0_
FN:90,_ZNSt15__new_allocatorIcED2Ev
FNDA:0,_ZNSt15__new_allocatorIcED2Ev
DA:80,0
DA:83,0
DA:90,0
end_of_record
SF:/usr/include/c++/12/bits/move.h
FN:104,_ZSt4moveIRSaIcEEONSt16remove_referenceIT_E4typeEOS3_
FNDA:0,_ZSt4moveIRSaIcEEONSt16remove_referenceIT_E4typeEOS3_
DA:104,0
DA:105,0
end_of_record
SF:/usr/include/c++/12/bits/stl_iterator_base_types.h
FN:238,_ZSt19__iterator_categoryIPKcENSt15iterator_traitsIT_E17iterator_categoryERKS3_
FNDA:0,_ZSt19__iterator_categoryIPKcENSt15iterator_traitsIT_E17iterator_categoryERKS3_
FN:238,_ZSt19__iterator_categoryIPcENSt15iterator_traitsIT_E17iterator_categoryERKS2_
FNDA:0,_ZSt19__iterator_categoryIPcENSt15iterator_traitsIT_E17iterator_categoryERKS2_
DA:238,0
DA:239,0
DA:238,0
DA:239,0
end_of_record
SF:/usr/include/c++/12/bits/char_traits.h
FN:121,_ZN9__gnu_cxx11char_traitsIcE2eqERKcS3_
FNDA:0,_ZN9__gnu_cxx11char_traitsIcE2eqERKcS3_
FN:182,_ZN9__gnu_cxx11char_traitsIcE6lengthEPKc
FNDA:0,_ZN9__gnu_cxx11char_traitsIcE6lengthEPKc
FN:389,_ZNSt11char_traitsIcE6lengthEPKc
FNDA:0,_ZNSt11char_traitsIcE6lengthEPKc
DA:121,0
DA:122,0
DA:182,0
DA:185,0
DA:186,0
DA:187,0
DA:188,0
DA:389,0
DA:392,0
DA:393,0
DA:395,0
end_of_record
SF:/usr/include/c++/12/bits/alloc_traits.h
FN:562,_ZNSt16allocator_traitsISaIcEE37select_on_container_copy_constructionERKS0_
FNDA:0,_ZNSt16allocator_traitsISaIcEE37select_on_container_copy_constructionERKS0_
DA:562,0
DA:563,0
end_of_record
TN:
SF:/usr/include/c++/12/bits/char_traits.h
FN:121,_ZN9__gnu_cxx11char_traitsIcE2eqERKcS3_
FNDA:0,_ZN9__gnu_cxx11char_traitsIcE2eqERKcS3_
FN:182,_ZN9__gnu_cxx11char_traitsIcE6lengthEPKc
FNDA:0,_ZN9__gnu_cxx11char_traitsIcE6lengthEPKc
FN:389,_ZNSt11char_traitsIcE6lengthEPKc
FNDA:15,_ZNSt11char_traitsIcE6lengthEPKc
DA:121,0
DA:122,0
DA:182,0
DA:185,0
DA:186,0
DA:187,0
DA:188,0
DA:389,15
DA:392,15
DA:393,0
DA:395,15
end_of_record
SF:/usr/include/c++/12/bits/stl_iterator_base_types.h
FN:238,_ZSt19__iterator_categoryIPcENSt15iterator_traitsIT_E17iterator_categoryERKS2_
FNDA:0,_ZSt19__iterator_categoryIPcENSt15iterator_traitsIT_E17iterator_categoryERKS2_
FN:238,_ZSt19__iterator_categoryIPKcENSt15iterator_traitsIT_E17iterator_categoryERKS3_
FNDA:15,_ZSt19__iterator_categoryIPKcENSt15iterator_traitsIT_E17iterator_categoryERKS3_
DA:238,0
DA:239,0
DA:238,15
DA:239,15
end_of_record
SF:/usr/include/c++/12/tuple
FN:124,_ZNSt10_Head_baseILm1ESt14default_deleteINSt7__cxx1118basic_stringstreamIcSt11char_traitsIcESaIcEEEELb1EE7_M_headERS8_
FNDA:2,_ZNSt10_Head_baseILm1ESt14default_deleteINSt7__cxx1118basic_stringstreamIcSt11char_traitsIcESaIcEEEELb1EE7_M_headERS8_
FN:124,_ZNSt10_Head_baseILm1ESt14default_deleteINSt7__cxx1112basic_stringIcSt11char_traitsIcESaIcEEEELb1EE7_M_headERS8_
FNDA:2,_ZNSt10_Head_baseILm1ESt14default_deleteINSt7__cxx1112basic_stringIcSt11char_traitsIcESaIcEEEELb1EE7_M_headERS8_
FN:233,_ZNSt10_Head_baseILm0EPNSt7__cxx1112basic_stringIcSt11char_traitsIcESaIcEEELb0EE7_M_headERS7_
FNDA:9,_ZNSt10_Head_baseILm0EPNSt7__cxx1112basic_stringIcSt11char_traitsIcESaIcEEELb0EE7_M_headERS7_
FN:233,_ZNSt10_Head_baseILm0EPNSt7__cxx1118basic_stringstreamIcSt11char_traitsIcESaIcEEELb0EE7_M_headERS7_
FNDA:2,_ZNSt10_Head_baseILm0EPNSt7__cxx1118basic_stringstreamIcSt11char_traitsIcESaIcEEELb0EE7_M_headERS7_
FN:236,_ZNSt10_Head_baseILm0EPNSt7__cxx1112basic_stringIcSt11char_traitsIcESaIcEEELb0EE7_M_headERKS7_
FNDA:4,_ZNSt10_Head_baseILm0EPNSt7__cxx1112basic_stringIcSt11char_traitsIcESaIcEEELb0EE7_M_headERKS7_
FN:268,_ZNSt11_Tuple_implILm0EJPNSt7__cxx1112basic_stringIcSt11char_traitsIcESaIcEEESt14default_deleteIS5_EEE7_M_headERS9_
FNDA:9,_ZNSt11_Tuple_implILm0EJPNSt7__cxx1112basic_stringIcSt11char_traitsIcESaIcEEESt14default_deleteIS5_EEE7_M_headERS9_
FN:268,_ZNSt11_Tuple_implILm0EJPNSt7__cxx1118basic_stringstreamIcSt11char_traitsIcESaIcEEESt14default_deleteIS5_EEE7_M_headERS9_
FNDA:2,_ZNSt11_Tuple_implILm0EJPNSt7__cxx1118basic_stringstreamIcSt11char_traitsIcESaIcEEESt14default_deleteIS5_EEE7_M_headERS9_
FN:271,_ZNSt11_Tuple_implILm0EJPNSt7__cxx1112basic_stringIcSt11char_traitsIcESaIcEEESt14default_deleteIS5_EEE7_M_headERKS9_
FNDA:4,_ZNSt11_Tuple_implILm0EJPNSt7__cxx1112basic_stringIcSt11char_traitsIcESaIcEEESt14default_deleteIS5_EEE7_M_headERKS9_
FN:424,_ZNSt11_Tuple_implILm1EJSt14default_deleteINSt7__cxx1112basic_stringIcSt11char_traitsIcESaIcEEEEEE7_M_headERS8_
FNDA:2,_ZNSt11_Tuple_implILm1EJSt14default_deleteINSt7__cxx1112basic_stringIcSt11char_traitsIcESaIcEEEEEE7_M_headERS8_
FN:424,_ZNSt11_Tuple_implILm1EJSt14default_deleteINSt7__cxx1118basic_stringstreamIcSt11char_traitsIcESaIcEEEEEE7_M_headERS8_
FNDA:2,_ZNSt11_Tuple_implILm1EJSt14default_deleteINSt7__cxx1118basic_stringstreamIcSt11char_traitsIcESaIcEEEEEE7_M_headERS8_
FN:1364,_ZSt12__get_helperILm1ESt14default_deleteINSt7__cxx1118basic_stringstreamIcSt11char_traitsIcESaIcEEEEJEERT0_RSt11_Tuple_implIXT_EJS8_DpT1_EE
FNDA:2,_ZSt12__get_helperILm1ESt14default_deleteINSt7__cxx1118basic_stringstreamIcSt11char_traitsIcESaIcEEEEJEERT0_RSt11_Tuple_implIXT_EJS8_DpT1_EE
FN:1364,_ZSt12__get_helperILm0EPNSt7__cxx1118basic_stringstreamIcSt11char_traitsIcESaIcEEEJSt14default_deleteIS5_EEERT0_RSt11_Tuple_implIXT_EJS9_DpT1_EE
FNDA:2,_ZSt12__get_helperILm0EPNSt7__cxx1118basic_stringstreamIcSt11char_traitsIcESaIcEEEJSt14default_deleteIS5_EEERT0_RSt11_Tuple_implIXT_EJS9_DpT1_EE
FN:1364,_ZSt12__get_helperILm0EPNSt7__cxx1112basic_stringIcSt11char_traitsIcESaIcEEEJSt14default_deleteIS5_EEERT0_RSt11_Tuple_implIXT_EJS9_DpT1_EE
FNDA:9,_ZSt12__get_helperILm0EPNSt7__cxx1112basic_stringIcSt11char_traitsIcESaIcEEEJSt14default_deleteIS5_EEERT0_RSt11_Tuple_implIXT_EJS9_DpT1_EE
FN:1364,_ZSt12__get_helperILm1ESt14default_deleteINSt7__cxx1112basic_stringIcSt11char_traitsIcESaIcEEEEJEERT0_RSt11_Tuple_implIXT_EJS8_DpT1_EE
FNDA:2,_ZSt12__get_helperILm1ESt14default_deleteINSt7__cxx1112basic_stringIcSt11char_traitsIcESaIcEEEEJEERT0_RSt11_Tuple_implIXT_EJS8_DpT1_EE
FN:1369,_ZSt12__get_helperILm0EPNSt7__cxx1112basic_stringIcSt11char_traitsIcESaIcEEEJSt14default_deleteIS5_EEERKT0_RKSt11_Tuple_implIXT_EJS9_DpT1_EE
FNDA:4,_ZSt12__get_helperILm0EPNSt7__cxx1112basic_stringIcSt11char_traitsIcESaIcEEEJSt14default_deleteIS5_EEERKT0_RKSt11_Tuple_implIXT_EJS9_DpT1_EE
FN:1380,_ZSt3getILm1EJPNSt7__cxx1112basic_stringIcSt11char_traitsIcESaIcEEESt14default_deleteIS5_EEERNSt13tuple_elementIXT_ESt5tupleIJDpT0_EEE4typeERSD_
FNDA:2,_ZSt3getILm1EJPNSt7__cxx1112basic_stringIcSt11char_traitsIcESaIcEEESt14default_deleteIS5_EEERNSt13tuple_elementIXT_ESt5tupleIJDpT0_EEE4typeERSD_
FN:1380,_ZSt3getILm1EJPNSt7__cxx1118basic_stringstreamIcSt11char_traitsIcESaIcEEESt14default_deleteIS5_EEERNSt13tuple_elementIXT_ESt5tupleIJDpT0_EEE4typeERSD_
FNDA:2,_ZSt3getILm1EJPNSt7__cxx1118basic_stringstreamIcSt11char_traitsIcESaIcEEESt14default_deleteIS5_EEERNSt13tuple_elementIXT_ESt5tupleIJDpT0_EEE4typeERSD_
FN:1380,_ZSt3getILm0EJPNSt7__cxx1112basic_stringIcSt11char_traitsIcESaIcEEESt14default_deleteIS5_EEERNSt13tuple_elementIXT_ESt5tupleIJDpT0_EEE4typeERSD_
FNDA:9,_ZSt3getILm0EJPNSt7__cxx1112basic_stringIcSt11char_traitsIcESaIcEEESt14default_deleteIS5_EEERNSt13tuple_elementIXT_ESt5tupleIJDpT0_EEE4typeERSD_
FN:1380,_ZSt3getILm0EJPNSt7__cxx1118basic_stringstreamIcSt11char_traitsIcESaIcEEESt14default_deleteIS5_EEERNSt13tuple_elementIXT_ESt5tupleIJDpT0_EEE4typeERSD_
FNDA:2,_ZSt3getILm0EJPNSt7__cxx1118basic_stringstreamIcSt11char_traitsIcESaIcEEESt14default_deleteIS5_EEERNSt13tuple_elementIXT_ESt5tupleIJDpT0_EEE4typeERSD_
FN:1386,_ZSt3getILm0EJPNSt7__cxx1112basic_stringIcSt11char_traitsIcESaIcEEESt14default_deleteIS5_EEERKNSt13tuple_elementIXT_ESt5tupleIJDpT0_EEE4typeERKSD_
FNDA:4,_ZSt3getILm0EJPNSt7__cxx1112basic_stringIcSt11char_traitsIcESaIcEEESt14default_deleteIS5_EEERKNSt13tuple_elementIXT_ESt5tupleIJDpT0_EEE4typeERKSD_
DA:124,2
DA:124,2
DA:233,9
DA:233,2
DA:236,4
DA:268,9
DA:268,2
DA:271,4
DA:424,2
DA:424,2
DA:1364,2
DA:1365,2
DA:1364,2
DA:1365,2
DA:1364,9
DA:1365,9
DA:1364,2
DA:1365,2
DA:1369,4
DA:1370,4
DA:1380,2
DA:1381,2
DA:1380,2
DA:1381,2
DA:1380,9
DA:1381,9
DA:1380,2
DA:1381,2
DA:1386,4
DA:1387,4
end_of_record
SF:/usr/include/c++/12/bits/alloc_traits.h
FN:562,_ZNSt16allocator_traitsISaIcEE37select_on_container_copy_constructionERKS0_
FNDA:0,_ZNSt16allocator_traitsISaIcEE37select_on_container_copy_constructionERKS0_
DA:562,0
DA:563,0
end_of_record
SF:/usr/include/c++/12/iostream
end_of_record
SF:/usr/include/c++/12/bits/new_allocator.h
FN:80,_ZNSt15__new_allocatorIcEC2Ev
FNDA:0,_ZNSt15__new_allocatorIcEC2Ev
FN:83,_ZNSt15__new_allocatorIcEC2ERKS0_
FNDA:0,_ZNSt15__new_allocatorIcEC2ERKS0_
FN:90,_ZNSt15__new_allocatorIcED2Ev
FNDA:0,_ZNSt15__new_allocatorIcED2Ev
DA:80,0
DA:83,0
DA:90,0
end_of_record
SF:/usr/include/c++/12/bits/move.h
FN:104,_ZSt4moveIRPNSt7__cxx1112basic_stringIcSt11char_traitsIcESaIcEEEEONSt16remove_referenceIT_E4typeEOS9_
FNDA:2,_ZSt4moveIRPNSt7__cxx1112basic_stringIcSt11char_traitsIcESaIcEEEEONSt16remove_referenceIT_E4typeEOS9_
FN:104,_ZSt4moveIRPNSt7__cxx1118basic_stringstreamIcSt11char_traitsIcESaIcEEEEONSt16remove_referenceIT_E4typeEOS9_
FNDA:2,_ZSt4moveIRPNSt7__cxx1118basic_stringstreamIcSt11char_traitsIcESaIcEEEEONSt16remove_referenceIT_E4typeEOS9_
FN:104,_ZSt4moveIRSaIcEEONSt16remove_referenceIT_E4typeEOS3_
FNDA:0,_ZSt4moveIRSaIcEEONSt16remove_referenceIT_E4typeEOS3_
DA:104,2
DA:105,2
DA:104,2
DA:105,2
DA:104,0
DA:105,0
end_of_record
SF:/usr/include/x86_64-linux-gnu/c++/12/bits/c++config.h
FN:516,_ZSt23__is_constant_evaluatedv
FNDA:15,_ZSt23__is_constant_evaluatedv
DA:516,15
DA:523,15
end_of_record
SF:/usr/include/c++/12/bits/basic_string.h
FN:634,_ZNSt7__cxx1112basic_stringIcSt11char_traitsIcESaIcEEC2IS3_EEPKcRKS3_
FNDA:15,_ZNSt7__cxx1112basic_stringIcSt11char_traitsIcESaIcEEC2IS3_EEPKcRKS3_
DA:358,11
DA:634,15
DA:635,15
DA:638,15
DA:639,0
DA:641,15
DA:642,15
DA:643,15
end_of_record
SF:/home/akiel/Desktop/Trunk/github/public-repos/OSS/RM-pkg/tests/arith/t_arith.cpp
FN:17,_ZN12_GLOBAL__N_128arith_test_add_positive_TestD0Ev
FNDA:1,_ZN12_GLOBAL__N_128arith_test_add_positive_TestD0Ev
FN:17,_ZN12_GLOBAL__N_128arith_test_add_positive_TestD2Ev
FNDA:1,_ZN12_GLOBAL__N_128arith_test_add_positive_TestD2Ev
FN:17,_ZN12_GLOBAL__N_128arith_test_add_positive_TestC2Ev
FNDA:1,_ZN12_GLOBAL__N_128arith_test_add_positive_TestC2Ev
FN:17,_ZN12_GLOBAL__N_128arith_test_add_positive_Test8TestBodyEv
FNDA:1,_ZN12_GLOBAL__N_128arith_test_add_positive_Test8TestBodyEv
FN:25,_ZN12_GLOBAL__N_129arith_test_mult_positive_TestD0Ev
FNDA:1,_ZN12_GLOBAL__N_129arith_test_mult_positive_TestD0Ev
FN:25,_ZN12_GLOBAL__N_129arith_test_mult_positive_TestD2Ev
FNDA:1,_ZN12_GLOBAL__N_129arith_test_mult_positive_TestD2Ev
FN:25,_ZN12_GLOBAL__N_129arith_test_mult_positive_TestC2Ev
FNDA:1,_ZN12_GLOBAL__N_129arith_test_mult_positive_TestC2Ev
FN:25,_ZN12_GLOBAL__N_129arith_test_mult_positive_Test8TestBodyEv
FNDA:1,_ZN12_GLOBAL__N_129arith_test_mult_positive_Test8TestBodyEv
FN:31,_ZN12_GLOBAL__N_128arith_test_sub_positive_TestD0Ev
FNDA:1,_ZN12_GLOBAL__N_128arith_test_sub_positive_TestD0Ev
FN:31,_ZN12_GLOBAL__N_128arith_test_sub_positive_TestD2Ev
FNDA:1,_ZN12_GLOBAL__N_128arith_test_sub_positive_TestD2Ev
FN:31,_ZN12_GLOBAL__N_128arith_test_sub_positive_TestC2Ev
FNDA:1,_ZN12_GLOBAL__N_128arith_test_sub_positive_TestC2Ev
FN:31,_ZN12_GLOBAL__N_128arith_test_sub_positive_Test8TestBodyEv
FNDA:1,_ZN12_GLOBAL__N_128arith_test_sub_positive_Test8TestBodyEv
DA:17,1
DA:17,1
DA:17,1
DA:17,1
DA:18,1
DA:19,1
DA:20,1
DA:22,1
DA:25,1
DA:25,1
DA:25,1
DA:25,1
DA:26,1
DA:27,1
DA:28,1
DA:31,1
DA:31,1
DA:31,1
DA:31,1
DA:32,1
DA:33,1
DA:34,1
DA:35,1
end_of_record
SF:/usr/include/c++/12/bits/basic_string.tcc
FN:217,_ZNSt7__cxx1112basic_stringIcSt11char_traitsIcESaIcEE12_M_constructIPcEEvT_S7_St20forward_iterator_tag
FNDA:0,_ZNSt7__cxx1112basic_stringIcSt11char_traitsIcESaIcEE12_M_constructIPcEEvT_S7_St20forward_iterator_tag
FN:217,_ZNSt7__cxx1112basic_stringIcSt11char_traitsIcESaIcEE12_M_constructIPKcEEvT_S8_St20forward_iterator_tag
FNDA:15,_ZNSt7__cxx1112basic_stringIcSt11char_traitsIcESaIcEE12_M_constructIPKcEEvT_S8_St20forward_iterator_tag
FN:235,_ZZNSt7__cxx1112basic_stringIcSt11char_traitsIcESaIcEE12_M_constructIPcEEvT_S7_St20forward_iterator_tagEN6_GuardC2EPS4_
FNDA:0,_ZZNSt7__cxx1112basic_stringIcSt11char_traitsIcESaIcEE12_M_constructIPcEEvT_S7_St20forward_iterator_tagEN6_GuardC2EPS4_
FN:235,_ZZNSt7__cxx1112basic_stringIcSt11char_traitsIcESaIcEE12_M_constructIPKcEEvT_S8_St20forward_iterator_tagEN6_GuardC2EPS4_
FNDA:15,_ZZNSt7__cxx1112basic_stringIcSt11char_traitsIcESaIcEE12_M_constructIPKcEEvT_S8_St20forward_iterator_tagEN6_GuardC2EPS4_
FN:238,_ZZNSt7__cxx1112basic_stringIcSt11char_traitsIcESaIcEE12_M_constructIPcEEvT_S7_St20forward_iterator_tagEN6_GuardD2Ev
FNDA:0,_ZZNSt7__cxx1112basic_stringIcSt11char_traitsIcESaIcEE12_M_constructIPcEEvT_S7_St20forward_iterator_tagEN6_GuardD2Ev
FN:238,_ZZNSt7__cxx1112basic_stringIcSt11char_traitsIcESaIcEE12_M_constructIPKcEEvT_S8_St20forward_iterator_tagEN6_GuardD2Ev
FNDA:15,_ZZNSt7__cxx1112basic_stringIcSt11char_traitsIcESaIcEE12_M_constructIPKcEEvT_S8_St20forward_iterator_tagEN6_GuardD2Ev
DA:217,0
DA:221,0
DA:223,0
DA:225,0
DA:226,0
DA:241,0
DA:243,0
DA:245,0
DA:247,0
DA:248,0
DA:217,15
DA:221,15
DA:223,15
DA:225,4
DA:226,4
DA:241,15
DA:243,15
DA:245,15
DA:247,15
DA:248,15
DA:235,0
DA:235,15
DA:238,0
DA:238,15
end_of_record
SF:/usr/local/include/gtest/internal/gtest-internal.h
FN:450,_ZN7testing8internal15TestFactoryBaseD0Ev
FNDA:0,_ZN7testing8internal15TestFactoryBaseD0Ev
FN:450,_ZN7testing8internal15TestFactoryBaseD2Ev
FNDA:4,_ZN7testing8internal15TestFactoryBaseD2Ev
FN:457,_ZN7testing8internal15TestFactoryBaseC2Ev
FNDA:4,_ZN7testing8internal15TestFactoryBaseC2Ev
FN:469,_ZN7testing8internal15TestFactoryImplIN12_GLOBAL__N_128arith_test_add_positive_TestEE10CreateTestEv
FNDA:1,_ZN7testing8internal15TestFactoryImplIN12_GLOBAL__N_128arith_test_add_positive_TestEE10CreateTestEv
FN:469,_ZN7testing8internal15TestFactoryImplIN12_GLOBAL__N_129arith_test_mult_positive_TestEE10CreateTestEv
FNDA:1,_ZN7testing8internal15TestFactoryImplIN12_GLOBAL__N_129arith_test_mult_positive_TestEE10CreateTestEv
FN:469,_ZN7testing8internal15TestFactoryImplIN12_GLOBAL__N_128arith_test_sub_positive_TestEE10CreateTestEv
FNDA:1,_ZN7testing8internal15TestFactoryImplIN12_GLOBAL__N_128arith_test_sub_positive_TestEE10CreateTestEv
FN:490,_ZN7testing8internal12CodeLocationC2ERKNSt7__cxx1112basic_stringIcSt11char_traitsIcESaIcEEEi
FNDA:4,_ZN7testing8internal12CodeLocationC2ERKNSt7__cxx1112basic_stringIcSt11char_traitsIcESaIcEEEi
FN:503,_ZN7testing8internal19GetNotDefaultOrNullEPFvvES2_
FNDA:16,_ZN7testing8internal19GetNotDefaultOrNullEPFvvES2_
FN:518,_ZN7testing8internal16SuiteApiResolverINS_4TestEE19GetSetUpCaseOrSuiteEPKci
FNDA:4,_ZN7testing8internal16SuiteApiResolverINS_4TestEE19GetSetUpCaseOrSuiteEPKci
FN:539,_ZN7testing8internal16SuiteApiResolverINS_4TestEE22GetTearDownCaseOrSuiteEPKci
FNDA:4,_ZN7testing8internal16SuiteApiResolverINS_4TestEE22GetTearDownCaseOrSuiteEPKci
DA:450,0
DA:450,4
DA:457,4
DA:469,1
DA:469,1
DA:469,1
DA:490,4
DA:491,4
DA:503,16
DA:505,16
DA:518,4
DA:522,4
DA:524,4
DA:526,4
DA:529,0
DA:531,4
DA:539,4
DA:543,4
DA:545,4
DA:547,4
DA:550,0
DA:552,4
end_of_record
SF:/usr/include/c++/12/bits/stl_iterator_base_funcs.h
FN:99,_ZSt10__distanceIPcENSt15iterator_traitsIT_E15difference_typeES2_S2_St26random_access_iterator_tag
FNDA:0,_ZSt10__distanceIPcENSt15iterator_traitsIT_E15difference_typeES2_S2_St26random_access_iterator_tag
FN:99,_ZSt10__distanceIPKcENSt15iterator_traitsIT_E15difference_typeES3_S3_St26random_access_iterator_tag
FNDA:15,_ZSt10__distanceIPKcENSt15iterator_traitsIT_E15difference_typeES3_S3_St26random_access_iterator_tag
FN:147,_ZSt8distanceIPcENSt15iterator_traitsIT_E15difference_typeES2_S2_
FNDA:0,_ZSt8distanceIPcENSt15iterator_traitsIT_E15difference_typeES2_S2_
FN:147,_ZSt8distanceIPKcENSt15iterator_traitsIT_E15difference_typeES3_S3_
FNDA:15,_ZSt8distanceIPKcENSt15iterator_traitsIT_E15difference_typeES3_S3_
DA:99,0
DA:105,0
DA:99,15
DA:105,15
DA:147,0
DA:150,0
DA:151,0
DA:147,15
DA:150,15
DA:151,30
end_of_record
SF:/home/akiel/Desktop/Trunk/github/public-repos/OSS/RM-pkg/include/arith.hpp
FN:20,_ZN5arith6rm_addIiEET_S1_
FNDA:3,_ZN5arith6rm_addIiEET_S1_
FN:25,_ZN5arith6rm_addIiJiEEEDaT_DpT0_
FNDA:2,_ZN5arith6rm_addIiJiEEEDaT_DpT0_
FN:25,_ZN5arith6rm_addIiJiiEEEDaT_DpT0_
FNDA:2,_ZN5arith6rm_addIiJiiEEEDaT_DpT0_
FN:25,_ZN5arith6rm_addIiJiiiEEEDaT_DpT0_
FNDA:1,_ZN5arith6rm_addIiJiiiEEEDaT_DpT0_
FN:25,_ZN5arith6rm_addIdJiEEEDaT_DpT0_
FNDA:1,_ZN5arith6rm_addIdJiEEEDaT_DpT0_
FN:25,_ZN5arith6rm_addIdJdiEEEDaT_DpT0_
FNDA:1,_ZN5arith6rm_addIdJdiEEEDaT_DpT0_
FN:25,_ZN5arith6rm_addIdJddiEEEDaT_DpT0_
FNDA:1,_ZN5arith6rm_addIdJddiEEEDaT_DpT0_
FN:31,_ZN5arith6rm_subIiEET_S1_
FNDA:2,_ZN5arith6rm_subIiEET_S1_
FN:31,_ZN5arith6rm_subIdEET_S1_
FNDA:1,_ZN5arith6rm_subIdEET_S1_
FN:36,_ZN5arith6rm_subIiJiEEEDaT_DpT0_
FNDA:2,_ZN5arith6rm_subIiJiEEEDaT_DpT0_
FN:36,_ZN5arith6rm_subIiJiiEEEDaT_DpT0_
FNDA:2,_ZN5arith6rm_subIiJiiEEEDaT_DpT0_
FN:36,_ZN5arith6rm_subIdJdEEEDaT_DpT0_
FNDA:1,_ZN5arith6rm_subIdJdEEEDaT_DpT0_
FN:36,_ZN5arith6rm_subIdJddEEEDaT_DpT0_
FNDA:1,_ZN5arith6rm_subIdJddEEEDaT_DpT0_
FN:42,_ZN5arith7rm_multIiEET_S1_
FNDA:2,_ZN5arith7rm_multIiEET_S1_
FN:47,_ZN5arith7rm_multIdJddiEEEDaT_DpT0_
FNDA:1,_ZN5arith7rm_multIdJddiEEEDaT_DpT0_
FN:47,_ZN5arith7rm_multIdJdiEEEDaT_DpT0_
FNDA:1,_ZN5arith7rm_multIdJdiEEEDaT_DpT0_
FN:47,_ZN5arith7rm_multIdJiEEEDaT_DpT0_
FNDA:1,_ZN5arith7rm_multIdJiEEEDaT_DpT0_
FN:47,_ZN5arith7rm_multIiJiiEEEDaT_DpT0_
FNDA:1,_ZN5arith7rm_multIiJiiEEEDaT_DpT0_
FN:47,_ZN5arith7rm_multIiJiEEEDaT_DpT0_
FNDA:1,_ZN5arith7rm_multIiJiEEEDaT_DpT0_
DA:20,3
DA:21,3
DA:25,1
DA:26,1
DA:25,1
DA:26,1
DA:25,1
DA:26,1
DA:25,1
DA:26,1
DA:25,2
DA:26,2
DA:25,2
DA:26,2
DA:31,1
DA:32,1
DA:31,2
DA:32,2
DA:36,1
DA:37,1
DA:36,1
DA:37,1
DA:36,2
DA:37,2
DA:36,2
DA:37,2
DA:42,2
DA:43,2
DA:47,1
DA:48,1
DA:47,1
DA:48,1
DA:47,1
DA:48,1
DA:47,1
DA:48,1
DA:47,1
DA:48,1
end_of_record
SF:/usr/include/c++/12/bits/unique_ptr.h
FN:89,_ZNKSt14default_deleteINSt7__cxx1112basic_stringIcSt11char_traitsIcESaIcEEEEclEPS5_
FNDA:2,_ZNKSt14default_deleteINSt7__cxx1112basic_stringIcSt11char_traitsIcESaIcEEEEclEPS5_
FN:89,_ZNKSt14default_deleteINSt7__cxx1118basic_stringstreamIcSt11char_traitsIcESaIcEEEEclEPS5_
FNDA:2,_ZNKSt14default_deleteINSt7__cxx1118basic_stringstreamIcSt11char_traitsIcESaIcEEEEclEPS5_
FN:189,_ZNSt15__uniq_ptr_implINSt7__cxx1112basic_stringIcSt11char_traitsIcESaIcEEESt14default_deleteIS5_EE6_M_ptrEv
FNDA:9,_ZNSt15__uniq_ptr_implINSt7__cxx1112basic_stringIcSt11char_traitsIcESaIcEEESt14default_deleteIS5_EE6_M_ptrEv
FN:189,_ZNSt15__uniq_ptr_implINSt7__cxx1118basic_stringstreamIcSt11char_traitsIcESaIcEEESt14default_deleteIS5_EE6_M_ptrEv
FNDA:2,_ZNSt15__uniq_ptr_implINSt7__cxx1118basic_stringstreamIcSt11char_traitsIcESaIcEEESt14default_deleteIS5_EE6_M_ptrEv
FN:191,_ZNKSt15__uniq_ptr_implINSt7__cxx1112basic_stringIcSt11char_traitsIcESaIcEEESt14default_deleteIS5_EE6_M_ptrEv
FNDA:4,_ZNKSt15__uniq_ptr_implINSt7__cxx1112basic_stringIcSt11char_traitsIcESaIcEEESt14default_deleteIS5_EE6_M_ptrEv
FN:193,_ZNSt15__uniq_ptr_implINSt7__cxx1112basic_stringIcSt11char_traitsIcESaIcEEESt14default_deleteIS5_EE10_M_deleterEv
FNDA:2,_ZNSt15__uniq_ptr_implINSt7__cxx1112basic_stringIcSt11char_traitsIcESaIcEEESt14default_deleteIS5_EE10_M_deleterEv
FN:193,_ZNSt15__uniq_ptr_implINSt7__cxx1118basic_stringstreamIcSt11char_traitsIcESaIcEEESt14default_deleteIS5_EE10_M_deleterEv
FNDA:2,_ZNSt15__uniq_ptr_implINSt7__cxx1118basic_stringstreamIcSt11char_traitsIcESaIcEEESt14default_deleteIS5_EE10_M_deleterEv
FN:390,_ZNSt10unique_ptrINSt7__cxx1112basic_stringIcSt11char_traitsIcESaIcEEESt14default_deleteIS5_EED2Ev
FNDA:9,_ZNSt10unique_ptrINSt7__cxx1112basic_stringIcSt11char_traitsIcESaIcEEESt14default_deleteIS5_EED2Ev
FN:390,_ZNSt10unique_ptrINSt7__cxx1118basic_stringstreamIcSt11char_traitsIcESaIcEEESt14default_deleteIS5_EED2Ev
FNDA:2,_ZNSt10unique_ptrINSt7__cxx1118basic_stringstreamIcSt11char_traitsIcESaIcEEESt14default_deleteIS5_EED2Ev
FN:452,_ZNKSt10unique_ptrINSt7__cxx1112basic_stringIcSt11char_traitsIcESaIcEEESt14default_deleteIS5_EEptEv
FNDA:2,_ZNKSt10unique_ptrINSt7__cxx1112basic_stringIcSt11char_traitsIcESaIcEEESt14default_deleteIS5_EEptEv
FN:461,_ZNKSt10unique_ptrINSt7__cxx1112basic_stringIcSt11char_traitsIcESaIcEEESt14default_deleteIS5_EE3getEv
FNDA:4,_ZNKSt10unique_ptrINSt7__cxx1112basic_stringIcSt11char_traitsIcESaIcEEESt14default_deleteIS5_EE3getEv
FN:467,_ZNSt10unique_ptrINSt7__cxx1112basic_stringIcSt11char_traitsIcESaIcEEESt14default_deleteIS5_EE11get_deleterEv
FNDA:2,_ZNSt10unique_ptrINSt7__cxx1112basic_stringIcSt11char_traitsIcESaIcEEESt14default_deleteIS5_EE11get_deleterEv
FN:467,_ZNSt10unique_ptrINSt7__cxx1118basic_stringstreamIcSt11char_traitsIcESaIcEEESt14default_deleteIS5_EE11get_deleterEv
FNDA:2,_ZNSt10unique_ptrINSt7__cxx1118basic_stringstreamIcSt11char_traitsIcESaIcEEESt14default_deleteIS5_EE11get_deleterEv
DA:89,2
DA:95,2
DA:96,2
DA:89,2
DA:95,2
DA:96,2
DA:189,9
DA:189,2
DA:191,4
DA:193,2
DA:193,2
DA:390,9
DA:394,9
DA:395,9
DA:396,2
DA:397,9
DA:398,9
DA:390,2
DA:394,2
DA:395,2
DA:396,2
DA:397,2
DA:398,2
DA:452,2
DA:455,2
DA:461,4
DA:462,4
DA:467,2
DA:468,2
DA:467,2
DA:468,2
end_of_record
SF:/usr/local/include/gtest/gtest-assertion-result.h
FN:174,_ZNK7testing15AssertionResultcvbEv
FNDA:9,_ZNK7testing15AssertionResultcvbEv
FN:183,_ZNK7testing15AssertionResult7messageEv
FNDA:2,_ZNK7testing15AssertionResult7messageEv
FN:187,_ZNK7testing15AssertionResult15failure_messageEv
FNDA:2,_ZNK7testing15AssertionResult15failure_messageEv
DA:174,9
DA:183,2
DA:184,2
DA:187,2
end_of_record
SF:/usr/include/c++/12/ext/alloc_traits.h
FN:97,_ZN9__gnu_cxx14__alloc_traitsISaIcEcE17_S_select_on_copyERKS1_
FNDA:0,_ZN9__gnu_cxx14__alloc_traitsISaIcEcE17_S_select_on_copyERKS1_
DA:97,0
DA:98,0
end_of_record
SF:/usr/local/include/gtest/internal/gtest-port.h
FN:967,_ZN7testing8internal8GTestLog9GetStreamEv
FNDA:0,_ZN7testing8internal8GTestLog9GetStreamEv
DA:967,0
end_of_record
SF:/usr/local/include/gtest/gtest.h
FN:244,_ZN7testing4Test14SetUpTestSuiteEv
FNDA:0,_ZN7testing4Test14SetUpTestSuiteEv
FN:252,_ZN7testing4Test17TearDownTestSuiteEv
FNDA:0,_ZN7testing4Test17TearDownTestSuiteEv
FN:257,_ZN7testing4Test16TearDownTestCaseEv
FNDA:0,_ZN7testing4Test16TearDownTestCaseEv
FN:258,_ZN7testing4Test13SetUpTestCaseEv
FNDA:0,_ZN7testing4Test13SetUpTestCaseEv
FN:339,_ZN7testing4Test5SetupEv
FNDA:0,_ZN7testing4Test5SetupEv
FN:1338,_ZN7testing8internal18CmpHelperEQFailureIidEENS_15AssertionResultEPKcS4_RKT_RKT0_
FNDA:1,_ZN7testing8internal18CmpHelperEQFailureIidEENS_15AssertionResultEPKcS4_RKT_RKT0_
FN:1338,_ZN7testing8internal18CmpHelperEQFailureIddEENS_15AssertionResultEPKcS4_RKT_RKT0_
FNDA:0,_ZN7testing8internal18CmpHelperEQFailureIddEENS_15AssertionResultEPKcS4_RKT_RKT0_
FN:1338,_ZN7testing8internal18CmpHelperEQFailureIiiEENS_15AssertionResultEPKcS4_RKT_RKT0_
FNDA:1,_ZN7testing8internal18CmpHelperEQFailureIiiEENS_15AssertionResultEPKcS4_RKT_RKT0_
FN:1355,_ZN7testing8internal11CmpHelperEQIidEENS_15AssertionResultEPKcS4_RKT_RKT0_
FNDA:1,_ZN7testing8internal11CmpHelperEQIidEENS_15AssertionResultEPKcS4_RKT_RKT0_
FN:1355,_ZN7testing8internal11CmpHelperEQIddEENS_15AssertionResultEPKcS4_RKT_RKT0_
FNDA:2,_ZN7testing8internal11CmpHelperEQIddEENS_15AssertionResultEPKcS4_RKT_RKT0_
FN:1355,_ZN7testing8internal11CmpHelperEQIiiEENS_15AssertionResultEPKcS4_RKT_RKT0_
FNDA:5,_ZN7testing8internal11CmpHelperEQIiiEENS_15AssertionResultEPKcS4_RKT_RKT0_
FN:1374,_ZN7testing8internal8EqHelper7CompareIidLPv0EEENS_15AssertionResultEPKcS6_RKT_RKT0_
FNDA:1,_ZN7testing8internal8EqHelper7CompareIidLPv0EEENS_15AssertionResultEPKcS6_RKT_RKT0_
FN:1374,_ZN7testing8internal8EqHelper7CompareIddLPv0EEENS_15AssertionResultEPKcS6_RKT_RKT0_
FNDA:2,_ZN7testing8internal8EqHelper7CompareIddLPv0EEENS_15AssertionResultEPKcS6_RKT_RKT0_
FN:1374,_ZN7testing8internal8EqHelper7CompareIiiLPv0EEENS_15AssertionResultEPKcS6_RKT_RKT0_
FNDA:5,_ZN7testing8internal8EqHelper7CompareIiiLPv0EEENS_15AssertionResultEPKcS6_RKT_RKT0_
DA:244,0
DA:252,0
DA:257,0
DA:258,0
DA:339,0
DA:1338,1
DA:1343,1
DA:1338,0
DA:1343,0
DA:1338,1
DA:1343,1
DA:1355,1
DA:1358,1
DA:1359,0
DA:1362,1
DA:1355,2
DA:1358,2
DA:1359,2
DA:1362,0
DA:1355,5
DA:1358,5
DA:1359,4
DA:1362,1
DA:1374,1
DA:1377,1
DA:1374,2
DA:1377,2
DA:1374,5
DA:1377,5
end_of_record
SF:/usr/local/include/gtest/gtest-message.h
end_of_record
SF:/usr/local/include/gtest/gtest-printers.h
FN:213,_ZN7testing8internal52internal_stream_operator_without_lexical_name_lookup13StreamPrinter10PrintValueIivRSoEEvRKT_PSo
FNDA:3,_ZN7testing8internal52internal_stream_operator_without_lexical_name_lookup13StreamPrinter10PrintValueIivRSoEEvRKT_PSo
FN:213,_ZN7testing8internal52internal_stream_operator_without_lexical_name_lookup13StreamPrinter10PrintValueIdvRSoEEvRKT_PSo
FNDA:1,_ZN7testing8internal52internal_stream_operator_without_lexical_name_lookup13StreamPrinter10PrintValueIdvRSoEEvRKT_PSo
FN:305,_ZN7testing8internal17PrintWithFallbackIdEEvRKT_PSo
FNDA:1,_ZN7testing8internal17PrintWithFallbackIdEEvRKT_PSo
FN:305,_ZN7testing8internal17PrintWithFallbackIiEEvRKT_PSo
FNDA:3,_ZN7testing8internal17PrintWithFallbackIiEEvRKT_PSo
FN:332,_ZN7testing8internal19FormatForComparisonIiiE6FormatB5cxx11ERKi
FNDA:2,_ZN7testing8internal19FormatForComparisonIiiE6FormatB5cxx11ERKi
FN:332,_ZN7testing8internal19FormatForComparisonIddE6FormatB5cxx11ERKd
FNDA:0,_ZN7testing8internal19FormatForComparisonIddE6FormatB5cxx11ERKd
FN:332,_ZN7testing8internal19FormatForComparisonIidE6FormatB5cxx11ERKi
FNDA:1,_ZN7testing8internal19FormatForComparisonIidE6FormatB5cxx11ERKi
FN:332,_ZN7testing8internal19FormatForComparisonIdiE6FormatB5cxx11ERKd
FNDA:1,_ZN7testing8internal19FormatForComparisonIdiE6FormatB5cxx11ERKd
FN:412,_ZN7testing8internal33FormatForComparisonFailureMessageIiiEENSt7__cxx1112basic_stringIcSt11char_traitsIcESaIcEEERKT_RKT0_
FNDA:2,_ZN7testing8internal33FormatForComparisonFailureMessageIiiEENSt7__cxx1112basic_stringIcSt11char_traitsIcESaIcEEERKT_RKT0_
FN:412,_ZN7testing8internal33FormatForComparisonFailureMessageIddEENSt7__cxx1112basic_stringIcSt11char_traitsIcESaIcEEERKT_RKT0_
FNDA:0,_ZN7testing8internal33FormatForComparisonFailureMessageIddEENSt7__cxx1112basic_stringIcSt11char_traitsIcESaIcEEERKT_RKT0_
FN:412,_ZN7testing8internal33FormatForComparisonFailureMessageIidEENSt7__cxx1112basic_stringIcSt11char_traitsIcESaIcEEERKT_RKT0_
FNDA:1,_ZN7testing8internal33FormatForComparisonFailureMessageIidEENSt7__cxx1112basic_stringIcSt11char_traitsIcESaIcEEERKT_RKT0_
FN:412,_ZN7testing8internal33FormatForComparisonFailureMessageIdiEENSt7__cxx1112basic_stringIcSt11char_traitsIcESaIcEEERKT_RKT0_
FNDA:1,_ZN7testing8internal33FormatForComparisonFailureMessageIdiEENSt7__cxx1112basic_stringIcSt11char_traitsIcESaIcEEERKT_RKT0_
FN:439,_ZN7testing8internal7PrintToIiEEvRKT_PSo
FNDA:3,_ZN7testing8internal7PrintToIiEEvRKT_PSo
FN:439,_ZN7testing8internal7PrintToIdEEvRKT_PSo
FNDA:1,_ZN7testing8internal7PrintToIdEEvRKT_PSo
FN:693,_ZN7testing8internal16UniversalPrinterIiE5PrintERKiPSo
FNDA:3,_ZN7testing8internal16UniversalPrinterIiE5PrintERKiPSo
FN:693,_ZN7testing8internal16UniversalPrinterIdE5PrintERKdPSo
FNDA:1,_ZN7testing8internal16UniversalPrinterIdE5PrintERKdPSo
FN:883,_ZN7testing8internal21UniversalTersePrinterIiE5PrintERKiPSo
FNDA:3,_ZN7testing8internal21UniversalTersePrinterIiE5PrintERKiPSo
FN:883,_ZN7testing8internal21UniversalTersePrinterIdE5PrintERKdPSo
FNDA:1,_ZN7testing8internal21UniversalTersePrinterIdE5PrintERKdPSo
FN:995,_ZN7testing8internal14UniversalPrintIiEEvRKT_PSo
FNDA:3,_ZN7testing8internal14UniversalPrintIiEEvRKT_PSo
FN:995,_ZN7testing8internal14UniversalPrintIdEEvRKT_PSo
FNDA:1,_ZN7testing8internal14UniversalPrintIdEEvRKT_PSo
FN:1035,_ZN7testing13PrintToStringIdEENSt7__cxx1112basic_stringIcSt11char_traitsIcESaIcEEERKT_
FNDA:1,_ZN7testing13PrintToStringIdEENSt7__cxx1112basic_stringIcSt11char_traitsIcESaIcEEERKT_
FN:1035,_ZN7testing13PrintToStringIiEENSt7__cxx1112basic_stringIcSt11char_traitsIcESaIcEEERKT_
FNDA:3,_ZN7testing13PrintToStringIiEENSt7__cxx1112basic_stringIcSt11char_traitsIcESaIcEEERKT_
DA:213,1
DA:216,1
DA:217,1
DA:213,3
DA:216,3
DA:217,3
DA:305,1
DA:311,1
DA:312,1
DA:305,3
DA:311,3
DA:312,3
DA:332,1
DA:333,1
DA:332,1
DA:333,1
DA:332,0
DA:333,0
DA:332,2
DA:333,2
DA:412,1
DA:414,1
DA:412,1
DA:414,1
DA:412,0
DA:414,0
DA:412,2
DA:414,2
DA:439,1
DA:440,1
DA:441,1
DA:439,3
DA:440,3
DA:441,3
DA:693,1
DA:702,1
DA:703,1
DA:693,3
DA:702,3
DA:703,3
DA:883,1
DA:884,1
DA:885,1
DA:883,3
DA:884,3
DA:885,3
DA:995,1
DA:999,1
DA:1000,1
DA:995,3
DA:999,3
DA:1000,3
DA:1035,1
DA:1036,1
DA:1037,1
DA:1038,2
DA:1039,1
DA:1035,3
DA:1036,3
DA:1037,3
DA:1038,6
DA:1039,3
end_of_record
TN:
SF:/usr/include/c++/12/tuple
FN:124,_ZNSt10_Head_baseILm1ESt14default_deleteINSt7__cxx1118basic_stringstreamIcSt11char_traitsIcESaIcEEEELb1EE7_M_headERS8_
FNDA:0,_ZNSt10_Head_baseILm1ESt14default_deleteINSt7__cxx1118basic_stringstreamIcSt11char_traitsIcESaIcEEEELb1EE7_M_headERS8_
FN:124,_ZNSt10_Head_baseILm1ESt14default_deleteINSt7__cxx1112basic_stringIcSt11char_traitsIcESaIcEEEELb1EE7_M_headERS8_
FNDA:0,_ZNSt10_Head_baseILm1ESt14default_deleteINSt7__cxx1112basic_stringIcSt11char_traitsIcESaIcEEEELb1EE7_M_headERS8_
FN:233,_ZNSt10_Head_baseILm0EPNSt7__cxx1112basic_stringIcSt11char_traitsIcESaIcEEELb0EE7_M_headERS7_
FNDA:0,_ZNSt10_Head_baseILm0EPNSt7__cxx1112basic_stringIcSt11char_traitsIcESaIcEEELb0EE7_M_headERS7_
FN:233,_ZNSt10_Head_baseILm0EPNSt7__cxx1118basic_stringstreamIcSt11char_traitsIcESaIcEEELb0EE7_M_headERS7_
FNDA:0,_ZNSt10_Head_baseILm0EPNSt7__cxx1118basic_stringstreamIcSt11char_traitsIcESaIcEEELb0EE7_M_headERS7_
FN:236,_ZNSt10_Head_baseILm0EPNSt7__cxx1112basic_stringIcSt11char_traitsIcESaIcEEELb0EE7_M_headERKS7_
FNDA:0,_ZNSt10_Head_baseILm0EPNSt7__cxx1112basic_stringIcSt11char_traitsIcESaIcEEELb0EE7_M_headERKS7_
FN:268,_ZNSt11_Tuple_implILm0EJPNSt7__cxx1112basic_stringIcSt11char_traitsIcESaIcEEESt14default_deleteIS5_EEE7_M_headERS9_
FNDA:0,_ZNSt11_Tuple_implILm0EJPNSt7__cxx1112basic_stringIcSt11char_traitsIcESaIcEEESt14default_deleteIS5_EEE7_M_headERS9_
FN:268,_ZNSt11_Tuple_implILm0EJPNSt7__cxx1118basic_stringstreamIcSt11char_traitsIcESaIcEEESt14default_deleteIS5_EEE7_M_headERS9_
FNDA:0,_ZNSt11_Tuple_implILm0EJPNSt7__cxx1118basic_stringstreamIcSt11char_traitsIcESaIcEEESt14default_deleteIS5_EEE7_M_headERS9_
FN:271,_ZNSt11_Tuple_implILm0EJPNSt7__cxx1112basic_stringIcSt11char_traitsIcESaIcEEESt14default_deleteIS5_EEE7_M_headERKS9_
FNDA:0,_ZNSt11_Tuple_implILm0EJPNSt7__cxx1112basic_stringIcSt11char_traitsIcESaIcEEESt14default_deleteIS5_EEE7_M_headERKS9_
FN:424,_ZNSt11_Tuple_implILm1EJSt14default_deleteINSt7__cxx1112basic_stringIcSt11char_traitsIcESaIcEEEEEE7_M_headERS8_
FNDA:0,_ZNSt11_Tuple_implILm1EJSt14default_deleteINSt7__cxx1112basic_stringIcSt11char_traitsIcESaIcEEEEEE7_M_headERS8_
FN:424,_ZNSt11_Tuple_implILm1EJSt14default_deleteINSt7__cxx1118basic_stringstreamIcSt11char_traitsIcESaIcEEEEEE7_M_headERS8_
FNDA:0,_ZNSt11_Tuple_implILm1EJSt14default_deleteINSt7__cxx1118basic_stringstreamIcSt11char_traitsIcESaIcEEEEEE7_M_headERS8_
FN:1364,_ZSt12__get_helperILm1ESt14default_deleteINSt7__cxx1118basic_stringstreamIcSt11char_traitsIcESaIcEEEEJEERT0_RSt11_Tuple_implIXT_EJS8_DpT1_EE
FNDA:0,_ZSt12__get_helperILm1ESt14default_deleteINSt7__cxx1118basic_stringstreamIcSt11char_traitsIcESaIcEEEEJEERT0_RSt11_Tuple_implIXT_EJS8_DpT1_EE
FN:1364,_ZSt12__get_helperILm0EPNSt7__cxx1118basic_stringstreamIcSt11char_traitsIcESaIcEEEJSt14default_deleteIS5_EEERT0_RSt11_Tuple_implIXT_EJS9_DpT1_EE
FNDA:0,_ZSt12__get_helperILm0EPNSt7__cxx1118basic_stringstreamIcSt11char_traitsIcESaIcEEEJSt14default_deleteIS5_EEERT0_RSt11_Tuple_implIXT_EJS9_DpT1_EE
FN:1364,_ZSt12__get_helperILm0EPNSt7__cxx1112basic_stringIcSt11char_traitsIcESaIcEEEJSt14default_deleteIS5_EEERT0_RSt11_Tuple_implIXT_EJS9_DpT1_EE
FNDA:0,_ZSt12__get_helperILm0EPNSt7__cxx1112basic_stringIcSt11char_traitsIcESaIcEEEJSt14default_deleteIS5_EEERT0_RSt11_Tuple_implIXT_EJS9_DpT1_EE
FN:1364,_ZSt12__get_helperILm1ESt14default_deleteINSt7__cxx1112basic_stringIcSt11char_traitsIcESaIcEEEEJEERT0_RSt11_Tuple_implIXT_EJS8_DpT1_EE
FNDA:0,_ZSt12__get_helperILm1ESt14default_deleteINSt7__cxx1112basic_stringIcSt11char_traitsIcESaIcEEEEJEERT0_RSt11_Tuple_implIXT_EJS8_DpT1_EE
FN:1369,_ZSt12__get_helperILm0EPNSt7__cxx1112basic_stringIcSt11char_traitsIcESaIcEEEJSt14default_deleteIS5_EEERKT0_RKSt11_Tuple_implIXT_EJS9_DpT1_EE
FNDA:0,_ZSt12__get_helperILm0EPNSt7__cxx1112basic_stringIcSt11char_traitsIcESaIcEEEJSt14default_deleteIS5_EEERKT0_RKSt11_Tuple_implIXT_EJS9_DpT1_EE
FN:1380,_ZSt3getILm1EJPNSt7__cxx1112basic_stringIcSt11char_traitsIcESaIcEEESt14default_deleteIS5_EEERNSt13tuple_elementIXT_ESt5tupleIJDpT0_EEE4typeERSD_
FNDA:0,_ZSt3getILm1EJPNSt7__cxx1112basic_stringIcSt11char_traitsIcESaIcEEESt14default_deleteIS5_EEERNSt13tuple_elementIXT_ESt5tupleIJDpT0_EEE4typeERSD_
FN:1380,_ZSt3getILm1EJPNSt7__cxx1118basic_stringstreamIcSt11char_traitsIcESaIcEEESt14default_deleteIS5_EEERNSt13tuple_elementIXT_ESt5tupleIJDpT0_EEE4typeERSD_
FNDA:0,_ZSt3getILm1EJPNSt7__cxx1118basic_stringstreamIcSt11char_traitsIcESaIcEEESt14default_deleteIS5_EEERNSt13tuple_elementIXT_ESt5tupleIJDpT0_EEE4typeERSD_
FN:1380,_ZSt3getILm0EJPNSt7__cxx1112basic_stringIcSt11char_traitsIcESaIcEEESt14default_deleteIS5_EEERNSt13tuple_elementIXT_ESt5tupleIJDpT0_EEE4typeERSD_
FNDA:0,_ZSt3getILm0EJPNSt7__cxx1112basic_stringIcSt11char_traitsIcESaIcEEESt14default_deleteIS5_EEERNSt13tuple_elementIXT_ESt5tupleIJDpT0_EEE4typeERSD_
FN:1380,_ZSt3getILm0EJPNSt7__cxx1118basic_stringstreamIcSt11char_traitsIcESaIcEEESt14default_deleteIS5_EEERNSt13tuple_elementIXT_ESt5tupleIJDpT0_EEE4typeERSD_
FNDA:0,_ZSt3getILm0EJPNSt7__cxx1118basic_stringstreamIcSt11char_traitsIcESaIcEEESt14default_deleteIS5_EEERNSt13tuple_elementIXT_ESt5tupleIJDpT0_EEE4typeERSD_
FN:1386,_ZSt3getILm0EJPNSt7__cxx1112basic_stringIcSt11char_traitsIcESaIcEEESt14default_deleteIS5_EEERKNSt13tuple_elementIXT_ESt5tupleIJDpT0_EEE4typeERKSD_
FNDA:0,_ZSt3getILm0EJPNSt7__cxx1112basic_stringIcSt11char_traitsIcESaIcEEESt14default_deleteIS5_EEERKNSt13tuple_elementIXT_ESt5tupleIJDpT0_EEE4typeERKSD_
DA:124,0
DA:124,0
DA:233,0
DA:233,0
DA:236,0
DA:268,0
DA:268,0
DA:271,0
DA:424,0
DA:424,0
DA:1364,0
DA:1365,0
DA:1364,0
DA:1365,0
DA:1364,0
DA:1365,0
DA:1364,0
DA:1365,0
DA:1369,0
DA:1370,0
DA:1380,0
DA:1381,0
DA:1380,0
DA:1381,0
DA:1380,0
DA:1381,0
DA:1380,0
DA:1381,0
DA:1386,0
DA:1387,0
end_of_record
SF:/usr/include/c++/12/bits/char_traits.h
FN:121,_ZN9__gnu_cxx11char_traitsIcE2eqERKcS3_
FNDA:0,_ZN9__gnu_cxx11char_traitsIcE2eqERKcS3_
FN:182,_ZN9__gnu_cxx11char_traitsIcE6lengthEPKc
FNDA:0,_ZN9__gnu_cxx11char_traitsIcE6lengthEPKc
FN:389,_ZNSt11char_traitsIcE6lengthEPKc
FNDA:0,_ZNSt11char_traitsIcE6lengthEPKc
DA:121,0
DA:122,0
DA:182,0
DA:185,0
DA:186,0
DA:187,0
DA:188,0
DA:389,0
DA:392,0
DA:393,0
DA:395,0
end_of_record
SF:/usr/include/c++/12/bits/stl_iterator_base_types.h
FN:238,_ZSt19__iterator_categoryIPcENSt15iterator_traitsIT_E17iterator_categoryERKS2_
FNDA:0,_ZSt19__iterator_categoryIPcENSt15iterator_traitsIT_E17iterator_categoryERKS2_
FN:238,_ZSt19__iterator_categoryIPKcENSt15iterator_traitsIT_E17iterator_categoryERKS3_
FNDA:0,_ZSt19__iterator_categoryIPKcENSt15iterator_traitsIT_E17iterator_categoryERKS3_
DA:238,0
DA:239,0
DA:238,0
DA:239,0
end_of_record
SF:/usr/include/c++/12/bits/alloc_traits.h
FN:562,_ZNSt16allocator_traitsISaIcEE37select_on_container_copy_constructionERKS0_
FNDA:0,_ZNSt16allocator_traitsISaIcEE37select_on_container_copy_constructionERKS0_
DA:562,0
DA:563,0
end_of_record
SF:/usr/include/c++/12/iostream
end_of_record
SF:/usr/include/x86_64-linux-gnu/c++/12/bits/c++config.h
FN:516,_ZSt23__is_constant_evaluatedv
FNDA:0,_ZSt23__is_constant_evaluatedv
DA:516,0
DA:523,0
end_of_record
SF:/usr/include/c++/12/bits/new_allocator.h
FN:80,_ZNSt15__new_allocatorIcEC2Ev
FNDA:0,_ZNSt15__new_allocatorIcEC2Ev
FN:83,_ZNSt15__new_allocatorIcEC2ERKS0_
FNDA:0,_ZNSt15__new_allocatorIcEC2ERKS0_
FN:90,_ZNSt15__new_allocatorIcED2Ev
FNDA:0,_ZNSt15__new_allocatorIcED2Ev
DA:80,0
DA:83,0
DA:90,0
end_of_record
SF:/usr/include/c++/12/bits/move.h
FN:104,_ZSt4moveIRPNSt7__cxx1112basic_stringIcSt11char_traitsIcESaIcEEEEONSt16remove_referenceIT_E4typeEOS9_
FNDA:0,_ZSt4moveIRPNSt7__cxx1112basic_stringIcSt11char_traitsIcESaIcEEEEONSt16remove_referenceIT_E4typeEOS9_
FN:104,_ZSt4moveIRPNSt7__cxx1118basic_stringstreamIcSt11char_traitsIcESaIcEEEEONSt16remove_referenceIT_E4typeEOS9_
FNDA:0,_ZSt4moveIRPNSt7__cxx1118basic_stringstreamIcSt11char_traitsIcESaIcEEEEONSt16remove_referenceIT_E4typeEOS9_
FN:104,_ZSt4moveIRSaIcEEONSt16remove_referenceIT_E4typeEOS3_
FNDA:0,_ZSt4moveIRSaIcEEONSt16remove_referenceIT_E4typeEOS3_
DA:104,0
DA:105,0
DA:104,0
DA:105,0
DA:104,0
DA:105,0
end_of_record
SF:/usr/include/c++/12/bits/stl_iterator_base_funcs.h
FN:99,_ZSt10__distanceIPcENSt15iterator_traitsIT_E15difference_typeES2_S2_St26random_access_iterator_tag
FNDA:0,_ZSt10__distanceIPcENSt15iterator_traitsIT_E15difference_typeES2_S2_St26random_access_iterator_tag
FN:99,_ZSt10__distanceIPKcENSt15iterator_traitsIT_E15difference_typeES3_S3_St26random_access_iterator_tag
FNDA:0,_ZSt10__distanceIPKcENSt15iterator_traitsIT_E15difference_typeES3_S3_St26random_access_iterator_tag
FN:147,_ZSt8distanceIPcENSt15iterator_traitsIT_E15difference_typeES2_S2_
FNDA:0,_ZSt8distanceIPcENSt15iterator_traitsIT_E15difference_typeES2_S2_
FN:147,_ZSt8distanceIPKcENSt15iterator_traitsIT_E15difference_typeES3_S3_
FNDA:0,_ZSt8distanceIPKcENSt15iterator_traitsIT_E15difference_typeES3_S3_
DA:99,0
DA:105,0
DA:99,0
DA:105,0
DA:147,0
DA:150,0
DA:151,0
DA:147,0
DA:150,0
DA:151,0
end_of_record
SF:/usr/local/include/gtest/internal/gtest-internal.h
FN:450,_ZN7testing8internal15TestFactoryBaseD0Ev
FNDA:0,_ZN7testing8internal15TestFactoryBaseD0Ev
FN:450,_ZN7testing8internal15TestFactoryBaseD2Ev
FNDA:0,_ZN7testing8internal15TestFactoryBaseD2Ev
FN:457,_ZN7testing8internal15TestFactoryBaseC2Ev
FNDA:0,_ZN7testing8internal15TestFactoryBaseC2Ev
FN:469,_ZN7testing8internal15TestFactoryImplIN12_GLOBAL__N_128deriv_test_deriv_at_val_TestEE10CreateTestEv
FNDA:1,_ZN7testing8internal15TestFactoryImplIN12_GLOBAL__N_128deriv_test_deriv_at_val_TestEE10CreateTestEv
FN:490,_ZN7testing8internal12CodeLocationC2ERKNSt7__cxx1112basic_stringIcSt11char_traitsIcESaIcEEEi
FNDA:0,_ZN7testing8internal12CodeLocationC2ERKNSt7__cxx1112basic_stringIcSt11char_traitsIcESaIcEEEi
FN:503,_ZN7testing8internal19GetNotDefaultOrNullEPFvvES2_
FNDA:0,_ZN7testing8internal19GetNotDefaultOrNullEPFvvES2_
FN:518,_ZN7testing8internal16SuiteApiResolverINS_4TestEE19GetSetUpCaseOrSuiteEPKci
FNDA:0,_ZN7testing8internal16SuiteApiResolverINS_4TestEE19GetSetUpCaseOrSuiteEPKci
FN:539,_ZN7testing8internal16SuiteApiResolverINS_4TestEE22GetTearDownCaseOrSuiteEPKci
FNDA:0,_ZN7testing8internal16SuiteApiResolverINS_4TestEE22GetTearDownCaseOrSuiteEPKci
DA:450,0
DA:450,0
DA:457,0
DA:469,1
DA:490,0
DA:491,0
DA:503,0
DA:505,0
DA:518,0
DA:522,0
DA:524,0
DA:526,0
DA:529,0
DA:531,0
DA:539,0
DA:543,0
DA:545,0
DA:547,0
DA:550,0
DA:552,0
end_of_record
SF:/usr/include/c++/12/bits/basic_string.tcc
FN:217,_ZNSt7__cxx1112basic_stringIcSt11char_traitsIcESaIcEE12_M_constructIPcEEvT_S7_St20forward_iterator_tag
FNDA:0,_ZNSt7__cxx1112basic_stringIcSt11char_traitsIcESaIcEE12_M_constructIPcEEvT_S7_St20forward_iterator_tag
FN:217,_ZNSt7__cxx1112basic_stringIcSt11char_traitsIcESaIcEE12_M_constructIPKcEEvT_S8_St20forward_iterator_tag
FNDA:0,_ZNSt7__cxx1112basic_stringIcSt11char_traitsIcESaIcEE12_M_constructIPKcEEvT_S8_St20forward_iterator_tag
FN:235,_ZZNSt7__cxx1112basic_stringIcSt11char_traitsIcESaIcEE12_M_constructIPcEEvT_S7_St20forward_iterator_tagEN6_GuardC2EPS4_
FNDA:0,_ZZNSt7__cxx1112basic_stringIcSt11char_traitsIcESaIcEE12_M_constructIPcEEvT_S7_St20forward_iterator_tagEN6_GuardC2EPS4_
FN:235,_ZZNSt7__cxx1112basic_stringIcSt11char_traitsIcESaIcEE12_M_constructIPKcEEvT_S8_St20forward_iterator_tagEN6_GuardC2EPS4_
FNDA:0,_ZZNSt7__cxx1112basic_stringIcSt11char_traitsIcESaIcEE12_M_constructIPKcEEvT_S8_St20forward_iterator_tagEN6_GuardC2EPS4_
FN:238,_ZZNSt7__cxx1112basic_stringIcSt11char_traitsIcESaIcEE12_M_constructIPcEEvT_S7_St20forward_iterator_tagEN6_GuardD2Ev
FNDA:0,_ZZNSt7__cxx1112basic_stringIcSt11char_traitsIcESaIcEE12_M_constructIPcEEvT_S7_St20forward_iterator_tagEN6_GuardD2Ev
FN:238,_ZZNSt7__cxx1112basic_stringIcSt11char_traitsIcESaIcEE12_M_constructIPKcEEvT_S8_St20forward_iterator_tagEN6_GuardD2Ev
FNDA:0,_ZZNSt7__cxx1112basic_stringIcSt11char_traitsIcESaIcEE12_M_constructIPKcEEvT_S8_St20forward_iterator_tagEN6_GuardD2Ev
DA:217,0
DA:221,0
DA:223,0
DA:225,0
DA:226,0
DA:241,0
DA:243,0
DA:245,0
DA:247,0
DA:248,0
DA:217,0
DA:221,0
DA:223,0
DA:225,0
DA:226,0
DA:241,0
DA:243,0
DA:245,0
DA:247,0
DA:248,0
DA:235,0
DA:235,0
DA:238,0
DA:238,0
end_of_record
SF:/usr/include/c++/12/bits/basic_string.h
FN:634,_ZNSt7__cxx1112basic_stringIcSt11char_traitsIcESaIcEEC2IS3_EEPKcRKS3_
FNDA:0,_ZNSt7__cxx1112basic_stringIcSt11char_traitsIcESaIcEEC2IS3_EEPKcRKS3_
DA:358,0
DA:634,0
DA:635,0
DA:638,0
DA:639,0
DA:641,0
DA:642,0
DA:643,0
end_of_record
SF:/usr/include/c++/12/bits/unique_ptr.h
FN:89,_ZNKSt14default_deleteINSt7__cxx1112basic_stringIcSt11char_traitsIcESaIcEEEEclEPS5_
FNDA:0,_ZNKSt14default_deleteINSt7__cxx1112basic_stringIcSt11char_traitsIcESaIcEEEEclEPS5_
FN:89,_ZNKSt14default_deleteINSt7__cxx1118basic_stringstreamIcSt11char_traitsIcESaIcEEEEclEPS5_
FNDA:0,_ZNKSt14default_deleteINSt7__cxx1118basic_stringstreamIcSt11char_traitsIcESaIcEEEEclEPS5_
FN:189,_ZNSt15__uniq_ptr_implINSt7__cxx1112basic_stringIcSt11char_traitsIcESaIcEEESt14default_deleteIS5_EE6_M_ptrEv
FNDA:0,_ZNSt15__uniq_ptr_implINSt7__cxx1112basic_stringIcSt11char_traitsIcESaIcEEESt14default_deleteIS5_EE6_M_ptrEv
FN:189,_ZNSt15__uniq_ptr_implINSt7__cxx1118basic_stringstreamIcSt11char_traitsIcESaIcEEESt14default_deleteIS5_EE6_M_ptrEv
FNDA:0,_ZNSt15__uniq_ptr_implINSt7__cxx1118basic_stringstreamIcSt11char_traitsIcESaIcEEESt14default_deleteIS5_EE6_M_ptrEv
FN:191,_ZNKSt15__uniq_ptr_implINSt7__cxx1112basic_stringIcSt11char_traitsIcESaIcEEESt14default_deleteIS5_EE6_M_ptrEv
FNDA:0,_ZNKSt15__uniq_ptr_implINSt7__cxx1112basic_stringIcSt11char_traitsIcESaIcEEESt14default_deleteIS5_EE6_M_ptrEv
FN:193,_ZNSt15__uniq_ptr_implINSt7__cxx1112basic_stringIcSt11char_traitsIcESaIcEEESt14default_deleteIS5_EE10_M_deleterEv
FNDA:0,_ZNSt15__uniq_ptr_implINSt7__cxx1112basic_stringIcSt11char_traitsIcESaIcEEESt14default_deleteIS5_EE10_M_deleterEv
FN:193,_ZNSt15__uniq_ptr_implINSt7__cxx1118basic_stringstreamIcSt11char_traitsIcESaIcEEESt14default_deleteIS5_EE10_M_deleterEv
FNDA:0,_ZNSt15__uniq_ptr_implINSt7__cxx1118basic_stringstreamIcSt11char_traitsIcESaIcEEESt14default_deleteIS5_EE10_M_deleterEv
FN:390,_ZNSt10unique_ptrINSt7__cxx1112basic_stringIcSt11char_traitsIcESaIcEEESt14default_deleteIS5_EED2Ev
FNDA:0,_ZNSt10unique_ptrINSt7__cxx1112basic_stringIcSt11char_traitsIcESaIcEEESt14default_deleteIS5_EED2Ev
FN:390,_ZNSt10unique_ptrINSt7__cxx1118basic_stringstreamIcSt11char_traitsIcESaIcEEESt14default_deleteIS5_EED2Ev
FNDA:0,_ZNSt10unique_ptrINSt7__cxx1118basic_stringstreamIcSt11char_traitsIcESaIcEEESt14default_deleteIS5_EED2Ev
FN:452,_ZNKSt10unique_ptrINSt7__cxx1112basic_stringIcSt11char_traitsIcESaIcEEESt14default_deleteIS5_EEptEv
FNDA:0,_ZNKSt10unique_ptrINSt7__cxx1112basic_stringIcSt11char_traitsIcESaIcEEESt14default_deleteIS5_EEptEv
FN:461,_ZNKSt10unique_ptrINSt7__cxx1112basic_stringIcSt11char_traitsIcESaIcEEESt14default_deleteIS5_EE3getEv
FNDA:0,_ZNKSt10unique_ptrINSt7__cxx1112basic_stringIcSt11char_traitsIcESaIcEEESt14default_deleteIS5_EE3getEv
FN:467,_ZNSt10unique_ptrINSt7__cxx1112basic_stringIcSt11char_traitsIcESaIcEEESt14default_deleteIS5_EE11get_deleterEv
FNDA:0,_ZNSt10unique_ptrINSt7__cxx1112basic_stringIcSt11char_traitsIcESaIcEEESt14default_deleteIS5_EE11get_deleterEv
FN:467,_ZNSt10unique_ptrINSt7__cxx1118basic_stringstreamIcSt11char_traitsIcESaIcEEESt14default_deleteIS5_EE11get_deleterEv
FNDA:0,_ZNSt10unique_ptrINSt7__cxx1118basic_stringstreamIcSt11char_traitsIcESaIcEEESt14default_deleteIS5_EE11get_deleterEv
DA:89,0
DA:95,0
DA:96,0
DA:89,0
DA:95,0
DA:96,0
DA:189,0
DA:189,0
DA:191,0
DA:193,0
DA:193,0
DA:390,0
DA:394,0
DA:395,0
DA:396,0
DA:397,0
DA:398,0
DA:390,0
DA:394,0
DA:395,0
DA:396,0
DA:397,0
DA:398,0
DA:452,0
DA:455,0
DA:461,0
DA:462,0
DA:467,0
DA:468,0
DA:467,0
DA:468,0
end_of_record
SF:/home/akiel/Desktop/Trunk/github/public-repos/OSS/RM-pkg/tests/calc/t_calc.cpp
FN:18,_ZN12_GLOBAL__N_128deriv_test_deriv_at_val_TestD0Ev
FNDA:1,_ZN12_GLOBAL__N_128deriv_test_deriv_at_val_TestD0Ev
FN:18,_ZN12_GLOBAL__N_128deriv_test_deriv_at_val_TestD2Ev
FNDA:1,_ZN12_GLOBAL__N_128deriv_test_deriv_at_val_TestD2Ev
FN:18,_ZN12_GLOBAL__N_128deriv_test_deriv_at_val_TestC2Ev
FNDA:1,_ZN12_GLOBAL__N_128deriv_test_deriv_at_val_TestC2Ev
FN:18,_ZN12_GLOBAL__N_128deriv_test_deriv_at_val_Test8TestBodyEv
FNDA:1,_ZN12_GLOBAL__N_128deriv_test_deriv_at_val_Test8TestBodyEv
DA:18,1
DA:18,1
DA:18,1
DA:18,1
DA:19,1
DA:20,1
DA:22,1
DA:24,1
end_of_record
SF:/usr/local/include/gtest/gtest.h
FN:244,_ZN7testing4Test14SetUpTestSuiteEv
FNDA:0,_ZN7testing4Test14SetUpTestSuiteEv
FN:252,_ZN7testing4Test17TearDownTestSuiteEv
FNDA:0,_ZN7testing4Test17TearDownTestSuiteEv
FN:257,_ZN7testing4Test16TearDownTestCaseEv
FNDA:0,_ZN7testing4Test16TearDownTestCaseEv
FN:258,_ZN7testing4Test13SetUpTestCaseEv
FNDA:0,_ZN7testing4Test13SetUpTestCaseEv
FN:339,_ZN7testing4Test5SetupEv
FNDA:0,_ZN7testing4Test5SetupEv
FN:1338,_ZN7testing8internal18CmpHelperEQFailureIixEENS_15AssertionResultEPKcS4_RKT_RKT0_
FNDA:0,_ZN7testing8internal18CmpHelperEQFailureIixEENS_15AssertionResultEPKcS4_RKT_RKT0_
FN:1355,_ZN7testing8internal11CmpHelperEQIixEENS_15AssertionResultEPKcS4_RKT_RKT0_
FNDA:1,_ZN7testing8internal11CmpHelperEQIixEENS_15AssertionResultEPKcS4_RKT_RKT0_
FN:1374,_ZN7testing8internal8EqHelper7CompareIixLPv0EEENS_15AssertionResultEPKcS6_RKT_RKT0_
FNDA:1,_ZN7testing8internal8EqHelper7CompareIixLPv0EEENS_15AssertionResultEPKcS6_RKT_RKT0_
DA:244,0
DA:252,0
DA:257,0
DA:258,0
DA:339,0
DA:1338,0
DA:1343,0
DA:1355,1
DA:1358,1
DA:1359,1
DA:1362,0
DA:1374,1
DA:1377,1
end_of_record
SF:/usr/local/include/gtest/gtest-message.h
end_of_record
SF:/usr/local/include/gtest/internal/gtest-port.h
FN:967,_ZN7testing8internal8GTestLog9GetStreamEv
FNDA:0,_ZN7testing8internal8GTestLog9GetStreamEv
DA:967,0
end_of_record
SF:/usr/include/c++/12/ext/alloc_traits.h
FN:97,_ZN9__gnu_cxx14__alloc_traitsISaIcEcE17_S_select_on_copyERKS1_
FNDA:0,_ZN9__gnu_cxx14__alloc_traitsISaIcEcE17_S_select_on_copyERKS1_
DA:97,0
DA:98,0
end_of_record
SF:/usr/local/include/gtest/gtest-assertion-result.h
FN:174,_ZNK7testing15AssertionResultcvbEv
FNDA:0,_ZNK7testing15AssertionResultcvbEv
FN:183,_ZNK7testing15AssertionResult7messageEv
FNDA:0,_ZNK7testing15AssertionResult7messageEv
FN:187,_ZNK7testing15AssertionResult15failure_messageEv
FNDA:0,_ZNK7testing15AssertionResult15failure_messageEv
DA:174,0
DA:183,0
DA:184,0
DA:187,0
end_of_record
SF:/usr/local/include/gtest/gtest-printers.h
FN:213,_ZN7testing8internal52internal_stream_operator_without_lexical_name_lookup13StreamPrinter10PrintValueIxvRSoEEvRKT_PSo
FNDA:0,_ZN7testing8internal52internal_stream_operator_without_lexical_name_lookup13StreamPrinter10PrintValueIxvRSoEEvRKT_PSo
FN:213,_ZN7testing8internal52internal_stream_operator_without_lexical_name_lookup13StreamPrinter10PrintValueIivRSoEEvRKT_PSo
FNDA:0,_ZN7testing8internal52internal_stream_operator_without_lexical_name_lookup13StreamPrinter10PrintValueIivRSoEEvRKT_PSo
FN:305,_ZN7testing8internal17PrintWithFallbackIiEEvRKT_PSo
FNDA:0,_ZN7testing8internal17PrintWithFallbackIiEEvRKT_PSo
FN:305,_ZN7testing8internal17PrintWithFallbackIxEEvRKT_PSo
FNDA:0,_ZN7testing8internal17PrintWithFallbackIxEEvRKT_PSo
FN:332,_ZN7testing8internal19FormatForComparisonIixE6FormatB5cxx11ERKi
FNDA:0,_ZN7testing8internal19FormatForComparisonIixE6FormatB5cxx11ERKi
FN:332,_ZN7testing8internal19FormatForComparisonIxiE6FormatB5cxx11ERKx
FNDA:0,_ZN7testing8internal19FormatForComparisonIxiE6FormatB5cxx11ERKx
FN:412,_ZN7testing8internal33FormatForComparisonFailureMessageIixEENSt7__cxx1112basic_stringIcSt11char_traitsIcESaIcEEERKT_RKT0_
FNDA:0,_ZN7testing8internal33FormatForComparisonFailureMessageIixEENSt7__cxx1112basic_stringIcSt11char_traitsIcESaIcEEERKT_RKT0_
FN:412,_ZN7testing8internal33FormatForComparisonFailureMessageIxiEENSt7__cxx1112basic_stringIcSt11char_traitsIcESaIcEEERKT_RKT0_
FNDA:0,_ZN7testing8internal33FormatForComparisonFailureMessageIxiEENSt7__cxx1112basic_stringIcSt11char_traitsIcESaIcEEERKT_RKT0_
FN:439,_ZN7testing8internal7PrintToIxEEvRKT_PSo
FNDA:0,_ZN7testing8internal7PrintToIxEEvRKT_PSo
FN:439,_ZN7testing8internal7PrintToIiEEvRKT_PSo
FNDA:0,_ZN7testing8internal7PrintToIiEEvRKT_PSo
FN:693,_ZN7testing8internal16UniversalPrinterIxE5PrintERKxPSo
FNDA:0,_ZN7testing8internal16UniversalPrinterIxE5PrintERKxPSo
FN:693,_ZN7testing8internal16UniversalPrinterIiE5PrintERKiPSo
FNDA:0,_ZN7testing8internal16UniversalPrinterIiE5PrintERKiPSo
FN:883,_ZN7testing8internal21UniversalTersePrinterIiE5PrintERKiPSo
FNDA:0,_ZN7testing8internal21UniversalTersePrinterIiE5PrintERKiPSo
FN:883,_ZN7testing8internal21UniversalTersePrinterIxE5PrintERKxPSo
FNDA:0,_ZN7testing8internal21UniversalTersePrinterIxE5PrintERKxPSo
FN:995,_ZN7testing8internal14UniversalPrintIxEEvRKT_PSo
FNDA:0,_ZN7testing8internal14UniversalPrintIxEEvRKT_PSo
FN:995,_ZN7testing8internal14UniversalPrintIiEEvRKT_PSo
FNDA:0,_ZN7testing8internal14UniversalPrintIiEEvRKT_PSo
FN:1035,_ZN7testing13PrintToStringIiEENSt7__cxx1112basic_stringIcSt11char_traitsIcESaIcEEERKT_
FNDA:0,_ZN7testing13PrintToStringIiEENSt7__cxx1112basic_stringIcSt11char_traitsIcESaIcEEERKT_
FN:1035,_ZN7testing13PrintToStringIxEENSt7__cxx1112basic_stringIcSt11char_traitsIcESaIcEEERKT_
FNDA:0,_ZN7testing13PrintToStringIxEENSt7__cxx1112basic_stringIcSt11char_traitsIcESaIcEEERKT_
DA:213,0
DA:216,0
DA:217,0
DA:213,0
DA:216,0
DA:217,0
DA:305,0
DA:311,0
DA:312,0
DA:305,0
DA:311,0
DA:312,0
DA:332,0
DA:333,0
DA:332,0
DA:333,0
DA:412,0
DA:414,0
DA:412,0
DA:414,0
DA:439,0
DA:440,0
DA:441,0
DA:439,0
DA:440,0
DA:441,0
DA:693,0
DA:702,0
DA:703,0
DA:693,0
DA:702,0
DA:703,0
DA:883,0
DA:884,0
DA:885,0
DA:883,0
DA:884,0
DA:885,0
DA:995,0
DA:999,0
DA:1000,0
DA:995,0
DA:999,0
DA:1000,0
DA:1035,0
DA:1036,0
DA:1037,0
DA:1038,0
DA:1039,0
DA:1035,0
DA:1036,0
DA:1037,0
DA:1038,0
DA:1039,0
end_of_record
