TN:
SF:/usr/include/c++/12/bits/unique_ptr.h
FN:89,_ZNKSt14default_deleteINSt7__cxx1112basic_stringIcSt11char_traitsIcESaIcEEEEclEPS5_
FNDA:0,_ZNKSt14default_deleteINSt7__cxx1112basic_stringIcSt11char_traitsIcESaIcEEEEclEPS5_
DA:89,0
DA:95,0
DA:96,0
DA:189,6
DA:191,0
DA:193,0
DA:390,6
DA:394,6
DA:395,6
DA:396,0
DA:461,0
DA:462,0
DA:467,0
DA:468,0
end_of_record
SF:/usr/include/c++/12/streambuf
end_of_record
SF:/usr/local/include/gtest/internal/gtest-internal.h
FN:470,_ZN7testing8internal15TestFactoryImplIN12_GLOBAL__N_126ccipher_test_caesar_0_TestEE10CreateTestEv
FNDA:1,_ZN7testing8internal15TestFactoryImplIN12_GLOBAL__N_126ccipher_test_caesar_0_TestEE10CreateTestEv
FN:470,_ZN7testing8internal15TestFactoryImplIN12_GLOBAL__N_126ccipher_test_caesar_1_TestEE10CreateTestEv
FNDA:1,_ZN7testing8internal15TestFactoryImplIN12_GLOBAL__N_126ccipher_test_caesar_1_TestEE10CreateTestEv
FN:470,_ZN7testing8internal15TestFactoryImplIN12_GLOBAL__N_126ccipher_test_caesar_2_TestEE10CreateTestEv
FNDA:1,_ZN7testing8internal15TestFactoryImplIN12_GLOBAL__N_126ccipher_test_caesar_2_TestEE10CreateTestEv
FN:470,_ZN7testing8internal15TestFactoryImplIN12_GLOBAL__N_127kcipher_test_keyword_0_TestEE10CreateTestEv
FNDA:1,_ZN7testing8internal15TestFactoryImplIN12_GLOBAL__N_127kcipher_test_keyword_0_TestEE10CreateTestEv
FN:470,_ZN7testing8internal15TestFactoryImplIN12_GLOBAL__N_127kcipher_test_keyword_1_TestEE10CreateTestEv
FNDA:1,_ZN7testing8internal15TestFactoryImplIN12_GLOBAL__N_127kcipher_test_keyword_1_TestEE10CreateTestEv
FN:470,_ZN7testing8internal15TestFactoryImplIN12_GLOBAL__N_135kcipher_test_error_cipher_text_TestEE10CreateTestEv
FNDA:1,_ZN7testing8internal15TestFactoryImplIN12_GLOBAL__N_135kcipher_test_error_cipher_text_TestEE10CreateTestEv
FN:519,_ZN7testing8internal16SuiteApiResolverINS_4TestEE19GetSetUpCaseOrSuiteEPKci
FNDA:0,_ZN7testing8internal16SuiteApiResolverINS_4TestEE19GetSetUpCaseOrSuiteEPKci
FN:540,_ZN7testing8internal16SuiteApiResolverINS_4TestEE22GetTearDownCaseOrSuiteEPKci
FNDA:0,_ZN7testing8internal16SuiteApiResolverINS_4TestEE22GetTearDownCaseOrSuiteEPKci
DA:470,1
DA:470,1
DA:470,1
DA:470,1
DA:470,1
DA:470,1
DA:519,0
DA:523,0
DA:525,0
DA:527,0
DA:530,0
DA:532,0
DA:540,0
DA:544,0
DA:546,0
DA:548,0
DA:551,0
DA:553,0
end_of_record
SF:/usr/local/include/gtest/internal/gtest-port.h
DA:970,0
end_of_record
SF:/usr/include/c++/12/ostream
DA:615,0
DA:620,0
DA:621,0
end_of_record
SF:/usr/include/c++/12/bits/basic_string.tcc
FN:134,_ZNSt7__cxx1112basic_stringIcSt11char_traitsIcESaIcEE9_M_createERmm
FNDA:3,_ZNSt7__cxx1112basic_stringIcSt11char_traitsIcESaIcEE9_M_createERmm
FN:217,_ZNSt7__cxx1112basic_stringIcSt11char_traitsIcESaIcEE12_M_constructIPcEEvT_S7_St20forward_iterator_tag
FNDA:18,_ZNSt7__cxx1112basic_stringIcSt11char_traitsIcESaIcEE12_M_constructIPcEEvT_S7_St20forward_iterator_tag
FN:217,_ZNSt7__cxx1112basic_stringIcSt11char_traitsIcESaIcEE12_M_constructIPKcEEvT_S8_St20forward_iterator_tag
FNDA:21,_ZNSt7__cxx1112basic_stringIcSt11char_traitsIcESaIcEE12_M_constructIPKcEEvT_S8_St20forward_iterator_tag
FN:238,_ZZNSt7__cxx1112basic_stringIcSt11char_traitsIcESaIcEE12_M_constructIPcEEvT_S7_St20forward_iterator_tagEN6_GuardD2Ev
FNDA:18,_ZZNSt7__cxx1112basic_stringIcSt11char_traitsIcESaIcEE12_M_constructIPcEEvT_S7_St20forward_iterator_tagEN6_GuardD2Ev
FN:238,_ZZNSt7__cxx1112basic_stringIcSt11char_traitsIcESaIcEE12_M_constructIPKcEEvT_S8_St20forward_iterator_tagEN6_GuardD2Ev
FNDA:21,_ZZNSt7__cxx1112basic_stringIcSt11char_traitsIcESaIcEE12_M_constructIPKcEEvT_S8_St20forward_iterator_tagEN6_GuardD2Ev
FN:273,_ZNSt7__cxx1112basic_stringIcSt11char_traitsIcESaIcEE9_M_assignERKS4_
FNDA:0,_ZNSt7__cxx1112basic_stringIcSt11char_traitsIcESaIcEE9_M_assignERKS4_
FN:321,_ZNSt7__cxx1112basic_stringIcSt11char_traitsIcESaIcEE9_M_mutateEmmPKcm
FNDA:0,_ZNSt7__cxx1112basic_stringIcSt11char_traitsIcESaIcEE9_M_mutateEmmPKcm
FN:476,_ZNSt7__cxx1112basic_stringIcSt11char_traitsIcESaIcEE10_M_replaceEmmPKcm
FNDA:0,_ZNSt7__cxx1112basic_stringIcSt11char_traitsIcESaIcEE10_M_replaceEmmPKcm
DA:134,3
DA:139,3
DA:140,0
DA:145,3
DA:147,0
DA:149,0
DA:150,0
DA:155,3
DA:217,18
DA:221,18
DA:223,18
DA:225,3
DA:226,3
DA:235,18
DA:241,18
DA:243,18
DA:245,18
DA:247,18
DA:248,18
DA:217,21
DA:221,21
DA:223,21
DA:225,0
DA:226,0
DA:235,21
DA:241,21
DA:243,21
DA:245,21
DA:247,21
DA:248,21
DA:238,18
DA:238,21
DA:273,0
DA:276,0
DA:278,0
DA:279,0
DA:281,0
DA:283,0
DA:284,0
DA:285,0
DA:286,0
DA:287,0
DA:290,0
DA:291,0
DA:293,0
DA:295,0
DA:321,0
DA:325,0
DA:327,0
DA:328,0
DA:330,0
DA:331,0
DA:332,0
DA:333,0
DA:334,0
DA:335,0
DA:336,0
DA:338,0
DA:339,0
DA:340,0
DA:341,0
DA:476,0
DA:480,0
DA:482,0
DA:483,0
DA:485,0
DA:487,0
DA:489,0
DA:503,0
DA:505,0
DA:506,0
DA:507,0
DA:508,0
DA:513,0
DA:514,0
DA:515,0
DA:516,0
DA:517,0
DA:519,0
DA:520,0
DA:521,0
DA:525,0
DA:526,0
DA:530,0
DA:531,0
DA:532,0
DA:539,0
DA:541,0
DA:542,0
end_of_record
SF:/usr/local/include/gtest/gtest-assertion-result.h
DA:133,6
DA:174,6
DA:183,0
DA:184,0
DA:187,0
end_of_record
SF:/usr/local/include/gtest/gtest-message.h
DA:92,0
end_of_record
SF:/usr/include/c++/12/tuple
DA:124,0
DA:233,6
DA:268,6
DA:271,0
DA:424,0
DA:1364,0
DA:1365,0
DA:1380,0
DA:1381,6
DA:1387,0
end_of_record
SF:/home/akiel/Desktop/Trunk/github/public-repos/OSS/openMTPK/tests/nt/t_cipher.cpp
FN:49,_ZN12_GLOBAL__N_126ccipher_test_caesar_0_Test8TestBodyEv
FNDA:1,_ZN12_GLOBAL__N_126ccipher_test_caesar_0_Test8TestBodyEv
FN:49,_ZN12_GLOBAL__N_126ccipher_test_caesar_0_TestD0Ev
FNDA:1,_ZN12_GLOBAL__N_126ccipher_test_caesar_0_TestD0Ev
FN:49,_ZN12_GLOBAL__N_126ccipher_test_caesar_0_TestD2Ev
FNDA:0,_ZN12_GLOBAL__N_126ccipher_test_caesar_0_TestD2Ev
FN:58,_ZN12_GLOBAL__N_126ccipher_test_caesar_1_Test8TestBodyEv
FNDA:1,_ZN12_GLOBAL__N_126ccipher_test_caesar_1_Test8TestBodyEv
FN:58,_ZN12_GLOBAL__N_126ccipher_test_caesar_1_TestD2Ev
FNDA:0,_ZN12_GLOBAL__N_126ccipher_test_caesar_1_TestD2Ev
FN:58,_ZN12_GLOBAL__N_126ccipher_test_caesar_1_TestD0Ev
FNDA:1,_ZN12_GLOBAL__N_126ccipher_test_caesar_1_TestD0Ev
FN:67,_ZN12_GLOBAL__N_126ccipher_test_caesar_2_TestD0Ev
FNDA:1,_ZN12_GLOBAL__N_126ccipher_test_caesar_2_TestD0Ev
FN:67,_ZN12_GLOBAL__N_126ccipher_test_caesar_2_TestD2Ev
FNDA:0,_ZN12_GLOBAL__N_126ccipher_test_caesar_2_TestD2Ev
FN:67,_ZN12_GLOBAL__N_126ccipher_test_caesar_2_Test8TestBodyEv
FNDA:1,_ZN12_GLOBAL__N_126ccipher_test_caesar_2_Test8TestBodyEv
FN:76,_ZN12_GLOBAL__N_127kcipher_test_keyword_0_TestD2Ev
FNDA:0,_ZN12_GLOBAL__N_127kcipher_test_keyword_0_TestD2Ev
FN:76,_ZN12_GLOBAL__N_127kcipher_test_keyword_0_Test8TestBodyEv
FNDA:1,_ZN12_GLOBAL__N_127kcipher_test_keyword_0_Test8TestBodyEv
FN:76,_ZN12_GLOBAL__N_127kcipher_test_keyword_0_TestD0Ev
FNDA:1,_ZN12_GLOBAL__N_127kcipher_test_keyword_0_TestD0Ev
FN:90,_ZN12_GLOBAL__N_127kcipher_test_keyword_1_Test8TestBodyEv
FNDA:1,_ZN12_GLOBAL__N_127kcipher_test_keyword_1_Test8TestBodyEv
FN:90,_ZN12_GLOBAL__N_127kcipher_test_keyword_1_TestD2Ev
FNDA:0,_ZN12_GLOBAL__N_127kcipher_test_keyword_1_TestD2Ev
FN:90,_ZN12_GLOBAL__N_127kcipher_test_keyword_1_TestD0Ev
FNDA:1,_ZN12_GLOBAL__N_127kcipher_test_keyword_1_TestD0Ev
FN:104,_ZN12_GLOBAL__N_135kcipher_test_error_cipher_text_TestD0Ev
FNDA:1,_ZN12_GLOBAL__N_135kcipher_test_error_cipher_text_TestD0Ev
FN:104,_ZN12_GLOBAL__N_135kcipher_test_error_cipher_text_Test8TestBodyEv
FNDA:1,_ZN12_GLOBAL__N_135kcipher_test_error_cipher_text_Test8TestBodyEv
FN:104,_ZN12_GLOBAL__N_135kcipher_test_error_cipher_text_TestD2Ev
FNDA:0,_ZN12_GLOBAL__N_135kcipher_test_error_cipher_text_TestD2Ev
DA:49,1
DA:49,0
DA:49,1
DA:50,1
DA:51,1
DA:52,2
DA:53,1
DA:55,2
DA:56,1
DA:49,1
DA:58,1
DA:58,0
DA:58,1
DA:59,1
DA:60,1
DA:61,2
DA:62,1
DA:64,2
DA:65,1
DA:58,1
DA:67,1
DA:67,0
DA:67,1
DA:68,1
DA:69,1
DA:70,2
DA:71,1
DA:73,2
DA:74,1
DA:67,1
DA:76,1
DA:76,0
DA:76,1
DA:77,1
DA:78,1
DA:81,2
DA:83,4
DA:85,1
DA:87,2
DA:88,2
DA:76,1
DA:90,1
DA:90,0
DA:90,1
DA:91,1
DA:92,1
DA:95,2
DA:97,4
DA:99,1
DA:101,2
DA:102,2
DA:90,1
DA:104,1
DA:104,0
DA:104,1
DA:105,1
DA:106,1
DA:109,2
DA:111,4
DA:113,1
DA:115,2
DA:116,2
DA:104,1
end_of_record
SF:/usr/include/c++/12/bits/stl_function.h
DA:451,0
DA:457,0
end_of_record
SF:/usr/include/c++/12/sstream
DA:1136,0
DA:1137,0
end_of_record
SF:/usr/local/include/gtest/gtest.h
FN:350,_ZN7testing4Test5SetupEv
FNDA:0,_ZN7testing4Test5SetupEv
FN:1349,_ZN7testing8internal18CmpHelperEQFailureINSt7__cxx1112basic_stringIcSt11char_traitsIcESaIcEEES7_EENS_15AssertionResultEPKcSA_RKT_RKT0_
FNDA:0,_ZN7testing8internal18CmpHelperEQFailureINSt7__cxx1112basic_stringIcSt11char_traitsIcESaIcEEES7_EENS_15AssertionResultEPKcSA_RKT_RKT0_
FN:1366,_ZN7testing8internal11CmpHelperEQINSt7__cxx1112basic_stringIcSt11char_traitsIcESaIcEEES7_EENS_15AssertionResultEPKcSA_RKT_RKT0_
FNDA:15,_ZN7testing8internal11CmpHelperEQINSt7__cxx1112basic_stringIcSt11char_traitsIcESaIcEEES7_EENS_15AssertionResultEPKcSA_RKT_RKT0_
DA:350,0
DA:1349,0
DA:1354,0
DA:1366,15
DA:1369,15
DA:1370,15
DA:1373,0
DA:1385,6
DA:1388,6
end_of_record
SF:/usr/local/include/gtest/gtest-printers.h
FN:1042,_ZN7testing13PrintToStringINSt7__cxx1112basic_stringIcSt11char_traitsIcESaIcEEEEES6_RKT_
FNDA:0,_ZN7testing13PrintToStringINSt7__cxx1112basic_stringIcSt11char_traitsIcESaIcEEEEES6_RKT_
DA:332,0
DA:333,0
DA:412,0
DA:414,0
DA:554,0
DA:555,0
DA:693,0
DA:702,0
DA:883,0
DA:884,0
DA:885,0
DA:1002,0
DA:1006,0
DA:1042,0
DA:1043,0
DA:1044,0
DA:1045,0
DA:1046,0
end_of_record
SF:/usr/include/c++/12/bits/stl_iterator_base_funcs.h
DA:99,39
DA:105,39
DA:147,39
DA:150,39
end_of_record
SF:/usr/include/c++/12/iostream
end_of_record
SF:/usr/include/c++/12/bits/new_allocator.h
FN:112,_ZNSt15__new_allocatorIcE8allocateEmPKv
FNDA:3,_ZNSt15__new_allocatorIcE8allocateEmPKv
FN:142,_ZNSt15__new_allocatorIcE10deallocateEPcm
FNDA:6,_ZNSt15__new_allocatorIcE10deallocateEPcm
DA:80,12
DA:83,33
DA:112,3
DA:120,3
DA:126,0
DA:137,3
DA:142,6
DA:158,6
end_of_record
SF:/usr/include/c++/12/bits/char_traits.h
DA:347,39
DA:350,39
DA:354,39
DA:355,0
DA:370,15
DA:372,15
DA:375,15
DA:385,15
DA:389,21
DA:392,21
DA:395,21
DA:411,0
DA:413,0
DA:416,0
DA:419,0
DA:423,39
DA:425,39
DA:428,39
DA:431,39
end_of_record
SF:/usr/include/c++/12/bits/basic_string.h
FN:634,_ZNSt7__cxx1112basic_stringIcSt11char_traitsIcESaIcEEC1IS3_EEPKcRKS3_
FNDA:21,_ZNSt7__cxx1112basic_stringIcSt11char_traitsIcESaIcEEC1IS3_EEPKcRKS3_
FN:2167,_ZNSt7__cxx1112basic_stringIcSt11char_traitsIcESaIcEE7replaceEmmPKcm
FNDA:0,_ZNSt7__cxx1112basic_stringIcSt11char_traitsIcESaIcEE7replaceEmmPKcm
FN:3584,_ZSteqIcEN9__gnu_cxx11__enable_ifIXsrSt9__is_charIT_E7__valueEbE6__typeERKNSt7__cxx1112basic_stringIS3_St11char_traitsIS3_ESaIS3_EEESE_
FNDA:15,_ZSteqIcEN9__gnu_cxx11__enable_ifIXsrSt9__is_charIT_E7__valueEbE6__typeERKNSt7__cxx1112basic_stringIS3_St11char_traitsIS3_ESaIS3_EEESE_
DA:192,36
DA:199,21
DA:200,21
DA:203,12
DA:204,12
DA:223,3
DA:224,3
DA:228,39
DA:229,39
DA:233,141
DA:234,39
DA:238,3
DA:241,21
DA:249,36
DA:252,0
DA:260,3
DA:261,3
DA:265,39
DA:267,39
DA:268,39
DA:269,0
DA:273,36
DA:274,36
DA:283,36
DA:285,0
DA:286,0
DA:291,6
DA:292,6
DA:339,6
DA:340,3
DA:344,12
DA:345,3
DA:379,0
DA:381,0
DA:382,0
DA:390,0
DA:392,0
DA:393,0
DA:400,0
DA:402,0
DA:408,0
DA:410,0
DA:411,0
DA:418,39
DA:420,0
DA:421,39
DA:423,0
DA:428,0
DA:430,0
DA:431,0
DA:433,0
DA:470,18
DA:471,36
DA:475,21
DA:477,42
DA:540,12
DA:541,12
DA:542,12
DA:544,12
DA:546,12
DA:634,21
DA:635,21
DA:638,21
DA:639,0
DA:641,21
DA:642,21
DA:643,21
DA:794,18
DA:795,21
DA:1063,15
DA:1064,0
DA:1070,12
DA:1071,12
DA:1132,0
DA:1134,0
DA:2167,0
DA:2171,0
DA:2172,0
DA:2554,0
DA:2555,0
DA:2567,15
DA:2568,15
DA:3584,15
DA:3586,15
DA:3587,15
DA:3588,15
end_of_record
SF:/usr/include/c++/12/bits/alloc_traits.h
DA:463,3
DA:464,3
DA:495,6
DA:496,6
DA:562,12
DA:563,12
end_of_record
SF:/usr/include/c++/12/bits/allocator.h
DA:156,12
DA:159,33
DA:160,33
DA:174,30
DA:179,3
DA:188,3
DA:193,6
DA:200,6
end_of_record
SF:/usr/include/c++/12/ext/alloc_traits.h
DA:97,12
DA:98,12
end_of_record
TN:
SF:/usr/include/c++/12/bits/char_traits.h
DA:347,6
DA:350,6
DA:354,6
DA:355,0
DA:389,0
DA:392,0
DA:395,0
DA:411,0
DA:413,0
DA:416,0
DA:419,0
DA:423,6
DA:425,6
DA:428,6
DA:431,6
end_of_record
SF:/usr/include/c++/12/bits/stl_iterator_base_funcs.h
DA:99,6
DA:105,6
DA:147,6
DA:150,6
end_of_record
SF:/usr/include/c++/12/iostream
end_of_record
SF:/home/akiel/Desktop/Trunk/github/public-repos/OSS/openMTPK/tests/nt/t_primes.cpp
FN:48,_ZN12_GLOBAL__N_124prime_test_is_prime_Test8TestBodyEv
FNDA:1,_ZN12_GLOBAL__N_124prime_test_is_prime_Test8TestBodyEv
FN:48,_ZN12_GLOBAL__N_124prime_test_is_prime_TestD0Ev
FNDA:1,_ZN12_GLOBAL__N_124prime_test_is_prime_TestD0Ev
FN:48,_ZN12_GLOBAL__N_124prime_test_is_prime_TestD2Ev
FNDA:0,_ZN12_GLOBAL__N_124prime_test_is_prime_TestD2Ev
FN:90,_ZN12_GLOBAL__N_126prime_test_carmichael_Test8TestBodyEv
FNDA:1,_ZN12_GLOBAL__N_126prime_test_carmichael_Test8TestBodyEv
FN:90,_ZN12_GLOBAL__N_126prime_test_carmichael_TestD2Ev
FNDA:0,_ZN12_GLOBAL__N_126prime_test_carmichael_TestD2Ev
FN:90,_ZN12_GLOBAL__N_126prime_test_carmichael_TestD0Ev
FNDA:1,_ZN12_GLOBAL__N_126prime_test_carmichael_TestD0Ev
FN:102,_ZN12_GLOBAL__N_123prime_test_mod_pow_TestD0Ev
FNDA:1,_ZN12_GLOBAL__N_123prime_test_mod_pow_TestD0Ev
FN:102,_ZN12_GLOBAL__N_123prime_test_mod_pow_TestD2Ev
FNDA:0,_ZN12_GLOBAL__N_123prime_test_mod_pow_TestD2Ev
FN:102,_ZN12_GLOBAL__N_123prime_test_mod_pow_Test8TestBodyEv
FNDA:1,_ZN12_GLOBAL__N_123prime_test_mod_pow_Test8TestBodyEv
FN:114,_ZN12_GLOBAL__N_136prime_test_compute_miller_rabin_TestD2Ev
FNDA:0,_ZN12_GLOBAL__N_136prime_test_compute_miller_rabin_TestD2Ev
FN:114,_ZN12_GLOBAL__N_136prime_test_compute_miller_rabin_Test8TestBodyEv
FNDA:1,_ZN12_GLOBAL__N_136prime_test_compute_miller_rabin_Test8TestBodyEv
FN:114,_ZN12_GLOBAL__N_136prime_test_compute_miller_rabin_TestD0Ev
FNDA:1,_ZN12_GLOBAL__N_136prime_test_compute_miller_rabin_TestD0Ev
FN:124,_ZN12_GLOBAL__N_134prime_test_miller_rabin_prime_Test8TestBodyEv
FNDA:1,_ZN12_GLOBAL__N_134prime_test_miller_rabin_prime_Test8TestBodyEv
FN:124,_ZN12_GLOBAL__N_134prime_test_miller_rabin_prime_TestD2Ev
FNDA:0,_ZN12_GLOBAL__N_134prime_test_miller_rabin_prime_TestD2Ev
FN:124,_ZN12_GLOBAL__N_134prime_test_miller_rabin_prime_TestD0Ev
FNDA:1,_ZN12_GLOBAL__N_134prime_test_miller_rabin_prime_TestD0Ev
FN:136,_ZN12_GLOBAL__N_132prime_test_solovoy_strassen_TestD0Ev
FNDA:1,_ZN12_GLOBAL__N_132prime_test_solovoy_strassen_TestD0Ev
FN:136,_ZN12_GLOBAL__N_132prime_test_solovoy_strassen_Test8TestBodyEv
FNDA:1,_ZN12_GLOBAL__N_132prime_test_solovoy_strassen_Test8TestBodyEv
FN:136,_ZN12_GLOBAL__N_132prime_test_solovoy_strassen_TestD2Ev
FNDA:0,_ZN12_GLOBAL__N_132prime_test_solovoy_strassen_TestD2Ev
DA:48,1
DA:48,0
DA:48,1
DA:49,1
DA:50,1
DA:51,1
DA:52,1
DA:54,1
DA:55,1
DA:56,1
DA:57,1
DA:59,1
DA:60,1
DA:61,1
DA:62,1
DA:64,1
DA:65,1
DA:66,1
DA:67,1
DA:69,1
DA:70,1
DA:71,1
DA:72,1
DA:74,1
DA:75,1
DA:76,1
DA:77,1
DA:79,1
DA:80,1
DA:81,1
DA:82,1
DA:84,1
DA:85,1
DA:86,1
DA:87,1
DA:88,1
DA:48,1
DA:90,1
DA:90,0
DA:90,1
DA:91,1
DA:92,1
DA:93,1
DA:94,1
DA:96,1
DA:97,1
DA:98,1
DA:99,1
DA:100,1
DA:90,1
DA:102,1
DA:102,0
DA:102,1
DA:103,1
DA:104,1
DA:105,1
DA:106,1
DA:107,1
DA:102,1
DA:114,1
DA:114,0
DA:114,1
DA:115,1
DA:116,1
DA:117,1
DA:118,1
DA:119,1
DA:120,1
DA:121,1
DA:122,1
DA:114,1
DA:124,1
DA:124,0
DA:124,1
DA:125,1
DA:126,1
DA:127,1
DA:128,1
DA:129,1
DA:130,1
DA:131,1
DA:132,1
DA:124,1
DA:136,1
DA:136,0
DA:136,1
DA:137,1
DA:138,1
DA:139,1
DA:140,1
DA:141,1
DA:142,1
DA:143,1
DA:136,1
end_of_record
SF:/usr/include/c++/12/bits/new_allocator.h
FN:112,_ZNSt15__new_allocatorIcE8allocateEmPKv
FNDA:0,_ZNSt15__new_allocatorIcE8allocateEmPKv
FN:142,_ZNSt15__new_allocatorIcE10deallocateEPcm
FNDA:0,_ZNSt15__new_allocatorIcE10deallocateEPcm
DA:83,0
DA:112,0
DA:120,0
DA:126,0
DA:137,0
DA:142,0
DA:158,0
end_of_record
SF:/usr/include/c++/12/ext/alloc_traits.h
end_of_record
SF:/usr/include/c++/12/bits/basic_string.h
FN:634,_ZNSt7__cxx1112basic_stringIcSt11char_traitsIcESaIcEEC2IS3_EEPKcRKS3_
FNDA:0,_ZNSt7__cxx1112basic_stringIcSt11char_traitsIcESaIcEEC2IS3_EEPKcRKS3_
FN:2167,_ZNSt7__cxx1112basic_stringIcSt11char_traitsIcESaIcEE7replaceEmmPKcm
FNDA:0,_ZNSt7__cxx1112basic_stringIcSt11char_traitsIcESaIcEE7replaceEmmPKcm
DA:192,0
DA:199,0
DA:200,0
DA:223,0
DA:224,0
DA:228,6
DA:229,6
DA:233,12
DA:234,6
DA:238,0
DA:241,0
DA:249,0
DA:252,0
DA:260,0
DA:261,0
DA:265,6
DA:267,6
DA:268,6
DA:269,0
DA:273,0
DA:274,0
DA:283,0
DA:285,0
DA:286,0
DA:291,0
DA:292,0
DA:339,0
DA:340,0
DA:345,0
DA:379,0
DA:381,0
DA:382,0
DA:390,0
DA:392,0
DA:393,0
DA:400,0
DA:402,0
DA:408,0
DA:410,0
DA:411,0
DA:418,6
DA:420,0
DA:421,6
DA:423,0
DA:428,0
DA:430,0
DA:431,0
DA:433,0
DA:470,6
DA:471,12
DA:475,0
DA:477,0
DA:634,0
DA:635,0
DA:638,0
DA:639,0
DA:641,0
DA:642,0
DA:643,0
DA:794,0
DA:795,0
DA:1063,0
DA:1064,0
DA:1070,0
DA:1071,0
DA:1132,0
DA:1134,0
DA:2167,0
DA:2171,0
DA:2172,0
DA:2554,0
DA:2555,0
end_of_record
SF:/usr/include/c++/12/bits/alloc_traits.h
DA:463,0
DA:464,0
DA:495,0
DA:496,0
end_of_record
SF:/usr/include/c++/12/bits/allocator.h
DA:159,0
DA:160,0
DA:174,0
DA:179,0
DA:188,0
DA:193,0
DA:200,0
end_of_record
SF:/usr/include/c++/12/ostream
DA:166,0
DA:167,0
DA:615,0
DA:620,0
DA:621,0
end_of_record
SF:/usr/include/c++/12/bits/basic_string.tcc
FN:134,_ZNSt7__cxx1112basic_stringIcSt11char_traitsIcESaIcEE9_M_createERmm
FNDA:0,_ZNSt7__cxx1112basic_stringIcSt11char_traitsIcESaIcEE9_M_createERmm
FN:217,_ZNSt7__cxx1112basic_stringIcSt11char_traitsIcESaIcEE12_M_constructIPcEEvT_S7_St20forward_iterator_tag
FNDA:6,_ZNSt7__cxx1112basic_stringIcSt11char_traitsIcESaIcEE12_M_constructIPcEEvT_S7_St20forward_iterator_tag
FN:217,_ZNSt7__cxx1112basic_stringIcSt11char_traitsIcESaIcEE12_M_constructIPKcEEvT_S8_St20forward_iterator_tag
FNDA:0,_ZNSt7__cxx1112basic_stringIcSt11char_traitsIcESaIcEE12_M_constructIPKcEEvT_S8_St20forward_iterator_tag
FN:238,_ZZNSt7__cxx1112basic_stringIcSt11char_traitsIcESaIcEE12_M_constructIPcEEvT_S7_St20forward_iterator_tagEN6_GuardD2Ev
FNDA:6,_ZZNSt7__cxx1112basic_stringIcSt11char_traitsIcESaIcEE12_M_constructIPcEEvT_S7_St20forward_iterator_tagEN6_GuardD2Ev
FN:238,_ZZNSt7__cxx1112basic_stringIcSt11char_traitsIcESaIcEE12_M_constructIPKcEEvT_S8_St20forward_iterator_tagEN6_GuardD2Ev
FNDA:0,_ZZNSt7__cxx1112basic_stringIcSt11char_traitsIcESaIcEE12_M_constructIPKcEEvT_S8_St20forward_iterator_tagEN6_GuardD2Ev
FN:273,_ZNSt7__cxx1112basic_stringIcSt11char_traitsIcESaIcEE9_M_assignERKS4_
FNDA:0,_ZNSt7__cxx1112basic_stringIcSt11char_traitsIcESaIcEE9_M_assignERKS4_
FN:321,_ZNSt7__cxx1112basic_stringIcSt11char_traitsIcESaIcEE9_M_mutateEmmPKcm
FNDA:0,_ZNSt7__cxx1112basic_stringIcSt11char_traitsIcESaIcEE9_M_mutateEmmPKcm
FN:476,_ZNSt7__cxx1112basic_stringIcSt11char_traitsIcESaIcEE10_M_replaceEmmPKcm
FNDA:0,_ZNSt7__cxx1112basic_stringIcSt11char_traitsIcESaIcEE10_M_replaceEmmPKcm
DA:134,0
DA:139,0
DA:140,0
DA:145,0
DA:147,0
DA:149,0
DA:150,0
DA:155,0
DA:217,6
DA:221,6
DA:223,6
DA:225,0
DA:226,0
DA:235,6
DA:241,6
DA:243,6
DA:245,6
DA:247,6
DA:248,6
DA:217,0
DA:221,0
DA:223,0
DA:225,0
DA:226,0
DA:235,0
DA:241,0
DA:243,0
DA:245,0
DA:247,0
DA:248,0
DA:238,6
DA:238,0
DA:273,0
DA:276,0
DA:278,0
DA:279,0
DA:281,0
DA:283,0
DA:284,0
DA:285,0
DA:286,0
DA:287,0
DA:290,0
DA:291,0
DA:293,0
DA:295,0
DA:321,0
DA:325,0
DA:327,0
DA:328,0
DA:330,0
DA:331,0
DA:332,0
DA:333,0
DA:334,0
DA:335,0
DA:336,0
DA:338,0
DA:339,0
DA:340,0
DA:341,0
DA:476,0
DA:480,0
DA:482,0
DA:483,0
DA:485,0
DA:487,0
DA:489,0
DA:503,0
DA:505,0
DA:506,0
DA:507,0
DA:508,0
DA:513,0
DA:514,0
DA:515,0
DA:516,0
DA:517,0
DA:519,0
DA:520,0
DA:521,0
DA:525,0
DA:526,0
DA:530,0
DA:531,0
DA:532,0
DA:539,0
DA:541,0
DA:542,0
end_of_record
SF:/usr/include/c++/12/streambuf
end_of_record
SF:/usr/include/c++/12/bits/unique_ptr.h
FN:89,_ZNKSt14default_deleteINSt7__cxx1112basic_stringIcSt11char_traitsIcESaIcEEEEclEPS5_
FNDA:0,_ZNKSt14default_deleteINSt7__cxx1112basic_stringIcSt11char_traitsIcESaIcEEEEclEPS5_
DA:89,0
DA:95,0
DA:96,0
DA:189,34
DA:191,0
DA:193,0
DA:390,34
DA:394,34
DA:395,34
DA:396,0
DA:461,0
DA:462,0
DA:467,0
DA:468,0
end_of_record
SF:/usr/local/include/gtest/internal/gtest-port.h
DA:970,0
end_of_record
SF:/usr/local/include/gtest/internal/gtest-internal.h
FN:470,_ZN7testing8internal15TestFactoryImplIN12_GLOBAL__N_124prime_test_is_prime_TestEE10CreateTestEv
FNDA:1,_ZN7testing8internal15TestFactoryImplIN12_GLOBAL__N_124prime_test_is_prime_TestEE10CreateTestEv
FN:470,_ZN7testing8internal15TestFactoryImplIN12_GLOBAL__N_126prime_test_carmichael_TestEE10CreateTestEv
FNDA:1,_ZN7testing8internal15TestFactoryImplIN12_GLOBAL__N_126prime_test_carmichael_TestEE10CreateTestEv
FN:470,_ZN7testing8internal15TestFactoryImplIN12_GLOBAL__N_123prime_test_mod_pow_TestEE10CreateTestEv
FNDA:1,_ZN7testing8internal15TestFactoryImplIN12_GLOBAL__N_123prime_test_mod_pow_TestEE10CreateTestEv
FN:470,_ZN7testing8internal15TestFactoryImplIN12_GLOBAL__N_136prime_test_compute_miller_rabin_TestEE10CreateTestEv
FNDA:1,_ZN7testing8internal15TestFactoryImplIN12_GLOBAL__N_136prime_test_compute_miller_rabin_TestEE10CreateTestEv
FN:470,_ZN7testing8internal15TestFactoryImplIN12_GLOBAL__N_134prime_test_miller_rabin_prime_TestEE10CreateTestEv
FNDA:1,_ZN7testing8internal15TestFactoryImplIN12_GLOBAL__N_134prime_test_miller_rabin_prime_TestEE10CreateTestEv
FN:470,_ZN7testing8internal15TestFactoryImplIN12_GLOBAL__N_132prime_test_solovoy_strassen_TestEE10CreateTestEv
FNDA:1,_ZN7testing8internal15TestFactoryImplIN12_GLOBAL__N_132prime_test_solovoy_strassen_TestEE10CreateTestEv
FN:519,_ZN7testing8internal16SuiteApiResolverINS_4TestEE19GetSetUpCaseOrSuiteEPKci
FNDA:0,_ZN7testing8internal16SuiteApiResolverINS_4TestEE19GetSetUpCaseOrSuiteEPKci
FN:540,_ZN7testing8internal16SuiteApiResolverINS_4TestEE22GetTearDownCaseOrSuiteEPKci
FNDA:0,_ZN7testing8internal16SuiteApiResolverINS_4TestEE22GetTearDownCaseOrSuiteEPKci
DA:470,1
DA:470,1
DA:470,1
DA:470,1
DA:470,1
DA:470,1
DA:519,0
DA:523,0
DA:525,0
DA:527,0
DA:530,0
DA:532,0
DA:540,0
DA:544,0
DA:546,0
DA:548,0
DA:551,0
DA:553,0
end_of_record
SF:/usr/include/c++/12/bits/stl_function.h
DA:451,0
DA:457,0
end_of_record
SF:/usr/include/c++/12/sstream
DA:1136,0
DA:1137,0
end_of_record
SF:/usr/local/include/gtest/gtest.h
FN:350,_ZN7testing4Test5SetupEv
FNDA:0,_ZN7testing4Test5SetupEv
FN:1349,_ZN7testing8internal18CmpHelperEQFailureIilEENS_15AssertionResultEPKcS4_RKT_RKT0_
FNDA:0,_ZN7testing8internal18CmpHelperEQFailureIilEENS_15AssertionResultEPKcS4_RKT_RKT0_
FN:1349,_ZN7testing8internal18CmpHelperEQFailureIbbEENS_15AssertionResultEPKcS4_RKT_RKT0_
FNDA:0,_ZN7testing8internal18CmpHelperEQFailureIbbEENS_15AssertionResultEPKcS4_RKT_RKT0_
FN:1366,_ZN7testing8internal11CmpHelperEQIilEENS_15AssertionResultEPKcS4_RKT_RKT0_
FNDA:4,_ZN7testing8internal11CmpHelperEQIilEENS_15AssertionResultEPKcS4_RKT_RKT0_
FN:1366,_ZN7testing8internal11CmpHelperEQIbbEENS_15AssertionResultEPKcS4_RKT_RKT0_
FNDA:30,_ZN7testing8internal11CmpHelperEQIbbEENS_15AssertionResultEPKcS4_RKT_RKT0_
DA:350,0
DA:1349,0
DA:1354,0
DA:1349,0
DA:1354,0
DA:1366,4
DA:1369,4
DA:1370,4
DA:1373,0
DA:1366,30
DA:1369,30
DA:1370,30
DA:1373,0
DA:1385,34
DA:1388,34
end_of_record
SF:/usr/local/include/gtest/gtest-printers.h
FN:1042,_ZN7testing13PrintToStringIlEENSt7__cxx1112basic_stringIcSt11char_traitsIcESaIcEEERKT_
FNDA:0,_ZN7testing13PrintToStringIlEENSt7__cxx1112basic_stringIcSt11char_traitsIcESaIcEEERKT_
FN:1042,_ZN7testing13PrintToStringIiEENSt7__cxx1112basic_stringIcSt11char_traitsIcESaIcEEERKT_
FNDA:0,_ZN7testing13PrintToStringIiEENSt7__cxx1112basic_stringIcSt11char_traitsIcESaIcEEERKT_
FN:1042,_ZN7testing13PrintToStringIbEENSt7__cxx1112basic_stringIcSt11char_traitsIcESaIcEEERKT_
FNDA:0,_ZN7testing13PrintToStringIbEENSt7__cxx1112basic_stringIcSt11char_traitsIcESaIcEEERKT_
DA:213,0
DA:216,0
DA:305,0
DA:311,0
DA:332,0
DA:333,0
DA:412,0
DA:414,0
DA:439,0
DA:440,0
DA:458,0
DA:459,0
DA:693,0
DA:702,0
DA:883,0
DA:884,0
DA:885,0
DA:1002,0
DA:1006,0
DA:1042,0
DA:1043,0
DA:1044,0
DA:1045,0
DA:1046,0
DA:1042,0
DA:1043,0
DA:1044,0
DA:1045,0
DA:1046,0
DA:1042,0
DA:1043,0
DA:1044,0
DA:1045,0
DA:1046,0
end_of_record
SF:/usr/local/include/gtest/gtest-assertion-result.h
DA:133,34
DA:174,34
DA:183,0
DA:184,0
DA:187,0
end_of_record
SF:/usr/include/c++/12/tuple
DA:124,0
DA:233,34
DA:268,34
DA:271,0
DA:424,0
DA:1364,0
DA:1365,0
DA:1380,0
DA:1381,34
DA:1387,0
end_of_record
SF:/usr/local/include/gtest/gtest-message.h
DA:92,0
end_of_record
TN:
SF:/home/akiel/Desktop/Trunk/github/public-repos/OSS/openMTPK/tests/arith/t_arith.cpp
FN:81,_ZN12_GLOBAL__N_124basics_greatest_pow_TestD0Ev
FNDA:1,_ZN12_GLOBAL__N_124basics_greatest_pow_TestD0Ev
FN:81,_ZN12_GLOBAL__N_124basics_greatest_pow_TestD2Ev
FNDA:0,_ZN12_GLOBAL__N_124basics_greatest_pow_TestD2Ev
FN:81,_ZN12_GLOBAL__N_124basics_greatest_pow_Test8TestBodyEv
FNDA:1,_ZN12_GLOBAL__N_124basics_greatest_pow_Test8TestBodyEv
FN:87,_ZN12_GLOBAL__N_135basics_greatest_common_divisor_TestD0Ev
FNDA:1,_ZN12_GLOBAL__N_135basics_greatest_common_divisor_TestD0Ev
FN:87,_ZN12_GLOBAL__N_135basics_greatest_common_divisor_TestD2Ev
FNDA:0,_ZN12_GLOBAL__N_135basics_greatest_common_divisor_TestD2Ev
FN:87,_ZN12_GLOBAL__N_135basics_greatest_common_divisor_Test8TestBodyEv
FNDA:1,_ZN12_GLOBAL__N_135basics_greatest_common_divisor_Test8TestBodyEv
DA:81,1
DA:81,0
DA:81,1
DA:82,1
DA:83,1
DA:84,1
DA:81,1
DA:87,1
DA:87,0
DA:87,1
DA:88,1
DA:89,1
DA:90,1
DA:91,1
DA:92,1
DA:93,1
DA:87,1
end_of_record
SF:/usr/include/c++/12/ext/alloc_traits.h
end_of_record
SF:/usr/include/c++/12/bits/alloc_traits.h
DA:463,14
DA:464,14
DA:495,0
DA:496,0
end_of_record
SF:/usr/include/c++/12/bits/allocator.h
DA:159,20
DA:160,20
DA:174,0
DA:179,14
DA:188,14
DA:193,0
DA:200,0
end_of_record
SF:/usr/include/c++/12/bits/basic_string.h
FN:634,_ZNSt7__cxx1112basic_stringIcSt11char_traitsIcESaIcEEC2IS3_EEPKcRKS3_
FNDA:20,_ZNSt7__cxx1112basic_stringIcSt11char_traitsIcESaIcEEC2IS3_EEPKcRKS3_
FN:2167,_ZNSt7__cxx1112basic_stringIcSt11char_traitsIcESaIcEE7replaceEmmPKcm
FNDA:0,_ZNSt7__cxx1112basic_stringIcSt11char_traitsIcESaIcEE7replaceEmmPKcm
DA:192,0
DA:199,20
DA:200,20
DA:223,14
DA:224,14
DA:228,22
DA:229,22
DA:233,44
DA:234,22
DA:238,20
DA:241,20
DA:249,0
DA:252,0
DA:260,14
DA:261,14
DA:265,22
DA:267,22
DA:268,22
DA:269,0
DA:273,0
DA:274,0
DA:283,0
DA:285,0
DA:286,0
DA:291,0
DA:292,0
DA:339,0
DA:340,14
DA:345,14
DA:379,0
DA:381,0
DA:382,0
DA:390,0
DA:392,0
DA:393,0
DA:400,0
DA:402,0
DA:408,0
DA:410,0
DA:411,0
DA:418,22
DA:420,0
DA:421,22
DA:423,0
DA:428,0
DA:430,0
DA:431,0
DA:433,0
DA:470,2
DA:471,4
DA:475,20
DA:477,40
DA:634,20
DA:635,20
DA:638,20
DA:639,0
DA:641,20
DA:642,20
DA:643,20
DA:794,0
DA:795,0
DA:1063,0
DA:1064,0
DA:1070,0
DA:1071,0
DA:1132,0
DA:1134,0
DA:2167,0
DA:2171,0
DA:2172,0
DA:2554,0
DA:2555,0
end_of_record
SF:/usr/include/c++/12/bits/char_traits.h
DA:347,22
DA:350,22
DA:354,22
DA:355,0
DA:389,20
DA:392,20
DA:395,20
DA:411,0
DA:413,0
DA:416,0
DA:419,0
DA:423,22
DA:425,22
DA:428,22
DA:431,22
end_of_record
SF:/usr/include/c++/12/bits/stl_iterator_base_funcs.h
DA:99,22
DA:105,22
DA:147,22
DA:150,22
end_of_record
SF:/usr/include/c++/12/bits/new_allocator.h
FN:112,_ZNSt15__new_allocatorIcE8allocateEmPKv
FNDA:14,_ZNSt15__new_allocatorIcE8allocateEmPKv
FN:142,_ZNSt15__new_allocatorIcE10deallocateEPcm
FNDA:4,_ZNSt15__new_allocatorIcE10deallocateEPcm
DA:83,20
DA:112,14
DA:120,14
DA:126,0
DA:137,14
DA:142,4
DA:158,4
end_of_record
SF:/usr/include/c++/12/iostream
end_of_record
SF:/usr/include/c++/12/sstream
DA:1136,0
DA:1137,0
end_of_record
SF:/usr/include/c++/12/bits/stl_function.h
DA:451,0
DA:457,0
end_of_record
SF:/usr/local/include/gtest/gtest.h
FN:350,_ZN7testing4Test5SetupEv
FNDA:0,_ZN7testing4Test5SetupEv
FN:1349,_ZN7testing8internal18CmpHelperEQFailureIilEENS_15AssertionResultEPKcS4_RKT_RKT0_
FNDA:0,_ZN7testing8internal18CmpHelperEQFailureIilEENS_15AssertionResultEPKcS4_RKT_RKT0_
FN:1366,_ZN7testing8internal11CmpHelperEQIilEENS_15AssertionResultEPKcS4_RKT_RKT0_
FNDA:7,_ZN7testing8internal11CmpHelperEQIilEENS_15AssertionResultEPKcS4_RKT_RKT0_
DA:350,0
DA:1349,0
DA:1354,0
DA:1366,7
DA:1369,7
DA:1370,7
DA:1373,0
DA:1385,7
DA:1388,7
end_of_record
SF:/usr/local/include/gtest/gtest-printers.h
FN:1042,_ZN7testing13PrintToStringIlEENSt7__cxx1112basic_stringIcSt11char_traitsIcESaIcEEERKT_
FNDA:0,_ZN7testing13PrintToStringIlEENSt7__cxx1112basic_stringIcSt11char_traitsIcESaIcEEERKT_
FN:1042,_ZN7testing13PrintToStringIiEENSt7__cxx1112basic_stringIcSt11char_traitsIcESaIcEEERKT_
FNDA:0,_ZN7testing13PrintToStringIiEENSt7__cxx1112basic_stringIcSt11char_traitsIcESaIcEEERKT_
DA:213,0
DA:216,0
DA:305,0
DA:311,0
DA:332,0
DA:333,0
DA:412,0
DA:414,0
DA:439,0
DA:440,0
DA:693,0
DA:702,0
DA:883,0
DA:884,0
DA:885,0
DA:1002,0
DA:1006,0
DA:1042,0
DA:1043,0
DA:1044,0
DA:1045,0
DA:1046,0
DA:1042,0
DA:1043,0
DA:1044,0
DA:1045,0
DA:1046,0
end_of_record
SF:/usr/local/include/gtest/gtest-assertion-result.h
DA:133,7
DA:174,7
DA:183,0
DA:184,0
DA:187,0
end_of_record
SF:/usr/include/c++/12/tuple
DA:124,0
DA:233,7
DA:268,7
DA:271,0
DA:424,0
DA:1364,0
DA:1365,0
DA:1380,0
DA:1381,7
DA:1387,0
end_of_record
SF:/usr/local/include/gtest/gtest-message.h
DA:92,0
end_of_record
SF:/usr/include/c++/12/ostream
DA:166,0
DA:167,0
DA:615,0
DA:620,0
DA:621,0
end_of_record
SF:/usr/include/c++/12/bits/basic_string.tcc
FN:134,_ZNSt7__cxx1112basic_stringIcSt11char_traitsIcESaIcEE9_M_createERmm
FNDA:14,_ZNSt7__cxx1112basic_stringIcSt11char_traitsIcESaIcEE9_M_createERmm
FN:217,_ZNSt7__cxx1112basic_stringIcSt11char_traitsIcESaIcEE12_M_constructIPcEEvT_S7_St20forward_iterator_tag
FNDA:2,_ZNSt7__cxx1112basic_stringIcSt11char_traitsIcESaIcEE12_M_constructIPcEEvT_S7_St20forward_iterator_tag
FN:217,_ZNSt7__cxx1112basic_stringIcSt11char_traitsIcESaIcEE12_M_constructIPKcEEvT_S8_St20forward_iterator_tag
FNDA:20,_ZNSt7__cxx1112basic_stringIcSt11char_traitsIcESaIcEE12_M_constructIPKcEEvT_S8_St20forward_iterator_tag
FN:238,_ZZNSt7__cxx1112basic_stringIcSt11char_traitsIcESaIcEE12_M_constructIPcEEvT_S7_St20forward_iterator_tagEN6_GuardD2Ev
FNDA:2,_ZZNSt7__cxx1112basic_stringIcSt11char_traitsIcESaIcEE12_M_constructIPcEEvT_S7_St20forward_iterator_tagEN6_GuardD2Ev
FN:238,_ZZNSt7__cxx1112basic_stringIcSt11char_traitsIcESaIcEE12_M_constructIPKcEEvT_S8_St20forward_iterator_tagEN6_GuardD2Ev
FNDA:20,_ZZNSt7__cxx1112basic_stringIcSt11char_traitsIcESaIcEE12_M_constructIPKcEEvT_S8_St20forward_iterator_tagEN6_GuardD2Ev
FN:273,_ZNSt7__cxx1112basic_stringIcSt11char_traitsIcESaIcEE9_M_assignERKS4_
FNDA:0,_ZNSt7__cxx1112basic_stringIcSt11char_traitsIcESaIcEE9_M_assignERKS4_
FN:321,_ZNSt7__cxx1112basic_stringIcSt11char_traitsIcESaIcEE9_M_mutateEmmPKcm
FNDA:0,_ZNSt7__cxx1112basic_stringIcSt11char_traitsIcESaIcEE9_M_mutateEmmPKcm
FN:476,_ZNSt7__cxx1112basic_stringIcSt11char_traitsIcESaIcEE10_M_replaceEmmPKcm
FNDA:0,_ZNSt7__cxx1112basic_stringIcSt11char_traitsIcESaIcEE10_M_replaceEmmPKcm
DA:134,14
DA:139,14
DA:140,0
DA:145,14
DA:147,0
DA:149,0
DA:150,0
DA:155,14
DA:217,2
DA:221,2
DA:223,2
DA:225,2
DA:226,2
DA:235,2
DA:241,2
DA:243,2
DA:245,2
DA:247,2
DA:248,2
DA:217,20
DA:221,20
DA:223,20
DA:225,12
DA:226,12
DA:235,20
DA:241,20
DA:243,20
DA:245,20
DA:247,20
DA:248,20
DA:238,2
DA:238,20
DA:273,0
DA:276,0
DA:278,0
DA:279,0
DA:281,0
DA:283,0
DA:284,0
DA:285,0
DA:286,0
DA:287,0
DA:290,0
DA:291,0
DA:293,0
DA:295,0
DA:321,0
DA:325,0
DA:327,0
DA:328,0
DA:330,0
DA:331,0
DA:332,0
DA:333,0
DA:334,0
DA:335,0
DA:336,0
DA:338,0
DA:339,0
DA:340,0
DA:341,0
DA:476,0
DA:480,0
DA:482,0
DA:483,0
DA:485,0
DA:487,0
DA:489,0
DA:503,0
DA:505,0
DA:506,0
DA:507,0
DA:508,0
DA:513,0
DA:514,0
DA:515,0
DA:516,0
DA:517,0
DA:519,0
DA:520,0
DA:521,0
DA:525,0
DA:526,0
DA:530,0
DA:531,0
DA:532,0
DA:539,0
DA:541,0
DA:542,0
end_of_record
SF:/usr/include/c++/12/bits/unique_ptr.h
FN:89,_ZNKSt14default_deleteINSt7__cxx1112basic_stringIcSt11char_traitsIcESaIcEEEEclEPS5_
FNDA:0,_ZNKSt14default_deleteINSt7__cxx1112basic_stringIcSt11char_traitsIcESaIcEEEEclEPS5_
DA:89,0
DA:95,0
DA:96,0
DA:189,7
DA:191,0
DA:193,0
DA:390,7
DA:394,7
DA:395,7
DA:396,0
DA:461,0
DA:462,0
DA:467,0
DA:468,0
end_of_record
SF:/usr/include/c++/12/streambuf
end_of_record
SF:/usr/local/include/gtest/internal/gtest-port.h
DA:970,0
end_of_record
SF:/usr/local/include/gtest/internal/gtest-internal.h
FN:470,_ZN7testing8internal15TestFactoryImplIN12_GLOBAL__N_124basics_greatest_pow_TestEE10CreateTestEv
FNDA:1,_ZN7testing8internal15TestFactoryImplIN12_GLOBAL__N_124basics_greatest_pow_TestEE10CreateTestEv
FN:470,_ZN7testing8internal15TestFactoryImplIN12_GLOBAL__N_135basics_greatest_common_divisor_TestEE10CreateTestEv
FNDA:1,_ZN7testing8internal15TestFactoryImplIN12_GLOBAL__N_135basics_greatest_common_divisor_TestEE10CreateTestEv
FN:519,_ZN7testing8internal16SuiteApiResolverINS_4TestEE19GetSetUpCaseOrSuiteEPKci
FNDA:31,_ZN7testing8internal16SuiteApiResolverINS_4TestEE19GetSetUpCaseOrSuiteEPKci
FN:540,_ZN7testing8internal16SuiteApiResolverINS_4TestEE22GetTearDownCaseOrSuiteEPKci
FNDA:31,_ZN7testing8internal16SuiteApiResolverINS_4TestEE22GetTearDownCaseOrSuiteEPKci
DA:470,1
DA:470,1
DA:519,31
DA:523,31
DA:525,31
DA:527,31
DA:530,0
DA:532,31
DA:540,31
DA:544,31
DA:546,31
DA:548,31
DA:551,0
DA:553,31
end_of_record
TN:
SF:/usr/include/c++/12/bits/stl_iterator_base_funcs.h
DA:99,16
DA:105,16
DA:147,16
DA:150,16
end_of_record
SF:/home/akiel/Desktop/Trunk/github/public-repos/OSS/openMTPK/modules/calculus/deriv.cpp
FN:73,_ZN4mtpk8Calculus15derivative_termENSt7__cxx1112basic_stringIcSt11char_traitsIcESaIcEEEl
FNDA:5,_ZN4mtpk8Calculus15derivative_termENSt7__cxx1112basic_stringIcSt11char_traitsIcESaIcEEEl
FN:103,_ZN4mtpk8Calculus8deriv_atERNSt7__cxx1112basic_stringIcSt11char_traitsIcESaIcEEEl
FNDA:1,_ZN4mtpk8Calculus8deriv_atERNSt7__cxx1112basic_stringIcSt11char_traitsIcESaIcEEEl
FN:124,_ZN4mtpk8Calculus5derivERNSt7__cxx1112basic_stringIcSt11char_traitsIcESaIcEEE
FNDA:0,_ZN4mtpk8Calculus5derivERNSt7__cxx1112basic_stringIcSt11char_traitsIcESaIcEEE
DA:73,5
DA:75,5
DA:76,5
DA:78,10
DA:79,5
DA:81,5
DA:84,5
DA:86,10
DA:87,5
DA:88,5
DA:90,5
DA:93,5
DA:94,5
DA:95,5
DA:96,5
DA:98,5
DA:100,5
DA:101,5
DA:103,1
DA:104,1
DA:107,1
DA:109,1
DA:110,10
DA:112,9
DA:113,4
DA:117,10
DA:119,1
DA:120,1
DA:121,2
DA:122,1
DA:124,0
DA:125,0
DA:128,0
DA:130,0
DA:131,0
DA:143,0
DA:144,0
end_of_record
SF:/usr/include/c++/12/bits/new_allocator.h
FN:112,_ZNSt15__new_allocatorIcE8allocateEmPKv
FNDA:1,_ZNSt15__new_allocatorIcE8allocateEmPKv
FN:142,_ZNSt15__new_allocatorIcE10deallocateEPcm
FNDA:1,_ZNSt15__new_allocatorIcE10deallocateEPcm
DA:80,11
DA:83,17
DA:112,1
DA:120,1
DA:126,0
DA:137,1
DA:142,1
DA:158,1
end_of_record
SF:/usr/include/c++/12/iostream
end_of_record
SF:/usr/include/c++/12/bits/char_traits.h
DA:347,27
DA:350,27
DA:354,17
DA:355,0
DA:370,9
DA:372,9
DA:375,9
DA:385,9
DA:389,19
DA:392,19
DA:395,19
DA:423,16
DA:425,16
DA:428,6
DA:431,6
end_of_record
SF:/usr/include/stdlib.h
DA:367,10
DA:369,10
end_of_record
SF:/usr/include/c++/12/bits/ios_base.h
DA:166,10
DA:167,10
end_of_record
SF:/usr/include/c++/12/bits/allocator.h
DA:156,11
DA:159,17
DA:160,17
DA:174,27
DA:179,1
DA:188,1
DA:193,0
DA:200,0
end_of_record
SF:/usr/include/c++/12/bits/alloc_traits.h
DA:463,1
DA:464,1
DA:495,0
DA:496,0
DA:562,5
DA:563,5
end_of_record
SF:/usr/include/c++/12/bits/basic_string.h
FN:612,_ZNSt7__cxx1112basic_stringIcSt11char_traitsIcESaIcEEC2EPKcmRKS3_
FNDA:1,_ZNSt7__cxx1112basic_stringIcSt11char_traitsIcESaIcEEC2EPKcmRKS3_
FN:634,_ZNSt7__cxx1112basic_stringIcSt11char_traitsIcESaIcEEC1IS3_EEPKcRKS3_
FNDA:10,_ZNSt7__cxx1112basic_stringIcSt11char_traitsIcESaIcEEC1IS3_EEPKcRKS3_
FN:1524,_ZNSt7__cxx1112basic_stringIcSt11char_traitsIcESaIcEE9push_backEc
FNDA:10,_ZNSt7__cxx1112basic_stringIcSt11char_traitsIcESaIcEE9push_backEc
DA:192,16
DA:199,11
DA:200,11
DA:203,6
DA:204,1
DA:223,1
DA:224,1
DA:228,27
DA:229,27
DA:233,122
DA:234,25
DA:238,6
DA:241,0
DA:249,26
DA:252,10
DA:260,1
DA:261,1
DA:265,27
DA:267,27
DA:268,16
DA:273,26
DA:274,26
DA:283,16
DA:285,0
DA:286,32
DA:291,0
DA:292,0
DA:339,0
DA:340,1
DA:344,5
DA:345,1
DA:351,1
DA:418,16
DA:420,0
DA:421,16
DA:423,0
DA:470,5
DA:471,10
DA:475,11
DA:477,22
DA:481,4
DA:483,4
DA:485,4
DA:487,4
DA:490,4
DA:515,1
DA:517,1
DA:519,1
DA:520,1
DA:521,1
DA:540,5
DA:541,5
DA:542,5
DA:544,5
DA:546,5
DA:612,1
DA:614,1
DA:617,1
DA:618,0
DA:620,1
DA:621,1
DA:634,10
DA:635,10
DA:638,10
DA:639,0
DA:641,10
DA:642,10
DA:643,10
DA:794,11
DA:795,11
DA:1063,29
DA:1064,19
DA:1070,5
DA:1071,5
DA:1132,10
DA:1134,0
DA:1217,15
DA:1221,20
DA:1224,15
DA:1524,10
DA:1526,10
DA:1527,10
DA:1528,0
DA:1529,10
DA:1530,10
DA:1531,10
DA:2554,25
DA:2555,15
DA:3599,9
DA:3601,9
end_of_record
SF:/usr/include/c++/12/ext/alloc_traits.h
DA:97,5
DA:98,5
end_of_record
SF:/usr/include/c++/12/streambuf
end_of_record
SF:/usr/include/c++/12/bits/basic_ios.h
DA:117,10
DA:118,10
DA:137,10
DA:138,10
DA:201,10
DA:202,10
end_of_record
SF:/usr/include/c++/12/bits/basic_string.tcc
FN:134,_ZNSt7__cxx1112basic_stringIcSt11char_traitsIcESaIcEE9_M_createERmm
FNDA:1,_ZNSt7__cxx1112basic_stringIcSt11char_traitsIcESaIcEE9_M_createERmm
FN:217,_ZNSt7__cxx1112basic_stringIcSt11char_traitsIcESaIcEE12_M_constructIPcEEvT_S7_St20forward_iterator_tag
FNDA:5,_ZNSt7__cxx1112basic_stringIcSt11char_traitsIcESaIcEE12_M_constructIPcEEvT_S7_St20forward_iterator_tag
FN:217,_ZNSt7__cxx1112basic_stringIcSt11char_traitsIcESaIcEE12_M_constructIPKcEEvT_S8_St20forward_iterator_tag
FNDA:11,_ZNSt7__cxx1112basic_stringIcSt11char_traitsIcESaIcEE12_M_constructIPKcEEvT_S8_St20forward_iterator_tag
FN:238,_ZZNSt7__cxx1112basic_stringIcSt11char_traitsIcESaIcEE12_M_constructIPcEEvT_S7_St20forward_iterator_tagEN6_GuardD2Ev
FNDA:5,_ZZNSt7__cxx1112basic_stringIcSt11char_traitsIcESaIcEE12_M_constructIPcEEvT_S7_St20forward_iterator_tagEN6_GuardD2Ev
FN:238,_ZZNSt7__cxx1112basic_stringIcSt11char_traitsIcESaIcEE12_M_constructIPKcEEvT_S8_St20forward_iterator_tagEN6_GuardD2Ev
FNDA:11,_ZZNSt7__cxx1112basic_stringIcSt11char_traitsIcESaIcEE12_M_constructIPKcEEvT_S8_St20forward_iterator_tagEN6_GuardD2Ev
FN:321,_ZNSt7__cxx1112basic_stringIcSt11char_traitsIcESaIcEE9_M_mutateEmmPKcm
FNDA:0,_ZNSt7__cxx1112basic_stringIcSt11char_traitsIcESaIcEE9_M_mutateEmmPKcm
FN:888,_ZNKSt7__cxx1112basic_stringIcSt11char_traitsIcESaIcEE7compareEPKc
FNDA:9,_ZNKSt7__cxx1112basic_stringIcSt11char_traitsIcESaIcEE7compareEPKc
DA:134,1
DA:139,1
DA:140,0
DA:145,1
DA:147,0
DA:149,0
DA:150,0
DA:155,1
DA:217,5
DA:221,5
DA:223,5
DA:225,0
DA:226,0
DA:235,5
DA:241,5
DA:243,5
DA:245,5
DA:247,5
DA:248,5
DA:217,11
DA:221,11
DA:223,11
DA:225,1
DA:226,1
DA:235,11
DA:241,11
DA:243,11
DA:245,11
DA:247,11
DA:248,11
DA:238,5
DA:238,11
DA:321,0
DA:325,0
DA:327,0
DA:328,0
DA:330,0
DA:331,0
DA:332,0
DA:333,0
DA:334,0
DA:335,0
DA:336,0
DA:338,0
DA:339,0
DA:340,0
DA:341,0
DA:888,9
DA:892,9
DA:893,9
DA:894,9
DA:895,9
DA:896,9
DA:897,4
DA:898,9
end_of_record
SF:/usr/include/c++/12/sstream
end_of_record
SF:/usr/include/c++/12/bits/stl_algobase.h
DA:230,9
DA:235,9
DA:236,5
end_of_record
TN:
SF:/usr/include/c++/12/bits/basic_string.h
FN:634,_ZNSt7__cxx1112basic_stringIcSt11char_traitsIcESaIcEEC1IS3_EEPKcRKS3_
FNDA:21,_ZNSt7__cxx1112basic_stringIcSt11char_traitsIcESaIcEEC1IS3_EEPKcRKS3_
FN:670,_ZNSt7__cxx1112basic_stringIcSt11char_traitsIcESaIcEEC2EOS4_
FNDA:0,_ZNSt7__cxx1112basic_stringIcSt11char_traitsIcESaIcEEC2EOS4_
FN:1418,_ZNSt7__cxx1112basic_stringIcSt11char_traitsIcESaIcEE6appendEPKcm
FNDA:0,_ZNSt7__cxx1112basic_stringIcSt11char_traitsIcESaIcEE6appendEPKcm
FN:1432,_ZNSt7__cxx1112basic_stringIcSt11char_traitsIcESaIcEE6appendEPKc
FNDA:0,_ZNSt7__cxx1112basic_stringIcSt11char_traitsIcESaIcEE6appendEPKc
FN:1644,_ZNSt7__cxx1112basic_stringIcSt11char_traitsIcESaIcEE6assignEPKc
FNDA:0,_ZNSt7__cxx1112basic_stringIcSt11char_traitsIcESaIcEE6assignEPKc
FN:2032,_ZNSt7__cxx1112basic_stringIcSt11char_traitsIcESaIcEE5eraseEmm
FNDA:0,_ZNSt7__cxx1112basic_stringIcSt11char_traitsIcESaIcEE5eraseEmm
FN:2167,_ZNSt7__cxx1112basic_stringIcSt11char_traitsIcESaIcEE7replaceEmmPKcm
FNDA:0,_ZNSt7__cxx1112basic_stringIcSt11char_traitsIcESaIcEE7replaceEmmPKcm
FN:3584,_ZSteqIcEN9__gnu_cxx11__enable_ifIXsrSt9__is_charIT_E7__valueEbE6__typeERKNSt7__cxx1112basic_stringIS3_St11char_traitsIS3_ESaIS3_EEESE_
FNDA:0,_ZSteqIcEN9__gnu_cxx11__enable_ifIXsrSt9__is_charIT_E7__valueEbE6__typeERKNSt7__cxx1112basic_stringIS3_St11char_traitsIS3_ESaIS3_EEESE_
DA:192,30
DA:199,21
DA:200,21
DA:203,6
DA:204,6
DA:223,10
DA:224,10
DA:228,33
DA:229,33
DA:233,84
DA:234,27
DA:238,6
DA:241,21
DA:249,30
DA:252,0
DA:260,10
DA:261,10
DA:265,33
DA:267,33
DA:268,27
DA:269,0
DA:273,30
DA:274,30
DA:283,30
DA:285,0
DA:286,0
DA:291,17
DA:292,17
DA:339,10
DA:340,27
DA:344,0
DA:345,10
DA:351,6
DA:379,0
DA:381,0
DA:382,0
DA:390,0
DA:392,0
DA:393,0
DA:400,0
DA:402,0
DA:408,0
DA:410,0
DA:411,0
DA:418,27
DA:420,0
DA:421,27
DA:423,0
DA:428,0
DA:430,0
DA:431,0
DA:433,0
DA:470,6
DA:471,12
DA:475,21
DA:477,42
DA:481,0
DA:483,0
DA:485,0
DA:487,0
DA:490,0
DA:515,6
DA:517,6
DA:519,6
DA:520,6
DA:540,0
DA:541,0
DA:542,0
DA:544,0
DA:546,0
DA:634,21
DA:635,21
DA:638,21
DA:639,0
DA:641,21
DA:642,21
DA:643,21
DA:670,0
DA:671,0
DA:673,0
DA:675,0
DA:676,0
DA:680,0
DA:681,0
DA:687,0
DA:688,0
DA:689,0
DA:690,0
DA:794,20
DA:795,23
DA:814,0
DA:815,0
DA:1063,0
DA:1064,0
DA:1070,0
DA:1071,0
DA:1132,0
DA:1134,0
DA:1329,0
DA:1330,0
DA:1339,0
DA:1340,0
DA:1387,0
DA:1388,0
DA:1418,0
DA:1421,0
DA:1422,0
DA:1432,0
DA:1435,0
DA:1436,0
DA:1437,0
DA:1644,0
DA:1647,0
DA:1648,0
DA:2032,0
DA:2034,0
DA:2035,0
DA:2036,0
DA:2037,0
DA:2038,0
DA:2039,0
DA:2167,0
DA:2171,0
DA:2172,0
DA:2554,0
DA:2555,0
DA:2567,0
DA:2568,0
DA:2654,0
DA:2657,0
DA:3584,0
DA:3586,0
DA:3587,0
DA:3588,0
end_of_record
SF:/usr/include/c++/12/bits/allocator.h
DA:156,15
DA:159,27
DA:160,27
DA:174,35
DA:179,10
DA:188,10
DA:193,17
DA:200,17
end_of_record
SF:/usr/include/c++/12/bits/alloc_traits.h
DA:463,10
DA:464,10
DA:495,17
DA:496,17
DA:562,0
DA:563,0
end_of_record
SF:/usr/include/c++/12/ext/alloc_traits.h
DA:97,0
DA:98,0
end_of_record
SF:/usr/include/c++/12/bits/stl_iterator_base_funcs.h
DA:99,27
DA:105,27
DA:147,27
DA:150,27
end_of_record
SF:/usr/include/c++/12/iostream
end_of_record
SF:/usr/include/c++/12/bits/new_allocator.h
FN:112,_ZNSt15__new_allocatorIcE8allocateEmPKv
FNDA:10,_ZNSt15__new_allocatorIcE8allocateEmPKv
DA:80,15
DA:83,27
DA:112,10
DA:120,10
DA:126,0
DA:137,10
DA:142,17
DA:158,17
end_of_record
SF:/usr/include/c++/12/bits/char_traits.h
DA:347,33
DA:350,33
DA:354,33
DA:355,0
DA:370,0
DA:372,0
DA:375,0
DA:385,0
DA:389,21
DA:392,21
DA:395,21
DA:399,0
DA:401,0
DA:404,0
DA:407,0
DA:411,0
DA:413,0
DA:416,0
DA:419,0
DA:423,27
DA:425,27
DA:428,27
DA:431,27
end_of_record
SF:/usr/include/c++/12/typeinfo
DA:103,0
DA:104,0
end_of_record
SF:/usr/include/c++/12/any
FN:58,_ZNKSt12bad_any_cast4whatEv
FNDA:0,_ZNKSt12bad_any_cast4whatEv
DA:58,0
end_of_record
SF:/usr/local/include/gtest/gtest-assertion-result.h
DA:133,9
DA:174,9
DA:183,0
DA:184,0
DA:187,0
end_of_record
SF:/usr/local/include/gtest/internal/gtest-type-util.h
FN:57,_ZN7testing8internal31CanonicalizeForStdLibVersioningENSt7__cxx1112basic_stringIcSt11char_traitsIcESaIcEEE
FNDA:0,_ZN7testing8internal31CanonicalizeForStdLibVersioningENSt7__cxx1112basic_stringIcSt11char_traitsIcESaIcEEE
FN:71,_ZN7testing8internal11GetTypeNameB5cxx11ERKSt9type_info
FNDA:0,_ZN7testing8internal11GetTypeNameB5cxx11ERKSt9type_info
DA:57,0
DA:58,0
DA:59,0
DA:60,0
DA:61,0
DA:63,0
DA:66,0
DA:71,0
DA:72,0
DA:74,0
DA:78,0
DA:80,0
DA:81,0
DA:82,0
DA:83,0
DA:87,0
end_of_record
SF:/usr/local/include/gtest/gtest-message.h
DA:92,0
end_of_record
SF:/usr/include/c++/12/tuple
DA:124,0
DA:233,9
DA:268,9
DA:271,0
DA:424,0
DA:1364,0
DA:1365,0
DA:1380,0
DA:1381,9
DA:1387,0
end_of_record
SF:/usr/local/include/gtest/gtest.h
FN:350,_ZN7testing4Test5SetupEv
FNDA:0,_ZN7testing4Test5SetupEv
FN:1349,_ZN7testing8internal18CmpHelperEQFailureINSt7__cxx1112basic_stringIcSt11char_traitsIcESaIcEEES7_EENS_15AssertionResultEPKcSA_RKT_RKT0_
FNDA:0,_ZN7testing8internal18CmpHelperEQFailureINSt7__cxx1112basic_stringIcSt11char_traitsIcESaIcEEES7_EENS_15AssertionResultEPKcSA_RKT_RKT0_
FN:1366,_ZN7testing8internal11CmpHelperEQINSt7__cxx1112basic_stringIcSt11char_traitsIcESaIcEEES7_EENS_15AssertionResultEPKcSA_RKT_RKT0_
FNDA:0,_ZN7testing8internal11CmpHelperEQINSt7__cxx1112basic_stringIcSt11char_traitsIcESaIcEEES7_EENS_15AssertionResultEPKcSA_RKT_RKT0_
DA:350,0
DA:1349,0
DA:1354,0
DA:1366,0
DA:1369,0
DA:1370,0
DA:1373,0
DA:1385,9
DA:1388,9
end_of_record
SF:/usr/include/c++/12/sstream
DA:1136,0
DA:1137,0
end_of_record
SF:/usr/include/c++/12/bits/stl_function.h
DA:451,0
DA:457,0
end_of_record
SF:/usr/include/c++/12/bits/stl_algobase.h
DA:230,0
DA:235,0
DA:236,0
end_of_record
SF:/usr/local/include/gtest/gtest-printers.h
FN:1042,_ZN7testing13PrintToStringINSt7__cxx1112basic_stringIcSt11char_traitsIcESaIcEEEEES6_RKT_
FNDA:0,_ZN7testing13PrintToStringINSt7__cxx1112basic_stringIcSt11char_traitsIcESaIcEEEEES6_RKT_
DA:332,0
DA:333,0
DA:412,0
DA:414,0
DA:554,0
DA:555,0
DA:693,0
DA:702,0
DA:883,0
DA:884,0
DA:885,0
DA:1002,0
DA:1006,0
DA:1042,0
DA:1043,0
DA:1044,0
DA:1045,0
DA:1046,0
end_of_record
SF:/usr/include/c++/12/streambuf
end_of_record
SF:/usr/include/c++/12/bits/unique_ptr.h
FN:89,_ZNKSt14default_deleteINSt7__cxx1112basic_stringIcSt11char_traitsIcESaIcEEEEclEPS5_
FNDA:0,_ZNKSt14default_deleteINSt7__cxx1112basic_stringIcSt11char_traitsIcESaIcEEEEclEPS5_
DA:89,0
DA:95,0
DA:96,0
DA:189,9
DA:191,0
DA:193,0
DA:390,9
DA:394,9
DA:395,9
DA:396,0
DA:461,0
DA:462,0
DA:467,0
DA:468,0
end_of_record
SF:/usr/local/include/gtest/internal/gtest-internal.h
FN:470,_ZN7testing8internal15TestFactoryImplIN12_GLOBAL__N_122rc4_test_hash_XOR_TestEE10CreateTestEv
FNDA:1,_ZN7testing8internal15TestFactoryImplIN12_GLOBAL__N_122rc4_test_hash_XOR_TestEE10CreateTestEv
FN:470,_ZN7testing8internal15TestFactoryImplIN12_GLOBAL__N_123rc4_test_hash_TRAD_TestEE10CreateTestEv
FNDA:1,_ZN7testing8internal15TestFactoryImplIN12_GLOBAL__N_123rc4_test_hash_TRAD_TestEE10CreateTestEv
FN:470,_ZN7testing8internal15TestFactoryImplIN12_GLOBAL__N_123rc4_test_hash_BYTE_TestEE10CreateTestEv
FNDA:1,_ZN7testing8internal15TestFactoryImplIN12_GLOBAL__N_123rc4_test_hash_BYTE_TestEE10CreateTestEv
FN:470,_ZN7testing8internal15TestFactoryImplIN12_GLOBAL__N_126rc4_test_SWAP_error_4_TestEE10CreateTestEv
FNDA:1,_ZN7testing8internal15TestFactoryImplIN12_GLOBAL__N_126rc4_test_SWAP_error_4_TestEE10CreateTestEv
FN:470,_ZN7testing8internal15TestFactoryImplIN12_GLOBAL__N_128rc4_test_SWAP_error_127_TestEE10CreateTestEv
FNDA:1,_ZN7testing8internal15TestFactoryImplIN12_GLOBAL__N_128rc4_test_SWAP_error_127_TestEE10CreateTestEv
FN:470,_ZN7testing8internal15TestFactoryImplIN12_GLOBAL__N_129rc4_test_NULL_ciphertext_TestEE10CreateTestEv
FNDA:1,_ZN7testing8internal15TestFactoryImplIN12_GLOBAL__N_129rc4_test_NULL_ciphertext_TestEE10CreateTestEv
FN:519,_ZN7testing8internal16SuiteApiResolverINS_4TestEE19GetSetUpCaseOrSuiteEPKci
FNDA:0,_ZN7testing8internal16SuiteApiResolverINS_4TestEE19GetSetUpCaseOrSuiteEPKci
FN:540,_ZN7testing8internal16SuiteApiResolverINS_4TestEE22GetTearDownCaseOrSuiteEPKci
FNDA:0,_ZN7testing8internal16SuiteApiResolverINS_4TestEE22GetTearDownCaseOrSuiteEPKci
DA:470,1
DA:470,1
DA:470,1
DA:470,1
DA:470,1
DA:470,1
DA:519,0
DA:523,0
DA:525,0
DA:527,0
DA:530,0
DA:532,0
DA:540,0
DA:544,0
DA:546,0
DA:548,0
DA:551,0
DA:553,0
DA:855,6
DA:856,6
end_of_record
SF:/home/akiel/Desktop/Trunk/github/public-repos/OSS/openMTPK/tests/nt/t_rc4.cpp
FN:63,_ZN12_GLOBAL__N_122rc4_test_hash_XOR_Test8TestBodyEv
FNDA:1,_ZN12_GLOBAL__N_122rc4_test_hash_XOR_Test8TestBodyEv
FN:63,_ZN12_GLOBAL__N_122rc4_test_hash_XOR_TestD0Ev
FNDA:1,_ZN12_GLOBAL__N_122rc4_test_hash_XOR_TestD0Ev
FN:63,_ZN12_GLOBAL__N_122rc4_test_hash_XOR_TestD2Ev
FNDA:0,_ZN12_GLOBAL__N_122rc4_test_hash_XOR_TestD2Ev
FN:89,_ZN12_GLOBAL__N_123rc4_test_hash_TRAD_Test8TestBodyEv
FNDA:1,_ZN12_GLOBAL__N_123rc4_test_hash_TRAD_Test8TestBodyEv
FN:89,_ZN12_GLOBAL__N_123rc4_test_hash_TRAD_TestD2Ev
FNDA:0,_ZN12_GLOBAL__N_123rc4_test_hash_TRAD_TestD2Ev
FN:89,_ZN12_GLOBAL__N_123rc4_test_hash_TRAD_TestD0Ev
FNDA:1,_ZN12_GLOBAL__N_123rc4_test_hash_TRAD_TestD0Ev
FN:113,_ZN12_GLOBAL__N_123rc4_test_hash_BYTE_TestD0Ev
FNDA:1,_ZN12_GLOBAL__N_123rc4_test_hash_BYTE_TestD0Ev
FN:113,_ZN12_GLOBAL__N_123rc4_test_hash_BYTE_TestD2Ev
FNDA:0,_ZN12_GLOBAL__N_123rc4_test_hash_BYTE_TestD2Ev
FN:113,_ZN12_GLOBAL__N_123rc4_test_hash_BYTE_Test8TestBodyEv
FNDA:1,_ZN12_GLOBAL__N_123rc4_test_hash_BYTE_Test8TestBodyEv
FN:137,_ZN12_GLOBAL__N_126rc4_test_SWAP_error_4_TestD2Ev
FNDA:0,_ZN12_GLOBAL__N_126rc4_test_SWAP_error_4_TestD2Ev
FN:137,_ZN12_GLOBAL__N_126rc4_test_SWAP_error_4_Test8TestBodyEv
FNDA:1,_ZN12_GLOBAL__N_126rc4_test_SWAP_error_4_Test8TestBodyEv
FN:137,_ZN12_GLOBAL__N_126rc4_test_SWAP_error_4_TestD0Ev
FNDA:1,_ZN12_GLOBAL__N_126rc4_test_SWAP_error_4_TestD0Ev
FN:153,_ZN12_GLOBAL__N_128rc4_test_SWAP_error_127_Test8TestBodyEv
FNDA:1,_ZN12_GLOBAL__N_128rc4_test_SWAP_error_127_Test8TestBodyEv
FN:153,_ZN12_GLOBAL__N_128rc4_test_SWAP_error_127_TestD2Ev
FNDA:0,_ZN12_GLOBAL__N_128rc4_test_SWAP_error_127_TestD2Ev
FN:153,_ZN12_GLOBAL__N_128rc4_test_SWAP_error_127_TestD0Ev
FNDA:1,_ZN12_GLOBAL__N_128rc4_test_SWAP_error_127_TestD0Ev
FN:169,_ZN12_GLOBAL__N_129rc4_test_NULL_ciphertext_TestD0Ev
FNDA:1,_ZN12_GLOBAL__N_129rc4_test_NULL_ciphertext_TestD0Ev
FN:169,_ZN12_GLOBAL__N_129rc4_test_NULL_ciphertext_Test8TestBodyEv
FNDA:1,_ZN12_GLOBAL__N_129rc4_test_NULL_ciphertext_Test8TestBodyEv
FN:169,_ZN12_GLOBAL__N_129rc4_test_NULL_ciphertext_TestD2Ev
FNDA:0,_ZN12_GLOBAL__N_129rc4_test_NULL_ciphertext_TestD2Ev
DA:63,1
DA:63,0
DA:63,1
DA:64,1
DA:65,1
DA:67,1
DA:68,1
DA:69,1
DA:70,1
DA:71,1
DA:73,2
DA:74,1
DA:75,1
DA:76,1
DA:77,2
DA:78,1
DA:80,1
DA:81,2
DA:82,1
DA:83,1
DA:84,1
DA:85,2
DA:86,2
DA:87,2
DA:63,1
DA:89,1
DA:89,0
DA:89,1
DA:90,1
DA:91,1
DA:92,1
DA:93,1
DA:94,1
DA:95,1
DA:96,1
DA:98,2
DA:99,1
DA:100,1
DA:101,1
DA:102,2
DA:103,1
DA:105,2
DA:106,1
DA:107,1
DA:108,1
DA:109,2
DA:110,2
DA:111,2
DA:89,1
DA:113,1
DA:113,0
DA:113,1
DA:114,1
DA:115,1
DA:116,1
DA:117,1
DA:118,1
DA:119,1
DA:120,1
DA:122,2
DA:123,1
DA:124,1
DA:125,1
DA:126,2
DA:127,1
DA:129,2
DA:130,1
DA:131,1
DA:132,1
DA:133,2
DA:134,2
DA:135,2
DA:113,1
DA:137,1
DA:137,0
DA:137,1
DA:138,1
DA:139,1
DA:142,1
DA:143,1
DA:144,1
DA:146,1
DA:147,0
DA:149,1
DA:150,1
DA:151,2
DA:137,1
DA:153,1
DA:153,0
DA:153,1
DA:154,1
DA:155,1
DA:158,1
DA:159,1
DA:160,1
DA:162,1
DA:163,0
DA:165,1
DA:166,1
DA:167,2
DA:153,1
DA:169,1
DA:169,0
DA:169,1
DA:170,1
DA:171,1
DA:174,1
DA:175,1
DA:179,1
DA:180,0
DA:182,1
DA:183,1
DA:184,2
DA:169,1
end_of_record
SF:/usr/local/include/gtest/internal/gtest-port.h
DA:970,0
end_of_record
SF:/usr/include/c++/12/ext/concurrence.h
FN:68,_ZNK9__gnu_cxx24__concurrence_lock_error4whatEv
FNDA:0,_ZNK9__gnu_cxx24__concurrence_lock_error4whatEv
FN:76,_ZNK9__gnu_cxx26__concurrence_unlock_error4whatEv
FNDA:0,_ZNK9__gnu_cxx26__concurrence_unlock_error4whatEv
FN:84,_ZNK9__gnu_cxx29__concurrence_broadcast_error4whatEv
FNDA:0,_ZNK9__gnu_cxx29__concurrence_broadcast_error4whatEv
FN:92,_ZNK9__gnu_cxx24__concurrence_wait_error4whatEv
FNDA:0,_ZNK9__gnu_cxx24__concurrence_wait_error4whatEv
DA:68,0
DA:69,0
DA:76,0
DA:77,0
DA:84,0
DA:85,0
DA:92,0
DA:93,0
end_of_record
SF:/usr/include/c++/12/ostream
DA:615,0
DA:620,0
DA:621,0
end_of_record
SF:/usr/include/c++/12/variant
FN:1309,_ZNKSt18bad_variant_access4whatEv
FNDA:0,_ZNKSt18bad_variant_access4whatEv
DA:1309,0
DA:1310,0
end_of_record
SF:/usr/include/c++/12/optional
FN:104,_ZNKSt19bad_optional_access4whatEv
FNDA:0,_ZNKSt19bad_optional_access4whatEv
DA:104,0
DA:105,0
end_of_record
SF:/usr/include/c++/12/bits/basic_string.tcc
FN:134,_ZNSt7__cxx1112basic_stringIcSt11char_traitsIcESaIcEE9_M_createERmm
FNDA:10,_ZNSt7__cxx1112basic_stringIcSt11char_traitsIcESaIcEE9_M_createERmm
FN:217,_ZNSt7__cxx1112basic_stringIcSt11char_traitsIcESaIcEE12_M_constructIPcEEvT_S7_St20forward_iterator_tag
FNDA:6,_ZNSt7__cxx1112basic_stringIcSt11char_traitsIcESaIcEE12_M_constructIPcEEvT_S7_St20forward_iterator_tag
FN:217,_ZNSt7__cxx1112basic_stringIcSt11char_traitsIcESaIcEE12_M_constructIPKcEEvT_S8_St20forward_iterator_tag
FNDA:21,_ZNSt7__cxx1112basic_stringIcSt11char_traitsIcESaIcEE12_M_constructIPKcEEvT_S8_St20forward_iterator_tag
FN:238,_ZZNSt7__cxx1112basic_stringIcSt11char_traitsIcESaIcEE12_M_constructIPcEEvT_S7_St20forward_iterator_tagEN6_GuardD2Ev
FNDA:6,_ZZNSt7__cxx1112basic_stringIcSt11char_traitsIcESaIcEE12_M_constructIPcEEvT_S7_St20forward_iterator_tagEN6_GuardD2Ev
FN:238,_ZZNSt7__cxx1112basic_stringIcSt11char_traitsIcESaIcEE12_M_constructIPKcEEvT_S8_St20forward_iterator_tagEN6_GuardD2Ev
FNDA:21,_ZZNSt7__cxx1112basic_stringIcSt11char_traitsIcESaIcEE12_M_constructIPKcEEvT_S8_St20forward_iterator_tagEN6_GuardD2Ev
FN:273,_ZNSt7__cxx1112basic_stringIcSt11char_traitsIcESaIcEE9_M_assignERKS4_
FNDA:0,_ZNSt7__cxx1112basic_stringIcSt11char_traitsIcESaIcEE9_M_assignERKS4_
FN:321,_ZNSt7__cxx1112basic_stringIcSt11char_traitsIcESaIcEE9_M_mutateEmmPKcm
FNDA:0,_ZNSt7__cxx1112basic_stringIcSt11char_traitsIcESaIcEE9_M_mutateEmmPKcm
FN:346,_ZNSt7__cxx1112basic_stringIcSt11char_traitsIcESaIcEE8_M_eraseEmm
FNDA:0,_ZNSt7__cxx1112basic_stringIcSt11char_traitsIcESaIcEE8_M_eraseEmm
FN:409,_ZNSt7__cxx1112basic_stringIcSt11char_traitsIcESaIcEE9_M_appendEPKcm
FNDA:0,_ZNSt7__cxx1112basic_stringIcSt11char_traitsIcESaIcEE9_M_appendEPKcm
FN:476,_ZNSt7__cxx1112basic_stringIcSt11char_traitsIcESaIcEE10_M_replaceEmmPKcm
FNDA:0,_ZNSt7__cxx1112basic_stringIcSt11char_traitsIcESaIcEE10_M_replaceEmmPKcm
FN:646,_ZNKSt7__cxx1112basic_stringIcSt11char_traitsIcESaIcEE4findEPKcmm
FNDA:0,_ZNKSt7__cxx1112basic_stringIcSt11char_traitsIcESaIcEE4findEPKcmm
FN:904,_ZNKSt7__cxx1112basic_stringIcSt11char_traitsIcESaIcEE7compareEmmPKc
FNDA:0,_ZNKSt7__cxx1112basic_stringIcSt11char_traitsIcESaIcEE7compareEmmPKc
DA:134,10
DA:139,10
DA:140,0
DA:145,10
DA:147,0
DA:149,0
DA:150,0
DA:155,10
DA:217,6
DA:221,6
DA:223,6
DA:225,0
DA:226,0
DA:235,6
DA:241,6
DA:243,6
DA:245,6
DA:247,6
DA:248,6
DA:217,21
DA:221,21
DA:223,21
DA:225,10
DA:226,10
DA:235,21
DA:241,21
DA:243,21
DA:245,21
DA:247,21
DA:248,21
DA:238,6
DA:238,21
DA:273,0
DA:276,0
DA:278,0
DA:279,0
DA:281,0
DA:283,0
DA:284,0
DA:285,0
DA:286,0
DA:287,0
DA:290,0
DA:291,0
DA:293,0
DA:295,0
DA:321,0
DA:325,0
DA:327,0
DA:328,0
DA:330,0
DA:331,0
DA:332,0
DA:333,0
DA:334,0
DA:335,0
DA:336,0
DA:338,0
DA:339,0
DA:340,0
DA:341,0
DA:346,0
DA:349,0
DA:351,0
DA:352,0
DA:354,0
DA:355,0
DA:409,0
DA:412,0
DA:414,0
DA:416,0
DA:417,0
DA:420,0
DA:422,0
DA:423,0
DA:476,0
DA:480,0
DA:482,0
DA:483,0
DA:485,0
DA:487,0
DA:489,0
DA:503,0
DA:505,0
DA:506,0
DA:507,0
DA:508,0
DA:513,0
DA:514,0
DA:515,0
DA:516,0
DA:517,0
DA:519,0
DA:520,0
DA:521,0
DA:525,0
DA:526,0
DA:530,0
DA:531,0
DA:532,0
DA:539,0
DA:541,0
DA:542,0
DA:646,0
DA:651,0
DA:653,0
DA:654,0
DA:655,0
DA:658,0
DA:659,0
DA:660,0
DA:661,0
DA:662,0
DA:664,0
DA:667,0
DA:668,0
DA:673,0
DA:674,0
DA:675,0
DA:904,0
DA:908,0
DA:909,0
DA:910,0
DA:911,0
DA:912,0
DA:913,0
DA:914,0
DA:915,0
end_of_record
TN:
SF:/home/akiel/Desktop/Trunk/github/public-repos/OSS/openMTPK/modules/arithmetic/arith.cpp
FN:41,_ZN4mtpk6Basics14greatest_powerEll
FNDA:2,_ZN4mtpk6Basics14greatest_powerEll
FN:52,_ZN4mtpk6Basics6op_gcdEll
FNDA:566,_ZN4mtpk6Basics6op_gcdEll
DA:41,2
DA:42,2
DA:45,7
DA:46,5
DA:47,5
DA:49,2
DA:52,566
DA:53,3474
DA:56,2912
DA:57,566
end_of_record
TN:
SF:/usr/include/c++/12/bits/locale_facets.h
FN:880,_ZNKSt5ctypeIcE5widenEc
FNDA:0,_ZNKSt5ctypeIcE5widenEc
FN:1092,_ZNKSt5ctypeIcE8do_widenEc
FNDA:0,_ZNKSt5ctypeIcE8do_widenEc
DA:880,0
DA:882,0
DA:883,0
DA:884,0
DA:885,0
DA:1092,0
DA:1093,0
end_of_record
SF:/usr/include/c++/12/iostream
end_of_record
SF:/home/akiel/Desktop/Trunk/github/public-repos/OSS/openMTPK/modules/nt/primes.cpp
FN:54,_ZN4mtpk9Primality7mod_powElll
FNDA:498,_ZN4mtpk9Primality7mod_powElll
FN:69,_ZN4mtpk9Primality8is_primeEl
FNDA:8,_ZN4mtpk9Primality8is_primeEl
FN:84,_ZN4mtpk9Primality20compute_miller_rabinEll
FNDA:21,_ZN4mtpk9Primality20compute_miller_rabinEll
FN:120,_ZN4mtpk9Primality18miller_rabin_primeEll
FNDA:7,_ZN4mtpk9Primality18miller_rabin_primeEll
FN:147,_ZN4mtpk9Primality12miller_rabinElll
FNDA:0,_ZN4mtpk9Primality12miller_rabinElll
FN:165,_ZN4mtpk9Primality3AKSEl
FNDA:0,_ZN4mtpk9Primality3AKSEl
FN:213,_ZN4mtpk9Primality15jacobian_numberEll
FNDA:153,_ZN4mtpk9Primality15jacobian_numberEll
FN:262,_ZN4mtpk9Primality16solovoy_strassenEll
FNDA:6,_ZN4mtpk9Primality16solovoy_strassenEll
FN:286,_ZN4mtpk9Primality14carmichael_numEl
FNDA:2,_ZN4mtpk9Primality14carmichael_numEl
FN:303,_ZN4mtpk9Primality21sieve_of_eratosthenesEl
FNDA:0,_ZN4mtpk9Primality21sieve_of_eratosthenesEl
FN:342,_ZN4mtpk9Primality3ETFEm
FNDA:0,_ZN4mtpk9Primality3ETFEm
DA:54,498
DA:55,498
DA:56,498
DA:58,4987
DA:59,4489
DA:60,1679
DA:62,4489
DA:63,4489
DA:66,498
DA:69,8
DA:70,8
DA:74,532483
DA:75,532479
DA:84,21
DA:87,21
DA:96,21
DA:98,21
DA:106,17
DA:107,15
DA:108,15
DA:110,15
DA:112,15
DA:120,7
DA:126,7
DA:128,6
DA:132,5
DA:133,11
DA:134,6
DA:138,17
DA:140,14
DA:147,0
DA:149,0
DA:150,0
DA:156,0
DA:158,0
DA:159,0
DA:162,0
DA:163,0
DA:165,0
DA:167,0
DA:168,0
DA:169,0
DA:176,0
DA:177,0
DA:178,0
DA:179,0
DA:184,0
DA:186,0
DA:187,0
DA:189,0
DA:190,0
DA:191,0
DA:193,0
DA:194,0
DA:195,0
DA:196,0
DA:201,0
DA:205,0
DA:213,153
DA:214,153
DA:217,153
DA:219,153
DA:220,0
DA:221,0
DA:222,0
DA:225,153
DA:228,547
DA:229,418
DA:230,131
DA:231,131
DA:232,68
DA:235,722
DA:236,304
DA:237,304
DA:238,126
DA:240,418
DA:242,418
DA:243,89
DA:245,418
DA:247,418
DA:248,131
DA:251,129
DA:262,6
DA:263,6
DA:266,6
DA:269,156
DA:271,153
DA:272,153
DA:273,153
DA:275,153
DA:286,2
DA:287,562
DA:289,561
DA:291,320
DA:303,0
DA:307,0
DA:308,0
DA:310,0
DA:312,0
DA:317,0
DA:318,0
DA:323,0
DA:324,0
DA:325,0
DA:326,0
DA:342,0
DA:343,0
DA:345,0
DA:346,0
DA:347,0
DA:351,0
end_of_record
SF:/usr/include/c++/12/cmath
DA:415,0
DA:418,0
DA:475,0
DA:476,0
DA:1582,0
DA:1583,0
end_of_record
SF:/usr/include/c++/12/ostream
DA:108,0
DA:113,0
DA:166,0
DA:167,0
DA:615,0
DA:620,0
DA:621,0
end_of_record
SF:/usr/include/c++/12/bits/move.h
DA:204,418
DA:205,418
DA:206,418
end_of_record
TN:
SF:/usr/include/c++/12/bits/char_traits.h
DA:347,144
DA:350,144
DA:354,9
DA:355,0
DA:389,9
DA:392,9
DA:395,9
DA:423,12
DA:425,9
DA:428,3
DA:431,3
end_of_record
SF:/usr/include/c++/12/bits/new_allocator.h
FN:112,_ZNSt15__new_allocatorIcE8allocateEmPKv
FNDA:3,_ZNSt15__new_allocatorIcE8allocateEmPKv
FN:142,_ZNSt15__new_allocatorIcE10deallocateEPcm
FNDA:0,_ZNSt15__new_allocatorIcE10deallocateEPcm
DA:80,9
DA:83,9
DA:112,3
DA:120,3
DA:126,0
DA:137,3
DA:142,0
DA:158,0
end_of_record
SF:/usr/include/c++/12/iostream
end_of_record
SF:/usr/include/c++/12/bits/stl_iterator_base_funcs.h
DA:99,9
DA:105,9
DA:147,9
DA:150,9
end_of_record
SF:/home/akiel/Desktop/Trunk/github/public-repos/OSS/openMTPK/modules/nt/cipher.cpp
FN:47,_ZN4mtpk6Cipher6caesarENSt7__cxx1112basic_stringIcSt11char_traitsIcESaIcEEEl
FNDA:3,_ZN4mtpk6Cipher6caesarENSt7__cxx1112basic_stringIcSt11char_traitsIcESaIcEEEl
FN:64,_ZN4mtpk6Cipher14keyword_encodeENSt7__cxx1112basic_stringIcSt11char_traitsIcESaIcEEE
FNDA:3,_ZN4mtpk6Cipher14keyword_encodeENSt7__cxx1112basic_stringIcSt11char_traitsIcESaIcEEE
FN:100,_ZN4mtpk6Cipher7keywordENSt7__cxx1112basic_stringIcSt11char_traitsIcESaIcEEES6_
FNDA:3,_ZN4mtpk6Cipher7keywordENSt7__cxx1112basic_stringIcSt11char_traitsIcESaIcEEES6_
DA:47,3
DA:48,3
DA:50,36
DA:52,33
DA:54,20
DA:57,46
DA:61,3
DA:62,0
DA:64,3
DA:65,3
DA:67,3
DA:71,25
DA:72,22
DA:77,5
DA:78,5
DA:79,5
DA:81,17
DA:82,15
DA:83,14
DA:84,14
DA:91,81
DA:92,78
DA:93,59
DA:94,137
DA:97,3
DA:98,0
DA:100,3
DA:102,3
DA:108,27
DA:109,24
DA:110,14
DA:111,14
DA:114,10
DA:115,6
DA:116,6
DA:120,28
DA:123,3
DA:124,0
end_of_record
SF:/usr/include/c++/12/bits/alloc_traits.h
DA:463,3
DA:464,3
DA:495,0
DA:496,0
end_of_record
SF:/usr/include/c++/12/bits/allocator.h
DA:156,9
DA:159,9
DA:160,9
DA:174,9
DA:179,3
DA:188,3
DA:193,0
DA:200,0
end_of_record
SF:/usr/include/c++/12/bits/basic_string.h
FN:634,_ZNSt7__cxx1112basic_stringIcSt11char_traitsIcESaIcEEC1IS3_EEPKcRKS3_
FNDA:9,_ZNSt7__cxx1112basic_stringIcSt11char_traitsIcESaIcEEC1IS3_EEPKcRKS3_
FN:1524,_ZNSt7__cxx1112basic_stringIcSt11char_traitsIcESaIcEE9push_backEc
FNDA:135,_ZNSt7__cxx1112basic_stringIcSt11char_traitsIcESaIcEE9push_backEc
DA:192,0
DA:199,9
DA:200,9
DA:223,3
DA:224,0
DA:228,144
DA:229,144
DA:233,415
DA:234,12
DA:238,9
DA:241,9
DA:249,138
DA:252,138
DA:260,3
DA:261,0
DA:265,144
DA:267,144
DA:268,9
DA:273,141
DA:274,141
DA:283,3
DA:285,3
DA:286,12
DA:291,0
DA:292,0
DA:339,3
DA:340,3
DA:345,6
DA:418,12
DA:420,3
DA:421,18
DA:423,3
DA:475,9
DA:477,18
DA:634,9
DA:635,9
DA:638,9
DA:639,0
DA:641,9
DA:642,9
DA:643,9
DA:794,0
DA:795,0
DA:1063,187
DA:1064,52
DA:1070,39
DA:1071,39
DA:1132,138
DA:1134,33
DA:1217,118
DA:1221,277
DA:1224,98
DA:1349,135
DA:1351,135
DA:1352,135
DA:1524,135
DA:1526,135
DA:1527,165
DA:1528,3
DA:1529,135
DA:1530,135
DA:1531,135
end_of_record
SF:/usr/include/c++/12/bits/basic_string.tcc
FN:134,_ZNSt7__cxx1112basic_stringIcSt11char_traitsIcESaIcEE9_M_createERmm
FNDA:3,_ZNSt7__cxx1112basic_stringIcSt11char_traitsIcESaIcEE9_M_createERmm
FN:217,_ZNSt7__cxx1112basic_stringIcSt11char_traitsIcESaIcEE12_M_constructIPKcEEvT_S8_St20forward_iterator_tag
FNDA:9,_ZNSt7__cxx1112basic_stringIcSt11char_traitsIcESaIcEE12_M_constructIPKcEEvT_S8_St20forward_iterator_tag
FN:238,_ZZNSt7__cxx1112basic_stringIcSt11char_traitsIcESaIcEE12_M_constructIPKcEEvT_S8_St20forward_iterator_tagEN6_GuardD2Ev
FNDA:9,_ZZNSt7__cxx1112basic_stringIcSt11char_traitsIcESaIcEE12_M_constructIPKcEEvT_S8_St20forward_iterator_tagEN6_GuardD2Ev
FN:321,_ZNSt7__cxx1112basic_stringIcSt11char_traitsIcESaIcEE9_M_mutateEmmPKcm
FNDA:3,_ZNSt7__cxx1112basic_stringIcSt11char_traitsIcESaIcEE9_M_mutateEmmPKcm
DA:134,3
DA:139,3
DA:140,0
DA:145,3
DA:147,3
DA:149,3
DA:150,0
DA:155,3
DA:217,9
DA:221,9
DA:223,9
DA:225,0
DA:226,0
DA:235,9
DA:238,9
DA:241,9
DA:243,9
DA:245,9
DA:247,9
DA:248,9
DA:321,3
DA:325,3
DA:327,3
DA:328,3
DA:330,3
DA:331,3
DA:332,3
DA:333,0
DA:334,3
DA:335,3
DA:336,0
DA:338,3
DA:339,3
DA:340,3
DA:341,3
end_of_record
TN:
SF:/usr/include/c++/12/bits/stl_function.h
DA:451,0
DA:457,0
end_of_record
SF:/usr/include/c++/12/sstream
DA:1136,0
DA:1137,0
end_of_record
SF:/usr/local/include/gtest/gtest.h
FN:350,_ZN7testing4Test5SetupEv
FNDA:0,_ZN7testing4Test5SetupEv
FN:1349,_ZN7testing8internal18CmpHelperEQFailureIilEENS_15AssertionResultEPKcS4_RKT_RKT0_
FNDA:0,_ZN7testing8internal18CmpHelperEQFailureIilEENS_15AssertionResultEPKcS4_RKT_RKT0_
FN:1366,_ZN7testing8internal11CmpHelperEQIilEENS_15AssertionResultEPKcS4_RKT_RKT0_
FNDA:1,_ZN7testing8internal11CmpHelperEQIilEENS_15AssertionResultEPKcS4_RKT_RKT0_
DA:350,0
DA:1349,0
DA:1354,0
DA:1366,1
DA:1369,1
DA:1370,1
DA:1373,0
DA:1385,1
DA:1388,1
end_of_record
SF:/usr/local/include/gtest/gtest-printers.h
FN:1042,_ZN7testing13PrintToStringIlEENSt7__cxx1112basic_stringIcSt11char_traitsIcESaIcEEERKT_
FNDA:0,_ZN7testing13PrintToStringIlEENSt7__cxx1112basic_stringIcSt11char_traitsIcESaIcEEERKT_
FN:1042,_ZN7testing13PrintToStringIiEENSt7__cxx1112basic_stringIcSt11char_traitsIcESaIcEEERKT_
FNDA:0,_ZN7testing13PrintToStringIiEENSt7__cxx1112basic_stringIcSt11char_traitsIcESaIcEEERKT_
DA:213,0
DA:216,0
DA:305,0
DA:311,0
DA:332,0
DA:333,0
DA:412,0
DA:414,0
DA:439,0
DA:440,0
DA:693,0
DA:702,0
DA:883,0
DA:884,0
DA:885,0
DA:1002,0
DA:1006,0
DA:1042,0
DA:1043,0
DA:1044,0
DA:1045,0
DA:1046,0
DA:1042,0
DA:1043,0
DA:1044,0
DA:1045,0
DA:1046,0
end_of_record
SF:/usr/local/include/gtest/gtest-assertion-result.h
DA:133,1
DA:174,1
DA:183,0
DA:184,0
DA:187,0
end_of_record
SF:/usr/include/c++/12/tuple
DA:124,0
DA:233,1
DA:268,1
DA:271,0
DA:424,0
DA:1364,0
DA:1365,0
DA:1380,0
DA:1381,1
DA:1387,0
end_of_record
SF:/usr/local/include/gtest/gtest-message.h
DA:92,0
end_of_record
SF:/usr/include/c++/12/ostream
DA:166,0
DA:167,0
DA:615,0
DA:620,0
DA:621,0
end_of_record
SF:/usr/include/c++/12/bits/basic_string.tcc
FN:134,_ZNSt7__cxx1112basic_stringIcSt11char_traitsIcESaIcEE9_M_createERmm
FNDA:1,_ZNSt7__cxx1112basic_stringIcSt11char_traitsIcESaIcEE9_M_createERmm
FN:217,_ZNSt7__cxx1112basic_stringIcSt11char_traitsIcESaIcEE12_M_constructIPcEEvT_S7_St20forward_iterator_tag
FNDA:1,_ZNSt7__cxx1112basic_stringIcSt11char_traitsIcESaIcEE12_M_constructIPcEEvT_S7_St20forward_iterator_tag
FN:217,_ZNSt7__cxx1112basic_stringIcSt11char_traitsIcESaIcEE12_M_constructIPKcEEvT_S8_St20forward_iterator_tag
FNDA:2,_ZNSt7__cxx1112basic_stringIcSt11char_traitsIcESaIcEE12_M_constructIPKcEEvT_S8_St20forward_iterator_tag
FN:238,_ZZNSt7__cxx1112basic_stringIcSt11char_traitsIcESaIcEE12_M_constructIPcEEvT_S7_St20forward_iterator_tagEN6_GuardD2Ev
FNDA:1,_ZZNSt7__cxx1112basic_stringIcSt11char_traitsIcESaIcEE12_M_constructIPcEEvT_S7_St20forward_iterator_tagEN6_GuardD2Ev
FN:238,_ZZNSt7__cxx1112basic_stringIcSt11char_traitsIcESaIcEE12_M_constructIPKcEEvT_S8_St20forward_iterator_tagEN6_GuardD2Ev
FNDA:2,_ZZNSt7__cxx1112basic_stringIcSt11char_traitsIcESaIcEE12_M_constructIPKcEEvT_S8_St20forward_iterator_tagEN6_GuardD2Ev
FN:273,_ZNSt7__cxx1112basic_stringIcSt11char_traitsIcESaIcEE9_M_assignERKS4_
FNDA:0,_ZNSt7__cxx1112basic_stringIcSt11char_traitsIcESaIcEE9_M_assignERKS4_
FN:321,_ZNSt7__cxx1112basic_stringIcSt11char_traitsIcESaIcEE9_M_mutateEmmPKcm
FNDA:0,_ZNSt7__cxx1112basic_stringIcSt11char_traitsIcESaIcEE9_M_mutateEmmPKcm
FN:476,_ZNSt7__cxx1112basic_stringIcSt11char_traitsIcESaIcEE10_M_replaceEmmPKcm
FNDA:0,_ZNSt7__cxx1112basic_stringIcSt11char_traitsIcESaIcEE10_M_replaceEmmPKcm
DA:134,1
DA:139,1
DA:140,0
DA:145,1
DA:147,0
DA:149,0
DA:150,0
DA:155,1
DA:217,1
DA:221,1
DA:223,1
DA:225,0
DA:226,0
DA:235,1
DA:241,1
DA:243,1
DA:245,1
DA:247,1
DA:248,1
DA:217,2
DA:221,2
DA:223,2
DA:225,1
DA:226,1
DA:235,2
DA:241,2
DA:243,2
DA:245,2
DA:247,2
DA:248,2
DA:238,1
DA:238,2
DA:273,0
DA:276,0
DA:278,0
DA:279,0
DA:281,0
DA:283,0
DA:284,0
DA:285,0
DA:286,0
DA:287,0
DA:290,0
DA:291,0
DA:293,0
DA:295,0
DA:321,0
DA:325,0
DA:327,0
DA:328,0
DA:330,0
DA:331,0
DA:332,0
DA:333,0
DA:334,0
DA:335,0
DA:336,0
DA:338,0
DA:339,0
DA:340,0
DA:341,0
DA:476,0
DA:480,0
DA:482,0
DA:483,0
DA:485,0
DA:487,0
DA:489,0
DA:503,0
DA:505,0
DA:506,0
DA:507,0
DA:508,0
DA:513,0
DA:514,0
DA:515,0
DA:516,0
DA:517,0
DA:519,0
DA:520,0
DA:521,0
DA:525,0
DA:526,0
DA:530,0
DA:531,0
DA:532,0
DA:539,0
DA:541,0
DA:542,0
end_of_record
SF:/usr/include/c++/12/streambuf
end_of_record
SF:/usr/include/c++/12/bits/unique_ptr.h
FN:89,_ZNKSt14default_deleteINSt7__cxx1112basic_stringIcSt11char_traitsIcESaIcEEEEclEPS5_
FNDA:0,_ZNKSt14default_deleteINSt7__cxx1112basic_stringIcSt11char_traitsIcESaIcEEEEclEPS5_
DA:89,0
DA:95,0
DA:96,0
DA:189,1
DA:191,0
DA:193,0
DA:390,1
DA:394,1
DA:395,1
DA:396,0
DA:461,0
DA:462,0
DA:467,0
DA:468,0
end_of_record
SF:/usr/local/include/gtest/internal/gtest-port.h
DA:970,0
end_of_record
SF:/usr/local/include/gtest/internal/gtest-internal.h
FN:470,_ZN7testing8internal15TestFactoryImplIN12_GLOBAL__N_128deriv_test_deriv_at_val_TestEE10CreateTestEv
FNDA:1,_ZN7testing8internal15TestFactoryImplIN12_GLOBAL__N_128deriv_test_deriv_at_val_TestEE10CreateTestEv
FN:519,_ZN7testing8internal16SuiteApiResolverINS_4TestEE19GetSetUpCaseOrSuiteEPKci
FNDA:0,_ZN7testing8internal16SuiteApiResolverINS_4TestEE19GetSetUpCaseOrSuiteEPKci
FN:540,_ZN7testing8internal16SuiteApiResolverINS_4TestEE22GetTearDownCaseOrSuiteEPKci
FNDA:0,_ZN7testing8internal16SuiteApiResolverINS_4TestEE22GetTearDownCaseOrSuiteEPKci
DA:470,1
DA:519,0
DA:523,0
DA:525,0
DA:527,0
DA:530,0
DA:532,0
DA:540,0
DA:544,0
DA:546,0
DA:548,0
DA:551,0
DA:553,0
end_of_record
SF:/usr/include/c++/12/ext/alloc_traits.h
end_of_record
SF:/home/akiel/Desktop/Trunk/github/public-repos/OSS/openMTPK/tests/calc/t_calc.cpp
FN:51,_ZN12_GLOBAL__N_128deriv_test_deriv_at_val_TestD0Ev
FNDA:1,_ZN12_GLOBAL__N_128deriv_test_deriv_at_val_TestD0Ev
FN:51,_ZN12_GLOBAL__N_128deriv_test_deriv_at_val_TestD2Ev
FNDA:0,_ZN12_GLOBAL__N_128deriv_test_deriv_at_val_TestD2Ev
FN:51,_ZN12_GLOBAL__N_128deriv_test_deriv_at_val_Test8TestBodyEv
FNDA:1,_ZN12_GLOBAL__N_128deriv_test_deriv_at_val_Test8TestBodyEv
DA:51,1
DA:51,0
DA:51,1
DA:52,1
DA:53,1
DA:55,2
DA:56,1
DA:51,1
end_of_record
SF:/usr/include/c++/12/bits/basic_string.h
FN:634,_ZNSt7__cxx1112basic_stringIcSt11char_traitsIcESaIcEEC1IS3_EEPKcRKS3_
FNDA:2,_ZNSt7__cxx1112basic_stringIcSt11char_traitsIcESaIcEEC1IS3_EEPKcRKS3_
FN:2167,_ZNSt7__cxx1112basic_stringIcSt11char_traitsIcESaIcEE7replaceEmmPKcm
FNDA:0,_ZNSt7__cxx1112basic_stringIcSt11char_traitsIcESaIcEE7replaceEmmPKcm
DA:192,1
DA:199,2
DA:200,2
DA:223,1
DA:224,1
DA:228,3
DA:229,3
DA:233,7
DA:234,3
DA:238,2
DA:241,2
DA:249,1
DA:252,0
DA:260,1
DA:261,1
DA:265,3
DA:267,3
DA:268,3
DA:269,0
DA:273,1
DA:274,1
DA:283,1
DA:285,0
DA:286,0
DA:291,1
DA:292,1
DA:339,1
DA:340,1
DA:345,1
DA:379,0
DA:381,0
DA:382,0
DA:390,0
DA:392,0
DA:393,0
DA:400,0
DA:402,0
DA:408,0
DA:410,0
DA:411,0
DA:418,3
DA:420,0
DA:421,3
DA:423,0
DA:428,0
DA:430,0
DA:431,0
DA:433,0
DA:470,1
DA:471,2
DA:475,2
DA:477,4
DA:634,2
DA:635,2
DA:638,2
DA:639,0
DA:641,2
DA:642,2
DA:643,2
DA:794,1
DA:795,1
DA:1063,0
DA:1064,0
DA:1070,0
DA:1071,0
DA:1132,0
DA:1134,0
DA:2167,0
DA:2171,0
DA:2172,0
DA:2554,0
DA:2555,0
end_of_record
SF:/usr/include/c++/12/bits/alloc_traits.h
DA:463,1
DA:464,1
DA:495,1
DA:496,1
end_of_record
SF:/usr/include/c++/12/bits/allocator.h
DA:156,1
DA:159,2
DA:160,2
DA:174,2
DA:179,1
DA:188,1
DA:193,1
DA:200,1
end_of_record
SF:/usr/include/c++/12/bits/char_traits.h
DA:347,3
DA:350,3
DA:354,3
DA:355,0
DA:389,2
DA:392,2
DA:395,2
DA:411,0
DA:413,0
DA:416,0
DA:419,0
DA:423,3
DA:425,3
DA:428,3
DA:431,3
end_of_record
SF:/usr/include/c++/12/bits/stl_iterator_base_funcs.h
DA:99,3
DA:105,3
DA:147,3
DA:150,3
end_of_record
SF:/usr/include/c++/12/iostream
end_of_record
SF:/usr/include/c++/12/bits/new_allocator.h
FN:112,_ZNSt15__new_allocatorIcE8allocateEmPKv
FNDA:1,_ZNSt15__new_allocatorIcE8allocateEmPKv
FN:142,_ZNSt15__new_allocatorIcE10deallocateEPcm
FNDA:1,_ZNSt15__new_allocatorIcE10deallocateEPcm
DA:80,1
DA:83,2
DA:112,1
DA:120,1
DA:126,0
DA:137,1
DA:142,1
DA:158,1
end_of_record
TN:
SF:/usr/include/c++/12/bits/stl_iterator_base_funcs.h
DA:99,10
DA:105,10
DA:147,10
DA:150,10
end_of_record
SF:/usr/include/c++/12/bits/stl_construct.h
DA:80,2355
DA:88,1252
DA:94,2488
DA:97,2488
DA:109,1112
DA:119,1112
DA:146,1229
DA:149,1230
DA:162,145
DA:163,124
end_of_record
SF:/usr/include/c++/12/condition_variable
DA:99,1135
DA:101,2482
DA:102,279
end_of_record
SF:/usr/include/c++/12/typeinfo
FN:193,_ZNKSt9type_infoeqERKS_
FNDA:0,_ZNKSt9type_infoeqERKS_
DA:103,0
DA:104,0
DA:193,0
DA:195,0
DA:198,0
DA:206,0
end_of_record
SF:/usr/include/c++/12/bits/shared_ptr.h
DA:175,11217
DA:204,2223
DA:351,1112
DA:352,1112
DA:359,1338
DA:360,1338
DA:368,1112
DA:369,1112
DA:463,2224
DA:464,4448
DA:811,0
DA:824,0
DA:837,0
DA:863,0
DA:990,1112
DA:993,1112
DA:1005,1112
DA:1010,1112
end_of_record
SF:/usr/include/c++/12/bits/stl_bvector.h
FN:645,_ZNSt13_Bvector_baseISaIbEE13_M_deallocateEv
FNDA:0,_ZNSt13_Bvector_baseISaIbEE13_M_deallocateEv
DA:84,0
DA:95,0
DA:96,0
DA:169,0
DA:174,0
DA:176,0
DA:178,0
DA:179,0
DA:211,0
DA:212,0
DA:274,0
DA:384,0
DA:385,0
DA:388,0
DA:389,0
DA:398,0
DA:399,0
DA:403,0
DA:405,0
DA:406,0
DA:506,0
DA:507,0
DA:532,0
DA:533,0
DA:545,0
DA:575,0
DA:577,0
DA:621,0
DA:622,0
DA:645,0
DA:647,0
DA:649,0
DA:650,0
DA:651,0
DA:653,0
DA:655,0
DA:839,0
DA:949,0
DA:950,0
DA:959,0
DA:960,0
end_of_record
SF:/usr/include/x86_64-linux-gnu/c++/12/bits/c++config.h
FN:516,_ZSt23__is_constant_evaluatedv
FNDA:2193,_ZSt23__is_constant_evaluatedv
DA:309,0
DA:311,0
DA:312,0
DA:516,2193
DA:523,2193
end_of_record
SF:/usr/include/c++/12/bits/alloc_traits.h
FN:463,_ZNSt16allocator_traitsISaISt23_Sp_counted_ptr_inplaceINSt13__future_base11_Task_stateISt5_BindIFZN12_GLOBAL__N_153ThreadPoolTest_TestEnqueueWithLargeNumberOfTasks_Test8TestBodyEvEUlvE_vEESaIiEFvvEEES9_LN9__gnu_cxx12_Lock_policyE2EEEE8allocateERSF_m
FNDA:1000,_ZNSt16allocator_traitsISaISt23_Sp_counted_ptr_inplaceINSt13__future_base11_Task_stateISt5_BindIFZN12_GLOBAL__N_153ThreadPoolTest_TestEnqueueWithLargeNumberOfTasks_Test8TestBodyEvEUlvE_vEESaIiEFvvEEES9_LN9__gnu_cxx12_Lock_policyE2EEEE8allocateERSF_m
FN:463,_ZNSt16allocator_traitsISaISt23_Sp_counted_ptr_inplaceINSt13__future_base11_Task_stateISt5_BindIFZN12_GLOBAL__N_137ThreadPoolTest_EnqueueSingleTask_Test8TestBodyEvEUlvE_vEESaIiEFivEEES9_LN9__gnu_cxx12_Lock_policyE2EEEE8allocateERSF_m
FNDA:1,_ZNSt16allocator_traitsISaISt23_Sp_counted_ptr_inplaceINSt13__future_base11_Task_stateISt5_BindIFZN12_GLOBAL__N_137ThreadPoolTest_EnqueueSingleTask_Test8TestBodyEvEUlvE_vEESaIiEFivEEES9_LN9__gnu_cxx12_Lock_policyE2EEEE8allocateERSF_m
FN:463,_ZNSt16allocator_traitsISaISt23_Sp_counted_ptr_inplaceINSt13__future_base11_Task_stateISt5_BindIFZN12_GLOBAL__N_134ThreadPoolTest_TestSingleTask_Test8TestBodyEvEUliiE_iiEESaIiEFivEEES9_LN9__gnu_cxx12_Lock_policyE2EEEE8allocateERSF_m
FNDA:1,_ZNSt16allocator_traitsISaISt23_Sp_counted_ptr_inplaceINSt13__future_base11_Task_stateISt5_BindIFZN12_GLOBAL__N_134ThreadPoolTest_TestSingleTask_Test8TestBodyEvEUliiE_iiEESaIiEFivEEES9_LN9__gnu_cxx12_Lock_policyE2EEEE8allocateERSF_m
FN:463,_ZNSt16allocator_traitsISaISt23_Sp_counted_ptr_inplaceINSt13__future_base11_Task_stateISt5_BindIFZN12_GLOBAL__N_140ThreadPoolTest_EnqueueMultipleTasks_Test8TestBodyEvEUlvE_vEESaIiEFivEEES9_LN9__gnu_cxx12_Lock_policyE2EEEE8allocateERSF_m
FNDA:100,_ZNSt16allocator_traitsISaISt23_Sp_counted_ptr_inplaceINSt13__future_base11_Task_stateISt5_BindIFZN12_GLOBAL__N_140ThreadPoolTest_EnqueueMultipleTasks_Test8TestBodyEvEUlvE_vEESaIiEFivEEES9_LN9__gnu_cxx12_Lock_policyE2EEEE8allocateERSF_m
FN:463,_ZNSt16allocator_traitsISaISt23_Sp_counted_ptr_inplaceINSt13__future_base11_Task_stateISt5_BindIFZN12_GLOBAL__N_136ThreadPoolTest_EnqueueException_Test8TestBodyEvEUlvE_vEESaIiEFvvEEES9_LN9__gnu_cxx12_Lock_policyE2EEEE8allocateERSF_m
FNDA:1,_ZNSt16allocator_traitsISaISt23_Sp_counted_ptr_inplaceINSt13__future_base11_Task_stateISt5_BindIFZN12_GLOBAL__N_136ThreadPoolTest_EnqueueException_Test8TestBodyEvEUlvE_vEESaIiEFvvEEES9_LN9__gnu_cxx12_Lock_policyE2EEEE8allocateERSF_m
FN:463,_ZNSt16allocator_traitsISaISt23_Sp_counted_ptr_inplaceINSt13__future_base11_Task_stateISt5_BindIFZN12_GLOBAL__N_133ThreadPoolTest_TestException_Test8TestBodyEvEUlvE_vEESaIiEFvvEEES9_LN9__gnu_cxx12_Lock_policyE2EEEE8allocateERSF_m
FNDA:1,_ZNSt16allocator_traitsISaISt23_Sp_counted_ptr_inplaceINSt13__future_base11_Task_stateISt5_BindIFZN12_GLOBAL__N_133ThreadPoolTest_TestException_Test8TestBodyEvEUlvE_vEESaIiEFvvEEES9_LN9__gnu_cxx12_Lock_policyE2EEEE8allocateERSF_m
FN:463,_ZNSt16allocator_traitsISaISt23_Sp_counted_ptr_inplaceINSt13__future_base11_Task_stateISt5_BindIFZN12_GLOBAL__N_141ThreadPoolTest_TestDynamicAllocation_Test8TestBodyEvEUlvE_vEESaIiEFivEEES9_LN9__gnu_cxx12_Lock_policyE2EEEE8allocateERSF_m
FNDA:1,_ZNSt16allocator_traitsISaISt23_Sp_counted_ptr_inplaceINSt13__future_base11_Task_stateISt5_BindIFZN12_GLOBAL__N_141ThreadPoolTest_TestDynamicAllocation_Test8TestBodyEvEUlvE_vEESaIiEFivEEES9_LN9__gnu_cxx12_Lock_policyE2EEEE8allocateERSF_m
FN:463,_ZNSt16allocator_traitsISaISt23_Sp_counted_ptr_inplaceINSt13__future_base11_Task_stateISt5_BindIFZN12_GLOBAL__N_150ThreadPoolTest_TestEnqueueOnStoppedThreadPool_Test8TestBodyEvEUlvE_vEESaIiEFivEEES9_LN9__gnu_cxx12_Lock_policyE2EEEE8allocateERSF_m
FNDA:1,_ZNSt16allocator_traitsISaISt23_Sp_counted_ptr_inplaceINSt13__future_base11_Task_stateISt5_BindIFZN12_GLOBAL__N_150ThreadPoolTest_TestEnqueueOnStoppedThreadPool_Test8TestBodyEvEUlvE_vEESaIiEFivEEES9_LN9__gnu_cxx12_Lock_policyE2EEEE8allocateERSF_m
FN:463,_ZNSt16allocator_traitsISaISt23_Sp_counted_ptr_inplaceINSt13__future_base11_Task_stateISt5_BindIFZN12_GLOBAL__N_155ThreadPoolTest_TestEnqueueWithDifferentReturnTypes_Test8TestBodyEvEUlvE_vEESaIiEFvvEEES9_LN9__gnu_cxx12_Lock_policyE2EEEE8allocateERSF_m
FNDA:1,_ZNSt16allocator_traitsISaISt23_Sp_counted_ptr_inplaceINSt13__future_base11_Task_stateISt5_BindIFZN12_GLOBAL__N_155ThreadPoolTest_TestEnqueueWithDifferentReturnTypes_Test8TestBodyEvEUlvE_vEESaIiEFvvEEES9_LN9__gnu_cxx12_Lock_policyE2EEEE8allocateERSF_m
FN:463,_ZNSt16allocator_traitsISaISt23_Sp_counted_ptr_inplaceINSt13__future_base11_Task_stateISt5_BindIFZN12_GLOBAL__N_155ThreadPoolTest_TestEnqueueWithDifferentReturnTypes_Test8TestBodyEvEUlvE0_vEESaIiEFivEEES9_LN9__gnu_cxx12_Lock_policyE2EEEE8allocateERSF_m
FNDA:1,_ZNSt16allocator_traitsISaISt23_Sp_counted_ptr_inplaceINSt13__future_base11_Task_stateISt5_BindIFZN12_GLOBAL__N_155ThreadPoolTest_TestEnqueueWithDifferentReturnTypes_Test8TestBodyEvEUlvE0_vEESaIiEFivEEES9_LN9__gnu_cxx12_Lock_policyE2EEEE8allocateERSF_m
FN:463,_ZNSt16allocator_traitsISaISt23_Sp_counted_ptr_inplaceINSt13__future_base11_Task_stateISt5_BindIFZN12_GLOBAL__N_155ThreadPoolTest_TestEnqueueWithDifferentReturnTypes_Test8TestBodyEvEUlvE1_vEESaIiEFNSt7__cxx1112basic_stringIcSt11char_traitsIcESaIcEEEvEEES9_LN9__gnu_cxx12_Lock_policyE2EEEE8allocateERSL_m
FNDA:1,_ZNSt16allocator_traitsISaISt23_Sp_counted_ptr_inplaceINSt13__future_base11_Task_stateISt5_BindIFZN12_GLOBAL__N_155ThreadPoolTest_TestEnqueueWithDifferentReturnTypes_Test8TestBodyEvEUlvE1_vEESaIiEFNSt7__cxx1112basic_stringIcSt11char_traitsIcESaIcEEEvEEES9_LN9__gnu_cxx12_Lock_policyE2EEEE8allocateERSL_m
FN:463,_ZNSt16allocator_traitsISaISt23_Sp_counted_ptr_inplaceINSt13__future_base11_Task_stateISt5_BindIFZN12_GLOBAL__N_157ThreadPoolTest_TestEnqueueWithDifferentArgumentTypes_Test8TestBodyEvEUlbfE1_bfEESaIiEFvvEEES9_LN9__gnu_cxx12_Lock_policyE2EEEE8allocateERSF_m
FNDA:1,_ZNSt16allocator_traitsISaISt23_Sp_counted_ptr_inplaceINSt13__future_base11_Task_stateISt5_BindIFZN12_GLOBAL__N_157ThreadPoolTest_TestEnqueueWithDifferentArgumentTypes_Test8TestBodyEvEUlbfE1_bfEESaIiEFvvEEES9_LN9__gnu_cxx12_Lock_policyE2EEEE8allocateERSF_m
FN:463,_ZNSt16allocator_traitsISaISt23_Sp_counted_ptr_inplaceINSt13__future_base11_Task_stateISt5_BindIFZN12_GLOBAL__N_157ThreadPoolTest_TestEnqueueWithDifferentArgumentTypes_Test8TestBodyEvEUlRKNSt7__cxx1112basic_stringIcSt11char_traitsIcESaIcEEEE0_PKcEESaIiEFvvEEESJ_LN9__gnu_cxx12_Lock_policyE2EEEE8allocateERSP_m
FNDA:1,_ZNSt16allocator_traitsISaISt23_Sp_counted_ptr_inplaceINSt13__future_base11_Task_stateISt5_BindIFZN12_GLOBAL__N_157ThreadPoolTest_TestEnqueueWithDifferentArgumentTypes_Test8TestBodyEvEUlRKNSt7__cxx1112basic_stringIcSt11char_traitsIcESaIcEEEE0_PKcEESaIiEFvvEEESJ_LN9__gnu_cxx12_Lock_policyE2EEEE8allocateERSP_m
FN:463,_ZNSt16allocator_traitsISaISt23_Sp_counted_ptr_inplaceINSt13__future_base11_Task_stateISt5_BindIFZN12_GLOBAL__N_157ThreadPoolTest_TestEnqueueWithDifferentArgumentTypes_Test8TestBodyEvEUliiE_iiEESaIiEFvvEEES9_LN9__gnu_cxx12_Lock_policyE2EEEE8allocateERSF_m
FNDA:1,_ZNSt16allocator_traitsISaISt23_Sp_counted_ptr_inplaceINSt13__future_base11_Task_stateISt5_BindIFZN12_GLOBAL__N_157ThreadPoolTest_TestEnqueueWithDifferentArgumentTypes_Test8TestBodyEvEUliiE_iiEESaIiEFvvEEES9_LN9__gnu_cxx12_Lock_policyE2EEEE8allocateERSF_m
FN:495,_ZNSt16allocator_traitsISaISt23_Sp_counted_ptr_inplaceINSt13__future_base11_Task_stateISt5_BindIFZN12_GLOBAL__N_150ThreadPoolTest_TestEnqueueOnStoppedThreadPool_Test8TestBodyEvEUlvE_vEESaIiEFivEEES9_LN9__gnu_cxx12_Lock_policyE2EEEE10deallocateERSF_PSE_m
FNDA:1,_ZNSt16allocator_traitsISaISt23_Sp_counted_ptr_inplaceINSt13__future_base11_Task_stateISt5_BindIFZN12_GLOBAL__N_150ThreadPoolTest_TestEnqueueOnStoppedThreadPool_Test8TestBodyEvEUlvE_vEESaIiEFivEEES9_LN9__gnu_cxx12_Lock_policyE2EEEE10deallocateERSF_PSE_m
FN:495,_ZNSt16allocator_traitsISaISt23_Sp_counted_ptr_inplaceINSt13__future_base11_Task_stateISt5_BindIFZN12_GLOBAL__N_155ThreadPoolTest_TestEnqueueWithDifferentReturnTypes_Test8TestBodyEvEUlvE1_vEESaIiEFNSt7__cxx1112basic_stringIcSt11char_traitsIcESaIcEEEvEEES9_LN9__gnu_cxx12_Lock_policyE2EEEE10deallocateERSL_PSK_m
FNDA:1,_ZNSt16allocator_traitsISaISt23_Sp_counted_ptr_inplaceINSt13__future_base11_Task_stateISt5_BindIFZN12_GLOBAL__N_155ThreadPoolTest_TestEnqueueWithDifferentReturnTypes_Test8TestBodyEvEUlvE1_vEESaIiEFNSt7__cxx1112basic_stringIcSt11char_traitsIcESaIcEEEvEEES9_LN9__gnu_cxx12_Lock_policyE2EEEE10deallocateERSL_PSK_m
FN:495,_ZNSt16allocator_traitsISaISt23_Sp_counted_ptr_inplaceINSt13__future_base11_Task_stateISt5_BindIFZN12_GLOBAL__N_141ThreadPoolTest_TestDynamicAllocation_Test8TestBodyEvEUlvE_vEESaIiEFivEEES9_LN9__gnu_cxx12_Lock_policyE2EEEE10deallocateERSF_PSE_m
FNDA:1,_ZNSt16allocator_traitsISaISt23_Sp_counted_ptr_inplaceINSt13__future_base11_Task_stateISt5_BindIFZN12_GLOBAL__N_141ThreadPoolTest_TestDynamicAllocation_Test8TestBodyEvEUlvE_vEESaIiEFivEEES9_LN9__gnu_cxx12_Lock_policyE2EEEE10deallocateERSF_PSE_m
[...]
DA:525,0
DA:527,0
DA:530,0
DA:532,0
DA:540,0
DA:544,0
DA:546,0
DA:548,0
DA:551,0
DA:553,0
DA:855,3
DA:856,3
end_of_record
SF:/usr/include/c++/12/ostream
DA:108,0
DA:113,0
DA:615,0
DA:620,0
DA:621,0
end_of_record
SF:/usr/include/c++/12/bits/allocated_ptr.h
DA:53,4441
DA:54,2217
DA:71,2224
DA:74,2217
DA:79,2224
DA:81,2224
DA:86,2224
DA:96,1112
DA:98,2224
end_of_record
SF:/usr/include/c++/12/ext/concurrence.h
FN:68,_ZNK9__gnu_cxx24__concurrence_lock_error4whatEv
FNDA:0,_ZNK9__gnu_cxx24__concurrence_lock_error4whatEv
FN:76,_ZNK9__gnu_cxx26__concurrence_unlock_error4whatEv
FNDA:0,_ZNK9__gnu_cxx26__concurrence_unlock_error4whatEv
FN:84,_ZNK9__gnu_cxx29__concurrence_broadcast_error4whatEv
FNDA:0,_ZNK9__gnu_cxx29__concurrence_broadcast_error4whatEv
FN:92,_ZNK9__gnu_cxx24__concurrence_wait_error4whatEv
FNDA:0,_ZNK9__gnu_cxx24__concurrence_wait_error4whatEv
DA:68,0
DA:69,0
DA:76,0
DA:77,0
DA:84,0
DA:85,0
DA:92,0
DA:93,0
end_of_record
SF:/home/akiel/Desktop/Trunk/github/public-repos/OSS/openMTPK/tests/t_threadpool.cpp
FN:11,_ZN12_GLOBAL__N_137ThreadPoolTest_EnqueueSingleTask_Test8TestBodyEv
FNDA:1,_ZN12_GLOBAL__N_137ThreadPoolTest_EnqueueSingleTask_Test8TestBodyEv
FN:11,_ZN12_GLOBAL__N_137ThreadPoolTest_EnqueueSingleTask_TestD2Ev
FNDA:0,_ZN12_GLOBAL__N_137ThreadPoolTest_EnqueueSingleTask_TestD2Ev
FN:11,_ZN12_GLOBAL__N_137ThreadPoolTest_EnqueueSingleTask_TestD0Ev
FNDA:1,_ZN12_GLOBAL__N_137ThreadPoolTest_EnqueueSingleTask_TestD0Ev
FN:17,_ZN12_GLOBAL__N_134ThreadPoolTest_TestSingleTask_TestD2Ev
FNDA:0,_ZN12_GLOBAL__N_134ThreadPoolTest_TestSingleTask_TestD2Ev
FN:17,_ZN12_GLOBAL__N_134ThreadPoolTest_TestSingleTask_TestD0Ev
FNDA:1,_ZN12_GLOBAL__N_134ThreadPoolTest_TestSingleTask_TestD0Ev
FN:17,_ZN12_GLOBAL__N_134ThreadPoolTest_TestSingleTask_Test8TestBodyEv
FNDA:1,_ZN12_GLOBAL__N_134ThreadPoolTest_TestSingleTask_Test8TestBodyEv
FN:26,_ZN12_GLOBAL__N_140ThreadPoolTest_EnqueueMultipleTasks_TestD2Ev
FNDA:0,_ZN12_GLOBAL__N_140ThreadPoolTest_EnqueueMultipleTasks_TestD2Ev
FN:26,_ZN12_GLOBAL__N_140ThreadPoolTest_EnqueueMultipleTasks_TestD0Ev
FNDA:1,_ZN12_GLOBAL__N_140ThreadPoolTest_EnqueueMultipleTasks_TestD0Ev
FN:26,_ZN12_GLOBAL__N_140ThreadPoolTest_EnqueueMultipleTasks_Test8TestBodyEv
FNDA:1,_ZN12_GLOBAL__N_140ThreadPoolTest_EnqueueMultipleTasks_Test8TestBodyEv
FN:37,_ZN12_GLOBAL__N_136ThreadPoolTest_EnqueueException_Test8TestBodyEv
FNDA:1,_ZN12_GLOBAL__N_136ThreadPoolTest_EnqueueException_Test8TestBodyEv
FN:37,_ZN12_GLOBAL__N_136ThreadPoolTest_EnqueueException_TestD2Ev
FNDA:0,_ZN12_GLOBAL__N_136ThreadPoolTest_EnqueueException_TestD2Ev
FN:37,_ZN12_GLOBAL__N_136ThreadPoolTest_EnqueueException_TestD0Ev
FNDA:1,_ZN12_GLOBAL__N_136ThreadPoolTest_EnqueueException_TestD0Ev
FN:40,_ZZN12_GLOBAL__N_136ThreadPoolTest_EnqueueException_Test8TestBodyEvENKUlvE_clEv
FNDA:1,_ZZN12_GLOBAL__N_136ThreadPoolTest_EnqueueException_Test8TestBodyEvENKUlvE_clEv
FN:44,_ZN12_GLOBAL__N_133ThreadPoolTest_TestException_TestD0Ev
FNDA:1,_ZN12_GLOBAL__N_133ThreadPoolTest_TestException_TestD0Ev
FN:44,_ZN12_GLOBAL__N_133ThreadPoolTest_TestException_Test8TestBodyEv
FNDA:1,_ZN12_GLOBAL__N_133ThreadPoolTest_TestException_Test8TestBodyEv
FN:44,_ZN12_GLOBAL__N_133ThreadPoolTest_TestException_TestD2Ev
FNDA:0,_ZN12_GLOBAL__N_133ThreadPoolTest_TestException_TestD2Ev
FN:47,_ZZN12_GLOBAL__N_133ThreadPoolTest_TestException_Test8TestBodyEvENKUlvE_clEv
FNDA:1,_ZZN12_GLOBAL__N_133ThreadPoolTest_TestException_Test8TestBodyEvENKUlvE_clEv
FN:53,_ZN12_GLOBAL__N_141ThreadPoolTest_TestDynamicAllocation_TestD2Ev
FNDA:0,_ZN12_GLOBAL__N_141ThreadPoolTest_TestDynamicAllocation_TestD2Ev
FN:53,_ZN12_GLOBAL__N_141ThreadPoolTest_TestDynamicAllocation_TestD0Ev
FNDA:1,_ZN12_GLOBAL__N_141ThreadPoolTest_TestDynamicAllocation_TestD0Ev
FN:53,_ZN12_GLOBAL__N_141ThreadPoolTest_TestDynamicAllocation_Test8TestBodyEv
FNDA:1,_ZN12_GLOBAL__N_141ThreadPoolTest_TestDynamicAllocation_Test8TestBodyEv
FN:65,_ZN12_GLOBAL__N_150ThreadPoolTest_TestEnqueueOnStoppedThreadPool_TestD0Ev
FNDA:1,_ZN12_GLOBAL__N_150ThreadPoolTest_TestEnqueueOnStoppedThreadPool_TestD0Ev
FN:65,_ZN12_GLOBAL__N_150ThreadPoolTest_TestEnqueueOnStoppedThreadPool_Test8TestBodyEv
FNDA:1,_ZN12_GLOBAL__N_150ThreadPoolTest_TestEnqueueOnStoppedThreadPool_Test8TestBodyEv
FN:65,_ZN12_GLOBAL__N_150ThreadPoolTest_TestEnqueueOnStoppedThreadPool_TestD2Ev
FNDA:0,_ZN12_GLOBAL__N_150ThreadPoolTest_TestEnqueueOnStoppedThreadPool_TestD2Ev
FN:76,_ZN12_GLOBAL__N_155ThreadPoolTest_TestEnqueueWithDifferentReturnTypes_Test8TestBodyEv
FNDA:1,_ZN12_GLOBAL__N_155ThreadPoolTest_TestEnqueueWithDifferentReturnTypes_Test8TestBodyEv
FN:76,_ZN12_GLOBAL__N_155ThreadPoolTest_TestEnqueueWithDifferentReturnTypes_TestD2Ev
FNDA:0,_ZN12_GLOBAL__N_155ThreadPoolTest_TestEnqueueWithDifferentReturnTypes_TestD2Ev
FN:76,_ZN12_GLOBAL__N_155ThreadPoolTest_TestEnqueueWithDifferentReturnTypes_TestD0Ev
FNDA:1,_ZN12_GLOBAL__N_155ThreadPoolTest_TestEnqueueWithDifferentReturnTypes_TestD0Ev
FN:92,_ZN12_GLOBAL__N_157ThreadPoolTest_TestEnqueueWithDifferentArgumentTypes_Test8TestBodyEv
FNDA:1,_ZN12_GLOBAL__N_157ThreadPoolTest_TestEnqueueWithDifferentArgumentTypes_Test8TestBodyEv
FN:92,_ZN12_GLOBAL__N_157ThreadPoolTest_TestEnqueueWithDifferentArgumentTypes_TestD0Ev
FNDA:1,_ZN12_GLOBAL__N_157ThreadPoolTest_TestEnqueueWithDifferentArgumentTypes_TestD0Ev
FN:92,_ZN12_GLOBAL__N_157ThreadPoolTest_TestEnqueueWithDifferentArgumentTypes_TestD2Ev
FNDA:0,_ZN12_GLOBAL__N_157ThreadPoolTest_TestEnqueueWithDifferentArgumentTypes_TestD2Ev
FN:108,_ZN12_GLOBAL__N_153ThreadPoolTest_TestEnqueueWithLargeNumberOfTasks_Test8TestBodyEv
FNDA:1,_ZN12_GLOBAL__N_153ThreadPoolTest_TestEnqueueWithLargeNumberOfTasks_Test8TestBodyEv
FN:108,_ZN12_GLOBAL__N_153ThreadPoolTest_TestEnqueueWithLargeNumberOfTasks_TestD2Ev
FNDA:0,_ZN12_GLOBAL__N_153ThreadPoolTest_TestEnqueueWithLargeNumberOfTasks_TestD2Ev
FN:108,_ZN12_GLOBAL__N_153ThreadPoolTest_TestEnqueueWithLargeNumberOfTasks_TestD0Ev
FNDA:1,_ZN12_GLOBAL__N_153ThreadPoolTest_TestEnqueueWithLargeNumberOfTasks_TestD0Ev
DA:11,1
DA:11,0
DA:11,1
DA:12,1
DA:13,1
DA:14,2
DA:15,1
DA:11,1
DA:17,1
DA:17,0
DA:17,1
DA:18,1
DA:20,1
DA:21,1
DA:23,2
DA:24,1
DA:17,1
DA:21,1
DA:26,1
DA:26,0
DA:26,1
DA:27,1
DA:28,1
DA:29,101
DA:30,200
DA:32,101
DA:33,200
DA:35,1
DA:26,1
DA:30,100
DA:37,1
DA:37,0
DA:37,1
DA:38,1
DA:39,1
DA:40,1
DA:41,1
DA:42,1
DA:37,1
DA:40,1
DA:44,1
DA:44,0
DA:44,1
DA:45,1
DA:47,2
DA:50,0
DA:51,1
DA:44,1
DA:47,1
DA:53,1
DA:53,0
DA:53,1
DA:55,1
DA:58,1
DA:59,1
DA:62,1
DA:63,1
DA:53,1
DA:65,1
DA:65,0
DA:65,1
DA:67,1
DA:70,1
DA:73,1
DA:74,1
DA:65,1
DA:76,1
DA:76,0
DA:76,1
DA:77,1
DA:79,1
DA:80,1
DA:81,1
DA:83,1
DA:84,1
DA:85,1
DA:87,1
DA:88,1
DA:89,3
DA:90,2
DA:76,1
DA:81,1
DA:92,1
DA:92,0
DA:92,1
DA:93,1
DA:95,1
DA:96,1
DA:97,1
DA:99,1
DA:100,1
DA:101,1
DA:103,1
DA:104,1
DA:105,1
DA:106,3
DA:92,1
DA:108,1
DA:108,0
DA:108,1
DA:109,1
DA:110,1
DA:112,1001
DA:113,1000
DA:114,2000
DA:118,1
DA:108,1
end_of_record
SF:/usr/include/c++/12/bits/std_mutex.h
FN:98,_ZNSt5mutex4lockEv
FNDA:2225,_ZNSt5mutex4lockEv
DA:65,10
DA:91,10
DA:98,2225
DA:100,2225
DA:103,2257
DA:104,0
DA:105,2257
DA:115,2257
DA:118,2257
end_of_record
SF:/usr/include/c++/12/bits/basic_string.tcc
FN:134,_ZNSt7__cxx1112basic_stringIcSt11char_traitsIcESaIcEE9_M_createERmm
FNDA:68,_ZNSt7__cxx1112basic_stringIcSt11char_traitsIcESaIcEE9_M_createERmm
FN:217,_ZNSt7__cxx1112basic_stringIcSt11char_traitsIcESaIcEE12_M_constructIPcEEvT_S7_St20forward_iterator_tag
FNDA:10,_ZNSt7__cxx1112basic_stringIcSt11char_traitsIcESaIcEE12_M_constructIPcEEvT_S7_St20forward_iterator_tag
FN:217,_ZNSt7__cxx1112basic_stringIcSt11char_traitsIcESaIcEE12_M_constructIPKcEEvT_S8_St20forward_iterator_tag
FNDA:0,_ZNSt7__cxx1112basic_stringIcSt11char_traitsIcESaIcEE12_M_constructIPKcEEvT_S8_St20forward_iterator_tag
FN:238,_ZZNSt7__cxx1112basic_stringIcSt11char_traitsIcESaIcEE12_M_constructIPcEEvT_S7_St20forward_iterator_tagEN6_GuardD2Ev
FNDA:10,_ZZNSt7__cxx1112basic_stringIcSt11char_traitsIcESaIcEE12_M_constructIPcEEvT_S7_St20forward_iterator_tagEN6_GuardD2Ev
FN:238,_ZZNSt7__cxx1112basic_stringIcSt11char_traitsIcESaIcEE12_M_constructIPKcEEvT_S8_St20forward_iterator_tagEN6_GuardD2Ev
FNDA:0,_ZZNSt7__cxx1112basic_stringIcSt11char_traitsIcESaIcEE12_M_constructIPKcEEvT_S8_St20forward_iterator_tagEN6_GuardD2Ev
FN:273,_ZNSt7__cxx1112basic_stringIcSt11char_traitsIcESaIcEE9_M_assignERKS4_
FNDA:0,_ZNSt7__cxx1112basic_stringIcSt11char_traitsIcESaIcEE9_M_assignERKS4_
FN:321,_ZNSt7__cxx1112basic_stringIcSt11char_traitsIcESaIcEE9_M_mutateEmmPKcm
FNDA:58,_ZNSt7__cxx1112basic_stringIcSt11char_traitsIcESaIcEE9_M_mutateEmmPKcm
FN:346,_ZNSt7__cxx1112basic_stringIcSt11char_traitsIcESaIcEE8_M_eraseEmm
FNDA:0,_ZNSt7__cxx1112basic_stringIcSt11char_traitsIcESaIcEE8_M_eraseEmm
FN:409,_ZNSt7__cxx1112basic_stringIcSt11char_traitsIcESaIcEE9_M_appendEPKcm
FNDA:0,_ZNSt7__cxx1112basic_stringIcSt11char_traitsIcESaIcEE9_M_appendEPKcm
FN:476,_ZNSt7__cxx1112basic_stringIcSt11char_traitsIcESaIcEE10_M_replaceEmmPKcm
FNDA:128,_ZNSt7__cxx1112basic_stringIcSt11char_traitsIcESaIcEE10_M_replaceEmmPKcm
FN:646,_ZNKSt7__cxx1112basic_stringIcSt11char_traitsIcESaIcEE4findEPKcmm
FNDA:0,_ZNKSt7__cxx1112basic_stringIcSt11char_traitsIcESaIcEE4findEPKcmm
FN:888,_ZNKSt7__cxx1112basic_stringIcSt11char_traitsIcESaIcEE7compareEPKc
FNDA:1,_ZNKSt7__cxx1112basic_stringIcSt11char_traitsIcESaIcEE7compareEPKc
FN:904,_ZNKSt7__cxx1112basic_stringIcSt11char_traitsIcESaIcEE7compareEmmPKc
FNDA:0,_ZNKSt7__cxx1112basic_stringIcSt11char_traitsIcESaIcEE7compareEmmPKc
DA:134,68
DA:139,68
DA:140,0
DA:145,68
DA:147,43
DA:149,43
DA:150,0
DA:155,68
DA:217,10
DA:221,10
DA:223,10
DA:225,10
DA:226,10
DA:235,10
DA:241,10
DA:243,10
DA:245,10
DA:247,10
DA:248,10
DA:217,0
DA:221,0
DA:223,0
DA:225,0
DA:226,0
DA:235,0
DA:241,0
DA:243,0
DA:245,0
DA:247,0
DA:248,0
DA:238,10
DA:238,0
DA:273,0
DA:276,0
DA:278,0
DA:279,0
DA:281,0
DA:283,0
DA:284,0
DA:285,0
DA:286,0
DA:287,0
DA:290,0
DA:291,0
DA:293,0
DA:295,0
DA:321,58
DA:325,58
DA:327,58
DA:328,58
DA:330,58
DA:331,31
DA:332,58
DA:333,58
DA:334,58
DA:335,58
DA:336,0
DA:338,58
DA:339,58
DA:340,58
DA:341,58
DA:346,0
DA:349,0
DA:351,0
DA:352,0
DA:354,0
DA:355,0
DA:409,0
DA:412,0
DA:414,0
DA:416,0
DA:417,0
DA:420,0
DA:422,0
DA:423,0
DA:476,128
DA:480,128
DA:482,128
DA:483,128
DA:485,128
DA:487,101
DA:489,101
DA:503,101
DA:505,101
DA:506,0
DA:507,101
DA:508,128
DA:513,0
DA:514,0
DA:515,0
DA:516,0
DA:517,0
DA:519,0
DA:520,128
DA:521,0
DA:525,0
DA:526,0
DA:530,0
DA:531,0
DA:532,0
DA:539,27
DA:541,128
DA:542,128
DA:646,0
DA:651,0
DA:653,0
DA:654,0
DA:655,0
DA:658,0
DA:659,0
DA:660,0
DA:661,0
DA:662,0
DA:664,0
DA:667,0
DA:668,0
DA:673,0
DA:674,0
DA:675,0
DA:888,1
DA:892,1
DA:893,1
DA:894,1
DA:895,1
DA:896,1
DA:897,1
DA:898,1
DA:904,0
DA:908,0
DA:909,0
DA:910,0
DA:911,0
DA:912,0
DA:913,0
DA:914,0
DA:915,0
end_of_record
SF:/usr/include/c++/12/variant
FN:1309,_ZNKSt18bad_variant_access4whatEv
FNDA:0,_ZNKSt18bad_variant_access4whatEv
DA:1309,0
DA:1310,0
end_of_record
SF:/usr/include/c++/12/bits/move.h
DA:196,2338
DA:204,2338
DA:205,14
DA:206,2324
end_of_record
SF:/usr/include/c++/12/new
DA:174,2224
DA:175,2224
end_of_record
SF:/usr/include/x86_64-linux-gnu/c++/12/bits/gthr-default.h
DA:697,1103
DA:699,1103
DA:700,1103
DA:746,2225
DA:748,2225
DA:749,2225
DA:776,2257
DA:778,2257
DA:779,2257
end_of_record
SF:/usr/include/c++/12/tuple
DA:80,2248
DA:90,1298
DA:124,1296
DA:189,2248
DA:190,1112
DA:192,1
DA:193,1
DA:199,1325
DA:200,1325
DA:233,0
DA:268,3863
DA:271,408
DA:279,2248
DA:280,2248
DA:290,1301
DA:292,1301
DA:301,1111
DA:424,28
DA:430,2248
DA:431,2248
DA:434,1
DA:435,1
DA:440,1325
DA:441,1325
DA:454,1112
DA:456,4
DA:727,1
DA:729,1
DA:742,24
DA:744,24
DA:756,1
DA:1049,2248
DA:1051,3172
DA:1077,1301
DA:1079,193
DA:1090,7
DA:1364,25
DA:1365,25
DA:1380,0
DA:1381,2436
DA:1387,193
DA:1392,24
DA:1395,24
end_of_record
SF:/usr/local/include/gtest/gtest-message.h
DA:92,0
end_of_record
SF:/usr/include/c++/12/bits/std_thread.h
FN:126,_ZNSt6threadC2IZN10ThreadPoolC4EiEUlvE_JEvEEOT_DpOT0_
FNDA:24,_ZNSt6threadC2IZN10ThreadPoolC4EiEUlvE_JEvEEOT_DpOT0_
FN:210,_ZNSt6thread11_State_implINS_8_InvokerISt5tupleIJZN10ThreadPoolC4EiEUlvE_EEEEE6_M_runEv
FNDA:24,_ZNSt6thread11_State_implINS_8_InvokerISt5tupleIJZN10ThreadPoolC4EiEUlvE_EEEEE6_M_runEv
DA:67,24
DA:85,62
DA:126,24
DA:127,24
DA:137,24
DA:142,24
DA:145,24
DA:148,38
DA:150,38
DA:151,0
DA:152,24
DA:156,14
DA:157,14
DA:170,14
DA:171,14
DA:174,38
DA:175,14
DA:205,24
DA:206,24
DA:210,48
DA:251,24
DA:252,48
DA:255,24
DA:259,24
DA:280,24
DA:286,24
end_of_record
SF:/usr/include/c++/12/sstream
DA:1136,0
DA:1137,0
end_of_record
SF:/usr/include/c++/12/bits/stl_function.h
DA:451,101
DA:457,101
end_of_record
SF:/usr/include/c++/12/ext/aligned_buffer.h
DA:102,3331
DA:104,1113
DA:114,3330
DA:115,5650
end_of_record
SF:/usr/local/include/gtest/gtest.h
FN:350,_ZN7testing4Test5SetupEv
FNDA:0,_ZN7testing4Test5SetupEv
FN:1349,_ZN7testing8internal18CmpHelperEQFailureINSt7__cxx1112basic_stringIcSt11char_traitsIcESaIcEEEA12_cEENS_15AssertionResultEPKcSB_RKT_RKT0_
FNDA:0,_ZN7testing8internal18CmpHelperEQFailureINSt7__cxx1112basic_stringIcSt11char_traitsIcESaIcEEEA12_cEENS_15AssertionResultEPKcSB_RKT_RKT0_
FN:1349,_ZN7testing8internal18CmpHelperEQFailureIiiEENS_15AssertionResultEPKcS4_RKT_RKT0_
FNDA:0,_ZN7testing8internal18CmpHelperEQFailureIiiEENS_15AssertionResultEPKcS4_RKT_RKT0_
FN:1366,_ZN7testing8internal11CmpHelperEQINSt7__cxx1112basic_stringIcSt11char_traitsIcESaIcEEEA12_cEENS_15AssertionResultEPKcSB_RKT_RKT0_
FNDA:1,_ZN7testing8internal11CmpHelperEQINSt7__cxx1112basic_stringIcSt11char_traitsIcESaIcEEEA12_cEENS_15AssertionResultEPKcSB_RKT_RKT0_
FN:1366,_ZN7testing8internal11CmpHelperEQIiiEENS_15AssertionResultEPKcS4_RKT_RKT0_
FNDA:104,_ZN7testing8internal11CmpHelperEQIiiEENS_15AssertionResultEPKcS4_RKT_RKT0_
DA:350,0
DA:1349,0
DA:1354,0
DA:1349,0
DA:1354,0
DA:1366,1
DA:1369,1
DA:1370,1
DA:1373,0
DA:1366,104
DA:1369,104
DA:1370,104
DA:1373,0
DA:1385,105
DA:1388,105
end_of_record
SF:/usr/include/c++/12/mutex
FN:848,_ZSt9call_onceIMSt6threadFvvEJPS0_EEvRSt9once_flagOT_DpOT0_
FNDA:0,_ZSt9call_onceIMSt6threadFvvEJPS0_EEvRSt9once_flagOT_DpOT0_
FN:848,_ZSt9call_onceIMNSt13__future_base13_State_baseV2EFvPSt8functionIFSt10unique_ptrINS0_12_Result_baseENS4_8_DeleterEEvEEPbEJPS1_S9_SA_EEvRSt9once_flagOT_DpOT0_
FNDA:1103,_ZSt9call_onceIMNSt13__future_base13_State_baseV2EFvPSt8functionIFSt10unique_ptrINS0_12_Result_baseENS4_8_DeleterEEvEEPbEJPS1_S9_SA_EEvRSt9once_flagOT_DpOT0_
FN:851,_ZZSt9call_onceIMSt6threadFvvEJPS0_EEvRSt9once_flagOT_DpOT0_ENKUlvE_clEv
FNDA:0,_ZZSt9call_onceIMSt6threadFvvEJPS0_EEvRSt9once_flagOT_DpOT0_ENKUlvE_clEv
FN:851,_ZZSt9call_onceIMNSt13__future_base13_State_baseV2EFvPSt8functionIFSt10unique_ptrINS0_12_Result_baseENS4_8_DeleterEEvEEPbEJPS1_S9_SA_EEvRSt9once_flagOT_DpOT0_ENKUlvE_clEv
FNDA:1109,_ZZSt9call_onceIMNSt13__future_base13_State_baseV2EFvPSt8functionIFSt10unique_ptrINS0_12_Result_baseENS4_8_DeleterEEvEEPbEJPS1_S9_SA_EEvRSt9once_flagOT_DpOT0_ENKUlvE_clEv
DA:752,1112
DA:783,1103
DA:786,1103
DA:788,1103
DA:791,1102
DA:794,1102
DA:795,1102
DA:848,0
DA:851,0
DA:856,0
DA:859,0
DA:860,0
DA:861,0
DA:848,1103
DA:851,1103
DA:856,1103
DA:859,1103
DA:860,0
DA:861,1102
DA:851,0
DA:851,2215
DA:852,1106
DA:853,1109
end_of_record
SF:/usr/include/c++/12/bits/stl_algobase.h
DA:230,1
DA:235,1
DA:236,0
DA:254,40
DA:259,40
DA:260,11
DA:420,14
DA:429,14
DA:430,14
DA:431,14
DA:486,14
DA:495,14
DA:521,14
DA:522,14
DA:527,14
DA:529,28
DA:611,14
DA:620,28
DA:731,0
DA:740,0
DA:741,0
DA:742,0
DA:750,0
DA:760,0
DA:768,0
DA:769,0
DA:796,0
DA:798,0
DA:848,0
DA:858,0
end_of_record
TN:
SF:/home/akiel/Desktop/Trunk/github/public-repos/OSS/openMTPK/modules/nt/rc4.cpp
FN:50,_ZN4mtpk3RC49byte_swapEPhS1_
FNDA:796,_ZN4mtpk3RC49byte_swapEPhS1_
FN:57,_ZN4mtpk3RC49trad_swapEPhS1_
FNDA:796,_ZN4mtpk3RC49trad_swapEPhS1_
FN:63,_ZN4mtpk3RC48XOR_swapEPhS1_
FNDA:796,_ZN4mtpk3RC48XOR_swapEPhS1_
FN:69,_ZN4mtpk3RC43KSAEPcPhi
FNDA:9,_ZN4mtpk3RC43KSAEPcPhi
FN:91,_ZN4mtpk3RC44PRGAEPhPcS1_i
FNDA:9,_ZN4mtpk3RC44PRGAEPhPcS1_i
FN:115,_ZN4mtpk3RC410store_hashB5cxx11EPcPhi
FNDA:9,_ZN4mtpk3RC410store_hashB5cxx11EPcPhi
FN:141,_ZN4mtpk3RC47computeEPcS1_Phi
FNDA:15,_ZN4mtpk3RC47computeEPcS1_Phi
DA:50,796
DA:51,796
DA:52,796
DA:53,796
DA:54,796
DA:55,796
DA:57,796
DA:58,796
DA:59,796
DA:60,796
DA:61,796
DA:63,796
DA:64,796
DA:65,796
DA:66,796
DA:67,796
DA:69,9
DA:70,9
DA:71,9
DA:73,2313
DA:74,2304
DA:77,2313
DA:78,2304
DA:81,2304
DA:82,768
DA:83,1536
DA:84,768
DA:85,768
DA:86,768
DA:89,9
DA:91,9
DA:93,9
DA:94,9
DA:96,93
DA:97,84
DA:98,84
DA:101,84
DA:102,28
DA:103,56
DA:104,28
DA:105,28
DA:106,28
DA:109,84
DA:111,84
DA:113,9
DA:115,9
DA:118,9
DA:120,9
DA:121,9
DA:124,18
DA:127,93
DA:128,84
DA:129,28
DA:133,56
DA:136,168
DA:138,9
DA:139,9
DA:141,15
DA:143,15
DA:144,2
DA:148,13
DA:149,9
DA:150,9
DA:151,9
DA:154,4
DA:155,4
DA:158,9
end_of_record
SF:/usr/include/c++/12/bits/basic_string.h
FN:634,_ZNSt7__cxx1112basic_stringIcSt11char_traitsIcESaIcEEC1IS3_EEPKcRKS3_
FNDA:93,_ZNSt7__cxx1112basic_stringIcSt11char_traitsIcESaIcEEC1IS3_EEPKcRKS3_
FN:1418,_ZNSt7__cxx1112basic_stringIcSt11char_traitsIcESaIcEE6appendEPKcm
FNDA:84,_ZNSt7__cxx1112basic_stringIcSt11char_traitsIcESaIcEE6appendEPKcm
DA:192,84
DA:199,93
DA:200,93
DA:223,10
DA:224,0
DA:228,177
DA:229,177
DA:233,552
DA:234,103
DA:238,93
DA:241,93
DA:249,178
DA:252,94
DA:260,10
DA:261,0
DA:265,177
DA:267,177
DA:268,93
DA:273,188
DA:274,188
DA:283,94
DA:285,10
DA:286,190
DA:291,3
DA:292,3
DA:339,0
DA:340,13
DA:345,20
DA:390,84
DA:392,84
DA:393,0
DA:418,187
DA:420,94
DA:421,207
DA:423,20
DA:475,93
DA:477,186
DA:634,93
DA:635,93
DA:638,93
DA:639,0
DA:641,93
DA:642,93
DA:643,93
DA:794,84
DA:795,84
DA:1063,252
DA:1064,84
DA:1070,10
DA:1071,10
DA:1132,94
DA:1134,94
DA:1329,84
DA:1330,84
DA:1387,84
DA:1388,84
DA:1418,84
DA:1421,84
DA:1422,84
end_of_record
SF:/usr/include/c++/12/bits/alloc_traits.h
DA:463,10
DA:464,10
DA:495,3
DA:496,3
end_of_record
SF:/usr/include/c++/12/bits/allocator.h
DA:156,93
DA:159,93
DA:160,93
DA:174,93
DA:179,10
DA:188,10
DA:193,3
DA:200,3
end_of_record
SF:/usr/include/c++/12/bits/stl_iterator_base_funcs.h
DA:99,93
DA:105,93
DA:147,93
DA:150,93
end_of_record
SF:/usr/include/c++/12/bits/char_traits.h
DA:347,177
DA:350,177
DA:354,93
DA:355,0
DA:389,93
DA:392,93
DA:395,93
DA:423,187
DA:425,93
DA:428,178
DA:431,178
end_of_record
SF:/usr/include/c++/12/iostream
end_of_record
SF:/usr/include/c++/12/bits/new_allocator.h
FN:112,_ZNSt15__new_allocatorIcE8allocateEmPKv
FNDA:10,_ZNSt15__new_allocatorIcE8allocateEmPKv
FN:142,_ZNSt15__new_allocatorIcE10deallocateEPcm
FNDA:3,_ZNSt15__new_allocatorIcE10deallocateEPcm
DA:80,93
DA:83,93
DA:112,10
DA:120,10
DA:126,0
DA:137,10
DA:142,3
DA:158,3
end_of_record
SF:/usr/include/c++/12/bits/basic_string.tcc
FN:134,_ZNSt7__cxx1112basic_stringIcSt11char_traitsIcESaIcEE9_M_createERmm
FNDA:10,_ZNSt7__cxx1112basic_stringIcSt11char_traitsIcESaIcEE9_M_createERmm
FN:217,_ZNSt7__cxx1112basic_stringIcSt11char_traitsIcESaIcEE12_M_constructIPKcEEvT_S8_St20forward_iterator_tag
FNDA:93,_ZNSt7__cxx1112basic_stringIcSt11char_traitsIcESaIcEE12_M_constructIPKcEEvT_S8_St20forward_iterator_tag
FN:238,_ZZNSt7__cxx1112basic_stringIcSt11char_traitsIcESaIcEE12_M_constructIPKcEEvT_S8_St20forward_iterator_tagEN6_GuardD2Ev
FNDA:93,_ZZNSt7__cxx1112basic_stringIcSt11char_traitsIcESaIcEE12_M_constructIPKcEEvT_S8_St20forward_iterator_tagEN6_GuardD2Ev
FN:321,_ZNSt7__cxx1112basic_stringIcSt11char_traitsIcESaIcEE9_M_mutateEmmPKcm
FNDA:10,_ZNSt7__cxx1112basic_stringIcSt11char_traitsIcESaIcEE9_M_mutateEmmPKcm
FN:409,_ZNSt7__cxx1112basic_stringIcSt11char_traitsIcESaIcEE9_M_appendEPKcm
FNDA:84,_ZNSt7__cxx1112basic_stringIcSt11char_traitsIcESaIcEE9_M_appendEPKcm
DA:134,10
DA:139,10
DA:140,0
DA:145,10
DA:147,10
DA:149,10
DA:150,0
DA:155,10
DA:217,93
DA:221,93
DA:223,93
DA:225,0
DA:226,0
DA:235,93
DA:238,93
DA:241,93
DA:243,93
DA:245,93
DA:247,93
DA:248,93
DA:321,10
DA:325,10
DA:327,10
DA:328,10
DA:330,10
DA:331,10
DA:332,10
DA:333,10
DA:334,10
DA:335,10
DA:336,0
DA:338,10
DA:339,10
DA:340,10
DA:341,10
DA:409,84
DA:412,84
DA:414,84
DA:416,74
DA:417,74
DA:420,10
DA:422,84
DA:423,84
end_of_record
