TN:
SF:/usr/include/x86_64-linux-gnu/c++/12/bits/c++config.h
FN:516,_ZSt23__is_constant_evaluatedv
FNDA:0,_ZSt23__is_constant_evaluatedv
DA:516,0
DA:523,0
end_of_record
SF:/usr/include/c++/12/bits/stl_iterator_base_funcs.h
FN:99,_ZSt10__distanceIPKcENSt15iterator_traitsIT_E15difference_typeES3_S3_St26random_access_iterator_tag
FNDA:0,_ZSt10__distanceIPKcENSt15iterator_traitsIT_E15difference_typeES3_S3_St26random_access_iterator_tag
FN:147,_ZSt8distanceIPKcENSt15iterator_traitsIT_E15difference_typeES3_S3_
FNDA:0,_ZSt8distanceIPKcENSt15iterator_traitsIT_E15difference_typeES3_S3_
DA:99,0
DA:105,0
DA:147,0
DA:150,0
DA:151,0
end_of_record
SF:/usr/include/c++/12/iostream
end_of_record
SF:/usr/include/c++/12/bits/char_traits.h
FN:121,_ZN9__gnu_cxx11char_traitsIcE2eqERKcS3_
FNDA:0,_ZN9__gnu_cxx11char_traitsIcE2eqERKcS3_
FN:182,_ZN9__gnu_cxx11char_traitsIcE6lengthEPKc
FNDA:0,_ZN9__gnu_cxx11char_traitsIcE6lengthEPKc
FN:389,_ZNSt11char_traitsIcE6lengthEPKc
FNDA:0,_ZNSt11char_traitsIcE6lengthEPKc
DA:121,0
DA:122,0
DA:182,0
DA:185,0
DA:186,0
DA:187,0
DA:188,0
DA:389,0
DA:392,0
DA:393,0
DA:395,0
end_of_record
SF:/usr/include/c++/12/bits/new_allocator.h
FN:80,_ZNSt15__new_allocatorIcEC2Ev
FNDA:0,_ZNSt15__new_allocatorIcEC2Ev
FN:90,_ZNSt15__new_allocatorIcED2Ev
FNDA:0,_ZNSt15__new_allocatorIcED2Ev
DA:80,0
DA:90,0
end_of_record
SF:/home/akiel/Desktop/Trunk/github/public-repos/OSS/RM-pkg/modules/number_theory/cipher.cpp
FN:13,_ZN6CIPHER8C_cipherENSt7__cxx1112basic_stringIcSt11char_traitsIcESaIcEEEi
FNDA:3,_ZN6CIPHER8C_cipherENSt7__cxx1112basic_stringIcSt11char_traitsIcESaIcEEEi
FN:31,_ZN6CIPHER9KC_encodeENSt7__cxx1112basic_stringIcSt11char_traitsIcESaIcEEE
FNDA:2,_ZN6CIPHER9KC_encodeENSt7__cxx1112basic_stringIcSt11char_traitsIcESaIcEEE
FN:66,_ZN6CIPHER9KC_cipherENSt7__cxx1112basic_stringIcSt11char_traitsIcESaIcEEES5_
FNDA:2,_ZN6CIPHER9KC_cipherENSt7__cxx1112basic_stringIcSt11char_traitsIcESaIcEEES5_
DA:13,3
DA:14,3
DA:16,36
DA:18,33
DA:20,20
DA:24,13
DA:28,3
DA:29,0
DA:31,2
DA:32,2
DA:34,2
DA:37,18
DA:38,16
DA:43,2
DA:44,2
DA:45,2
DA:48,14
DA:49,14
DA:50,13
DA:51,13
DA:57,54
DA:58,52
DA:59,37
DA:60,37
DA:63,4
DA:64,0
DA:66,2
DA:67,2
DA:73,18
DA:74,16
DA:75,14
DA:76,14
DA:79,2
DA:80,2
DA:81,2
DA:85,0
DA:88,2
DA:89,0
end_of_record
SF:/usr/include/c++/12/bits/basic_string.h
FN:634,_ZNSt7__cxx1112basic_stringIcSt11char_traitsIcESaIcEEC2IS3_EEPKcRKS3_
FNDA:0,_ZNSt7__cxx1112basic_stringIcSt11char_traitsIcESaIcEEC2IS3_EEPKcRKS3_
DA:358,0
DA:634,0
DA:635,0
DA:638,0
DA:639,0
DA:641,0
DA:642,0
DA:643,0
end_of_record
SF:/usr/include/c++/12/bits/basic_string.tcc
FN:217,_ZNSt7__cxx1112basic_stringIcSt11char_traitsIcESaIcEE12_M_constructIPKcEEvT_S8_St20forward_iterator_tag
FNDA:0,_ZNSt7__cxx1112basic_stringIcSt11char_traitsIcESaIcEE12_M_constructIPKcEEvT_S8_St20forward_iterator_tag
FN:235,_ZZNSt7__cxx1112basic_stringIcSt11char_traitsIcESaIcEE12_M_constructIPKcEEvT_S8_St20forward_iterator_tagEN6_GuardC2EPS4_
FNDA:0,_ZZNSt7__cxx1112basic_stringIcSt11char_traitsIcESaIcEE12_M_constructIPKcEEvT_S8_St20forward_iterator_tagEN6_GuardC2EPS4_
FN:238,_ZZNSt7__cxx1112basic_stringIcSt11char_traitsIcESaIcEE12_M_constructIPKcEEvT_S8_St20forward_iterator_tagEN6_GuardD2Ev
FNDA:0,_ZZNSt7__cxx1112basic_stringIcSt11char_traitsIcESaIcEE12_M_constructIPKcEEvT_S8_St20forward_iterator_tagEN6_GuardD2Ev
DA:217,0
DA:221,0
DA:223,0
DA:225,0
DA:226,0
DA:235,0
DA:238,0
DA:241,0
DA:243,0
DA:245,0
DA:247,0
DA:248,0
end_of_record
SF:/usr/include/c++/12/bits/stl_iterator_base_types.h
FN:238,_ZSt19__iterator_categoryIPKcENSt15iterator_traitsIT_E17iterator_categoryERKS3_
FNDA:0,_ZSt19__iterator_categoryIPKcENSt15iterator_traitsIT_E17iterator_categoryERKS3_
DA:238,0
DA:239,0
end_of_record
TN:
SF:/usr/include/c++/12/iostream
end_of_record
SF:/usr/include/c++/12/bits/new_allocator.h
FN:80,_ZNSt15__new_allocatorIcEC2Ev
FNDA:0,_ZNSt15__new_allocatorIcEC2Ev
FN:90,_ZNSt15__new_allocatorIcED2Ev
FNDA:0,_ZNSt15__new_allocatorIcED2Ev
DA:80,0
DA:90,0
end_of_record
SF:/usr/include/c++/12/bits/char_traits.h
FN:121,_ZN9__gnu_cxx11char_traitsIcE2eqERKcS3_
FNDA:0,_ZN9__gnu_cxx11char_traitsIcE2eqERKcS3_
FN:182,_ZN9__gnu_cxx11char_traitsIcE6lengthEPKc
FNDA:0,_ZN9__gnu_cxx11char_traitsIcE6lengthEPKc
FN:389,_ZNSt11char_traitsIcE6lengthEPKc
FNDA:0,_ZNSt11char_traitsIcE6lengthEPKc
DA:121,0
DA:122,0
DA:182,0
DA:185,0
DA:186,0
DA:187,0
DA:188,0
DA:389,0
DA:392,0
DA:393,0
DA:395,0
end_of_record
SF:/usr/include/c++/12/bits/basic_string.h
FN:634,_ZNSt7__cxx1112basic_stringIcSt11char_traitsIcESaIcEEC2IS3_EEPKcRKS3_
FNDA:0,_ZNSt7__cxx1112basic_stringIcSt11char_traitsIcESaIcEEC2IS3_EEPKcRKS3_
DA:358,0
DA:634,0
DA:635,0
DA:638,0
DA:639,0
DA:641,0
DA:642,0
DA:643,0
end_of_record
SF:/usr/include/x86_64-linux-gnu/c++/12/bits/c++config.h
FN:516,_ZSt23__is_constant_evaluatedv
FNDA:0,_ZSt23__is_constant_evaluatedv
DA:516,0
DA:523,0
end_of_record
SF:/usr/include/c++/12/bits/stl_iterator_base_funcs.h
FN:99,_ZSt10__distanceIPKcENSt15iterator_traitsIT_E15difference_typeES3_S3_St26random_access_iterator_tag
FNDA:0,_ZSt10__distanceIPKcENSt15iterator_traitsIT_E15difference_typeES3_S3_St26random_access_iterator_tag
FN:147,_ZSt8distanceIPKcENSt15iterator_traitsIT_E15difference_typeES3_S3_
FNDA:0,_ZSt8distanceIPKcENSt15iterator_traitsIT_E15difference_typeES3_S3_
DA:99,0
DA:105,0
DA:147,0
DA:150,0
DA:151,0
end_of_record
SF:/usr/include/c++/12/bits/basic_string.tcc
FN:217,_ZNSt7__cxx1112basic_stringIcSt11char_traitsIcESaIcEE12_M_constructIPKcEEvT_S8_St20forward_iterator_tag
FNDA:0,_ZNSt7__cxx1112basic_stringIcSt11char_traitsIcESaIcEE12_M_constructIPKcEEvT_S8_St20forward_iterator_tag
FN:235,_ZZNSt7__cxx1112basic_stringIcSt11char_traitsIcESaIcEE12_M_constructIPKcEEvT_S8_St20forward_iterator_tagEN6_GuardC2EPS4_
FNDA:0,_ZZNSt7__cxx1112basic_stringIcSt11char_traitsIcESaIcEE12_M_constructIPKcEEvT_S8_St20forward_iterator_tagEN6_GuardC2EPS4_
FN:238,_ZZNSt7__cxx1112basic_stringIcSt11char_traitsIcESaIcEE12_M_constructIPKcEEvT_S8_St20forward_iterator_tagEN6_GuardD2Ev
FNDA:0,_ZZNSt7__cxx1112basic_stringIcSt11char_traitsIcESaIcEE12_M_constructIPKcEEvT_S8_St20forward_iterator_tagEN6_GuardD2Ev
DA:217,0
DA:221,0
DA:223,0
DA:225,0
DA:226,0
DA:235,0
DA:238,0
DA:241,0
DA:243,0
DA:245,0
DA:247,0
DA:248,0
end_of_record
SF:/usr/include/c++/12/bits/stl_iterator_base_types.h
FN:238,_ZSt19__iterator_categoryIPKcENSt15iterator_traitsIT_E17iterator_categoryERKS3_
FNDA:0,_ZSt19__iterator_categoryIPKcENSt15iterator_traitsIT_E17iterator_categoryERKS3_
DA:238,0
DA:239,0
end_of_record
SF:/home/akiel/Desktop/Trunk/github/public-repos/OSS/RM-pkg/modules/number_theory/rc4.cpp
FN:18,_ZN3RC49byte_swapEPhS0_
FNDA:796,_ZN3RC49byte_swapEPhS0_
FN:25,_ZN3RC49trad_swapEPhS0_
FNDA:796,_ZN3RC49trad_swapEPhS0_
FN:31,_ZN3RC48XOR_swapEPhS0_
FNDA:796,_ZN3RC48XOR_swapEPhS0_
FN:37,_ZN3RC43KSAEPcPhi
FNDA:9,_ZN3RC43KSAEPcPhi
FN:64,_ZN3RC44PRGAEPhPcS0_i
FNDA:9,_ZN3RC44PRGAEPhPcS0_i
FN:93,_ZN3RC410store_hashB5cxx11EPcPhi
FNDA:9,_ZN3RC410store_hashB5cxx11EPcPhi
FN:122,_ZN3RC47computeEPcS0_Phi
FNDA:15,_ZN3RC47computeEPcS0_Phi
DA:18,796
DA:19,796
DA:20,796
DA:21,796
DA:22,796
DA:23,796
DA:25,796
DA:26,796
DA:27,796
DA:28,796
DA:29,796
DA:31,796
DA:32,796
DA:33,796
DA:34,796
DA:35,796
DA:37,9
DA:41,9
DA:42,9
DA:44,2313
DA:45,2304
DA:48,2313
DA:49,2304
DA:52,2304
DA:53,768
DA:55,1536
DA:56,768
DA:58,768
DA:59,768
DA:62,9
DA:64,9
DA:69,9
DA:70,9
DA:72,93
DA:73,84
DA:74,84
DA:77,84
DA:78,28
DA:80,56
DA:81,28
DA:83,28
DA:84,28
DA:87,84
DA:89,84
DA:91,9
DA:93,9
DA:98,9
DA:100,9
DA:101,9
DA:104,9
DA:107,9
DA:108,93
DA:109,84
DA:110,28
DA:114,56
DA:117,84
DA:119,18
DA:120,9
DA:122,15
DA:127,15
DA:128,2
DA:132,13
DA:134,9
DA:135,9
DA:136,9
DA:138,4
DA:139,4
DA:142,9
end_of_record
TN:
SF:/usr/include/c++/12/ext/alloc_traits.h
FN:97,_ZN9__gnu_cxx14__alloc_traitsISaIcEcE17_S_select_on_copyERKS1_
FNDA:0,_ZN9__gnu_cxx14__alloc_traitsISaIcEcE17_S_select_on_copyERKS1_
DA:97,0
DA:98,0
end_of_record
SF:/usr/include/c++/12/bits/stl_iterator_base_funcs.h
FN:99,_ZSt10__distanceIPcENSt15iterator_traitsIT_E15difference_typeES2_S2_St26random_access_iterator_tag
FNDA:0,_ZSt10__distanceIPcENSt15iterator_traitsIT_E15difference_typeES2_S2_St26random_access_iterator_tag
FN:99,_ZSt10__distanceIPKcENSt15iterator_traitsIT_E15difference_typeES3_S3_St26random_access_iterator_tag
FNDA:0,_ZSt10__distanceIPKcENSt15iterator_traitsIT_E15difference_typeES3_S3_St26random_access_iterator_tag
FN:147,_ZSt8distanceIPcENSt15iterator_traitsIT_E15difference_typeES2_S2_
FNDA:0,_ZSt8distanceIPcENSt15iterator_traitsIT_E15difference_typeES2_S2_
FN:147,_ZSt8distanceIPKcENSt15iterator_traitsIT_E15difference_typeES3_S3_
FNDA:0,_ZSt8distanceIPKcENSt15iterator_traitsIT_E15difference_typeES3_S3_
DA:99,0
DA:105,0
DA:99,0
DA:105,0
DA:147,0
DA:150,0
DA:151,0
DA:147,0
DA:150,0
DA:151,0
end_of_record
SF:/usr/include/c++/12/bits/new_allocator.h
FN:80,_ZNSt15__new_allocatorIcEC2Ev
FNDA:0,_ZNSt15__new_allocatorIcEC2Ev
FN:83,_ZNSt15__new_allocatorIcEC2ERKS0_
FNDA:0,_ZNSt15__new_allocatorIcEC2ERKS0_
FN:90,_ZNSt15__new_allocatorIcED2Ev
FNDA:0,_ZNSt15__new_allocatorIcED2Ev
DA:80,0
DA:83,0
DA:90,0
end_of_record
SF:/usr/include/c++/12/bits/basic_string.h
FN:634,_ZNSt7__cxx1112basic_stringIcSt11char_traitsIcESaIcEEC2IS3_EEPKcRKS3_
FNDA:0,_ZNSt7__cxx1112basic_stringIcSt11char_traitsIcESaIcEEC2IS3_EEPKcRKS3_
FN:3599,_ZSteqIcSt11char_traitsIcESaIcEEbRKNSt7__cxx1112basic_stringIT_T0_T1_EEPKS5_
FNDA:9,_ZSteqIcSt11char_traitsIcESaIcEEbRKNSt7__cxx1112basic_stringIT_T0_T1_EEPKS5_
DA:358,0
DA:634,0
DA:635,0
DA:638,0
DA:639,0
DA:641,0
DA:642,0
DA:643,0
DA:3599,9
DA:3601,9
end_of_record
SF:/usr/include/c++/12/bits/move.h
FN:104,_ZSt4moveIRSaIcEEONSt16remove_referenceIT_E4typeEOS3_
FNDA:0,_ZSt4moveIRSaIcEEONSt16remove_referenceIT_E4typeEOS3_
DA:104,0
DA:105,0
end_of_record
SF:/usr/include/c++/12/bits/stl_iterator_base_types.h
FN:238,_ZSt19__iterator_categoryIPKcENSt15iterator_traitsIT_E17iterator_categoryERKS3_
FNDA:0,_ZSt19__iterator_categoryIPKcENSt15iterator_traitsIT_E17iterator_categoryERKS3_
FN:238,_ZSt19__iterator_categoryIPcENSt15iterator_traitsIT_E17iterator_categoryERKS2_
FNDA:0,_ZSt19__iterator_categoryIPcENSt15iterator_traitsIT_E17iterator_categoryERKS2_
DA:238,0
DA:239,0
DA:238,0
DA:239,0
end_of_record
SF:/usr/include/x86_64-linux-gnu/c++/12/bits/c++config.h
FN:516,_ZSt23__is_constant_evaluatedv
FNDA:0,_ZSt23__is_constant_evaluatedv
DA:516,0
DA:523,0
end_of_record
SF:/usr/include/c++/12/iostream
end_of_record
SF:/usr/include/c++/12/bits/char_traits.h
FN:121,_ZN9__gnu_cxx11char_traitsIcE2eqERKcS3_
FNDA:0,_ZN9__gnu_cxx11char_traitsIcE2eqERKcS3_
FN:182,_ZN9__gnu_cxx11char_traitsIcE6lengthEPKc
FNDA:0,_ZN9__gnu_cxx11char_traitsIcE6lengthEPKc
FN:389,_ZNSt11char_traitsIcE6lengthEPKc
FNDA:0,_ZNSt11char_traitsIcE6lengthEPKc
DA:121,0
DA:122,0
DA:182,0
DA:185,0
DA:186,0
DA:187,0
DA:188,0
DA:389,0
DA:392,0
DA:393,0
DA:395,0
end_of_record
SF:/home/akiel/Desktop/Trunk/github/public-repos/OSS/RM-pkg/modules/calculus/deriv.cpp
FN:39,_ZN8calculus14derivativeTermENSt7__cxx1112basic_stringIcSt11char_traitsIcESaIcEEEx
FNDA:5,_ZN8calculus14derivativeTermENSt7__cxx1112basic_stringIcSt11char_traitsIcESaIcEEEx
FN:71,_ZN8calculus11rm_deriv_atERNSt7__cxx1112basic_stringIcSt11char_traitsIcESaIcEEEi
FNDA:1,_ZN8calculus11rm_deriv_atERNSt7__cxx1112basic_stringIcSt11char_traitsIcESaIcEEEi
FN:93,_ZN8calculus8rm_derivERNSt7__cxx1112basic_stringIcSt11char_traitsIcESaIcEEE
FNDA:0,_ZN8calculus8rm_derivERNSt7__cxx1112basic_stringIcSt11char_traitsIcESaIcEEE
DA:39,5
DA:41,5
DA:43,5
DA:46,10
DA:47,5
DA:49,5
DA:52,5
DA:54,10
DA:55,5
DA:56,5
DA:58,5
DA:61,5
DA:62,5
DA:63,5
DA:64,5
DA:66,5
DA:68,5
DA:69,5
DA:71,1
DA:72,1
DA:75,1
DA:77,1
DA:78,10
DA:81,9
DA:82,4
DA:86,5
DA:88,1
DA:89,1
DA:90,1
DA:91,1
DA:93,0
DA:94,0
DA:97,0
DA:99,0
DA:100,0
DA:105,0
DA:106,0
DA:110,0
DA:112,0
DA:113,0
end_of_record
SF:/usr/include/c++/12/bits/basic_string.tcc
FN:217,_ZNSt7__cxx1112basic_stringIcSt11char_traitsIcESaIcEE12_M_constructIPcEEvT_S7_St20forward_iterator_tag
FNDA:0,_ZNSt7__cxx1112basic_stringIcSt11char_traitsIcESaIcEE12_M_constructIPcEEvT_S7_St20forward_iterator_tag
FN:217,_ZNSt7__cxx1112basic_stringIcSt11char_traitsIcESaIcEE12_M_constructIPKcEEvT_S8_St20forward_iterator_tag
FNDA:0,_ZNSt7__cxx1112basic_stringIcSt11char_traitsIcESaIcEE12_M_constructIPKcEEvT_S8_St20forward_iterator_tag
FN:235,_ZZNSt7__cxx1112basic_stringIcSt11char_traitsIcESaIcEE12_M_constructIPcEEvT_S7_St20forward_iterator_tagEN6_GuardC2EPS4_
FNDA:0,_ZZNSt7__cxx1112basic_stringIcSt11char_traitsIcESaIcEE12_M_constructIPcEEvT_S7_St20forward_iterator_tagEN6_GuardC2EPS4_
FN:235,_ZZNSt7__cxx1112basic_stringIcSt11char_traitsIcESaIcEE12_M_constructIPKcEEvT_S8_St20forward_iterator_tagEN6_GuardC2EPS4_
FNDA:0,_ZZNSt7__cxx1112basic_stringIcSt11char_traitsIcESaIcEE12_M_constructIPKcEEvT_S8_St20forward_iterator_tagEN6_GuardC2EPS4_
FN:238,_ZZNSt7__cxx1112basic_stringIcSt11char_traitsIcESaIcEE12_M_constructIPcEEvT_S7_St20forward_iterator_tagEN6_GuardD2Ev
FNDA:0,_ZZNSt7__cxx1112basic_stringIcSt11char_traitsIcESaIcEE12_M_constructIPcEEvT_S7_St20forward_iterator_tagEN6_GuardD2Ev
FN:238,_ZZNSt7__cxx1112basic_stringIcSt11char_traitsIcESaIcEE12_M_constructIPKcEEvT_S8_St20forward_iterator_tagEN6_GuardD2Ev
FNDA:0,_ZZNSt7__cxx1112basic_stringIcSt11char_traitsIcESaIcEE12_M_constructIPKcEEvT_S8_St20forward_iterator_tagEN6_GuardD2Ev
DA:217,0
DA:221,0
DA:223,0
DA:225,0
DA:226,0
DA:241,0
DA:243,0
DA:245,0
DA:247,0
DA:248,0
DA:217,0
DA:221,0
DA:223,0
DA:225,0
DA:226,0
DA:241,0
DA:243,0
DA:245,0
DA:247,0
DA:248,0
DA:235,0
DA:235,0
DA:238,0
DA:238,0
end_of_record
SF:/usr/include/c++/12/bits/alloc_traits.h
FN:562,_ZNSt16allocator_traitsISaIcEE37select_on_container_copy_constructionERKS0_
FNDA:0,_ZNSt16allocator_traitsISaIcEE37select_on_container_copy_constructionERKS0_
DA:562,0
DA:563,0
end_of_record
TN:
SF:/home/akiel/Desktop/Trunk/github/public-repos/OSS/RM-pkg/tests/number_theory/t_cipher.cpp
FN:16,_ZN12_GLOBAL__N_126ccipher_test_caesar_0_TestC2Ev
FNDA:1,_ZN12_GLOBAL__N_126ccipher_test_caesar_0_TestC2Ev
FN:16,_ZN12_GLOBAL__N_126ccipher_test_caesar_0_Test8TestBodyEv
FNDA:1,_ZN12_GLOBAL__N_126ccipher_test_caesar_0_Test8TestBodyEv
FN:16,_ZN12_GLOBAL__N_126ccipher_test_caesar_0_TestD2Ev
FNDA:1,_ZN12_GLOBAL__N_126ccipher_test_caesar_0_TestD2Ev
FN:16,_ZN12_GLOBAL__N_126ccipher_test_caesar_0_TestD0Ev
FNDA:1,_ZN12_GLOBAL__N_126ccipher_test_caesar_0_TestD0Ev
FN:25,_ZN12_GLOBAL__N_126ccipher_test_caesar_1_Test8TestBodyEv
FNDA:1,_ZN12_GLOBAL__N_126ccipher_test_caesar_1_Test8TestBodyEv
FN:25,_ZN12_GLOBAL__N_126ccipher_test_caesar_1_TestD0Ev
FNDA:1,_ZN12_GLOBAL__N_126ccipher_test_caesar_1_TestD0Ev
FN:25,_ZN12_GLOBAL__N_126ccipher_test_caesar_1_TestD2Ev
FNDA:1,_ZN12_GLOBAL__N_126ccipher_test_caesar_1_TestD2Ev
FN:25,_ZN12_GLOBAL__N_126ccipher_test_caesar_1_TestC2Ev
FNDA:1,_ZN12_GLOBAL__N_126ccipher_test_caesar_1_TestC2Ev
FN:34,_ZN12_GLOBAL__N_126ccipher_test_caesar_2_TestD2Ev
FNDA:1,_ZN12_GLOBAL__N_126ccipher_test_caesar_2_TestD2Ev
FN:34,_ZN12_GLOBAL__N_126ccipher_test_caesar_2_Test8TestBodyEv
FNDA:1,_ZN12_GLOBAL__N_126ccipher_test_caesar_2_Test8TestBodyEv
FN:34,_ZN12_GLOBAL__N_126ccipher_test_caesar_2_TestC2Ev
FNDA:1,_ZN12_GLOBAL__N_126ccipher_test_caesar_2_TestC2Ev
FN:34,_ZN12_GLOBAL__N_126ccipher_test_caesar_2_TestD0Ev
FNDA:1,_ZN12_GLOBAL__N_126ccipher_test_caesar_2_TestD0Ev
FN:43,_ZN12_GLOBAL__N_127kcipher_test_keyword_0_TestD2Ev
FNDA:1,_ZN12_GLOBAL__N_127kcipher_test_keyword_0_TestD2Ev
FN:43,_ZN12_GLOBAL__N_127kcipher_test_keyword_0_TestC2Ev
FNDA:1,_ZN12_GLOBAL__N_127kcipher_test_keyword_0_TestC2Ev
FN:43,_ZN12_GLOBAL__N_127kcipher_test_keyword_0_Test8TestBodyEv
FNDA:1,_ZN12_GLOBAL__N_127kcipher_test_keyword_0_Test8TestBodyEv
FN:43,_ZN12_GLOBAL__N_127kcipher_test_keyword_0_TestD0Ev
FNDA:1,_ZN12_GLOBAL__N_127kcipher_test_keyword_0_TestD0Ev
FN:57,_ZN12_GLOBAL__N_127kcipher_test_keyword_1_TestC2Ev
FNDA:1,_ZN12_GLOBAL__N_127kcipher_test_keyword_1_TestC2Ev
FN:57,_ZN12_GLOBAL__N_127kcipher_test_keyword_1_Test8TestBodyEv
FNDA:1,_ZN12_GLOBAL__N_127kcipher_test_keyword_1_Test8TestBodyEv
FN:57,_ZN12_GLOBAL__N_127kcipher_test_keyword_1_TestD2Ev
FNDA:1,_ZN12_GLOBAL__N_127kcipher_test_keyword_1_TestD2Ev
FN:57,_ZN12_GLOBAL__N_127kcipher_test_keyword_1_TestD0Ev
FNDA:1,_ZN12_GLOBAL__N_127kcipher_test_keyword_1_TestD0Ev
DA:16,1
DA:16,1
DA:16,1
DA:16,1
DA:17,1
DA:18,1
DA:19,1
DA:20,1
DA:22,1
DA:23,1
DA:25,1
DA:25,1
DA:25,1
DA:25,1
DA:26,1
DA:27,1
DA:28,1
DA:29,1
DA:31,1
DA:32,1
DA:34,1
DA:34,1
DA:34,1
DA:34,1
DA:35,1
DA:36,1
DA:37,1
DA:38,1
DA:40,1
DA:41,1
DA:43,1
DA:43,1
DA:43,1
DA:43,1
DA:44,1
DA:45,1
DA:48,1
DA:50,1
DA:52,1
DA:54,1
DA:55,1
DA:57,1
DA:57,1
DA:57,1
DA:57,1
DA:58,1
DA:59,1
DA:62,1
DA:64,1
DA:66,1
DA:68,1
DA:69,1
end_of_record
SF:/usr/include/c++/12/tuple
FN:124,_ZNSt10_Head_baseILm1ESt14default_deleteINSt7__cxx1118basic_stringstreamIcSt11char_traitsIcESaIcEEEELb1EE7_M_headERS8_
FNDA:0,_ZNSt10_Head_baseILm1ESt14default_deleteINSt7__cxx1118basic_stringstreamIcSt11char_traitsIcESaIcEEEELb1EE7_M_headERS8_
FN:124,_ZNSt10_Head_baseILm1ESt14default_deleteINSt7__cxx1112basic_stringIcSt11char_traitsIcESaIcEEEELb1EE7_M_headERS8_
FNDA:0,_ZNSt10_Head_baseILm1ESt14default_deleteINSt7__cxx1112basic_stringIcSt11char_traitsIcESaIcEEEELb1EE7_M_headERS8_
FN:233,_ZNSt10_Head_baseILm0EPNSt7__cxx1112basic_stringIcSt11char_traitsIcESaIcEEELb0EE7_M_headERS7_
FNDA:0,_ZNSt10_Head_baseILm0EPNSt7__cxx1112basic_stringIcSt11char_traitsIcESaIcEEELb0EE7_M_headERS7_
FN:233,_ZNSt10_Head_baseILm0EPNSt7__cxx1118basic_stringstreamIcSt11char_traitsIcESaIcEEELb0EE7_M_headERS7_
FNDA:0,_ZNSt10_Head_baseILm0EPNSt7__cxx1118basic_stringstreamIcSt11char_traitsIcESaIcEEELb0EE7_M_headERS7_
FN:236,_ZNSt10_Head_baseILm0EPNSt7__cxx1112basic_stringIcSt11char_traitsIcESaIcEEELb0EE7_M_headERKS7_
FNDA:0,_ZNSt10_Head_baseILm0EPNSt7__cxx1112basic_stringIcSt11char_traitsIcESaIcEEELb0EE7_M_headERKS7_
FN:268,_ZNSt11_Tuple_implILm0EJPNSt7__cxx1112basic_stringIcSt11char_traitsIcESaIcEEESt14default_deleteIS5_EEE7_M_headERS9_
FNDA:0,_ZNSt11_Tuple_implILm0EJPNSt7__cxx1112basic_stringIcSt11char_traitsIcESaIcEEESt14default_deleteIS5_EEE7_M_headERS9_
FN:268,_ZNSt11_Tuple_implILm0EJPNSt7__cxx1118basic_stringstreamIcSt11char_traitsIcESaIcEEESt14default_deleteIS5_EEE7_M_headERS9_
FNDA:0,_ZNSt11_Tuple_implILm0EJPNSt7__cxx1118basic_stringstreamIcSt11char_traitsIcESaIcEEESt14default_deleteIS5_EEE7_M_headERS9_
FN:271,_ZNSt11_Tuple_implILm0EJPNSt7__cxx1112basic_stringIcSt11char_traitsIcESaIcEEESt14default_deleteIS5_EEE7_M_headERKS9_
FNDA:0,_ZNSt11_Tuple_implILm0EJPNSt7__cxx1112basic_stringIcSt11char_traitsIcESaIcEEESt14default_deleteIS5_EEE7_M_headERKS9_
FN:424,_ZNSt11_Tuple_implILm1EJSt14default_deleteINSt7__cxx1112basic_stringIcSt11char_traitsIcESaIcEEEEEE7_M_headERS8_
FNDA:0,_ZNSt11_Tuple_implILm1EJSt14default_deleteINSt7__cxx1112basic_stringIcSt11char_traitsIcESaIcEEEEEE7_M_headERS8_
FN:424,_ZNSt11_Tuple_implILm1EJSt14default_deleteINSt7__cxx1118basic_stringstreamIcSt11char_traitsIcESaIcEEEEEE7_M_headERS8_
FNDA:0,_ZNSt11_Tuple_implILm1EJSt14default_deleteINSt7__cxx1118basic_stringstreamIcSt11char_traitsIcESaIcEEEEEE7_M_headERS8_
FN:1364,_ZSt12__get_helperILm1ESt14default_deleteINSt7__cxx1118basic_stringstreamIcSt11char_traitsIcESaIcEEEEJEERT0_RSt11_Tuple_implIXT_EJS8_DpT1_EE
FNDA:0,_ZSt12__get_helperILm1ESt14default_deleteINSt7__cxx1118basic_stringstreamIcSt11char_traitsIcESaIcEEEEJEERT0_RSt11_Tuple_implIXT_EJS8_DpT1_EE
FN:1364,_ZSt12__get_helperILm0EPNSt7__cxx1118basic_stringstreamIcSt11char_traitsIcESaIcEEEJSt14default_deleteIS5_EEERT0_RSt11_Tuple_implIXT_EJS9_DpT1_EE
FNDA:0,_ZSt12__get_helperILm0EPNSt7__cxx1118basic_stringstreamIcSt11char_traitsIcESaIcEEEJSt14default_deleteIS5_EEERT0_RSt11_Tuple_implIXT_EJS9_DpT1_EE
FN:1364,_ZSt12__get_helperILm0EPNSt7__cxx1112basic_stringIcSt11char_traitsIcESaIcEEEJSt14default_deleteIS5_EEERT0_RSt11_Tuple_implIXT_EJS9_DpT1_EE
FNDA:0,_ZSt12__get_helperILm0EPNSt7__cxx1112basic_stringIcSt11char_traitsIcESaIcEEEJSt14default_deleteIS5_EEERT0_RSt11_Tuple_implIXT_EJS9_DpT1_EE
FN:1364,_ZSt12__get_helperILm1ESt14default_deleteINSt7__cxx1112basic_stringIcSt11char_traitsIcESaIcEEEEJEERT0_RSt11_Tuple_implIXT_EJS8_DpT1_EE
FNDA:0,_ZSt12__get_helperILm1ESt14default_deleteINSt7__cxx1112basic_stringIcSt11char_traitsIcESaIcEEEEJEERT0_RSt11_Tuple_implIXT_EJS8_DpT1_EE
FN:1369,_ZSt12__get_helperILm0EPNSt7__cxx1112basic_stringIcSt11char_traitsIcESaIcEEEJSt14default_deleteIS5_EEERKT0_RKSt11_Tuple_implIXT_EJS9_DpT1_EE
FNDA:0,_ZSt12__get_helperILm0EPNSt7__cxx1112basic_stringIcSt11char_traitsIcESaIcEEEJSt14default_deleteIS5_EEERKT0_RKSt11_Tuple_implIXT_EJS9_DpT1_EE
FN:1380,_ZSt3getILm1EJPNSt7__cxx1112basic_stringIcSt11char_traitsIcESaIcEEESt14default_deleteIS5_EEERNSt13tuple_elementIXT_ESt5tupleIJDpT0_EEE4typeERSD_
FNDA:0,_ZSt3getILm1EJPNSt7__cxx1112basic_stringIcSt11char_traitsIcESaIcEEESt14default_deleteIS5_EEERNSt13tuple_elementIXT_ESt5tupleIJDpT0_EEE4typeERSD_
FN:1380,_ZSt3getILm1EJPNSt7__cxx1118basic_stringstreamIcSt11char_traitsIcESaIcEEESt14default_deleteIS5_EEERNSt13tuple_elementIXT_ESt5tupleIJDpT0_EEE4typeERSD_
FNDA:0,_ZSt3getILm1EJPNSt7__cxx1118basic_stringstreamIcSt11char_traitsIcESaIcEEESt14default_deleteIS5_EEERNSt13tuple_elementIXT_ESt5tupleIJDpT0_EEE4typeERSD_
FN:1380,_ZSt3getILm0EJPNSt7__cxx1112basic_stringIcSt11char_traitsIcESaIcEEESt14default_deleteIS5_EEERNSt13tuple_elementIXT_ESt5tupleIJDpT0_EEE4typeERSD_
FNDA:0,_ZSt3getILm0EJPNSt7__cxx1112basic_stringIcSt11char_traitsIcESaIcEEESt14default_deleteIS5_EEERNSt13tuple_elementIXT_ESt5tupleIJDpT0_EEE4typeERSD_
FN:1380,_ZSt3getILm0EJPNSt7__cxx1118basic_stringstreamIcSt11char_traitsIcESaIcEEESt14default_deleteIS5_EEERNSt13tuple_elementIXT_ESt5tupleIJDpT0_EEE4typeERSD_
FNDA:0,_ZSt3getILm0EJPNSt7__cxx1118basic_stringstreamIcSt11char_traitsIcESaIcEEESt14default_deleteIS5_EEERNSt13tuple_elementIXT_ESt5tupleIJDpT0_EEE4typeERSD_
FN:1386,_ZSt3getILm0EJPNSt7__cxx1112basic_stringIcSt11char_traitsIcESaIcEEESt14default_deleteIS5_EEERKNSt13tuple_elementIXT_ESt5tupleIJDpT0_EEE4typeERKSD_
FNDA:0,_ZSt3getILm0EJPNSt7__cxx1112basic_stringIcSt11char_traitsIcESaIcEEESt14default_deleteIS5_EEERKNSt13tuple_elementIXT_ESt5tupleIJDpT0_EEE4typeERKSD_
DA:124,0
DA:124,0
DA:233,0
DA:233,0
DA:236,0
DA:268,0
DA:268,0
DA:271,0
DA:424,0
DA:424,0
DA:1364,0
DA:1365,0
DA:1364,0
DA:1365,0
DA:1364,0
DA:1365,0
DA:1364,0
DA:1365,0
DA:1369,0
DA:1370,0
DA:1380,0
DA:1381,0
DA:1380,0
DA:1381,0
DA:1380,0
DA:1381,0
DA:1380,0
DA:1381,0
DA:1386,0
DA:1387,0
end_of_record
SF:/usr/include/x86_64-linux-gnu/c++/12/bits/c++config.h
FN:516,_ZSt23__is_constant_evaluatedv
FNDA:0,_ZSt23__is_constant_evaluatedv
DA:516,0
DA:523,0
end_of_record
SF:/usr/include/c++/12/bits/char_traits.h
FN:121,_ZN9__gnu_cxx11char_traitsIcE2eqERKcS3_
FNDA:0,_ZN9__gnu_cxx11char_traitsIcE2eqERKcS3_
FN:182,_ZN9__gnu_cxx11char_traitsIcE6lengthEPKc
FNDA:0,_ZN9__gnu_cxx11char_traitsIcE6lengthEPKc
FN:362,_ZNSt11char_traitsIcE2ltERKcS2_
FNDA:0,_ZNSt11char_traitsIcE2ltERKcS2_
FN:370,_ZNSt11char_traitsIcE7compareEPKcS2_m
FNDA:14,_ZNSt11char_traitsIcE7compareEPKcS2_m
FN:389,_ZNSt11char_traitsIcE6lengthEPKc
FNDA:0,_ZNSt11char_traitsIcE6lengthEPKc
DA:121,0
DA:122,0
DA:182,0
DA:185,0
DA:186,0
DA:187,0
DA:188,0
DA:362,0
DA:365,0
DA:366,0
DA:370,14
DA:372,14
DA:373,0
DA:375,14
DA:377,0
DA:378,0
DA:379,0
DA:380,0
DA:381,0
DA:382,0
DA:385,14
DA:389,0
DA:392,0
DA:393,0
DA:395,0
end_of_record
SF:/usr/include/c++/12/iostream
end_of_record
SF:/usr/local/include/gtest/gtest-printers.h
FN:332,_ZN7testing8internal19FormatForComparisonINSt7__cxx1112basic_stringIcSt11char_traitsIcESaIcEEES7_E6FormatERKS7_
FNDA:0,_ZN7testing8internal19FormatForComparisonINSt7__cxx1112basic_stringIcSt11char_traitsIcESaIcEEES7_E6FormatERKS7_
FN:412,_ZN7testing8internal33FormatForComparisonFailureMessageINSt7__cxx1112basic_stringIcSt11char_traitsIcESaIcEEES7_EES7_RKT_RKT0_
FNDA:0,_ZN7testing8internal33FormatForComparisonFailureMessageINSt7__cxx1112basic_stringIcSt11char_traitsIcESaIcEEES7_EES7_RKT_RKT0_
FN:554,_ZN7testing8internal7PrintToERKNSt7__cxx1112basic_stringIcSt11char_traitsIcESaIcEEEPSo
FNDA:0,_ZN7testing8internal7PrintToERKNSt7__cxx1112basic_stringIcSt11char_traitsIcESaIcEEEPSo
FN:693,_ZN7testing8internal16UniversalPrinterINSt7__cxx1112basic_stringIcSt11char_traitsIcESaIcEEEE5PrintERKS7_PSo
FNDA:0,_ZN7testing8internal16UniversalPrinterINSt7__cxx1112basic_stringIcSt11char_traitsIcESaIcEEEE5PrintERKS7_PSo
FN:883,_ZN7testing8internal21UniversalTersePrinterINSt7__cxx1112basic_stringIcSt11char_traitsIcESaIcEEEE5PrintERKS7_PSo
FNDA:0,_ZN7testing8internal21UniversalTersePrinterINSt7__cxx1112basic_stringIcSt11char_traitsIcESaIcEEEE5PrintERKS7_PSo
FN:995,_ZN7testing8internal14UniversalPrintINSt7__cxx1112basic_stringIcSt11char_traitsIcESaIcEEEEEvRKT_PSo
FNDA:0,_ZN7testing8internal14UniversalPrintINSt7__cxx1112basic_stringIcSt11char_traitsIcESaIcEEEEEvRKT_PSo
FN:1035,_ZN7testing13PrintToStringINSt7__cxx1112basic_stringIcSt11char_traitsIcESaIcEEEEES6_RKT_
FNDA:0,_ZN7testing13PrintToStringINSt7__cxx1112basic_stringIcSt11char_traitsIcESaIcEEEEES6_RKT_
DA:332,0
DA:333,0
DA:412,0
DA:414,0
DA:554,0
DA:555,0
DA:556,0
DA:693,0
DA:702,0
DA:703,0
DA:883,0
DA:884,0
DA:885,0
DA:995,0
DA:999,0
DA:1000,0
DA:1035,0
DA:1036,0
DA:1037,0
DA:1038,0
DA:1039,0
end_of_record
SF:/usr/include/c++/12/bits/unique_ptr.h
FN:89,_ZNKSt14default_deleteINSt7__cxx1112basic_stringIcSt11char_traitsIcESaIcEEEEclEPS5_
FNDA:0,_ZNKSt14default_deleteINSt7__cxx1112basic_stringIcSt11char_traitsIcESaIcEEEEclEPS5_
FN:89,_ZNKSt14default_deleteINSt7__cxx1118basic_stringstreamIcSt11char_traitsIcESaIcEEEEclEPS5_
FNDA:0,_ZNKSt14default_deleteINSt7__cxx1118basic_stringstreamIcSt11char_traitsIcESaIcEEEEclEPS5_
FN:189,_ZNSt15__uniq_ptr_implINSt7__cxx1112basic_stringIcSt11char_traitsIcESaIcEEESt14default_deleteIS5_EE6_M_ptrEv
FNDA:0,_ZNSt15__uniq_ptr_implINSt7__cxx1112basic_stringIcSt11char_traitsIcESaIcEEESt14default_deleteIS5_EE6_M_ptrEv
FN:189,_ZNSt15__uniq_ptr_implINSt7__cxx1118basic_stringstreamIcSt11char_traitsIcESaIcEEESt14default_deleteIS5_EE6_M_ptrEv
FNDA:0,_ZNSt15__uniq_ptr_implINSt7__cxx1118basic_stringstreamIcSt11char_traitsIcESaIcEEESt14default_deleteIS5_EE6_M_ptrEv
FN:191,_ZNKSt15__uniq_ptr_implINSt7__cxx1112basic_stringIcSt11char_traitsIcESaIcEEESt14default_deleteIS5_EE6_M_ptrEv
FNDA:0,_ZNKSt15__uniq_ptr_implINSt7__cxx1112basic_stringIcSt11char_traitsIcESaIcEEESt14default_deleteIS5_EE6_M_ptrEv
FN:193,_ZNSt15__uniq_ptr_implINSt7__cxx1112basic_stringIcSt11char_traitsIcESaIcEEESt14default_deleteIS5_EE10_M_deleterEv
FNDA:0,_ZNSt15__uniq_ptr_implINSt7__cxx1112basic_stringIcSt11char_traitsIcESaIcEEESt14default_deleteIS5_EE10_M_deleterEv
FN:193,_ZNSt15__uniq_ptr_implINSt7__cxx1118basic_stringstreamIcSt11char_traitsIcESaIcEEESt14default_deleteIS5_EE10_M_deleterEv
FNDA:0,_ZNSt15__uniq_ptr_implINSt7__cxx1118basic_stringstreamIcSt11char_traitsIcESaIcEEESt14default_deleteIS5_EE10_M_deleterEv
FN:390,_ZNSt10unique_ptrINSt7__cxx1112basic_stringIcSt11char_traitsIcESaIcEEESt14default_deleteIS5_EED2Ev
FNDA:0,_ZNSt10unique_ptrINSt7__cxx1112basic_stringIcSt11char_traitsIcESaIcEEESt14default_deleteIS5_EED2Ev
FN:390,_ZNSt10unique_ptrINSt7__cxx1118basic_stringstreamIcSt11char_traitsIcESaIcEEESt14default_deleteIS5_EED2Ev
FNDA:0,_ZNSt10unique_ptrINSt7__cxx1118basic_stringstreamIcSt11char_traitsIcESaIcEEESt14default_deleteIS5_EED2Ev
FN:452,_ZNKSt10unique_ptrINSt7__cxx1112basic_stringIcSt11char_traitsIcESaIcEEESt14default_deleteIS5_EEptEv
FNDA:0,_ZNKSt10unique_ptrINSt7__cxx1112basic_stringIcSt11char_traitsIcESaIcEEESt14default_deleteIS5_EEptEv
FN:461,_ZNKSt10unique_ptrINSt7__cxx1112basic_stringIcSt11char_traitsIcESaIcEEESt14default_deleteIS5_EE3getEv
FNDA:0,_ZNKSt10unique_ptrINSt7__cxx1112basic_stringIcSt11char_traitsIcESaIcEEESt14default_deleteIS5_EE3getEv
FN:467,_ZNSt10unique_ptrINSt7__cxx1112basic_stringIcSt11char_traitsIcESaIcEEESt14default_deleteIS5_EE11get_deleterEv
FNDA:0,_ZNSt10unique_ptrINSt7__cxx1112basic_stringIcSt11char_traitsIcESaIcEEESt14default_deleteIS5_EE11get_deleterEv
FN:467,_ZNSt10unique_ptrINSt7__cxx1118basic_stringstreamIcSt11char_traitsIcESaIcEEESt14default_deleteIS5_EE11get_deleterEv
FNDA:0,_ZNSt10unique_ptrINSt7__cxx1118basic_stringstreamIcSt11char_traitsIcESaIcEEESt14default_deleteIS5_EE11get_deleterEv
DA:89,0
DA:95,0
DA:96,0
DA:89,0
DA:95,0
DA:96,0
DA:189,0
DA:189,0
DA:191,0
DA:193,0
DA:193,0
DA:390,0
DA:394,0
DA:395,0
DA:396,0
DA:397,0
DA:398,0
DA:390,0
DA:394,0
DA:395,0
DA:396,0
DA:397,0
DA:398,0
DA:452,0
DA:455,0
DA:461,0
DA:462,0
DA:467,0
DA:468,0
DA:467,0
DA:468,0
end_of_record
SF:/usr/local/include/gtest/gtest-assertion-result.h
FN:174,_ZNK7testing15AssertionResultcvbEv
FNDA:0,_ZNK7testing15AssertionResultcvbEv
FN:183,_ZNK7testing15AssertionResult7messageEv
FNDA:0,_ZNK7testing15AssertionResult7messageEv
FN:187,_ZNK7testing15AssertionResult15failure_messageEv
FNDA:0,_ZNK7testing15AssertionResult15failure_messageEv
DA:174,0
DA:183,0
DA:184,0
DA:187,0
end_of_record
SF:/usr/local/include/gtest/internal/gtest-port.h
FN:967,_ZN7testing8internal8GTestLog9GetStreamEv
FNDA:0,_ZN7testing8internal8GTestLog9GetStreamEv
DA:967,0
end_of_record
SF:/usr/local/include/gtest/gtest.h
FN:244,_ZN7testing4Test14SetUpTestSuiteEv
FNDA:0,_ZN7testing4Test14SetUpTestSuiteEv
FN:252,_ZN7testing4Test17TearDownTestSuiteEv
FNDA:0,_ZN7testing4Test17TearDownTestSuiteEv
FN:257,_ZN7testing4Test16TearDownTestCaseEv
FNDA:0,_ZN7testing4Test16TearDownTestCaseEv
FN:258,_ZN7testing4Test13SetUpTestCaseEv
FNDA:0,_ZN7testing4Test13SetUpTestCaseEv
FN:339,_ZN7testing4Test5SetupEv
FNDA:0,_ZN7testing4Test5SetupEv
FN:1338,_ZN7testing8internal18CmpHelperEQFailureINSt7__cxx1112basic_stringIcSt11char_traitsIcESaIcEEES7_EENS_15AssertionResultEPKcSA_RKT_RKT0_
FNDA:0,_ZN7testing8internal18CmpHelperEQFailureINSt7__cxx1112basic_stringIcSt11char_traitsIcESaIcEEES7_EENS_15AssertionResultEPKcSA_RKT_RKT0_
FN:1355,_ZN7testing8internal11CmpHelperEQINSt7__cxx1112basic_stringIcSt11char_traitsIcESaIcEEES7_EENS_15AssertionResultEPKcSA_RKT_RKT0_
FNDA:14,_ZN7testing8internal11CmpHelperEQINSt7__cxx1112basic_stringIcSt11char_traitsIcESaIcEEES7_EENS_15AssertionResultEPKcSA_RKT_RKT0_
FN:1374,_ZN7testing8internal8EqHelper7CompareINSt7__cxx1112basic_stringIcSt11char_traitsIcESaIcEEES8_LPv0EEENS_15AssertionResultEPKcSC_RKT_RKT0_
FNDA:14,_ZN7testing8internal8EqHelper7CompareINSt7__cxx1112basic_stringIcSt11char_traitsIcESaIcEEES8_LPv0EEENS_15AssertionResultEPKcSC_RKT_RKT0_
DA:244,0
DA:252,0
DA:257,0
DA:258,0
DA:339,0
DA:1338,0
DA:1343,0
DA:1355,14
DA:1358,14
DA:1359,14
DA:1362,0
DA:1374,14
DA:1377,14
end_of_record
SF:/usr/include/c++/12/bits/alloc_traits.h
FN:562,_ZNSt16allocator_traitsISaIcEE37select_on_container_copy_constructionERKS0_
FNDA:0,_ZNSt16allocator_traitsISaIcEE37select_on_container_copy_constructionERKS0_
DA:562,0
DA:563,0
end_of_record
SF:/usr/include/c++/12/bits/basic_string.tcc
FN:217,_ZNSt7__cxx1112basic_stringIcSt11char_traitsIcESaIcEE12_M_constructIPcEEvT_S7_St20forward_iterator_tag
FNDA:0,_ZNSt7__cxx1112basic_stringIcSt11char_traitsIcESaIcEE12_M_constructIPcEEvT_S7_St20forward_iterator_tag
FN:217,_ZNSt7__cxx1112basic_stringIcSt11char_traitsIcESaIcEE12_M_constructIPKcEEvT_S8_St20forward_iterator_tag
FNDA:0,_ZNSt7__cxx1112basic_stringIcSt11char_traitsIcESaIcEE12_M_constructIPKcEEvT_S8_St20forward_iterator_tag
FN:235,_ZZNSt7__cxx1112basic_stringIcSt11char_traitsIcESaIcEE12_M_constructIPcEEvT_S7_St20forward_iterator_tagEN6_GuardC2EPS4_
FNDA:0,_ZZNSt7__cxx1112basic_stringIcSt11char_traitsIcESaIcEE12_M_constructIPcEEvT_S7_St20forward_iterator_tagEN6_GuardC2EPS4_
FN:235,_ZZNSt7__cxx1112basic_stringIcSt11char_traitsIcESaIcEE12_M_constructIPKcEEvT_S8_St20forward_iterator_tagEN6_GuardC2EPS4_
FNDA:0,_ZZNSt7__cxx1112basic_stringIcSt11char_traitsIcESaIcEE12_M_constructIPKcEEvT_S8_St20forward_iterator_tagEN6_GuardC2EPS4_
FN:238,_ZZNSt7__cxx1112basic_stringIcSt11char_traitsIcESaIcEE12_M_constructIPcEEvT_S7_St20forward_iterator_tagEN6_GuardD2Ev
FNDA:0,_ZZNSt7__cxx1112basic_stringIcSt11char_traitsIcESaIcEE12_M_constructIPcEEvT_S7_St20forward_iterator_tagEN6_GuardD2Ev
FN:238,_ZZNSt7__cxx1112basic_stringIcSt11char_traitsIcESaIcEE12_M_constructIPKcEEvT_S8_St20forward_iterator_tagEN6_GuardD2Ev
FNDA:0,_ZZNSt7__cxx1112basic_stringIcSt11char_traitsIcESaIcEE12_M_constructIPKcEEvT_S8_St20forward_iterator_tagEN6_GuardD2Ev
DA:217,0
DA:221,0
DA:223,0
DA:225,0
DA:226,0
DA:241,0
DA:243,0
DA:245,0
DA:247,0
DA:248,0
DA:217,0
DA:221,0
DA:223,0
DA:225,0
DA:226,0
DA:241,0
DA:243,0
DA:245,0
DA:247,0
DA:248,0
DA:235,0
DA:235,0
DA:238,0
DA:238,0
end_of_record
SF:/usr/local/include/gtest/gtest-message.h
end_of_record
SF:/usr/include/c++/12/ext/alloc_traits.h
FN:97,_ZN9__gnu_cxx14__alloc_traitsISaIcEcE17_S_select_on_copyERKS1_
FNDA:0,_ZN9__gnu_cxx14__alloc_traitsISaIcEcE17_S_select_on_copyERKS1_
DA:97,0
DA:98,0
end_of_record
SF:/usr/include/c++/12/bits/stl_iterator_base_funcs.h
FN:99,_ZSt10__distanceIPcENSt15iterator_traitsIT_E15difference_typeES2_S2_St26random_access_iterator_tag
FNDA:0,_ZSt10__distanceIPcENSt15iterator_traitsIT_E15difference_typeES2_S2_St26random_access_iterator_tag
FN:99,_ZSt10__distanceIPKcENSt15iterator_traitsIT_E15difference_typeES3_S3_St26random_access_iterator_tag
FNDA:0,_ZSt10__distanceIPKcENSt15iterator_traitsIT_E15difference_typeES3_S3_St26random_access_iterator_tag
FN:147,_ZSt8distanceIPcENSt15iterator_traitsIT_E15difference_typeES2_S2_
FNDA:0,_ZSt8distanceIPcENSt15iterator_traitsIT_E15difference_typeES2_S2_
FN:147,_ZSt8distanceIPKcENSt15iterator_traitsIT_E15difference_typeES3_S3_
FNDA:0,_ZSt8distanceIPKcENSt15iterator_traitsIT_E15difference_typeES3_S3_
DA:99,0
DA:105,0
DA:99,0
DA:105,0
DA:147,0
DA:150,0
DA:151,0
DA:147,0
DA:150,0
DA:151,0
end_of_record
SF:/usr/local/include/gtest/internal/gtest-internal.h
FN:450,_ZN7testing8internal15TestFactoryBaseD0Ev
FNDA:0,_ZN7testing8internal15TestFactoryBaseD0Ev
FN:450,_ZN7testing8internal15TestFactoryBaseD2Ev
FNDA:0,_ZN7testing8internal15TestFactoryBaseD2Ev
FN:457,_ZN7testing8internal15TestFactoryBaseC2Ev
FNDA:0,_ZN7testing8internal15TestFactoryBaseC2Ev
FN:469,_ZN7testing8internal15TestFactoryImplIN12_GLOBAL__N_126ccipher_test_caesar_0_TestEE10CreateTestEv
FNDA:1,_ZN7testing8internal15TestFactoryImplIN12_GLOBAL__N_126ccipher_test_caesar_0_TestEE10CreateTestEv
FN:469,_ZN7testing8internal15TestFactoryImplIN12_GLOBAL__N_126ccipher_test_caesar_1_TestEE10CreateTestEv
FNDA:1,_ZN7testing8internal15TestFactoryImplIN12_GLOBAL__N_126ccipher_test_caesar_1_TestEE10CreateTestEv
FN:469,_ZN7testing8internal15TestFactoryImplIN12_GLOBAL__N_126ccipher_test_caesar_2_TestEE10CreateTestEv
FNDA:1,_ZN7testing8internal15TestFactoryImplIN12_GLOBAL__N_126ccipher_test_caesar_2_TestEE10CreateTestEv
FN:469,_ZN7testing8internal15TestFactoryImplIN12_GLOBAL__N_127kcipher_test_keyword_0_TestEE10CreateTestEv
FNDA:1,_ZN7testing8internal15TestFactoryImplIN12_GLOBAL__N_127kcipher_test_keyword_0_TestEE10CreateTestEv
FN:469,_ZN7testing8internal15TestFactoryImplIN12_GLOBAL__N_127kcipher_test_keyword_1_TestEE10CreateTestEv
FNDA:1,_ZN7testing8internal15TestFactoryImplIN12_GLOBAL__N_127kcipher_test_keyword_1_TestEE10CreateTestEv
FN:490,_ZN7testing8internal12CodeLocationC2ERKNSt7__cxx1112basic_stringIcSt11char_traitsIcESaIcEEEi
FNDA:0,_ZN7testing8internal12CodeLocationC2ERKNSt7__cxx1112basic_stringIcSt11char_traitsIcESaIcEEEi
FN:503,_ZN7testing8internal19GetNotDefaultOrNullEPFvvES2_
FNDA:0,_ZN7testing8internal19GetNotDefaultOrNullEPFvvES2_
FN:518,_ZN7testing8internal16SuiteApiResolverINS_4TestEE19GetSetUpCaseOrSuiteEPKci
FNDA:0,_ZN7testing8internal16SuiteApiResolverINS_4TestEE19GetSetUpCaseOrSuiteEPKci
FN:539,_ZN7testing8internal16SuiteApiResolverINS_4TestEE22GetTearDownCaseOrSuiteEPKci
FNDA:0,_ZN7testing8internal16SuiteApiResolverINS_4TestEE22GetTearDownCaseOrSuiteEPKci
DA:450,0
DA:450,0
DA:457,0
DA:469,1
DA:469,1
DA:469,1
DA:469,1
DA:469,1
DA:490,0
DA:491,0
DA:503,0
DA:505,0
DA:518,0
DA:522,0
DA:524,0
DA:526,0
DA:529,0
DA:531,0
DA:539,0
DA:543,0
DA:545,0
DA:547,0
DA:550,0
DA:552,0
end_of_record
SF:/usr/include/c++/12/bits/new_allocator.h
FN:80,_ZNSt15__new_allocatorIcEC2Ev
FNDA:0,_ZNSt15__new_allocatorIcEC2Ev
FN:83,_ZNSt15__new_allocatorIcEC2ERKS0_
FNDA:0,_ZNSt15__new_allocatorIcEC2ERKS0_
FN:90,_ZNSt15__new_allocatorIcED2Ev
FNDA:0,_ZNSt15__new_allocatorIcED2Ev
DA:80,0
DA:83,0
DA:90,0
end_of_record
SF:/usr/include/c++/12/bits/basic_string.h
FN:634,_ZNSt7__cxx1112basic_stringIcSt11char_traitsIcESaIcEEC2IS3_EEPKcRKS3_
FNDA:0,_ZNSt7__cxx1112basic_stringIcSt11char_traitsIcESaIcEEC2IS3_EEPKcRKS3_
FN:3584,_ZSteqIcEN9__gnu_cxx11__enable_ifIXsrSt9__is_charIT_E7__valueEbE6__typeERKNSt7__cxx1112basic_stringIS3_St11char_traitsIS3_ESaIS3_EEESE_
FNDA:14,_ZSteqIcEN9__gnu_cxx11__enable_ifIXsrSt9__is_charIT_E7__valueEbE6__typeERKNSt7__cxx1112basic_stringIS3_St11char_traitsIS3_ESaIS3_EEESE_
DA:358,0
DA:634,0
DA:635,0
DA:638,0
DA:639,0
DA:641,0
DA:642,0
DA:643,0
DA:3584,14
DA:3586,14
DA:3587,14
DA:3588,14
end_of_record
SF:/usr/include/c++/12/bits/move.h
FN:104,_ZSt4moveIRPNSt7__cxx1112basic_stringIcSt11char_traitsIcESaIcEEEEONSt16remove_referenceIT_E4typeEOS9_
FNDA:0,_ZSt4moveIRPNSt7__cxx1112basic_stringIcSt11char_traitsIcESaIcEEEEONSt16remove_referenceIT_E4typeEOS9_
FN:104,_ZSt4moveIRPNSt7__cxx1118basic_stringstreamIcSt11char_traitsIcESaIcEEEEONSt16remove_referenceIT_E4typeEOS9_
FNDA:0,_ZSt4moveIRPNSt7__cxx1118basic_stringstreamIcSt11char_traitsIcESaIcEEEEONSt16remove_referenceIT_E4typeEOS9_
FN:104,_ZSt4moveIRSaIcEEONSt16remove_referenceIT_E4typeEOS3_
FNDA:0,_ZSt4moveIRSaIcEEONSt16remove_referenceIT_E4typeEOS3_
DA:104,0
DA:105,0
DA:104,0
DA:105,0
DA:104,0
DA:105,0
end_of_record
SF:/usr/include/c++/12/bits/stl_iterator_base_types.h
FN:238,_ZSt19__iterator_categoryIPcENSt15iterator_traitsIT_E17iterator_categoryERKS2_
FNDA:0,_ZSt19__iterator_categoryIPcENSt15iterator_traitsIT_E17iterator_categoryERKS2_
FN:238,_ZSt19__iterator_categoryIPKcENSt15iterator_traitsIT_E17iterator_categoryERKS3_
FNDA:0,_ZSt19__iterator_categoryIPKcENSt15iterator_traitsIT_E17iterator_categoryERKS3_
DA:238,0
DA:239,0
DA:238,0
DA:239,0
end_of_record
TN:
SF:/home/akiel/Desktop/Trunk/github/public-repos/OSS/RM-pkg/modules/arithmetic/arith.cpp
FN:8,_ZN6Basics5powerEiji
FNDA:320,_ZN6Basics5powerEiji
FN:25,_ZN6Basics14greatest_powerEii
FNDA:0,_ZN6Basics14greatest_powerEii
FN:36,_ZN6Basics3gcdEii
FNDA:3446,_ZN6Basics3gcdEii
DA:8,320
DA:9,320
DA:10,320
DA:13,3520
DA:15,3200
DA:16,963
DA:19,3200
DA:20,3200
DA:22,320
DA:25,0
DA:26,0
DA:29,0
DA:30,0
DA:31,0
DA:33,0
DA:36,3446
DA:37,3446
DA:38,561
DA:40,2885
DA:41,561
DA:44,2324
end_of_record
SF:/usr/include/c++/12/iostream
end_of_record
TN:
SF:/home/akiel/Desktop/Trunk/github/public-repos/OSS/RM-pkg/tests/number_theory/t_primes.cpp
FN:15,_ZN12_GLOBAL__N_124prime_test_is_prime_TestD0Ev
FNDA:1,_ZN12_GLOBAL__N_124prime_test_is_prime_TestD0Ev
FN:15,_ZN12_GLOBAL__N_124prime_test_is_prime_TestD2Ev
FNDA:1,_ZN12_GLOBAL__N_124prime_test_is_prime_TestD2Ev
FN:15,_ZN12_GLOBAL__N_124prime_test_is_prime_TestC2Ev
FNDA:1,_ZN12_GLOBAL__N_124prime_test_is_prime_TestC2Ev
FN:15,_ZN12_GLOBAL__N_124prime_test_is_prime_Test8TestBodyEv
FNDA:1,_ZN12_GLOBAL__N_124prime_test_is_prime_Test8TestBodyEv
FN:41,_ZN12_GLOBAL__N_126prime_test_carmichael_TestD0Ev
FNDA:1,_ZN12_GLOBAL__N_126prime_test_carmichael_TestD0Ev
FN:41,_ZN12_GLOBAL__N_126prime_test_carmichael_TestD2Ev
FNDA:1,_ZN12_GLOBAL__N_126prime_test_carmichael_TestD2Ev
FN:41,_ZN12_GLOBAL__N_126prime_test_carmichael_TestC2Ev
FNDA:1,_ZN12_GLOBAL__N_126prime_test_carmichael_TestC2Ev
FN:41,_ZN12_GLOBAL__N_126prime_test_carmichael_Test8TestBodyEv
FNDA:1,_ZN12_GLOBAL__N_126prime_test_carmichael_Test8TestBodyEv
DA:15,1
DA:15,1
DA:15,1
DA:15,1
DA:16,1
DA:17,1
DA:18,1
DA:19,1
DA:21,1
DA:22,1
DA:23,1
DA:24,1
DA:26,1
DA:27,1
DA:28,1
DA:29,1
DA:31,1
DA:32,1
DA:33,1
DA:34,1
DA:36,1
DA:37,1
DA:38,1
DA:39,1
DA:40,1
DA:41,1
DA:41,1
DA:41,1
DA:41,1
DA:42,1
DA:43,1
DA:44,1
DA:45,1
DA:47,1
DA:48,1
DA:49,1
DA:50,1
DA:51,1
end_of_record
SF:/usr/local/include/gtest/gtest-assertion-result.h
FN:174,_ZNK7testing15AssertionResultcvbEv
FNDA:0,_ZNK7testing15AssertionResultcvbEv
FN:183,_ZNK7testing15AssertionResult7messageEv
FNDA:0,_ZNK7testing15AssertionResult7messageEv
FN:187,_ZNK7testing15AssertionResult15failure_messageEv
FNDA:0,_ZNK7testing15AssertionResult15failure_messageEv
DA:174,0
DA:183,0
DA:184,0
DA:187,0
end_of_record
SF:/usr/local/include/gtest/gtest-message.h
end_of_record
SF:/usr/include/c++/12/bits/basic_string.tcc
FN:217,_ZNSt7__cxx1112basic_stringIcSt11char_traitsIcESaIcEE12_M_constructIPcEEvT_S7_St20forward_iterator_tag
FNDA:0,_ZNSt7__cxx1112basic_stringIcSt11char_traitsIcESaIcEE12_M_constructIPcEEvT_S7_St20forward_iterator_tag
FN:217,_ZNSt7__cxx1112basic_stringIcSt11char_traitsIcESaIcEE12_M_constructIPKcEEvT_S8_St20forward_iterator_tag
FNDA:0,_ZNSt7__cxx1112basic_stringIcSt11char_traitsIcESaIcEE12_M_constructIPKcEEvT_S8_St20forward_iterator_tag
FN:235,_ZZNSt7__cxx1112basic_stringIcSt11char_traitsIcESaIcEE12_M_constructIPcEEvT_S7_St20forward_iterator_tagEN6_GuardC2EPS4_
FNDA:0,_ZZNSt7__cxx1112basic_stringIcSt11char_traitsIcESaIcEE12_M_constructIPcEEvT_S7_St20forward_iterator_tagEN6_GuardC2EPS4_
FN:235,_ZZNSt7__cxx1112basic_stringIcSt11char_traitsIcESaIcEE12_M_constructIPKcEEvT_S8_St20forward_iterator_tagEN6_GuardC2EPS4_
FNDA:0,_ZZNSt7__cxx1112basic_stringIcSt11char_traitsIcESaIcEE12_M_constructIPKcEEvT_S8_St20forward_iterator_tagEN6_GuardC2EPS4_
FN:238,_ZZNSt7__cxx1112basic_stringIcSt11char_traitsIcESaIcEE12_M_constructIPcEEvT_S7_St20forward_iterator_tagEN6_GuardD2Ev
FNDA:0,_ZZNSt7__cxx1112basic_stringIcSt11char_traitsIcESaIcEE12_M_constructIPcEEvT_S7_St20forward_iterator_tagEN6_GuardD2Ev
FN:238,_ZZNSt7__cxx1112basic_stringIcSt11char_traitsIcESaIcEE12_M_constructIPKcEEvT_S8_St20forward_iterator_tagEN6_GuardD2Ev
FNDA:0,_ZZNSt7__cxx1112basic_stringIcSt11char_traitsIcESaIcEE12_M_constructIPKcEEvT_S8_St20forward_iterator_tagEN6_GuardD2Ev
DA:217,0
DA:221,0
DA:223,0
DA:225,0
DA:226,0
DA:241,0
DA:243,0
DA:245,0
DA:247,0
DA:248,0
DA:217,0
DA:221,0
DA:223,0
DA:225,0
DA:226,0
DA:241,0
DA:243,0
DA:245,0
DA:247,0
DA:248,0
DA:235,0
DA:235,0
DA:238,0
DA:238,0
end_of_record
SF:/usr/local/include/gtest/internal/gtest-port.h
FN:967,_ZN7testing8internal8GTestLog9GetStreamEv
FNDA:0,_ZN7testing8internal8GTestLog9GetStreamEv
DA:967,0
end_of_record
SF:/usr/include/c++/12/bits/alloc_traits.h
FN:562,_ZNSt16allocator_traitsISaIcEE37select_on_container_copy_constructionERKS0_
FNDA:0,_ZNSt16allocator_traitsISaIcEE37select_on_container_copy_constructionERKS0_
DA:562,0
DA:563,0
end_of_record
SF:/usr/local/include/gtest/gtest.h
FN:244,_ZN7testing4Test14SetUpTestSuiteEv
FNDA:0,_ZN7testing4Test14SetUpTestSuiteEv
FN:252,_ZN7testing4Test17TearDownTestSuiteEv
FNDA:0,_ZN7testing4Test17TearDownTestSuiteEv
FN:257,_ZN7testing4Test16TearDownTestCaseEv
FNDA:0,_ZN7testing4Test16TearDownTestCaseEv
FN:258,_ZN7testing4Test13SetUpTestCaseEv
FNDA:0,_ZN7testing4Test13SetUpTestCaseEv
FN:339,_ZN7testing4Test5SetupEv
FNDA:0,_ZN7testing4Test5SetupEv
FN:1338,_ZN7testing8internal18CmpHelperEQFailureIbbEENS_15AssertionResultEPKcS4_RKT_RKT0_
FNDA:0,_ZN7testing8internal18CmpHelperEQFailureIbbEENS_15AssertionResultEPKcS4_RKT_RKT0_
FN:1355,_ZN7testing8internal11CmpHelperEQIbbEENS_15AssertionResultEPKcS4_RKT_RKT0_
FNDA:7,_ZN7testing8internal11CmpHelperEQIbbEENS_15AssertionResultEPKcS4_RKT_RKT0_
FN:1374,_ZN7testing8internal8EqHelper7CompareIbbLPv0EEENS_15AssertionResultEPKcS6_RKT_RKT0_
FNDA:7,_ZN7testing8internal8EqHelper7CompareIbbLPv0EEENS_15AssertionResultEPKcS6_RKT_RKT0_
DA:244,0
DA:252,0
DA:257,0
DA:258,0
DA:339,0
DA:1338,0
DA:1343,0
DA:1355,7
DA:1358,7
DA:1359,7
DA:1362,0
DA:1374,7
DA:1377,7
end_of_record
SF:/usr/include/x86_64-linux-gnu/c++/12/bits/c++config.h
FN:516,_ZSt23__is_constant_evaluatedv
FNDA:0,_ZSt23__is_constant_evaluatedv
DA:516,0
DA:523,0
end_of_record
SF:/usr/include/c++/12/tuple
FN:124,_ZNSt10_Head_baseILm1ESt14default_deleteINSt7__cxx1118basic_stringstreamIcSt11char_traitsIcESaIcEEEELb1EE7_M_headERS8_
FNDA:0,_ZNSt10_Head_baseILm1ESt14default_deleteINSt7__cxx1118basic_stringstreamIcSt11char_traitsIcESaIcEEEELb1EE7_M_headERS8_
FN:124,_ZNSt10_Head_baseILm1ESt14default_deleteINSt7__cxx1112basic_stringIcSt11char_traitsIcESaIcEEEELb1EE7_M_headERS8_
FNDA:0,_ZNSt10_Head_baseILm1ESt14default_deleteINSt7__cxx1112basic_stringIcSt11char_traitsIcESaIcEEEELb1EE7_M_headERS8_
FN:233,_ZNSt10_Head_baseILm0EPNSt7__cxx1112basic_stringIcSt11char_traitsIcESaIcEEELb0EE7_M_headERS7_
FNDA:0,_ZNSt10_Head_baseILm0EPNSt7__cxx1112basic_stringIcSt11char_traitsIcESaIcEEELb0EE7_M_headERS7_
FN:233,_ZNSt10_Head_baseILm0EPNSt7__cxx1118basic_stringstreamIcSt11char_traitsIcESaIcEEELb0EE7_M_headERS7_
FNDA:0,_ZNSt10_Head_baseILm0EPNSt7__cxx1118basic_stringstreamIcSt11char_traitsIcESaIcEEELb0EE7_M_headERS7_
FN:236,_ZNSt10_Head_baseILm0EPNSt7__cxx1112basic_stringIcSt11char_traitsIcESaIcEEELb0EE7_M_headERKS7_
FNDA:0,_ZNSt10_Head_baseILm0EPNSt7__cxx1112basic_stringIcSt11char_traitsIcESaIcEEELb0EE7_M_headERKS7_
FN:268,_ZNSt11_Tuple_implILm0EJPNSt7__cxx1112basic_stringIcSt11char_traitsIcESaIcEEESt14default_deleteIS5_EEE7_M_headERS9_
FNDA:0,_ZNSt11_Tuple_implILm0EJPNSt7__cxx1112basic_stringIcSt11char_traitsIcESaIcEEESt14default_deleteIS5_EEE7_M_headERS9_
FN:268,_ZNSt11_Tuple_implILm0EJPNSt7__cxx1118basic_stringstreamIcSt11char_traitsIcESaIcEEESt14default_deleteIS5_EEE7_M_headERS9_
FNDA:0,_ZNSt11_Tuple_implILm0EJPNSt7__cxx1118basic_stringstreamIcSt11char_traitsIcESaIcEEESt14default_deleteIS5_EEE7_M_headERS9_
FN:271,_ZNSt11_Tuple_implILm0EJPNSt7__cxx1112basic_stringIcSt11char_traitsIcESaIcEEESt14default_deleteIS5_EEE7_M_headERKS9_
FNDA:0,_ZNSt11_Tuple_implILm0EJPNSt7__cxx1112basic_stringIcSt11char_traitsIcESaIcEEESt14default_deleteIS5_EEE7_M_headERKS9_
FN:424,_ZNSt11_Tuple_implILm1EJSt14default_deleteINSt7__cxx1112basic_stringIcSt11char_traitsIcESaIcEEEEEE7_M_headERS8_
FNDA:0,_ZNSt11_Tuple_implILm1EJSt14default_deleteINSt7__cxx1112basic_stringIcSt11char_traitsIcESaIcEEEEEE7_M_headERS8_
FN:424,_ZNSt11_Tuple_implILm1EJSt14default_deleteINSt7__cxx1118basic_stringstreamIcSt11char_traitsIcESaIcEEEEEE7_M_headERS8_
FNDA:0,_ZNSt11_Tuple_implILm1EJSt14default_deleteINSt7__cxx1118basic_stringstreamIcSt11char_traitsIcESaIcEEEEEE7_M_headERS8_
FN:1364,_ZSt12__get_helperILm1ESt14default_deleteINSt7__cxx1118basic_stringstreamIcSt11char_traitsIcESaIcEEEEJEERT0_RSt11_Tuple_implIXT_EJS8_DpT1_EE
FNDA:0,_ZSt12__get_helperILm1ESt14default_deleteINSt7__cxx1118basic_stringstreamIcSt11char_traitsIcESaIcEEEEJEERT0_RSt11_Tuple_implIXT_EJS8_DpT1_EE
FN:1364,_ZSt12__get_helperILm0EPNSt7__cxx1118basic_stringstreamIcSt11char_traitsIcESaIcEEEJSt14default_deleteIS5_EEERT0_RSt11_Tuple_implIXT_EJS9_DpT1_EE
FNDA:0,_ZSt12__get_helperILm0EPNSt7__cxx1118basic_stringstreamIcSt11char_traitsIcESaIcEEEJSt14default_deleteIS5_EEERT0_RSt11_Tuple_implIXT_EJS9_DpT1_EE
FN:1364,_ZSt12__get_helperILm0EPNSt7__cxx1112basic_stringIcSt11char_traitsIcESaIcEEEJSt14default_deleteIS5_EEERT0_RSt11_Tuple_implIXT_EJS9_DpT1_EE
FNDA:0,_ZSt12__get_helperILm0EPNSt7__cxx1112basic_stringIcSt11char_traitsIcESaIcEEEJSt14default_deleteIS5_EEERT0_RSt11_Tuple_implIXT_EJS9_DpT1_EE
FN:1364,_ZSt12__get_helperILm1ESt14default_deleteINSt7__cxx1112basic_stringIcSt11char_traitsIcESaIcEEEEJEERT0_RSt11_Tuple_implIXT_EJS8_DpT1_EE
FNDA:0,_ZSt12__get_helperILm1ESt14default_deleteINSt7__cxx1112basic_stringIcSt11char_traitsIcESaIcEEEEJEERT0_RSt11_Tuple_implIXT_EJS8_DpT1_EE
FN:1369,_ZSt12__get_helperILm0EPNSt7__cxx1112basic_stringIcSt11char_traitsIcESaIcEEEJSt14default_deleteIS5_EEERKT0_RKSt11_Tuple_implIXT_EJS9_DpT1_EE
FNDA:0,_ZSt12__get_helperILm0EPNSt7__cxx1112basic_stringIcSt11char_traitsIcESaIcEEEJSt14default_deleteIS5_EEERKT0_RKSt11_Tuple_implIXT_EJS9_DpT1_EE
FN:1380,_ZSt3getILm1EJPNSt7__cxx1112basic_stringIcSt11char_traitsIcESaIcEEESt14default_deleteIS5_EEERNSt13tuple_elementIXT_ESt5tupleIJDpT0_EEE4typeERSD_
FNDA:0,_ZSt3getILm1EJPNSt7__cxx1112basic_stringIcSt11char_traitsIcESaIcEEESt14default_deleteIS5_EEERNSt13tuple_elementIXT_ESt5tupleIJDpT0_EEE4typeERSD_
FN:1380,_ZSt3getILm1EJPNSt7__cxx1118basic_stringstreamIcSt11char_traitsIcESaIcEEESt14default_deleteIS5_EEERNSt13tuple_elementIXT_ESt5tupleIJDpT0_EEE4typeERSD_
FNDA:0,_ZSt3getILm1EJPNSt7__cxx1118basic_stringstreamIcSt11char_traitsIcESaIcEEESt14default_deleteIS5_EEERNSt13tuple_elementIXT_ESt5tupleIJDpT0_EEE4typeERSD_
FN:1380,_ZSt3getILm0EJPNSt7__cxx1112basic_stringIcSt11char_traitsIcESaIcEEESt14default_deleteIS5_EEERNSt13tuple_elementIXT_ESt5tupleIJDpT0_EEE4typeERSD_
FNDA:0,_ZSt3getILm0EJPNSt7__cxx1112basic_stringIcSt11char_traitsIcESaIcEEESt14default_deleteIS5_EEERNSt13tuple_elementIXT_ESt5tupleIJDpT0_EEE4typeERSD_
FN:1380,_ZSt3getILm0EJPNSt7__cxx1118basic_stringstreamIcSt11char_traitsIcESaIcEEESt14default_deleteIS5_EEERNSt13tuple_elementIXT_ESt5tupleIJDpT0_EEE4typeERSD_
FNDA:0,_ZSt3getILm0EJPNSt7__cxx1118basic_stringstreamIcSt11char_traitsIcESaIcEEESt14default_deleteIS5_EEERNSt13tuple_elementIXT_ESt5tupleIJDpT0_EEE4typeERSD_
FN:1386,_ZSt3getILm0EJPNSt7__cxx1112basic_stringIcSt11char_traitsIcESaIcEEESt14default_deleteIS5_EEERKNSt13tuple_elementIXT_ESt5tupleIJDpT0_EEE4typeERKSD_
FNDA:0,_ZSt3getILm0EJPNSt7__cxx1112basic_stringIcSt11char_traitsIcESaIcEEESt14default_deleteIS5_EEERKNSt13tuple_elementIXT_ESt5tupleIJDpT0_EEE4typeERKSD_
DA:124,0
DA:124,0
DA:233,0
DA:233,0
DA:236,0
DA:268,0
DA:268,0
DA:271,0
DA:424,0
DA:424,0
DA:1364,0
DA:1365,0
DA:1364,0
DA:1365,0
DA:1364,0
DA:1365,0
DA:1364,0
DA:1365,0
DA:1369,0
DA:1370,0
DA:1380,0
DA:1381,0
DA:1380,0
DA:1381,0
DA:1380,0
DA:1381,0
DA:1380,0
DA:1381,0
DA:1386,0
DA:1387,0
end_of_record
SF:/usr/include/c++/12/bits/unique_ptr.h
FN:89,_ZNKSt14default_deleteINSt7__cxx1112basic_stringIcSt11char_traitsIcESaIcEEEEclEPS5_
FNDA:0,_ZNKSt14default_deleteINSt7__cxx1112basic_stringIcSt11char_traitsIcESaIcEEEEclEPS5_
FN:89,_ZNKSt14default_deleteINSt7__cxx1118basic_stringstreamIcSt11char_traitsIcESaIcEEEEclEPS5_
FNDA:0,_ZNKSt14default_deleteINSt7__cxx1118basic_stringstreamIcSt11char_traitsIcESaIcEEEEclEPS5_
FN:189,_ZNSt15__uniq_ptr_implINSt7__cxx1112basic_stringIcSt11char_traitsIcESaIcEEESt14default_deleteIS5_EE6_M_ptrEv
FNDA:0,_ZNSt15__uniq_ptr_implINSt7__cxx1112basic_stringIcSt11char_traitsIcESaIcEEESt14default_deleteIS5_EE6_M_ptrEv
FN:189,_ZNSt15__uniq_ptr_implINSt7__cxx1118basic_stringstreamIcSt11char_traitsIcESaIcEEESt14default_deleteIS5_EE6_M_ptrEv
FNDA:0,_ZNSt15__uniq_ptr_implINSt7__cxx1118basic_stringstreamIcSt11char_traitsIcESaIcEEESt14default_deleteIS5_EE6_M_ptrEv
FN:191,_ZNKSt15__uniq_ptr_implINSt7__cxx1112basic_stringIcSt11char_traitsIcESaIcEEESt14default_deleteIS5_EE6_M_ptrEv
FNDA:0,_ZNKSt15__uniq_ptr_implINSt7__cxx1112basic_stringIcSt11char_traitsIcESaIcEEESt14default_deleteIS5_EE6_M_ptrEv
FN:193,_ZNSt15__uniq_ptr_implINSt7__cxx1112basic_stringIcSt11char_traitsIcESaIcEEESt14default_deleteIS5_EE10_M_deleterEv
FNDA:0,_ZNSt15__uniq_ptr_implINSt7__cxx1112basic_stringIcSt11char_traitsIcESaIcEEESt14default_deleteIS5_EE10_M_deleterEv
FN:193,_ZNSt15__uniq_ptr_implINSt7__cxx1118basic_stringstreamIcSt11char_traitsIcESaIcEEESt14default_deleteIS5_EE10_M_deleterEv
FNDA:0,_ZNSt15__uniq_ptr_implINSt7__cxx1118basic_stringstreamIcSt11char_traitsIcESaIcEEESt14default_deleteIS5_EE10_M_deleterEv
FN:390,_ZNSt10unique_ptrINSt7__cxx1112basic_stringIcSt11char_traitsIcESaIcEEESt14default_deleteIS5_EED2Ev
FNDA:0,_ZNSt10unique_ptrINSt7__cxx1112basic_stringIcSt11char_traitsIcESaIcEEESt14default_deleteIS5_EED2Ev
FN:390,_ZNSt10unique_ptrINSt7__cxx1118basic_stringstreamIcSt11char_traitsIcESaIcEEESt14default_deleteIS5_EED2Ev
FNDA:0,_ZNSt10unique_ptrINSt7__cxx1118basic_stringstreamIcSt11char_traitsIcESaIcEEESt14default_deleteIS5_EED2Ev
FN:452,_ZNKSt10unique_ptrINSt7__cxx1112basic_stringIcSt11char_traitsIcESaIcEEESt14default_deleteIS5_EEptEv
FNDA:0,_ZNKSt10unique_ptrINSt7__cxx1112basic_stringIcSt11char_traitsIcESaIcEEESt14default_deleteIS5_EEptEv
FN:461,_ZNKSt10unique_ptrINSt7__cxx1112basic_stringIcSt11char_traitsIcESaIcEEESt14default_deleteIS5_EE3getEv
FNDA:0,_ZNKSt10unique_ptrINSt7__cxx1112basic_stringIcSt11char_traitsIcESaIcEEESt14default_deleteIS5_EE3getEv
FN:467,_ZNSt10unique_ptrINSt7__cxx1112basic_stringIcSt11char_traitsIcESaIcEEESt14default_deleteIS5_EE11get_deleterEv
FNDA:0,_ZNSt10unique_ptrINSt7__cxx1112basic_stringIcSt11char_traitsIcESaIcEEESt14default_deleteIS5_EE11get_deleterEv
FN:467,_ZNSt10unique_ptrINSt7__cxx1118basic_stringstreamIcSt11char_traitsIcESaIcEEESt14default_deleteIS5_EE11get_deleterEv
FNDA:0,_ZNSt10unique_ptrINSt7__cxx1118basic_stringstreamIcSt11char_traitsIcESaIcEEESt14default_deleteIS5_EE11get_deleterEv
DA:89,0
DA:95,0
DA:96,0
DA:89,0
DA:95,0
DA:96,0
DA:189,0
DA:189,0
DA:191,0
DA:193,0
DA:193,0
DA:390,0
DA:394,0
DA:395,0
DA:396,0
DA:397,0
DA:398,0
DA:390,0
DA:394,0
DA:395,0
DA:396,0
DA:397,0
DA:398,0
DA:452,0
DA:455,0
DA:461,0
DA:462,0
DA:467,0
DA:468,0
DA:467,0
DA:468,0
end_of_record
SF:/usr/local/include/gtest/gtest-printers.h
FN:332,_ZN7testing8internal19FormatForComparisonIbbE6FormatB5cxx11ERKb
FNDA:0,_ZN7testing8internal19FormatForComparisonIbbE6FormatB5cxx11ERKb
FN:412,_ZN7testing8internal33FormatForComparisonFailureMessageIbbEENSt7__cxx1112basic_stringIcSt11char_traitsIcESaIcEEERKT_RKT0_
FNDA:0,_ZN7testing8internal33FormatForComparisonFailureMessageIbbEENSt7__cxx1112basic_stringIcSt11char_traitsIcESaIcEEERKT_RKT0_
FN:458,_ZN7testing8internal7PrintToEbPSo
FNDA:0,_ZN7testing8internal7PrintToEbPSo
FN:693,_ZN7testing8internal16UniversalPrinterIbE5PrintERKbPSo
FNDA:0,_ZN7testing8internal16UniversalPrinterIbE5PrintERKbPSo
FN:883,_ZN7testing8internal21UniversalTersePrinterIbE5PrintERKbPSo
FNDA:0,_ZN7testing8internal21UniversalTersePrinterIbE5PrintERKbPSo
FN:995,_ZN7testing8internal14UniversalPrintIbEEvRKT_PSo
FNDA:0,_ZN7testing8internal14UniversalPrintIbEEvRKT_PSo
FN:1035,_ZN7testing13PrintToStringIbEENSt7__cxx1112basic_stringIcSt11char_traitsIcESaIcEEERKT_
FNDA:0,_ZN7testing13PrintToStringIbEENSt7__cxx1112basic_stringIcSt11char_traitsIcESaIcEEERKT_
DA:332,0
DA:333,0
DA:412,0
DA:414,0
DA:458,0
DA:459,0
DA:460,0
DA:693,0
DA:702,0
DA:703,0
DA:883,0
DA:884,0
DA:885,0
DA:995,0
DA:999,0
DA:1000,0
DA:1035,0
DA:1036,0
DA:1037,0
DA:1038,0
DA:1039,0
end_of_record
SF:/usr/include/c++/12/iostream
end_of_record
SF:/usr/include/c++/12/bits/char_traits.h
FN:121,_ZN9__gnu_cxx11char_traitsIcE2eqERKcS3_
FNDA:0,_ZN9__gnu_cxx11char_traitsIcE2eqERKcS3_
FN:182,_ZN9__gnu_cxx11char_traitsIcE6lengthEPKc
FNDA:0,_ZN9__gnu_cxx11char_traitsIcE6lengthEPKc
FN:389,_ZNSt11char_traitsIcE6lengthEPKc
FNDA:0,_ZNSt11char_traitsIcE6lengthEPKc
DA:121,0
DA:122,0
DA:182,0
DA:185,0
DA:186,0
DA:187,0
DA:188,0
DA:389,0
DA:392,0
DA:393,0
DA:395,0
end_of_record
SF:/usr/include/c++/12/bits/move.h
FN:104,_ZSt4moveIRPNSt7__cxx1112basic_stringIcSt11char_traitsIcESaIcEEEEONSt16remove_referenceIT_E4typeEOS9_
FNDA:0,_ZSt4moveIRPNSt7__cxx1112basic_stringIcSt11char_traitsIcESaIcEEEEONSt16remove_referenceIT_E4typeEOS9_
FN:104,_ZSt4moveIRPNSt7__cxx1118basic_stringstreamIcSt11char_traitsIcESaIcEEEEONSt16remove_referenceIT_E4typeEOS9_
FNDA:0,_ZSt4moveIRPNSt7__cxx1118basic_stringstreamIcSt11char_traitsIcESaIcEEEEONSt16remove_referenceIT_E4typeEOS9_
FN:104,_ZSt4moveIRSaIcEEONSt16remove_referenceIT_E4typeEOS3_
FNDA:0,_ZSt4moveIRSaIcEEONSt16remove_referenceIT_E4typeEOS3_
DA:104,0
DA:105,0
DA:104,0
DA:105,0
DA:104,0
DA:105,0
end_of_record
SF:/usr/include/c++/12/bits/stl_iterator_base_types.h
FN:238,_ZSt19__iterator_categoryIPcENSt15iterator_traitsIT_E17iterator_categoryERKS2_
FNDA:0,_ZSt19__iterator_categoryIPcENSt15iterator_traitsIT_E17iterator_categoryERKS2_
FN:238,_ZSt19__iterator_categoryIPKcENSt15iterator_traitsIT_E17iterator_categoryERKS3_
FNDA:0,_ZSt19__iterator_categoryIPKcENSt15iterator_traitsIT_E17iterator_categoryERKS3_
DA:238,0
DA:239,0
DA:238,0
DA:239,0
end_of_record
SF:/usr/local/include/gtest/internal/gtest-internal.h
FN:450,_ZN7testing8internal15TestFactoryBaseD0Ev
FNDA:0,_ZN7testing8internal15TestFactoryBaseD0Ev
FN:450,_ZN7testing8internal15TestFactoryBaseD2Ev
FNDA:0,_ZN7testing8internal15TestFactoryBaseD2Ev
FN:457,_ZN7testing8internal15TestFactoryBaseC2Ev
FNDA:0,_ZN7testing8internal15TestFactoryBaseC2Ev
FN:469,_ZN7testing8internal15TestFactoryImplIN12_GLOBAL__N_124prime_test_is_prime_TestEE10CreateTestEv
FNDA:1,_ZN7testing8internal15TestFactoryImplIN12_GLOBAL__N_124prime_test_is_prime_TestEE10CreateTestEv
FN:469,_ZN7testing8internal15TestFactoryImplIN12_GLOBAL__N_126prime_test_carmichael_TestEE10CreateTestEv
FNDA:1,_ZN7testing8internal15TestFactoryImplIN12_GLOBAL__N_126prime_test_carmichael_TestEE10CreateTestEv
FN:490,_ZN7testing8internal12CodeLocationC2ERKNSt7__cxx1112basic_stringIcSt11char_traitsIcESaIcEEEi
FNDA:0,_ZN7testing8internal12CodeLocationC2ERKNSt7__cxx1112basic_stringIcSt11char_traitsIcESaIcEEEi
FN:503,_ZN7testing8internal19GetNotDefaultOrNullEPFvvES2_
FNDA:0,_ZN7testing8internal19GetNotDefaultOrNullEPFvvES2_
FN:518,_ZN7testing8internal16SuiteApiResolverINS_4TestEE19GetSetUpCaseOrSuiteEPKci
FNDA:0,_ZN7testing8internal16SuiteApiResolverINS_4TestEE19GetSetUpCaseOrSuiteEPKci
FN:539,_ZN7testing8internal16SuiteApiResolverINS_4TestEE22GetTearDownCaseOrSuiteEPKci
FNDA:0,_ZN7testing8internal16SuiteApiResolverINS_4TestEE22GetTearDownCaseOrSuiteEPKci
DA:450,0
DA:450,0
DA:457,0
DA:469,1
DA:469,1
DA:490,0
DA:491,0
DA:503,0
DA:505,0
DA:518,0
DA:522,0
DA:524,0
DA:526,0
DA:529,0
DA:531,0
DA:539,0
DA:543,0
DA:545,0
DA:547,0
DA:550,0
DA:552,0
end_of_record
SF:/usr/include/c++/12/ext/alloc_traits.h
FN:97,_ZN9__gnu_cxx14__alloc_traitsISaIcEcE17_S_select_on_copyERKS1_
FNDA:0,_ZN9__gnu_cxx14__alloc_traitsISaIcEcE17_S_select_on_copyERKS1_
DA:97,0
DA:98,0
end_of_record
SF:/usr/include/c++/12/bits/stl_iterator_base_funcs.h
FN:99,_ZSt10__distanceIPcENSt15iterator_traitsIT_E15difference_typeES2_S2_St26random_access_iterator_tag
FNDA:0,_ZSt10__distanceIPcENSt15iterator_traitsIT_E15difference_typeES2_S2_St26random_access_iterator_tag
FN:99,_ZSt10__distanceIPKcENSt15iterator_traitsIT_E15difference_typeES3_S3_St26random_access_iterator_tag
FNDA:0,_ZSt10__distanceIPKcENSt15iterator_traitsIT_E15difference_typeES3_S3_St26random_access_iterator_tag
FN:147,_ZSt8distanceIPcENSt15iterator_traitsIT_E15difference_typeES2_S2_
FNDA:0,_ZSt8distanceIPcENSt15iterator_traitsIT_E15difference_typeES2_S2_
FN:147,_ZSt8distanceIPKcENSt15iterator_traitsIT_E15difference_typeES3_S3_
FNDA:0,_ZSt8distanceIPKcENSt15iterator_traitsIT_E15difference_typeES3_S3_
DA:99,0
DA:105,0
DA:99,0
DA:105,0
DA:147,0
DA:150,0
DA:151,0
DA:147,0
DA:150,0
DA:151,0
end_of_record
SF:/usr/include/c++/12/bits/basic_string.h
FN:634,_ZNSt7__cxx1112basic_stringIcSt11char_traitsIcESaIcEEC2IS3_EEPKcRKS3_
FNDA:0,_ZNSt7__cxx1112basic_stringIcSt11char_traitsIcESaIcEEC2IS3_EEPKcRKS3_
DA:358,0
DA:634,0
DA:635,0
DA:638,0
DA:639,0
DA:641,0
DA:642,0
DA:643,0
end_of_record
SF:/usr/include/c++/12/bits/new_allocator.h
FN:80,_ZNSt15__new_allocatorIcEC2Ev
FNDA:0,_ZNSt15__new_allocatorIcEC2Ev
FN:83,_ZNSt15__new_allocatorIcEC2ERKS0_
FNDA:0,_ZNSt15__new_allocatorIcEC2ERKS0_
FN:90,_ZNSt15__new_allocatorIcED2Ev
FNDA:0,_ZNSt15__new_allocatorIcED2Ev
DA:80,0
DA:83,0
DA:90,0
end_of_record
TN:
SF:/usr/local/include/gtest/gtest-assertion-result.h
FN:174,_ZNK7testing15AssertionResultcvbEv
FNDA:30,_ZNK7testing15AssertionResultcvbEv
FN:183,_ZNK7testing15AssertionResult7messageEv
FNDA:0,_ZNK7testing15AssertionResult7messageEv
FN:187,_ZNK7testing15AssertionResult15failure_messageEv
FNDA:0,_ZNK7testing15AssertionResult15failure_messageEv
DA:174,30
DA:183,0
DA:184,0
DA:187,0
end_of_record
SF:/usr/local/include/gtest/gtest-message.h
end_of_record
SF:/usr/include/c++/12/bits/basic_string.tcc
FN:217,_ZNSt7__cxx1112basic_stringIcSt11char_traitsIcESaIcEE12_M_constructIPcEEvT_S7_St20forward_iterator_tag
FNDA:0,_ZNSt7__cxx1112basic_stringIcSt11char_traitsIcESaIcEE12_M_constructIPcEEvT_S7_St20forward_iterator_tag
FN:217,_ZNSt7__cxx1112basic_stringIcSt11char_traitsIcESaIcEE12_M_constructIPKcEEvT_S8_St20forward_iterator_tag
FNDA:155,_ZNSt7__cxx1112basic_stringIcSt11char_traitsIcESaIcEE12_M_constructIPKcEEvT_S8_St20forward_iterator_tag
FN:235,_ZZNSt7__cxx1112basic_stringIcSt11char_traitsIcESaIcEE12_M_constructIPcEEvT_S7_St20forward_iterator_tagEN6_GuardC2EPS4_
FNDA:0,_ZZNSt7__cxx1112basic_stringIcSt11char_traitsIcESaIcEE12_M_constructIPcEEvT_S7_St20forward_iterator_tagEN6_GuardC2EPS4_
FN:235,_ZZNSt7__cxx1112basic_stringIcSt11char_traitsIcESaIcEE12_M_constructIPKcEEvT_S8_St20forward_iterator_tagEN6_GuardC2EPS4_
FNDA:155,_ZZNSt7__cxx1112basic_stringIcSt11char_traitsIcESaIcEE12_M_constructIPKcEEvT_S8_St20forward_iterator_tagEN6_GuardC2EPS4_
FN:238,_ZZNSt7__cxx1112basic_stringIcSt11char_traitsIcESaIcEE12_M_constructIPcEEvT_S7_St20forward_iterator_tagEN6_GuardD2Ev
FNDA:0,_ZZNSt7__cxx1112basic_stringIcSt11char_traitsIcESaIcEE12_M_constructIPcEEvT_S7_St20forward_iterator_tagEN6_GuardD2Ev
FN:238,_ZZNSt7__cxx1112basic_stringIcSt11char_traitsIcESaIcEE12_M_constructIPKcEEvT_S8_St20forward_iterator_tagEN6_GuardD2Ev
FNDA:155,_ZZNSt7__cxx1112basic_stringIcSt11char_traitsIcESaIcEE12_M_constructIPKcEEvT_S8_St20forward_iterator_tagEN6_GuardD2Ev
DA:217,0
DA:221,0
DA:223,0
DA:225,0
DA:226,0
DA:241,0
DA:243,0
DA:245,0
DA:247,0
DA:248,0
DA:217,155
DA:221,155
DA:223,155
DA:225,27
DA:226,27
DA:241,155
DA:243,155
DA:245,155
DA:247,155
DA:248,155
DA:235,0
DA:235,155
DA:238,0
DA:238,155
end_of_record
SF:/usr/local/include/gtest/internal/gtest-port.h
FN:967,_ZN7testing8internal8GTestLog9GetStreamEv
FNDA:0,_ZN7testing8internal8GTestLog9GetStreamEv
DA:967,0
end_of_record
SF:/usr/include/c++/12/bits/alloc_traits.h
FN:562,_ZNSt16allocator_traitsISaIcEE37select_on_container_copy_constructionERKS0_
FNDA:0,_ZNSt16allocator_traitsISaIcEE37select_on_container_copy_constructionERKS0_
DA:562,0
DA:563,0
end_of_record
SF:/usr/local/include/gtest/gtest.h
FN:244,_ZN7testing4Test14SetUpTestSuiteEv
FNDA:0,_ZN7testing4Test14SetUpTestSuiteEv
FN:252,_ZN7testing4Test17TearDownTestSuiteEv
FNDA:0,_ZN7testing4Test17TearDownTestSuiteEv
FN:257,_ZN7testing4Test16TearDownTestCaseEv
FNDA:0,_ZN7testing4Test16TearDownTestCaseEv
FN:258,_ZN7testing4Test13SetUpTestCaseEv
FNDA:0,_ZN7testing4Test13SetUpTestCaseEv
FN:339,_ZN7testing4Test5SetupEv
FNDA:0,_ZN7testing4Test5SetupEv
FN:1338,_ZN7testing8internal18CmpHelperEQFailureIddEENS_15AssertionResultEPKcS4_RKT_RKT0_
FNDA:0,_ZN7testing8internal18CmpHelperEQFailureIddEENS_15AssertionResultEPKcS4_RKT_RKT0_
FN:1338,_ZN7testing8internal18CmpHelperEQFailureIiiEENS_15AssertionResultEPKcS4_RKT_RKT0_
FNDA:0,_ZN7testing8internal18CmpHelperEQFailureIiiEENS_15AssertionResultEPKcS4_RKT_RKT0_
FN:1355,_ZN7testing8internal11CmpHelperEQIddEENS_15AssertionResultEPKcS4_RKT_RKT0_
FNDA:3,_ZN7testing8internal11CmpHelperEQIddEENS_15AssertionResultEPKcS4_RKT_RKT0_
FN:1355,_ZN7testing8internal11CmpHelperEQIiiEENS_15AssertionResultEPKcS4_RKT_RKT0_
FNDA:5,_ZN7testing8internal11CmpHelperEQIiiEENS_15AssertionResultEPKcS4_RKT_RKT0_
FN:1374,_ZN7testing8internal8EqHelper7CompareIddLPv0EEENS_15AssertionResultEPKcS6_RKT_RKT0_
FNDA:3,_ZN7testing8internal8EqHelper7CompareIddLPv0EEENS_15AssertionResultEPKcS6_RKT_RKT0_
FN:1374,_ZN7testing8internal8EqHelper7CompareIiiLPv0EEENS_15AssertionResultEPKcS6_RKT_RKT0_
FNDA:5,_ZN7testing8internal8EqHelper7CompareIiiLPv0EEENS_15AssertionResultEPKcS6_RKT_RKT0_
DA:244,0
DA:252,0
DA:257,0
DA:258,0
DA:339,0
DA:1338,0
DA:1343,0
DA:1338,0
DA:1343,0
DA:1355,3
DA:1358,3
DA:1359,3
DA:1362,0
DA:1355,5
DA:1358,5
DA:1359,5
DA:1362,0
DA:1374,3
DA:1377,3
DA:1374,5
DA:1377,5
end_of_record
SF:/usr/include/x86_64-linux-gnu/c++/12/bits/c++config.h
FN:516,_ZSt23__is_constant_evaluatedv
FNDA:169,_ZSt23__is_constant_evaluatedv
DA:516,169
DA:523,169
end_of_record
SF:/usr/include/c++/12/tuple
FN:124,_ZNSt10_Head_baseILm1ESt14default_deleteINSt7__cxx1118basic_stringstreamIcSt11char_traitsIcESaIcEEEELb1EE7_M_headERS8_
FNDA:0,_ZNSt10_Head_baseILm1ESt14default_deleteINSt7__cxx1118basic_stringstreamIcSt11char_traitsIcESaIcEEEELb1EE7_M_headERS8_
FN:124,_ZNSt10_Head_baseILm1ESt14default_deleteINSt7__cxx1112basic_stringIcSt11char_traitsIcESaIcEEEELb1EE7_M_headERS8_
FNDA:0,_ZNSt10_Head_baseILm1ESt14default_deleteINSt7__cxx1112basic_stringIcSt11char_traitsIcESaIcEEEELb1EE7_M_headERS8_
FN:233,_ZNSt10_Head_baseILm0EPNSt7__cxx1112basic_stringIcSt11char_traitsIcESaIcEEELb0EE7_M_headERS7_
FNDA:30,_ZNSt10_Head_baseILm0EPNSt7__cxx1112basic_stringIcSt11char_traitsIcESaIcEEELb0EE7_M_headERS7_
FN:233,_ZNSt10_Head_baseILm0EPNSt7__cxx1118basic_stringstreamIcSt11char_traitsIcESaIcEEELb0EE7_M_headERS7_
FNDA:0,_ZNSt10_Head_baseILm0EPNSt7__cxx1118basic_stringstreamIcSt11char_traitsIcESaIcEEELb0EE7_M_headERS7_
FN:236,_ZNSt10_Head_baseILm0EPNSt7__cxx1112basic_stringIcSt11char_traitsIcESaIcEEELb0EE7_M_headERKS7_
FNDA:0,_ZNSt10_Head_baseILm0EPNSt7__cxx1112basic_stringIcSt11char_traitsIcESaIcEEELb0EE7_M_headERKS7_
FN:268,_ZNSt11_Tuple_implILm0EJPNSt7__cxx1112basic_stringIcSt11char_traitsIcESaIcEEESt14default_deleteIS5_EEE7_M_headERS9_
FNDA:30,_ZNSt11_Tuple_implILm0EJPNSt7__cxx1112basic_stringIcSt11char_traitsIcESaIcEEESt14default_deleteIS5_EEE7_M_headERS9_
FN:268,_ZNSt11_Tuple_implILm0EJPNSt7__cxx1118basic_stringstreamIcSt11char_traitsIcESaIcEEESt14default_deleteIS5_EEE7_M_headERS9_
FNDA:0,_ZNSt11_Tuple_implILm0EJPNSt7__cxx1118basic_stringstreamIcSt11char_traitsIcESaIcEEESt14default_deleteIS5_EEE7_M_headERS9_
FN:271,_ZNSt11_Tuple_implILm0EJPNSt7__cxx1112basic_stringIcSt11char_traitsIcESaIcEEESt14default_deleteIS5_EEE7_M_headERKS9_
FNDA:0,_ZNSt11_Tuple_implILm0EJPNSt7__cxx1112basic_stringIcSt11char_traitsIcESaIcEEESt14default_deleteIS5_EEE7_M_headERKS9_
FN:424,_ZNSt11_Tuple_implILm1EJSt14default_deleteINSt7__cxx1112basic_stringIcSt11char_traitsIcESaIcEEEEEE7_M_headERS8_
FNDA:0,_ZNSt11_Tuple_implILm1EJSt14default_deleteINSt7__cxx1112basic_stringIcSt11char_traitsIcESaIcEEEEEE7_M_headERS8_
FN:424,_ZNSt11_Tuple_implILm1EJSt14default_deleteINSt7__cxx1118basic_stringstreamIcSt11char_traitsIcESaIcEEEEEE7_M_headERS8_
FNDA:0,_ZNSt11_Tuple_implILm1EJSt14default_deleteINSt7__cxx1118basic_stringstreamIcSt11char_traitsIcESaIcEEEEEE7_M_headERS8_
FN:1364,_ZSt12__get_helperILm1ESt14default_deleteINSt7__cxx1118basic_stringstreamIcSt11char_traitsIcESaIcEEEEJEERT0_RSt11_Tuple_implIXT_EJS8_DpT1_EE
FNDA:0,_ZSt12__get_helperILm1ESt14default_deleteINSt7__cxx1118basic_stringstreamIcSt11char_traitsIcESaIcEEEEJEERT0_RSt11_Tuple_implIXT_EJS8_DpT1_EE
FN:1364,_ZSt12__get_helperILm0EPNSt7__cxx1118basic_stringstreamIcSt11char_traitsIcESaIcEEEJSt14default_deleteIS5_EEERT0_RSt11_Tuple_implIXT_EJS9_DpT1_EE
FNDA:0,_ZSt12__get_helperILm0EPNSt7__cxx1118basic_stringstreamIcSt11char_traitsIcESaIcEEEJSt14default_deleteIS5_EEERT0_RSt11_Tuple_implIXT_EJS9_DpT1_EE
FN:1364,_ZSt12__get_helperILm0EPNSt7__cxx1112basic_stringIcSt11char_traitsIcESaIcEEEJSt14default_deleteIS5_EEERT0_RSt11_Tuple_implIXT_EJS9_DpT1_EE
FNDA:30,_ZSt12__get_helperILm0EPNSt7__cxx1112basic_stringIcSt11char_traitsIcESaIcEEEJSt14default_deleteIS5_EEERT0_RSt11_Tuple_implIXT_EJS9_DpT1_EE
FN:1364,_ZSt12__get_helperILm1ESt14default_deleteINSt7__cxx1112basic_stringIcSt11char_traitsIcESaIcEEEEJEERT0_RSt11_Tuple_implIXT_EJS8_DpT1_EE
FNDA:0,_ZSt12__get_helperILm1ESt14default_deleteINSt7__cxx1112basic_stringIcSt11char_traitsIcESaIcEEEEJEERT0_RSt11_Tuple_implIXT_EJS8_DpT1_EE
FN:1369,_ZSt12__get_helperILm0EPNSt7__cxx1112basic_stringIcSt11char_traitsIcESaIcEEEJSt14default_deleteIS5_EEERKT0_RKSt11_Tuple_implIXT_EJS9_DpT1_EE
FNDA:0,_ZSt12__get_helperILm0EPNSt7__cxx1112basic_stringIcSt11char_traitsIcESaIcEEEJSt14default_deleteIS5_EEERKT0_RKSt11_Tuple_implIXT_EJS9_DpT1_EE
FN:1380,_ZSt3getILm1EJPNSt7__cxx1112basic_stringIcSt11char_traitsIcESaIcEEESt14default_deleteIS5_EEERNSt13tuple_elementIXT_ESt5tupleIJDpT0_EEE4typeERSD_
FNDA:0,_ZSt3getILm1EJPNSt7__cxx1112basic_stringIcSt11char_traitsIcESaIcEEESt14default_deleteIS5_EEERNSt13tuple_elementIXT_ESt5tupleIJDpT0_EEE4typeERSD_
FN:1380,_ZSt3getILm1EJPNSt7__cxx1118basic_stringstreamIcSt11char_traitsIcESaIcEEESt14default_deleteIS5_EEERNSt13tuple_elementIXT_ESt5tupleIJDpT0_EEE4typeERSD_
FNDA:0,_ZSt3getILm1EJPNSt7__cxx1118basic_stringstreamIcSt11char_traitsIcESaIcEEESt14default_deleteIS5_EEERNSt13tuple_elementIXT_ESt5tupleIJDpT0_EEE4typeERSD_
FN:1380,_ZSt3getILm0EJPNSt7__cxx1112basic_stringIcSt11char_traitsIcESaIcEEESt14default_deleteIS5_EEERNSt13tuple_elementIXT_ESt5tupleIJDpT0_EEE4typeERSD_
FNDA:30,_ZSt3getILm0EJPNSt7__cxx1112basic_stringIcSt11char_traitsIcESaIcEEESt14default_deleteIS5_EEERNSt13tuple_elementIXT_ESt5tupleIJDpT0_EEE4typeERSD_
FN:1380,_ZSt3getILm0EJPNSt7__cxx1118basic_stringstreamIcSt11char_traitsIcESaIcEEESt14default_deleteIS5_EEERNSt13tuple_elementIXT_ESt5tupleIJDpT0_EEE4typeERSD_
FNDA:0,_ZSt3getILm0EJPNSt7__cxx1118basic_stringstreamIcSt11char_traitsIcESaIcEEESt14default_deleteIS5_EEERNSt13tuple_elementIXT_ESt5tupleIJDpT0_EEE4typeERSD_
FN:1386,_ZSt3getILm0EJPNSt7__cxx1112basic_stringIcSt11char_traitsIcESaIcEEESt14default_deleteIS5_EEERKNSt13tuple_elementIXT_ESt5tupleIJDpT0_EEE4typeERKSD_
FNDA:0,_ZSt3getILm0EJPNSt7__cxx1112basic_stringIcSt11char_traitsIcESaIcEEESt14default_deleteIS5_EEERKNSt13tuple_elementIXT_ESt5tupleIJDpT0_EEE4typeERKSD_
DA:124,0
DA:124,0
DA:233,30
DA:233,0
DA:236,0
DA:268,30
DA:268,0
DA:271,0
DA:424,0
DA:424,0
DA:1364,0
DA:1365,0
DA:1364,0
DA:1365,0
DA:1364,30
DA:1365,30
DA:1364,0
DA:1365,0
DA:1369,0
DA:1370,0
DA:1380,0
DA:1381,0
DA:1380,0
DA:1381,0
DA:1380,30
DA:1381,30
DA:1380,0
DA:1381,0
DA:1386,0
DA:1387,0
end_of_record
SF:/usr/include/c++/12/bits/unique_ptr.h
FN:89,_ZNKSt14default_deleteINSt7__cxx1112basic_stringIcSt11char_traitsIcESaIcEEEEclEPS5_
FNDA:0,_ZNKSt14default_deleteINSt7__cxx1112basic_stringIcSt11char_traitsIcESaIcEEEEclEPS5_
FN:89,_ZNKSt14default_deleteINSt7__cxx1118basic_stringstreamIcSt11char_traitsIcESaIcEEEEclEPS5_
FNDA:0,_ZNKSt14default_deleteINSt7__cxx1118basic_stringstreamIcSt11char_traitsIcESaIcEEEEclEPS5_
FN:189,_ZNSt15__uniq_ptr_implINSt7__cxx1112basic_stringIcSt11char_traitsIcESaIcEEESt14default_deleteIS5_EE6_M_ptrEv
FNDA:30,_ZNSt15__uniq_ptr_implINSt7__cxx1112basic_stringIcSt11char_traitsIcESaIcEEESt14default_deleteIS5_EE6_M_ptrEv
FN:189,_ZNSt15__uniq_ptr_implINSt7__cxx1118basic_stringstreamIcSt11char_traitsIcESaIcEEESt14default_deleteIS5_EE6_M_ptrEv
FNDA:0,_ZNSt15__uniq_ptr_implINSt7__cxx1118basic_stringstreamIcSt11char_traitsIcESaIcEEESt14default_deleteIS5_EE6_M_ptrEv
FN:191,_ZNKSt15__uniq_ptr_implINSt7__cxx1112basic_stringIcSt11char_traitsIcESaIcEEESt14default_deleteIS5_EE6_M_ptrEv
FNDA:0,_ZNKSt15__uniq_ptr_implINSt7__cxx1112basic_stringIcSt11char_traitsIcESaIcEEESt14default_deleteIS5_EE6_M_ptrEv
FN:193,_ZNSt15__uniq_ptr_implINSt7__cxx1112basic_stringIcSt11char_traitsIcESaIcEEESt14default_deleteIS5_EE10_M_deleterEv
FNDA:0,_ZNSt15__uniq_ptr_implINSt7__cxx1112basic_stringIcSt11char_traitsIcESaIcEEESt14default_deleteIS5_EE10_M_deleterEv
FN:193,_ZNSt15__uniq_ptr_implINSt7__cxx1118basic_stringstreamIcSt11char_traitsIcESaIcEEESt14default_deleteIS5_EE10_M_deleterEv
FNDA:0,_ZNSt15__uniq_ptr_implINSt7__cxx1118basic_stringstreamIcSt11char_traitsIcESaIcEEESt14default_deleteIS5_EE10_M_deleterEv
FN:390,_ZNSt10unique_ptrINSt7__cxx1112basic_stringIcSt11char_traitsIcESaIcEEESt14default_deleteIS5_EED2Ev
FNDA:30,_ZNSt10unique_ptrINSt7__cxx1112basic_stringIcSt11char_traitsIcESaIcEEESt14default_deleteIS5_EED2Ev
FN:390,_ZNSt10unique_ptrINSt7__cxx1118basic_stringstreamIcSt11char_traitsIcESaIcEEESt14default_deleteIS5_EED2Ev
FNDA:0,_ZNSt10unique_ptrINSt7__cxx1118basic_stringstreamIcSt11char_traitsIcESaIcEEESt14default_deleteIS5_EED2Ev
FN:452,_ZNKSt10unique_ptrINSt7__cxx1112basic_stringIcSt11char_traitsIcESaIcEEESt14default_deleteIS5_EEptEv
FNDA:0,_ZNKSt10unique_ptrINSt7__cxx1112basic_stringIcSt11char_traitsIcESaIcEEESt14default_deleteIS5_EEptEv
FN:461,_ZNKSt10unique_ptrINSt7__cxx1112basic_stringIcSt11char_traitsIcESaIcEEESt14default_deleteIS5_EE3getEv
FNDA:0,_ZNKSt10unique_ptrINSt7__cxx1112basic_stringIcSt11char_traitsIcESaIcEEESt14default_deleteIS5_EE3getEv
FN:467,_ZNSt10unique_ptrINSt7__cxx1112basic_stringIcSt11char_traitsIcESaIcEEESt14default_deleteIS5_EE11get_deleterEv
FNDA:0,_ZNSt10unique_ptrINSt7__cxx1112basic_stringIcSt11char_traitsIcESaIcEEESt14default_deleteIS5_EE11get_deleterEv
FN:467,_ZNSt10unique_ptrINSt7__cxx1118basic_stringstreamIcSt11char_traitsIcESaIcEEESt14default_deleteIS5_EE11get_deleterEv
FNDA:0,_ZNSt10unique_ptrINSt7__cxx1118basic_stringstreamIcSt11char_traitsIcESaIcEEESt14default_deleteIS5_EE11get_deleterEv
DA:89,0
DA:95,0
DA:96,0
DA:89,0
DA:95,0
DA:96,0
DA:189,30
DA:189,0
DA:191,0
DA:193,0
DA:193,0
DA:390,30
DA:394,30
DA:395,30
DA:396,0
DA:397,30
DA:398,30
DA:390,0
DA:394,0
DA:395,0
DA:396,0
DA:397,0
DA:398,0
DA:452,0
DA:455,0
DA:461,0
DA:462,0
DA:467,0
DA:468,0
DA:467,0
DA:468,0
end_of_record
SF:/usr/local/include/gtest/gtest-printers.h
FN:213,_ZN7testing8internal52internal_stream_operator_without_lexical_name_lookup13StreamPrinter10PrintValueIivRSoEEvRKT_PSo
FNDA:0,_ZN7testing8internal52internal_stream_operator_without_lexical_name_lookup13StreamPrinter10PrintValueIivRSoEEvRKT_PSo
FN:213,_ZN7testing8internal52internal_stream_operator_without_lexical_name_lookup13StreamPrinter10PrintValueIdvRSoEEvRKT_PSo
FNDA:0,_ZN7testing8internal52internal_stream_operator_without_lexical_name_lookup13StreamPrinter10PrintValueIdvRSoEEvRKT_PSo
FN:305,_ZN7testing8internal17PrintWithFallbackIdEEvRKT_PSo
FNDA:0,_ZN7testing8internal17PrintWithFallbackIdEEvRKT_PSo
FN:305,_ZN7testing8internal17PrintWithFallbackIiEEvRKT_PSo
FNDA:0,_ZN7testing8internal17PrintWithFallbackIiEEvRKT_PSo
FN:332,_ZN7testing8internal19FormatForComparisonIiiE6FormatB5cxx11ERKi
FNDA:0,_ZN7testing8internal19FormatForComparisonIiiE6FormatB5cxx11ERKi
FN:332,_ZN7testing8internal19FormatForComparisonIddE6FormatB5cxx11ERKd
FNDA:0,_ZN7testing8internal19FormatForComparisonIddE6FormatB5cxx11ERKd
FN:412,_ZN7testing8internal33FormatForComparisonFailureMessageIiiEENSt7__cxx1112basic_stringIcSt11char_traitsIcESaIcEEERKT_RKT0_
FNDA:0,_ZN7testing8internal33FormatForComparisonFailureMessageIiiEENSt7__cxx1112basic_stringIcSt11char_traitsIcESaIcEEERKT_RKT0_
FN:412,_ZN7testing8internal33FormatForComparisonFailureMessageIddEENSt7__cxx1112basic_stringIcSt11char_traitsIcESaIcEEERKT_RKT0_
FNDA:0,_ZN7testing8internal33FormatForComparisonFailureMessageIddEENSt7__cxx1112basic_stringIcSt11char_traitsIcESaIcEEERKT_RKT0_
FN:439,_ZN7testing8internal7PrintToIiEEvRKT_PSo
FNDA:0,_ZN7testing8internal7PrintToIiEEvRKT_PSo
FN:439,_ZN7testing8internal7PrintToIdEEvRKT_PSo
FNDA:0,_ZN7testing8internal7PrintToIdEEvRKT_PSo
FN:693,_ZN7testing8internal16UniversalPrinterIiE5PrintERKiPSo
FNDA:0,_ZN7testing8internal16UniversalPrinterIiE5PrintERKiPSo
FN:693,_ZN7testing8internal16UniversalPrinterIdE5PrintERKdPSo
FNDA:0,_ZN7testing8internal16UniversalPrinterIdE5PrintERKdPSo
FN:883,_ZN7testing8internal21UniversalTersePrinterIdE5PrintERKdPSo
FNDA:0,_ZN7testing8internal21UniversalTersePrinterIdE5PrintERKdPSo
FN:883,_ZN7testing8internal21UniversalTersePrinterIiE5PrintERKiPSo
FNDA:0,_ZN7testing8internal21UniversalTersePrinterIiE5PrintERKiPSo
FN:995,_ZN7testing8internal14UniversalPrintIdEEvRKT_PSo
FNDA:0,_ZN7testing8internal14UniversalPrintIdEEvRKT_PSo
FN:995,_ZN7testing8internal14UniversalPrintIiEEvRKT_PSo
FNDA:0,_ZN7testing8internal14UniversalPrintIiEEvRKT_PSo
FN:1035,_ZN7testing13PrintToStringIdEENSt7__cxx1112basic_stringIcSt11char_traitsIcESaIcEEERKT_
FNDA:0,_ZN7testing13PrintToStringIdEENSt7__cxx1112basic_stringIcSt11char_traitsIcESaIcEEERKT_
FN:1035,_ZN7testing13PrintToStringIiEENSt7__cxx1112basic_stringIcSt11char_traitsIcESaIcEEERKT_
FNDA:0,_ZN7testing13PrintToStringIiEENSt7__cxx1112basic_stringIcSt11char_traitsIcESaIcEEERKT_
DA:213,0
DA:216,0
DA:217,0
DA:213,0
DA:216,0
DA:217,0
DA:305,0
DA:311,0
DA:312,0
DA:305,0
DA:311,0
DA:312,0
DA:332,0
DA:333,0
DA:332,0
DA:333,0
DA:412,0
DA:414,0
DA:412,0
DA:414,0
DA:439,0
DA:440,0
DA:441,0
DA:439,0
DA:440,0
DA:441,0
DA:693,0
DA:702,0
DA:703,0
DA:693,0
DA:702,0
DA:703,0
DA:883,0
DA:884,0
DA:885,0
DA:883,0
DA:884,0
DA:885,0
DA:995,0
DA:999,0
DA:1000,0
DA:995,0
DA:999,0
DA:1000,0
DA:1035,0
DA:1036,0
DA:1037,0
DA:1038,0
DA:1039,0
DA:1035,0
DA:1036,0
DA:1037,0
DA:1038,0
DA:1039,0
end_of_record
SF:/usr/include/c++/12/iostream
end_of_record
SF:/usr/include/c++/12/bits/char_traits.h
FN:121,_ZN9__gnu_cxx11char_traitsIcE2eqERKcS3_
FNDA:0,_ZN9__gnu_cxx11char_traitsIcE2eqERKcS3_
FN:182,_ZN9__gnu_cxx11char_traitsIcE6lengthEPKc
FNDA:0,_ZN9__gnu_cxx11char_traitsIcE6lengthEPKc
FN:389,_ZNSt11char_traitsIcE6lengthEPKc
FNDA:155,_ZNSt11char_traitsIcE6lengthEPKc
DA:121,0
DA:122,0
DA:182,0
DA:185,0
DA:186,0
DA:187,0
DA:188,0
DA:389,155
DA:392,155
DA:393,0
DA:395,155
end_of_record
SF:/usr/include/c++/12/bits/move.h
FN:104,_ZSt4moveIRPNSt7__cxx1112basic_stringIcSt11char_traitsIcESaIcEEEEONSt16remove_referenceIT_E4typeEOS9_
FNDA:0,_ZSt4moveIRPNSt7__cxx1112basic_stringIcSt11char_traitsIcESaIcEEEEONSt16remove_referenceIT_E4typeEOS9_
FN:104,_ZSt4moveIRPNSt7__cxx1118basic_stringstreamIcSt11char_traitsIcESaIcEEEEONSt16remove_referenceIT_E4typeEOS9_
FNDA:0,_ZSt4moveIRPNSt7__cxx1118basic_stringstreamIcSt11char_traitsIcESaIcEEEEONSt16remove_referenceIT_E4typeEOS9_
FN:104,_ZSt4moveIRSaIcEEONSt16remove_referenceIT_E4typeEOS3_
FNDA:0,_ZSt4moveIRSaIcEEONSt16remove_referenceIT_E4typeEOS3_
DA:104,0
DA:105,0
DA:104,0
DA:105,0
DA:104,0
DA:105,0
end_of_record
SF:/usr/include/c++/12/bits/stl_iterator_base_types.h
FN:238,_ZSt19__iterator_categoryIPcENSt15iterator_traitsIT_E17iterator_categoryERKS2_
FNDA:0,_ZSt19__iterator_categoryIPcENSt15iterator_traitsIT_E17iterator_categoryERKS2_
FN:238,_ZSt19__iterator_categoryIPKcENSt15iterator_traitsIT_E17iterator_categoryERKS3_
FNDA:155,_ZSt19__iterator_categoryIPKcENSt15iterator_traitsIT_E17iterator_categoryERKS3_
DA:238,0
DA:239,0
DA:238,155
DA:239,155
end_of_record
SF:/usr/include/c++/12/ext/alloc_traits.h
FN:97,_ZN9__gnu_cxx14__alloc_traitsISaIcEcE17_S_select_on_copyERKS1_
FNDA:0,_ZN9__gnu_cxx14__alloc_traitsISaIcEcE17_S_select_on_copyERKS1_
DA:97,0
DA:98,0
end_of_record
SF:/usr/include/c++/12/bits/stl_iterator_base_funcs.h
FN:99,_ZSt10__distanceIPcENSt15iterator_traitsIT_E15difference_typeES2_S2_St26random_access_iterator_tag
FNDA:0,_ZSt10__distanceIPcENSt15iterator_traitsIT_E15difference_typeES2_S2_St26random_access_iterator_tag
FN:99,_ZSt10__distanceIPKcENSt15iterator_traitsIT_E15difference_typeES3_S3_St26random_access_iterator_tag
FNDA:155,_ZSt10__distanceIPKcENSt15iterator_traitsIT_E15difference_typeES3_S3_St26random_access_iterator_tag
FN:147,_ZSt8distanceIPcENSt15iterator_traitsIT_E15difference_typeES2_S2_
FNDA:0,_ZSt8distanceIPcENSt15iterator_traitsIT_E15difference_typeES2_S2_
FN:147,_ZSt8distanceIPKcENSt15iterator_traitsIT_E15difference_typeES3_S3_
FNDA:155,_ZSt8distanceIPKcENSt15iterator_traitsIT_E15difference_typeES3_S3_
DA:99,0
DA:105,0
DA:99,155
DA:105,155
DA:147,0
DA:150,0
DA:151,0
DA:147,155
DA:150,155
DA:151,310
end_of_record
SF:/usr/local/include/gtest/internal/gtest-internal.h
FN:450,_ZN7testing8internal15TestFactoryBaseD0Ev
FNDA:0,_ZN7testing8internal15TestFactoryBaseD0Ev
FN:450,_ZN7testing8internal15TestFactoryBaseD2Ev
FNDA:17,_ZN7testing8internal15TestFactoryBaseD2Ev
FN:457,_ZN7testing8internal15TestFactoryBaseC2Ev
FNDA:17,_ZN7testing8internal15TestFactoryBaseC2Ev
FN:469,_ZN7testing8internal15TestFactoryImplIN12_GLOBAL__N_128arith_test_add_positive_TestEE10CreateTestEv
FNDA:1,_ZN7testing8internal15TestFactoryImplIN12_GLOBAL__N_128arith_test_add_positive_TestEE10CreateTestEv
FN:469,_ZN7testing8internal15TestFactoryImplIN12_GLOBAL__N_129arith_test_mult_positive_TestEE10CreateTestEv
FNDA:1,_ZN7testing8internal15TestFactoryImplIN12_GLOBAL__N_129arith_test_mult_positive_TestEE10CreateTestEv
FN:469,_ZN7testing8internal15TestFactoryImplIN12_GLOBAL__N_128arith_test_sub_positive_TestEE10CreateTestEv
FNDA:1,_ZN7testing8internal15TestFactoryImplIN12_GLOBAL__N_128arith_test_sub_positive_TestEE10CreateTestEv
FN:490,_ZN7testing8internal12CodeLocationC2ERKNSt7__cxx1112basic_stringIcSt11char_traitsIcESaIcEEEi
FNDA:17,_ZN7testing8internal12CodeLocationC2ERKNSt7__cxx1112basic_stringIcSt11char_traitsIcESaIcEEEi
FN:503,_ZN7testing8internal19GetNotDefaultOrNullEPFvvES2_
FNDA:68,_ZN7testing8internal19GetNotDefaultOrNullEPFvvES2_
FN:518,_ZN7testing8internal16SuiteApiResolverINS_4TestEE19GetSetUpCaseOrSuiteEPKci
FNDA:17,_ZN7testing8internal16SuiteApiResolverINS_4TestEE19GetSetUpCaseOrSuiteEPKci
FN:539,_ZN7testing8internal16SuiteApiResolverINS_4TestEE22GetTearDownCaseOrSuiteEPKci
FNDA:17,_ZN7testing8internal16SuiteApiResolverINS_4TestEE22GetTearDownCaseOrSuiteEPKci
DA:450,0
DA:450,17
DA:457,17
DA:469,1
DA:469,1
DA:469,1
DA:490,17
DA:491,17
DA:503,68
DA:505,68
[...]
FN:1374,_ZN7testing8internal8EqHelper7CompareIixLPv0EEENS_15AssertionResultEPKcS6_RKT_RKT0_
FNDA:1,_ZN7testing8internal8EqHelper7CompareIixLPv0EEENS_15AssertionResultEPKcS6_RKT_RKT0_
DA:244,0
DA:252,0
DA:257,0
DA:258,0
DA:339,0
DA:1338,0
DA:1343,0
DA:1355,1
DA:1358,1
DA:1359,1
DA:1362,0
DA:1374,1
DA:1377,1
end_of_record
SF:/usr/include/c++/12/bits/basic_string.tcc
FN:217,_ZNSt7__cxx1112basic_stringIcSt11char_traitsIcESaIcEE12_M_constructIPcEEvT_S7_St20forward_iterator_tag
FNDA:0,_ZNSt7__cxx1112basic_stringIcSt11char_traitsIcESaIcEE12_M_constructIPcEEvT_S7_St20forward_iterator_tag
FN:217,_ZNSt7__cxx1112basic_stringIcSt11char_traitsIcESaIcEE12_M_constructIPKcEEvT_S8_St20forward_iterator_tag
FNDA:0,_ZNSt7__cxx1112basic_stringIcSt11char_traitsIcESaIcEE12_M_constructIPKcEEvT_S8_St20forward_iterator_tag
FN:235,_ZZNSt7__cxx1112basic_stringIcSt11char_traitsIcESaIcEE12_M_constructIPcEEvT_S7_St20forward_iterator_tagEN6_GuardC2EPS4_
FNDA:0,_ZZNSt7__cxx1112basic_stringIcSt11char_traitsIcESaIcEE12_M_constructIPcEEvT_S7_St20forward_iterator_tagEN6_GuardC2EPS4_
FN:235,_ZZNSt7__cxx1112basic_stringIcSt11char_traitsIcESaIcEE12_M_constructIPKcEEvT_S8_St20forward_iterator_tagEN6_GuardC2EPS4_
FNDA:0,_ZZNSt7__cxx1112basic_stringIcSt11char_traitsIcESaIcEE12_M_constructIPKcEEvT_S8_St20forward_iterator_tagEN6_GuardC2EPS4_
FN:238,_ZZNSt7__cxx1112basic_stringIcSt11char_traitsIcESaIcEE12_M_constructIPcEEvT_S7_St20forward_iterator_tagEN6_GuardD2Ev
FNDA:0,_ZZNSt7__cxx1112basic_stringIcSt11char_traitsIcESaIcEE12_M_constructIPcEEvT_S7_St20forward_iterator_tagEN6_GuardD2Ev
FN:238,_ZZNSt7__cxx1112basic_stringIcSt11char_traitsIcESaIcEE12_M_constructIPKcEEvT_S8_St20forward_iterator_tagEN6_GuardD2Ev
FNDA:0,_ZZNSt7__cxx1112basic_stringIcSt11char_traitsIcESaIcEE12_M_constructIPKcEEvT_S8_St20forward_iterator_tagEN6_GuardD2Ev
DA:217,0
DA:221,0
DA:223,0
DA:225,0
DA:226,0
DA:241,0
DA:243,0
DA:245,0
DA:247,0
DA:248,0
DA:217,0
DA:221,0
DA:223,0
DA:225,0
DA:226,0
DA:241,0
DA:243,0
DA:245,0
DA:247,0
DA:248,0
DA:235,0
DA:235,0
DA:238,0
DA:238,0
end_of_record
SF:/usr/local/include/gtest/gtest-message.h
end_of_record
SF:/home/akiel/Desktop/Trunk/github/public-repos/OSS/RM-pkg/tests/calc/t_calc.cpp
FN:18,_ZN12_GLOBAL__N_128deriv_test_deriv_at_val_TestD0Ev
FNDA:1,_ZN12_GLOBAL__N_128deriv_test_deriv_at_val_TestD0Ev
FN:18,_ZN12_GLOBAL__N_128deriv_test_deriv_at_val_TestD2Ev
FNDA:1,_ZN12_GLOBAL__N_128deriv_test_deriv_at_val_TestD2Ev
FN:18,_ZN12_GLOBAL__N_128deriv_test_deriv_at_val_TestC2Ev
FNDA:1,_ZN12_GLOBAL__N_128deriv_test_deriv_at_val_TestC2Ev
FN:18,_ZN12_GLOBAL__N_128deriv_test_deriv_at_val_Test8TestBodyEv
FNDA:1,_ZN12_GLOBAL__N_128deriv_test_deriv_at_val_Test8TestBodyEv
DA:18,1
DA:18,1
DA:18,1
DA:18,1
DA:19,1
DA:20,1
DA:22,1
DA:24,1
end_of_record
SF:/usr/include/c++/12/tuple
FN:124,_ZNSt10_Head_baseILm1ESt14default_deleteINSt7__cxx1118basic_stringstreamIcSt11char_traitsIcESaIcEEEELb1EE7_M_headERS8_
FNDA:0,_ZNSt10_Head_baseILm1ESt14default_deleteINSt7__cxx1118basic_stringstreamIcSt11char_traitsIcESaIcEEEELb1EE7_M_headERS8_
FN:124,_ZNSt10_Head_baseILm1ESt14default_deleteINSt7__cxx1112basic_stringIcSt11char_traitsIcESaIcEEEELb1EE7_M_headERS8_
FNDA:0,_ZNSt10_Head_baseILm1ESt14default_deleteINSt7__cxx1112basic_stringIcSt11char_traitsIcESaIcEEEELb1EE7_M_headERS8_
FN:233,_ZNSt10_Head_baseILm0EPNSt7__cxx1112basic_stringIcSt11char_traitsIcESaIcEEELb0EE7_M_headERS7_
FNDA:0,_ZNSt10_Head_baseILm0EPNSt7__cxx1112basic_stringIcSt11char_traitsIcESaIcEEELb0EE7_M_headERS7_
FN:233,_ZNSt10_Head_baseILm0EPNSt7__cxx1118basic_stringstreamIcSt11char_traitsIcESaIcEEELb0EE7_M_headERS7_
FNDA:0,_ZNSt10_Head_baseILm0EPNSt7__cxx1118basic_stringstreamIcSt11char_traitsIcESaIcEEELb0EE7_M_headERS7_
FN:236,_ZNSt10_Head_baseILm0EPNSt7__cxx1112basic_stringIcSt11char_traitsIcESaIcEEELb0EE7_M_headERKS7_
FNDA:0,_ZNSt10_Head_baseILm0EPNSt7__cxx1112basic_stringIcSt11char_traitsIcESaIcEEELb0EE7_M_headERKS7_
FN:268,_ZNSt11_Tuple_implILm0EJPNSt7__cxx1112basic_stringIcSt11char_traitsIcESaIcEEESt14default_deleteIS5_EEE7_M_headERS9_
FNDA:0,_ZNSt11_Tuple_implILm0EJPNSt7__cxx1112basic_stringIcSt11char_traitsIcESaIcEEESt14default_deleteIS5_EEE7_M_headERS9_
FN:268,_ZNSt11_Tuple_implILm0EJPNSt7__cxx1118basic_stringstreamIcSt11char_traitsIcESaIcEEESt14default_deleteIS5_EEE7_M_headERS9_
FNDA:0,_ZNSt11_Tuple_implILm0EJPNSt7__cxx1118basic_stringstreamIcSt11char_traitsIcESaIcEEESt14default_deleteIS5_EEE7_M_headERS9_
FN:271,_ZNSt11_Tuple_implILm0EJPNSt7__cxx1112basic_stringIcSt11char_traitsIcESaIcEEESt14default_deleteIS5_EEE7_M_headERKS9_
FNDA:0,_ZNSt11_Tuple_implILm0EJPNSt7__cxx1112basic_stringIcSt11char_traitsIcESaIcEEESt14default_deleteIS5_EEE7_M_headERKS9_
FN:424,_ZNSt11_Tuple_implILm1EJSt14default_deleteINSt7__cxx1112basic_stringIcSt11char_traitsIcESaIcEEEEEE7_M_headERS8_
FNDA:0,_ZNSt11_Tuple_implILm1EJSt14default_deleteINSt7__cxx1112basic_stringIcSt11char_traitsIcESaIcEEEEEE7_M_headERS8_
FN:424,_ZNSt11_Tuple_implILm1EJSt14default_deleteINSt7__cxx1118basic_stringstreamIcSt11char_traitsIcESaIcEEEEEE7_M_headERS8_
FNDA:0,_ZNSt11_Tuple_implILm1EJSt14default_deleteINSt7__cxx1118basic_stringstreamIcSt11char_traitsIcESaIcEEEEEE7_M_headERS8_
FN:1364,_ZSt12__get_helperILm1ESt14default_deleteINSt7__cxx1118basic_stringstreamIcSt11char_traitsIcESaIcEEEEJEERT0_RSt11_Tuple_implIXT_EJS8_DpT1_EE
FNDA:0,_ZSt12__get_helperILm1ESt14default_deleteINSt7__cxx1118basic_stringstreamIcSt11char_traitsIcESaIcEEEEJEERT0_RSt11_Tuple_implIXT_EJS8_DpT1_EE
FN:1364,_ZSt12__get_helperILm0EPNSt7__cxx1118basic_stringstreamIcSt11char_traitsIcESaIcEEEJSt14default_deleteIS5_EEERT0_RSt11_Tuple_implIXT_EJS9_DpT1_EE
FNDA:0,_ZSt12__get_helperILm0EPNSt7__cxx1118basic_stringstreamIcSt11char_traitsIcESaIcEEEJSt14default_deleteIS5_EEERT0_RSt11_Tuple_implIXT_EJS9_DpT1_EE
FN:1364,_ZSt12__get_helperILm0EPNSt7__cxx1112basic_stringIcSt11char_traitsIcESaIcEEEJSt14default_deleteIS5_EEERT0_RSt11_Tuple_implIXT_EJS9_DpT1_EE
FNDA:0,_ZSt12__get_helperILm0EPNSt7__cxx1112basic_stringIcSt11char_traitsIcESaIcEEEJSt14default_deleteIS5_EEERT0_RSt11_Tuple_implIXT_EJS9_DpT1_EE
FN:1364,_ZSt12__get_helperILm1ESt14default_deleteINSt7__cxx1112basic_stringIcSt11char_traitsIcESaIcEEEEJEERT0_RSt11_Tuple_implIXT_EJS8_DpT1_EE
FNDA:0,_ZSt12__get_helperILm1ESt14default_deleteINSt7__cxx1112basic_stringIcSt11char_traitsIcESaIcEEEEJEERT0_RSt11_Tuple_implIXT_EJS8_DpT1_EE
FN:1369,_ZSt12__get_helperILm0EPNSt7__cxx1112basic_stringIcSt11char_traitsIcESaIcEEEJSt14default_deleteIS5_EEERKT0_RKSt11_Tuple_implIXT_EJS9_DpT1_EE
FNDA:0,_ZSt12__get_helperILm0EPNSt7__cxx1112basic_stringIcSt11char_traitsIcESaIcEEEJSt14default_deleteIS5_EEERKT0_RKSt11_Tuple_implIXT_EJS9_DpT1_EE
FN:1380,_ZSt3getILm1EJPNSt7__cxx1112basic_stringIcSt11char_traitsIcESaIcEEESt14default_deleteIS5_EEERNSt13tuple_elementIXT_ESt5tupleIJDpT0_EEE4typeERSD_
FNDA:0,_ZSt3getILm1EJPNSt7__cxx1112basic_stringIcSt11char_traitsIcESaIcEEESt14default_deleteIS5_EEERNSt13tuple_elementIXT_ESt5tupleIJDpT0_EEE4typeERSD_
FN:1380,_ZSt3getILm1EJPNSt7__cxx1118basic_stringstreamIcSt11char_traitsIcESaIcEEESt14default_deleteIS5_EEERNSt13tuple_elementIXT_ESt5tupleIJDpT0_EEE4typeERSD_
FNDA:0,_ZSt3getILm1EJPNSt7__cxx1118basic_stringstreamIcSt11char_traitsIcESaIcEEESt14default_deleteIS5_EEERNSt13tuple_elementIXT_ESt5tupleIJDpT0_EEE4typeERSD_
FN:1380,_ZSt3getILm0EJPNSt7__cxx1112basic_stringIcSt11char_traitsIcESaIcEEESt14default_deleteIS5_EEERNSt13tuple_elementIXT_ESt5tupleIJDpT0_EEE4typeERSD_
FNDA:0,_ZSt3getILm0EJPNSt7__cxx1112basic_stringIcSt11char_traitsIcESaIcEEESt14default_deleteIS5_EEERNSt13tuple_elementIXT_ESt5tupleIJDpT0_EEE4typeERSD_
FN:1380,_ZSt3getILm0EJPNSt7__cxx1118basic_stringstreamIcSt11char_traitsIcESaIcEEESt14default_deleteIS5_EEERNSt13tuple_elementIXT_ESt5tupleIJDpT0_EEE4typeERSD_
FNDA:0,_ZSt3getILm0EJPNSt7__cxx1118basic_stringstreamIcSt11char_traitsIcESaIcEEESt14default_deleteIS5_EEERNSt13tuple_elementIXT_ESt5tupleIJDpT0_EEE4typeERSD_
FN:1386,_ZSt3getILm0EJPNSt7__cxx1112basic_stringIcSt11char_traitsIcESaIcEEESt14default_deleteIS5_EEERKNSt13tuple_elementIXT_ESt5tupleIJDpT0_EEE4typeERKSD_
FNDA:0,_ZSt3getILm0EJPNSt7__cxx1112basic_stringIcSt11char_traitsIcESaIcEEESt14default_deleteIS5_EEERKNSt13tuple_elementIXT_ESt5tupleIJDpT0_EEE4typeERKSD_
DA:124,0
DA:124,0
DA:233,0
DA:233,0
DA:236,0
DA:268,0
DA:268,0
DA:271,0
DA:424,0
DA:424,0
DA:1364,0
DA:1365,0
DA:1364,0
DA:1365,0
DA:1364,0
DA:1365,0
DA:1364,0
DA:1365,0
DA:1369,0
DA:1370,0
DA:1380,0
DA:1381,0
DA:1380,0
DA:1381,0
DA:1380,0
DA:1381,0
DA:1380,0
DA:1381,0
DA:1386,0
DA:1387,0
end_of_record
SF:/usr/include/x86_64-linux-gnu/c++/12/bits/c++config.h
FN:516,_ZSt23__is_constant_evaluatedv
FNDA:0,_ZSt23__is_constant_evaluatedv
DA:516,0
DA:523,0
end_of_record
SF:/usr/include/c++/12/bits/char_traits.h
FN:121,_ZN9__gnu_cxx11char_traitsIcE2eqERKcS3_
FNDA:0,_ZN9__gnu_cxx11char_traitsIcE2eqERKcS3_
FN:182,_ZN9__gnu_cxx11char_traitsIcE6lengthEPKc
FNDA:0,_ZN9__gnu_cxx11char_traitsIcE6lengthEPKc
FN:389,_ZNSt11char_traitsIcE6lengthEPKc
FNDA:0,_ZNSt11char_traitsIcE6lengthEPKc
DA:121,0
DA:122,0
DA:182,0
DA:185,0
DA:186,0
DA:187,0
DA:188,0
DA:389,0
DA:392,0
DA:393,0
DA:395,0
end_of_record
SF:/usr/include/c++/12/iostream
end_of_record
SF:/usr/local/include/gtest/gtest-printers.h
FN:213,_ZN7testing8internal52internal_stream_operator_without_lexical_name_lookup13StreamPrinter10PrintValueIxvRSoEEvRKT_PSo
FNDA:0,_ZN7testing8internal52internal_stream_operator_without_lexical_name_lookup13StreamPrinter10PrintValueIxvRSoEEvRKT_PSo
FN:213,_ZN7testing8internal52internal_stream_operator_without_lexical_name_lookup13StreamPrinter10PrintValueIivRSoEEvRKT_PSo
FNDA:0,_ZN7testing8internal52internal_stream_operator_without_lexical_name_lookup13StreamPrinter10PrintValueIivRSoEEvRKT_PSo
FN:305,_ZN7testing8internal17PrintWithFallbackIiEEvRKT_PSo
FNDA:0,_ZN7testing8internal17PrintWithFallbackIiEEvRKT_PSo
FN:305,_ZN7testing8internal17PrintWithFallbackIxEEvRKT_PSo
FNDA:0,_ZN7testing8internal17PrintWithFallbackIxEEvRKT_PSo
FN:332,_ZN7testing8internal19FormatForComparisonIixE6FormatB5cxx11ERKi
FNDA:0,_ZN7testing8internal19FormatForComparisonIixE6FormatB5cxx11ERKi
FN:332,_ZN7testing8internal19FormatForComparisonIxiE6FormatB5cxx11ERKx
FNDA:0,_ZN7testing8internal19FormatForComparisonIxiE6FormatB5cxx11ERKx
FN:412,_ZN7testing8internal33FormatForComparisonFailureMessageIixEENSt7__cxx1112basic_stringIcSt11char_traitsIcESaIcEEERKT_RKT0_
FNDA:0,_ZN7testing8internal33FormatForComparisonFailureMessageIixEENSt7__cxx1112basic_stringIcSt11char_traitsIcESaIcEEERKT_RKT0_
FN:412,_ZN7testing8internal33FormatForComparisonFailureMessageIxiEENSt7__cxx1112basic_stringIcSt11char_traitsIcESaIcEEERKT_RKT0_
FNDA:0,_ZN7testing8internal33FormatForComparisonFailureMessageIxiEENSt7__cxx1112basic_stringIcSt11char_traitsIcESaIcEEERKT_RKT0_
FN:439,_ZN7testing8internal7PrintToIxEEvRKT_PSo
FNDA:0,_ZN7testing8internal7PrintToIxEEvRKT_PSo
FN:439,_ZN7testing8internal7PrintToIiEEvRKT_PSo
FNDA:0,_ZN7testing8internal7PrintToIiEEvRKT_PSo
FN:693,_ZN7testing8internal16UniversalPrinterIxE5PrintERKxPSo
FNDA:0,_ZN7testing8internal16UniversalPrinterIxE5PrintERKxPSo
FN:693,_ZN7testing8internal16UniversalPrinterIiE5PrintERKiPSo
FNDA:0,_ZN7testing8internal16UniversalPrinterIiE5PrintERKiPSo
FN:883,_ZN7testing8internal21UniversalTersePrinterIiE5PrintERKiPSo
FNDA:0,_ZN7testing8internal21UniversalTersePrinterIiE5PrintERKiPSo
FN:883,_ZN7testing8internal21UniversalTersePrinterIxE5PrintERKxPSo
FNDA:0,_ZN7testing8internal21UniversalTersePrinterIxE5PrintERKxPSo
FN:995,_ZN7testing8internal14UniversalPrintIxEEvRKT_PSo
FNDA:0,_ZN7testing8internal14UniversalPrintIxEEvRKT_PSo
FN:995,_ZN7testing8internal14UniversalPrintIiEEvRKT_PSo
FNDA:0,_ZN7testing8internal14UniversalPrintIiEEvRKT_PSo
FN:1035,_ZN7testing13PrintToStringIiEENSt7__cxx1112basic_stringIcSt11char_traitsIcESaIcEEERKT_
FNDA:0,_ZN7testing13PrintToStringIiEENSt7__cxx1112basic_stringIcSt11char_traitsIcESaIcEEERKT_
FN:1035,_ZN7testing13PrintToStringIxEENSt7__cxx1112basic_stringIcSt11char_traitsIcESaIcEEERKT_
FNDA:0,_ZN7testing13PrintToStringIxEENSt7__cxx1112basic_stringIcSt11char_traitsIcESaIcEEERKT_
DA:213,0
DA:216,0
DA:217,0
DA:213,0
DA:216,0
DA:217,0
DA:305,0
DA:311,0
DA:312,0
DA:305,0
DA:311,0
DA:312,0
DA:332,0
DA:333,0
DA:332,0
DA:333,0
DA:412,0
DA:414,0
DA:412,0
DA:414,0
DA:439,0
DA:440,0
DA:441,0
DA:439,0
DA:440,0
DA:441,0
DA:693,0
DA:702,0
DA:703,0
DA:693,0
DA:702,0
DA:703,0
DA:883,0
DA:884,0
DA:885,0
DA:883,0
DA:884,0
DA:885,0
DA:995,0
DA:999,0
DA:1000,0
DA:995,0
DA:999,0
DA:1000,0
DA:1035,0
DA:1036,0
DA:1037,0
DA:1038,0
DA:1039,0
DA:1035,0
DA:1036,0
DA:1037,0
DA:1038,0
DA:1039,0
end_of_record
SF:/usr/include/c++/12/bits/unique_ptr.h
FN:89,_ZNKSt14default_deleteINSt7__cxx1112basic_stringIcSt11char_traitsIcESaIcEEEEclEPS5_
FNDA:0,_ZNKSt14default_deleteINSt7__cxx1112basic_stringIcSt11char_traitsIcESaIcEEEEclEPS5_
FN:89,_ZNKSt14default_deleteINSt7__cxx1118basic_stringstreamIcSt11char_traitsIcESaIcEEEEclEPS5_
FNDA:0,_ZNKSt14default_deleteINSt7__cxx1118basic_stringstreamIcSt11char_traitsIcESaIcEEEEclEPS5_
FN:189,_ZNSt15__uniq_ptr_implINSt7__cxx1112basic_stringIcSt11char_traitsIcESaIcEEESt14default_deleteIS5_EE6_M_ptrEv
FNDA:0,_ZNSt15__uniq_ptr_implINSt7__cxx1112basic_stringIcSt11char_traitsIcESaIcEEESt14default_deleteIS5_EE6_M_ptrEv
FN:189,_ZNSt15__uniq_ptr_implINSt7__cxx1118basic_stringstreamIcSt11char_traitsIcESaIcEEESt14default_deleteIS5_EE6_M_ptrEv
FNDA:0,_ZNSt15__uniq_ptr_implINSt7__cxx1118basic_stringstreamIcSt11char_traitsIcESaIcEEESt14default_deleteIS5_EE6_M_ptrEv
FN:191,_ZNKSt15__uniq_ptr_implINSt7__cxx1112basic_stringIcSt11char_traitsIcESaIcEEESt14default_deleteIS5_EE6_M_ptrEv
FNDA:0,_ZNKSt15__uniq_ptr_implINSt7__cxx1112basic_stringIcSt11char_traitsIcESaIcEEESt14default_deleteIS5_EE6_M_ptrEv
FN:193,_ZNSt15__uniq_ptr_implINSt7__cxx1112basic_stringIcSt11char_traitsIcESaIcEEESt14default_deleteIS5_EE10_M_deleterEv
FNDA:0,_ZNSt15__uniq_ptr_implINSt7__cxx1112basic_stringIcSt11char_traitsIcESaIcEEESt14default_deleteIS5_EE10_M_deleterEv
FN:193,_ZNSt15__uniq_ptr_implINSt7__cxx1118basic_stringstreamIcSt11char_traitsIcESaIcEEESt14default_deleteIS5_EE10_M_deleterEv
FNDA:0,_ZNSt15__uniq_ptr_implINSt7__cxx1118basic_stringstreamIcSt11char_traitsIcESaIcEEESt14default_deleteIS5_EE10_M_deleterEv
FN:390,_ZNSt10unique_ptrINSt7__cxx1112basic_stringIcSt11char_traitsIcESaIcEEESt14default_deleteIS5_EED2Ev
FNDA:0,_ZNSt10unique_ptrINSt7__cxx1112basic_stringIcSt11char_traitsIcESaIcEEESt14default_deleteIS5_EED2Ev
FN:390,_ZNSt10unique_ptrINSt7__cxx1118basic_stringstreamIcSt11char_traitsIcESaIcEEESt14default_deleteIS5_EED2Ev
FNDA:0,_ZNSt10unique_ptrINSt7__cxx1118basic_stringstreamIcSt11char_traitsIcESaIcEEESt14default_deleteIS5_EED2Ev
FN:452,_ZNKSt10unique_ptrINSt7__cxx1112basic_stringIcSt11char_traitsIcESaIcEEESt14default_deleteIS5_EEptEv
FNDA:0,_ZNKSt10unique_ptrINSt7__cxx1112basic_stringIcSt11char_traitsIcESaIcEEESt14default_deleteIS5_EEptEv
FN:461,_ZNKSt10unique_ptrINSt7__cxx1112basic_stringIcSt11char_traitsIcESaIcEEESt14default_deleteIS5_EE3getEv
FNDA:0,_ZNKSt10unique_ptrINSt7__cxx1112basic_stringIcSt11char_traitsIcESaIcEEESt14default_deleteIS5_EE3getEv
FN:467,_ZNSt10unique_ptrINSt7__cxx1112basic_stringIcSt11char_traitsIcESaIcEEESt14default_deleteIS5_EE11get_deleterEv
FNDA:0,_ZNSt10unique_ptrINSt7__cxx1112basic_stringIcSt11char_traitsIcESaIcEEESt14default_deleteIS5_EE11get_deleterEv
FN:467,_ZNSt10unique_ptrINSt7__cxx1118basic_stringstreamIcSt11char_traitsIcESaIcEEESt14default_deleteIS5_EE11get_deleterEv
FNDA:0,_ZNSt10unique_ptrINSt7__cxx1118basic_stringstreamIcSt11char_traitsIcESaIcEEESt14default_deleteIS5_EE11get_deleterEv
DA:89,0
DA:95,0
DA:96,0
DA:89,0
DA:95,0
DA:96,0
DA:189,0
DA:189,0
DA:191,0
DA:193,0
DA:193,0
DA:390,0
DA:394,0
DA:395,0
DA:396,0
DA:397,0
DA:398,0
DA:390,0
DA:394,0
DA:395,0
DA:396,0
DA:397,0
DA:398,0
DA:452,0
DA:455,0
DA:461,0
DA:462,0
DA:467,0
DA:468,0
DA:467,0
DA:468,0
end_of_record
SF:/usr/include/c++/12/bits/move.h
FN:104,_ZSt4moveIRPNSt7__cxx1112basic_stringIcSt11char_traitsIcESaIcEEEEONSt16remove_referenceIT_E4typeEOS9_
FNDA:0,_ZSt4moveIRPNSt7__cxx1112basic_stringIcSt11char_traitsIcESaIcEEEEONSt16remove_referenceIT_E4typeEOS9_
FN:104,_ZSt4moveIRPNSt7__cxx1118basic_stringstreamIcSt11char_traitsIcESaIcEEEEONSt16remove_referenceIT_E4typeEOS9_
FNDA:0,_ZSt4moveIRPNSt7__cxx1118basic_stringstreamIcSt11char_traitsIcESaIcEEEEONSt16remove_referenceIT_E4typeEOS9_
FN:104,_ZSt4moveIRSaIcEEONSt16remove_referenceIT_E4typeEOS3_
FNDA:0,_ZSt4moveIRSaIcEEONSt16remove_referenceIT_E4typeEOS3_
DA:104,0
DA:105,0
DA:104,0
DA:105,0
DA:104,0
DA:105,0
end_of_record
SF:/usr/include/c++/12/bits/stl_iterator_base_types.h
FN:238,_ZSt19__iterator_categoryIPcENSt15iterator_traitsIT_E17iterator_categoryERKS2_
FNDA:0,_ZSt19__iterator_categoryIPcENSt15iterator_traitsIT_E17iterator_categoryERKS2_
FN:238,_ZSt19__iterator_categoryIPKcENSt15iterator_traitsIT_E17iterator_categoryERKS3_
FNDA:0,_ZSt19__iterator_categoryIPKcENSt15iterator_traitsIT_E17iterator_categoryERKS3_
DA:238,0
DA:239,0
DA:238,0
DA:239,0
end_of_record
SF:/usr/include/c++/12/ext/alloc_traits.h
FN:97,_ZN9__gnu_cxx14__alloc_traitsISaIcEcE17_S_select_on_copyERKS1_
FNDA:0,_ZN9__gnu_cxx14__alloc_traitsISaIcEcE17_S_select_on_copyERKS1_
DA:97,0
DA:98,0
end_of_record
SF:/usr/include/c++/12/bits/stl_iterator_base_funcs.h
FN:99,_ZSt10__distanceIPcENSt15iterator_traitsIT_E15difference_typeES2_S2_St26random_access_iterator_tag
FNDA:0,_ZSt10__distanceIPcENSt15iterator_traitsIT_E15difference_typeES2_S2_St26random_access_iterator_tag
FN:99,_ZSt10__distanceIPKcENSt15iterator_traitsIT_E15difference_typeES3_S3_St26random_access_iterator_tag
FNDA:0,_ZSt10__distanceIPKcENSt15iterator_traitsIT_E15difference_typeES3_S3_St26random_access_iterator_tag
FN:147,_ZSt8distanceIPcENSt15iterator_traitsIT_E15difference_typeES2_S2_
FNDA:0,_ZSt8distanceIPcENSt15iterator_traitsIT_E15difference_typeES2_S2_
FN:147,_ZSt8distanceIPKcENSt15iterator_traitsIT_E15difference_typeES3_S3_
FNDA:0,_ZSt8distanceIPKcENSt15iterator_traitsIT_E15difference_typeES3_S3_
DA:99,0
DA:105,0
DA:99,0
DA:105,0
DA:147,0
DA:150,0
DA:151,0
DA:147,0
DA:150,0
DA:151,0
end_of_record
SF:/usr/local/include/gtest/internal/gtest-internal.h
FN:450,_ZN7testing8internal15TestFactoryBaseD0Ev
FNDA:0,_ZN7testing8internal15TestFactoryBaseD0Ev
FN:450,_ZN7testing8internal15TestFactoryBaseD2Ev
FNDA:0,_ZN7testing8internal15TestFactoryBaseD2Ev
FN:457,_ZN7testing8internal15TestFactoryBaseC2Ev
FNDA:0,_ZN7testing8internal15TestFactoryBaseC2Ev
FN:469,_ZN7testing8internal15TestFactoryImplIN12_GLOBAL__N_128deriv_test_deriv_at_val_TestEE10CreateTestEv
FNDA:1,_ZN7testing8internal15TestFactoryImplIN12_GLOBAL__N_128deriv_test_deriv_at_val_TestEE10CreateTestEv
FN:490,_ZN7testing8internal12CodeLocationC2ERKNSt7__cxx1112basic_stringIcSt11char_traitsIcESaIcEEEi
FNDA:0,_ZN7testing8internal12CodeLocationC2ERKNSt7__cxx1112basic_stringIcSt11char_traitsIcESaIcEEEi
FN:503,_ZN7testing8internal19GetNotDefaultOrNullEPFvvES2_
FNDA:0,_ZN7testing8internal19GetNotDefaultOrNullEPFvvES2_
FN:518,_ZN7testing8internal16SuiteApiResolverINS_4TestEE19GetSetUpCaseOrSuiteEPKci
FNDA:0,_ZN7testing8internal16SuiteApiResolverINS_4TestEE19GetSetUpCaseOrSuiteEPKci
FN:539,_ZN7testing8internal16SuiteApiResolverINS_4TestEE22GetTearDownCaseOrSuiteEPKci
FNDA:0,_ZN7testing8internal16SuiteApiResolverINS_4TestEE22GetTearDownCaseOrSuiteEPKci
DA:450,0
DA:450,0
DA:457,0
DA:469,1
DA:490,0
DA:491,0
DA:503,0
DA:505,0
DA:518,0
DA:522,0
DA:524,0
DA:526,0
DA:529,0
DA:531,0
DA:539,0
DA:543,0
DA:545,0
DA:547,0
DA:550,0
DA:552,0
end_of_record
SF:/usr/include/c++/12/bits/new_allocator.h
FN:80,_ZNSt15__new_allocatorIcEC2Ev
FNDA:0,_ZNSt15__new_allocatorIcEC2Ev
FN:83,_ZNSt15__new_allocatorIcEC2ERKS0_
FNDA:0,_ZNSt15__new_allocatorIcEC2ERKS0_
FN:90,_ZNSt15__new_allocatorIcED2Ev
FNDA:0,_ZNSt15__new_allocatorIcED2Ev
DA:80,0
DA:83,0
DA:90,0
end_of_record
SF:/usr/include/c++/12/bits/basic_string.h
FN:634,_ZNSt7__cxx1112basic_stringIcSt11char_traitsIcESaIcEEC2IS3_EEPKcRKS3_
FNDA:0,_ZNSt7__cxx1112basic_stringIcSt11char_traitsIcESaIcEEC2IS3_EEPKcRKS3_
DA:358,0
DA:634,0
DA:635,0
DA:638,0
DA:639,0
DA:641,0
DA:642,0
DA:643,0
end_of_record
