TN:
SF:/usr/include/c++/12/bits/char_traits.h
DA:347,39
DA:350,39
DA:354,39
DA:355,0
DA:370,15
DA:372,15
DA:375,15
DA:385,15
DA:389,21
DA:392,21
DA:395,21
DA:411,0
DA:413,0
DA:416,0
DA:419,0
DA:423,39
DA:425,39
DA:428,39
DA:431,39
end_of_record
SF:/usr/include/c++/12/ostream
DA:615,0
DA:620,0
DA:621,0
end_of_record
SF:/usr/local/include/gtest/gtest.h
FN:350,_ZN7testing4Test5SetupEv
FNDA:0,_ZN7testing4Test5SetupEv
FN:1349,_ZN7testing8internal18CmpHelperEQFailureINSt7__cxx1112basic_stringIcSt11char_traitsIcESaIcEEES7_EENS_15AssertionResultEPKcSA_RKT_RKT0_
FNDA:0,_ZN7testing8internal18CmpHelperEQFailureINSt7__cxx1112basic_stringIcSt11char_traitsIcESaIcEEES7_EENS_15AssertionResultEPKcSA_RKT_RKT0_
FN:1366,_ZN7testing8internal11CmpHelperEQINSt7__cxx1112basic_stringIcSt11char_traitsIcESaIcEEES7_EENS_15AssertionResultEPKcSA_RKT_RKT0_
FNDA:15,_ZN7testing8internal11CmpHelperEQINSt7__cxx1112basic_stringIcSt11char_traitsIcESaIcEEES7_EENS_15AssertionResultEPKcSA_RKT_RKT0_
DA:350,0
DA:1349,0
DA:1354,0
DA:1366,15
DA:1369,15
DA:1370,15
DA:1373,0
DA:1385,6
DA:1388,6
end_of_record
SF:/home/akiel/Desktop/Trunk/github/public-repos/OSS/openGPMP/tests/nt/t_cipher.cpp
FN:49,_ZN12_GLOBAL__N_126ccipher_test_caesar_0_Test8TestBodyEv
FNDA:1,_ZN12_GLOBAL__N_126ccipher_test_caesar_0_Test8TestBodyEv
FN:49,_ZN12_GLOBAL__N_126ccipher_test_caesar_0_TestD0Ev
FNDA:1,_ZN12_GLOBAL__N_126ccipher_test_caesar_0_TestD0Ev
FN:49,_ZN12_GLOBAL__N_126ccipher_test_caesar_0_TestD2Ev
FNDA:0,_ZN12_GLOBAL__N_126ccipher_test_caesar_0_TestD2Ev
FN:58,_ZN12_GLOBAL__N_126ccipher_test_caesar_1_Test8TestBodyEv
FNDA:1,_ZN12_GLOBAL__N_126ccipher_test_caesar_1_Test8TestBodyEv
FN:58,_ZN12_GLOBAL__N_126ccipher_test_caesar_1_TestD2Ev
FNDA:0,_ZN12_GLOBAL__N_126ccipher_test_caesar_1_TestD2Ev
FN:58,_ZN12_GLOBAL__N_126ccipher_test_caesar_1_TestD0Ev
FNDA:1,_ZN12_GLOBAL__N_126ccipher_test_caesar_1_TestD0Ev
FN:67,_ZN12_GLOBAL__N_126ccipher_test_caesar_2_TestD0Ev
FNDA:1,_ZN12_GLOBAL__N_126ccipher_test_caesar_2_TestD0Ev
FN:67,_ZN12_GLOBAL__N_126ccipher_test_caesar_2_TestD2Ev
FNDA:0,_ZN12_GLOBAL__N_126ccipher_test_caesar_2_TestD2Ev
FN:67,_ZN12_GLOBAL__N_126ccipher_test_caesar_2_Test8TestBodyEv
FNDA:1,_ZN12_GLOBAL__N_126ccipher_test_caesar_2_Test8TestBodyEv
FN:76,_ZN12_GLOBAL__N_127kcipher_test_keyword_0_TestD2Ev
FNDA:0,_ZN12_GLOBAL__N_127kcipher_test_keyword_0_TestD2Ev
FN:76,_ZN12_GLOBAL__N_127kcipher_test_keyword_0_Test8TestBodyEv
FNDA:1,_ZN12_GLOBAL__N_127kcipher_test_keyword_0_Test8TestBodyEv
FN:76,_ZN12_GLOBAL__N_127kcipher_test_keyword_0_TestD0Ev
FNDA:1,_ZN12_GLOBAL__N_127kcipher_test_keyword_0_TestD0Ev
FN:90,_ZN12_GLOBAL__N_127kcipher_test_keyword_1_Test8TestBodyEv
FNDA:1,_ZN12_GLOBAL__N_127kcipher_test_keyword_1_Test8TestBodyEv
FN:90,_ZN12_GLOBAL__N_127kcipher_test_keyword_1_TestD2Ev
FNDA:0,_ZN12_GLOBAL__N_127kcipher_test_keyword_1_TestD2Ev
FN:90,_ZN12_GLOBAL__N_127kcipher_test_keyword_1_TestD0Ev
FNDA:1,_ZN12_GLOBAL__N_127kcipher_test_keyword_1_TestD0Ev
FN:104,_ZN12_GLOBAL__N_135kcipher_test_error_cipher_text_TestD0Ev
FNDA:1,_ZN12_GLOBAL__N_135kcipher_test_error_cipher_text_TestD0Ev
FN:104,_ZN12_GLOBAL__N_135kcipher_test_error_cipher_text_Test8TestBodyEv
FNDA:1,_ZN12_GLOBAL__N_135kcipher_test_error_cipher_text_Test8TestBodyEv
FN:104,_ZN12_GLOBAL__N_135kcipher_test_error_cipher_text_TestD2Ev
FNDA:0,_ZN12_GLOBAL__N_135kcipher_test_error_cipher_text_TestD2Ev
DA:49,1
DA:49,0
DA:49,1
DA:50,1
DA:51,1
DA:52,2
DA:53,1
DA:55,2
DA:56,1
DA:49,1
DA:58,1
DA:58,0
DA:58,1
DA:59,1
DA:60,1
DA:61,2
DA:62,1
DA:64,2
DA:65,1
DA:58,1
DA:67,1
DA:67,0
DA:67,1
DA:68,1
DA:69,1
DA:70,2
DA:71,1
DA:73,2
DA:74,1
DA:67,1
DA:76,1
DA:76,0
DA:76,1
DA:77,1
DA:78,1
DA:81,2
DA:83,4
DA:85,1
DA:87,2
DA:88,2
DA:76,1
DA:90,1
DA:90,0
DA:90,1
DA:91,1
DA:92,1
DA:95,2
DA:97,4
DA:99,1
DA:101,2
DA:102,2
DA:90,1
DA:104,1
DA:104,0
DA:104,1
DA:105,1
DA:106,1
DA:109,2
DA:111,4
DA:113,1
DA:115,2
DA:116,2
DA:104,1
end_of_record
SF:/usr/local/include/gtest/internal/gtest-port.h
DA:970,0
end_of_record
SF:/usr/include/c++/12/bits/stl_function.h
DA:451,0
DA:457,0
end_of_record
SF:/usr/include/c++/12/iostream
end_of_record
SF:/usr/include/c++/12/ext/alloc_traits.h
DA:97,12
DA:98,12
end_of_record
SF:/usr/include/c++/12/bits/alloc_traits.h
DA:463,3
DA:464,3
DA:495,6
DA:496,6
DA:562,12
DA:563,12
end_of_record
SF:/usr/include/c++/12/sstream
DA:1136,0
DA:1137,0
end_of_record
SF:/usr/local/include/gtest/gtest-message.h
DA:92,0
end_of_record
SF:/usr/local/include/gtest/gtest-assertion-result.h
DA:133,6
DA:174,6
DA:183,0
DA:184,0
DA:187,0
end_of_record
SF:/usr/local/include/gtest/internal/gtest-internal.h
FN:470,_ZN7testing8internal15TestFactoryImplIN12_GLOBAL__N_126ccipher_test_caesar_0_TestEE10CreateTestEv
FNDA:1,_ZN7testing8internal15TestFactoryImplIN12_GLOBAL__N_126ccipher_test_caesar_0_TestEE10CreateTestEv
FN:470,_ZN7testing8internal15TestFactoryImplIN12_GLOBAL__N_126ccipher_test_caesar_1_TestEE10CreateTestEv
FNDA:1,_ZN7testing8internal15TestFactoryImplIN12_GLOBAL__N_126ccipher_test_caesar_1_TestEE10CreateTestEv
FN:470,_ZN7testing8internal15TestFactoryImplIN12_GLOBAL__N_126ccipher_test_caesar_2_TestEE10CreateTestEv
FNDA:1,_ZN7testing8internal15TestFactoryImplIN12_GLOBAL__N_126ccipher_test_caesar_2_TestEE10CreateTestEv
FN:470,_ZN7testing8internal15TestFactoryImplIN12_GLOBAL__N_127kcipher_test_keyword_0_TestEE10CreateTestEv
FNDA:1,_ZN7testing8internal15TestFactoryImplIN12_GLOBAL__N_127kcipher_test_keyword_0_TestEE10CreateTestEv
FN:470,_ZN7testing8internal15TestFactoryImplIN12_GLOBAL__N_127kcipher_test_keyword_1_TestEE10CreateTestEv
FNDA:1,_ZN7testing8internal15TestFactoryImplIN12_GLOBAL__N_127kcipher_test_keyword_1_TestEE10CreateTestEv
FN:470,_ZN7testing8internal15TestFactoryImplIN12_GLOBAL__N_135kcipher_test_error_cipher_text_TestEE10CreateTestEv
FNDA:1,_ZN7testing8internal15TestFactoryImplIN12_GLOBAL__N_135kcipher_test_error_cipher_text_TestEE10CreateTestEv
FN:519,_ZN7testing8internal16SuiteApiResolverINS_4TestEE19GetSetUpCaseOrSuiteEPKci
FNDA:0,_ZN7testing8internal16SuiteApiResolverINS_4TestEE19GetSetUpCaseOrSuiteEPKci
FN:540,_ZN7testing8internal16SuiteApiResolverINS_4TestEE22GetTearDownCaseOrSuiteEPKci
FNDA:0,_ZN7testing8internal16SuiteApiResolverINS_4TestEE22GetTearDownCaseOrSuiteEPKci
DA:470,1
DA:470,1
DA:470,1
DA:470,1
DA:470,1
DA:470,1
DA:519,0
DA:523,0
DA:525,0
DA:527,0
DA:530,0
DA:532,0
DA:540,0
DA:544,0
DA:546,0
DA:548,0
DA:551,0
DA:553,0
end_of_record
SF:/usr/include/c++/12/bits/allocator.h
DA:156,12
DA:159,33
DA:160,33
DA:174,30
DA:179,3
DA:188,3
DA:193,6
DA:200,6
end_of_record
SF:/usr/include/c++/12/bits/new_allocator.h
FN:112,_ZNSt15__new_allocatorIcE8allocateEmPKv
FNDA:3,_ZNSt15__new_allocatorIcE8allocateEmPKv
FN:142,_ZNSt15__new_allocatorIcE10deallocateEPcm
FNDA:6,_ZNSt15__new_allocatorIcE10deallocateEPcm
DA:80,12
DA:83,33
DA:112,3
DA:120,3
DA:126,0
DA:137,3
DA:142,6
DA:158,6
end_of_record
SF:/usr/include/c++/12/bits/stl_iterator_base_funcs.h
DA:99,39
DA:105,39
DA:147,39
DA:150,39
end_of_record
SF:/usr/include/c++/12/bits/basic_string.tcc
FN:134,_ZNSt7__cxx1112basic_stringIcSt11char_traitsIcESaIcEE9_M_createERmm
FNDA:3,_ZNSt7__cxx1112basic_stringIcSt11char_traitsIcESaIcEE9_M_createERmm
FN:217,_ZNSt7__cxx1112basic_stringIcSt11char_traitsIcESaIcEE12_M_constructIPcEEvT_S7_St20forward_iterator_tag
FNDA:18,_ZNSt7__cxx1112basic_stringIcSt11char_traitsIcESaIcEE12_M_constructIPcEEvT_S7_St20forward_iterator_tag
FN:217,_ZNSt7__cxx1112basic_stringIcSt11char_traitsIcESaIcEE12_M_constructIPKcEEvT_S8_St20forward_iterator_tag
FNDA:21,_ZNSt7__cxx1112basic_stringIcSt11char_traitsIcESaIcEE12_M_constructIPKcEEvT_S8_St20forward_iterator_tag
FN:238,_ZZNSt7__cxx1112basic_stringIcSt11char_traitsIcESaIcEE12_M_constructIPcEEvT_S7_St20forward_iterator_tagEN6_GuardD2Ev
FNDA:18,_ZZNSt7__cxx1112basic_stringIcSt11char_traitsIcESaIcEE12_M_constructIPcEEvT_S7_St20forward_iterator_tagEN6_GuardD2Ev
FN:238,_ZZNSt7__cxx1112basic_stringIcSt11char_traitsIcESaIcEE12_M_constructIPKcEEvT_S8_St20forward_iterator_tagEN6_GuardD2Ev
FNDA:21,_ZZNSt7__cxx1112basic_stringIcSt11char_traitsIcESaIcEE12_M_constructIPKcEEvT_S8_St20forward_iterator_tagEN6_GuardD2Ev
FN:273,_ZNSt7__cxx1112basic_stringIcSt11char_traitsIcESaIcEE9_M_assignERKS4_
FNDA:0,_ZNSt7__cxx1112basic_stringIcSt11char_traitsIcESaIcEE9_M_assignERKS4_
FN:321,_ZNSt7__cxx1112basic_stringIcSt11char_traitsIcESaIcEE9_M_mutateEmmPKcm
FNDA:0,_ZNSt7__cxx1112basic_stringIcSt11char_traitsIcESaIcEE9_M_mutateEmmPKcm
FN:476,_ZNSt7__cxx1112basic_stringIcSt11char_traitsIcESaIcEE10_M_replaceEmmPKcm
FNDA:0,_ZNSt7__cxx1112basic_stringIcSt11char_traitsIcESaIcEE10_M_replaceEmmPKcm
DA:134,3
DA:139,3
DA:140,0
DA:145,3
DA:147,0
DA:149,0
DA:150,0
DA:155,3
DA:217,18
DA:221,18
DA:223,18
DA:225,3
DA:226,3
DA:235,18
DA:241,18
DA:243,18
DA:245,18
DA:247,18
DA:248,18
DA:217,21
DA:221,21
DA:223,21
DA:225,0
DA:226,0
DA:235,21
DA:241,21
DA:243,21
DA:245,21
DA:247,21
DA:248,21
DA:238,18
DA:238,21
DA:273,0
DA:276,0
DA:278,0
DA:279,0
DA:281,0
DA:283,0
DA:284,0
DA:285,0
DA:286,0
DA:287,0
DA:290,0
DA:291,0
DA:293,0
DA:295,0
DA:321,0
DA:325,0
DA:327,0
DA:328,0
DA:330,0
DA:331,0
DA:332,0
DA:333,0
DA:334,0
DA:335,0
DA:336,0
DA:338,0
DA:339,0
DA:340,0
DA:341,0
DA:476,0
DA:480,0
DA:482,0
DA:483,0
DA:485,0
DA:487,0
DA:489,0
DA:503,0
DA:505,0
DA:506,0
DA:507,0
DA:508,0
DA:513,0
DA:514,0
DA:515,0
DA:516,0
DA:517,0
DA:519,0
DA:520,0
DA:521,0
DA:525,0
DA:526,0
DA:530,0
DA:531,0
DA:532,0
DA:539,0
DA:541,0
DA:542,0
end_of_record
SF:/usr/include/c++/12/bits/unique_ptr.h
FN:89,_ZNKSt14default_deleteINSt7__cxx1112basic_stringIcSt11char_traitsIcESaIcEEEEclEPS5_
FNDA:0,_ZNKSt14default_deleteINSt7__cxx1112basic_stringIcSt11char_traitsIcESaIcEEEEclEPS5_
DA:89,0
DA:95,0
DA:96,0
DA:189,6
DA:191,0
DA:193,0
DA:390,6
DA:394,6
DA:395,6
DA:396,0
DA:461,0
DA:462,0
DA:467,0
DA:468,0
end_of_record
SF:/usr/include/c++/12/tuple
DA:124,0
DA:233,6
DA:268,6
DA:271,0
DA:424,0
DA:1364,0
DA:1365,0
DA:1380,0
DA:1381,6
DA:1387,0
end_of_record
SF:/usr/include/c++/12/bits/basic_string.h
FN:634,_ZNSt7__cxx1112basic_stringIcSt11char_traitsIcESaIcEEC1IS3_EEPKcRKS3_
FNDA:21,_ZNSt7__cxx1112basic_stringIcSt11char_traitsIcESaIcEEC1IS3_EEPKcRKS3_
FN:2167,_ZNSt7__cxx1112basic_stringIcSt11char_traitsIcESaIcEE7replaceEmmPKcm
FNDA:0,_ZNSt7__cxx1112basic_stringIcSt11char_traitsIcESaIcEE7replaceEmmPKcm
FN:3584,_ZSteqIcEN9__gnu_cxx11__enable_ifIXsrSt9__is_charIT_E7__valueEbE6__typeERKNSt7__cxx1112basic_stringIS3_St11char_traitsIS3_ESaIS3_EEESE_
FNDA:15,_ZSteqIcEN9__gnu_cxx11__enable_ifIXsrSt9__is_charIT_E7__valueEbE6__typeERKNSt7__cxx1112basic_stringIS3_St11char_traitsIS3_ESaIS3_EEESE_
DA:192,36
DA:199,21
DA:200,21
DA:203,12
DA:204,12
DA:223,3
DA:224,3
DA:228,39
DA:229,39
DA:233,141
DA:234,39
DA:238,3
DA:241,21
DA:249,36
DA:252,0
DA:260,3
DA:261,3
DA:265,39
DA:267,39
DA:268,39
DA:269,0
DA:273,36
DA:274,36
DA:283,36
DA:285,0
DA:286,0
DA:291,6
DA:292,6
DA:339,6
DA:340,3
DA:344,12
DA:345,3
DA:379,0
DA:381,0
DA:382,0
DA:390,0
DA:392,0
DA:393,0
DA:400,0
DA:402,0
DA:408,0
DA:410,0
DA:411,0
DA:418,39
DA:420,0
DA:421,39
DA:423,0
DA:428,0
DA:430,0
DA:431,0
DA:433,0
DA:470,18
DA:471,36
DA:475,21
DA:477,42
DA:540,12
DA:541,12
DA:542,12
DA:544,12
DA:546,12
DA:634,21
DA:635,21
DA:638,21
DA:639,0
DA:641,21
DA:642,21
DA:643,21
DA:794,18
DA:795,21
DA:1063,15
DA:1064,0
DA:1070,12
DA:1071,12
DA:1132,0
DA:1134,0
DA:2167,0
DA:2171,0
DA:2172,0
DA:2554,0
DA:2555,0
DA:2567,15
DA:2568,15
DA:3584,15
DA:3586,15
DA:3587,15
DA:3588,15
end_of_record
SF:/usr/include/c++/12/streambuf
end_of_record
SF:/usr/local/include/gtest/gtest-printers.h
FN:1042,_ZN7testing13PrintToStringINSt7__cxx1112basic_stringIcSt11char_traitsIcESaIcEEEEES6_RKT_
FNDA:0,_ZN7testing13PrintToStringINSt7__cxx1112basic_stringIcSt11char_traitsIcESaIcEEEEES6_RKT_
DA:332,0
DA:333,0
DA:412,0
DA:414,0
DA:554,0
DA:555,0
DA:693,0
DA:702,0
DA:883,0
DA:884,0
DA:885,0
DA:1002,0
DA:1006,0
DA:1042,0
DA:1043,0
DA:1044,0
DA:1045,0
DA:1046,0
end_of_record
TN:
SF:/usr/include/c++/12/iostream
end_of_record
SF:/usr/include/c++/12/bits/stl_function.h
DA:451,0
DA:457,0
end_of_record
SF:/home/akiel/Desktop/Trunk/github/public-repos/OSS/openGPMP/tests/nt/t_primes.cpp
FN:49,_ZN12_GLOBAL__N_124prime_test_is_prime_Test8TestBodyEv
FNDA:1,_ZN12_GLOBAL__N_124prime_test_is_prime_Test8TestBodyEv
FN:49,_ZN12_GLOBAL__N_124prime_test_is_prime_TestD0Ev
FNDA:1,_ZN12_GLOBAL__N_124prime_test_is_prime_TestD0Ev
FN:49,_ZN12_GLOBAL__N_124prime_test_is_prime_TestD2Ev
FNDA:0,_ZN12_GLOBAL__N_124prime_test_is_prime_TestD2Ev
FN:91,_ZN12_GLOBAL__N_126prime_test_carmichael_Test8TestBodyEv
FNDA:1,_ZN12_GLOBAL__N_126prime_test_carmichael_Test8TestBodyEv
FN:91,_ZN12_GLOBAL__N_126prime_test_carmichael_TestD2Ev
FNDA:0,_ZN12_GLOBAL__N_126prime_test_carmichael_TestD2Ev
FN:91,_ZN12_GLOBAL__N_126prime_test_carmichael_TestD0Ev
FNDA:1,_ZN12_GLOBAL__N_126prime_test_carmichael_TestD0Ev
FN:103,_ZN12_GLOBAL__N_123prime_test_mod_pow_TestD0Ev
FNDA:1,_ZN12_GLOBAL__N_123prime_test_mod_pow_TestD0Ev
FN:103,_ZN12_GLOBAL__N_123prime_test_mod_pow_TestD2Ev
FNDA:0,_ZN12_GLOBAL__N_123prime_test_mod_pow_TestD2Ev
FN:103,_ZN12_GLOBAL__N_123prime_test_mod_pow_Test8TestBodyEv
FNDA:1,_ZN12_GLOBAL__N_123prime_test_mod_pow_Test8TestBodyEv
FN:115,_ZN12_GLOBAL__N_136prime_test_compute_miller_rabin_TestD2Ev
FNDA:0,_ZN12_GLOBAL__N_136prime_test_compute_miller_rabin_TestD2Ev
FN:115,_ZN12_GLOBAL__N_136prime_test_compute_miller_rabin_Test8TestBodyEv
FNDA:1,_ZN12_GLOBAL__N_136prime_test_compute_miller_rabin_Test8TestBodyEv
FN:115,_ZN12_GLOBAL__N_136prime_test_compute_miller_rabin_TestD0Ev
FNDA:1,_ZN12_GLOBAL__N_136prime_test_compute_miller_rabin_TestD0Ev
FN:125,_ZN12_GLOBAL__N_134prime_test_miller_rabin_prime_Test8TestBodyEv
FNDA:1,_ZN12_GLOBAL__N_134prime_test_miller_rabin_prime_Test8TestBodyEv
FN:125,_ZN12_GLOBAL__N_134prime_test_miller_rabin_prime_TestD2Ev
FNDA:0,_ZN12_GLOBAL__N_134prime_test_miller_rabin_prime_TestD2Ev
FN:125,_ZN12_GLOBAL__N_134prime_test_miller_rabin_prime_TestD0Ev
FNDA:1,_ZN12_GLOBAL__N_134prime_test_miller_rabin_prime_TestD0Ev
FN:137,_ZN12_GLOBAL__N_132prime_test_solovoy_strassen_TestD0Ev
FNDA:1,_ZN12_GLOBAL__N_132prime_test_solovoy_strassen_TestD0Ev
FN:137,_ZN12_GLOBAL__N_132prime_test_solovoy_strassen_Test8TestBodyEv
FNDA:1,_ZN12_GLOBAL__N_132prime_test_solovoy_strassen_Test8TestBodyEv
FN:137,_ZN12_GLOBAL__N_132prime_test_solovoy_strassen_TestD2Ev
FNDA:0,_ZN12_GLOBAL__N_132prime_test_solovoy_strassen_TestD2Ev
DA:49,1
DA:49,0
DA:49,1
DA:50,1
DA:51,1
DA:52,1
DA:53,1
DA:55,1
DA:56,1
DA:57,1
DA:58,1
DA:60,1
DA:61,1
DA:62,1
DA:63,1
DA:65,1
DA:66,1
DA:67,1
DA:68,1
DA:70,1
DA:71,1
DA:72,1
DA:73,1
DA:75,1
DA:76,1
DA:77,1
DA:78,1
DA:80,1
DA:81,1
DA:82,1
DA:83,1
DA:85,1
DA:86,1
DA:87,1
DA:88,1
DA:89,1
DA:49,1
DA:91,1
DA:91,0
DA:91,1
DA:92,1
DA:93,1
DA:94,1
DA:95,1
DA:97,1
DA:98,1
DA:99,1
DA:100,1
DA:101,1
DA:91,1
DA:103,1
DA:103,0
DA:103,1
DA:104,1
DA:105,1
DA:106,1
DA:107,1
DA:108,1
DA:103,1
DA:115,1
DA:115,0
DA:115,1
DA:116,1
DA:117,1
DA:118,1
DA:119,1
DA:120,1
DA:121,1
DA:122,1
DA:123,1
DA:115,1
DA:125,1
DA:125,0
DA:125,1
DA:126,1
DA:127,1
DA:128,1
DA:129,1
DA:130,1
DA:131,1
DA:132,1
DA:133,1
DA:125,1
DA:137,1
DA:137,0
DA:137,1
DA:138,1
DA:139,1
DA:140,1
DA:141,1
DA:142,1
DA:143,1
DA:144,1
DA:137,1
end_of_record
SF:/usr/local/include/gtest/internal/gtest-port.h
DA:970,0
end_of_record
SF:/usr/include/c++/12/bits/alloc_traits.h
DA:463,0
DA:464,0
DA:495,0
DA:496,0
end_of_record
SF:/usr/include/c++/12/ext/alloc_traits.h
end_of_record
SF:/usr/include/c++/12/bits/char_traits.h
DA:347,6
DA:350,6
DA:354,6
DA:355,0
DA:389,0
DA:392,0
DA:395,0
DA:411,0
DA:413,0
DA:416,0
DA:419,0
DA:423,6
DA:425,6
DA:428,6
DA:431,6
end_of_record
SF:/usr/local/include/gtest/gtest.h
FN:350,_ZN7testing4Test5SetupEv
FNDA:0,_ZN7testing4Test5SetupEv
FN:1349,_ZN7testing8internal18CmpHelperEQFailureIimEENS_15AssertionResultEPKcS4_RKT_RKT0_
FNDA:0,_ZN7testing8internal18CmpHelperEQFailureIimEENS_15AssertionResultEPKcS4_RKT_RKT0_
FN:1349,_ZN7testing8internal18CmpHelperEQFailureIbbEENS_15AssertionResultEPKcS4_RKT_RKT0_
FNDA:0,_ZN7testing8internal18CmpHelperEQFailureIbbEENS_15AssertionResultEPKcS4_RKT_RKT0_
FN:1366,_ZN7testing8internal11CmpHelperEQIimEENS_15AssertionResultEPKcS4_RKT_RKT0_
FNDA:4,_ZN7testing8internal11CmpHelperEQIimEENS_15AssertionResultEPKcS4_RKT_RKT0_
FN:1366,_ZN7testing8internal11CmpHelperEQIbbEENS_15AssertionResultEPKcS4_RKT_RKT0_
FNDA:30,_ZN7testing8internal11CmpHelperEQIbbEENS_15AssertionResultEPKcS4_RKT_RKT0_
DA:350,0
DA:1349,0
DA:1354,0
DA:1349,0
DA:1354,0
DA:1366,4
DA:1369,4
DA:1370,4
DA:1373,0
DA:1366,30
DA:1369,30
DA:1370,30
DA:1373,0
DA:1385,34
DA:1388,34
end_of_record
SF:/usr/include/c++/12/ostream
DA:170,0
DA:171,0
DA:615,0
DA:620,0
DA:621,0
end_of_record
SF:/usr/include/c++/12/bits/new_allocator.h
FN:112,_ZNSt15__new_allocatorIcE8allocateEmPKv
FNDA:0,_ZNSt15__new_allocatorIcE8allocateEmPKv
FN:142,_ZNSt15__new_allocatorIcE10deallocateEPcm
FNDA:0,_ZNSt15__new_allocatorIcE10deallocateEPcm
DA:83,0
DA:112,0
DA:120,0
DA:126,0
DA:137,0
DA:142,0
DA:158,0
end_of_record
SF:/usr/include/c++/12/bits/allocator.h
DA:159,0
DA:160,0
DA:174,0
DA:179,0
DA:188,0
DA:193,0
DA:200,0
end_of_record
SF:/usr/include/c++/12/sstream
DA:1136,0
DA:1137,0
end_of_record
SF:/usr/local/include/gtest/gtest-assertion-result.h
DA:133,34
DA:174,34
DA:183,0
DA:184,0
DA:187,0
end_of_record
SF:/usr/local/include/gtest/gtest-message.h
DA:92,0
end_of_record
SF:/usr/local/include/gtest/internal/gtest-internal.h
FN:470,_ZN7testing8internal15TestFactoryImplIN12_GLOBAL__N_124prime_test_is_prime_TestEE10CreateTestEv
FNDA:1,_ZN7testing8internal15TestFactoryImplIN12_GLOBAL__N_124prime_test_is_prime_TestEE10CreateTestEv
FN:470,_ZN7testing8internal15TestFactoryImplIN12_GLOBAL__N_126prime_test_carmichael_TestEE10CreateTestEv
FNDA:1,_ZN7testing8internal15TestFactoryImplIN12_GLOBAL__N_126prime_test_carmichael_TestEE10CreateTestEv
FN:470,_ZN7testing8internal15TestFactoryImplIN12_GLOBAL__N_123prime_test_mod_pow_TestEE10CreateTestEv
FNDA:1,_ZN7testing8internal15TestFactoryImplIN12_GLOBAL__N_123prime_test_mod_pow_TestEE10CreateTestEv
FN:470,_ZN7testing8internal15TestFactoryImplIN12_GLOBAL__N_136prime_test_compute_miller_rabin_TestEE10CreateTestEv
FNDA:1,_ZN7testing8internal15TestFactoryImplIN12_GLOBAL__N_136prime_test_compute_miller_rabin_TestEE10CreateTestEv
FN:470,_ZN7testing8internal15TestFactoryImplIN12_GLOBAL__N_134prime_test_miller_rabin_prime_TestEE10CreateTestEv
FNDA:1,_ZN7testing8internal15TestFactoryImplIN12_GLOBAL__N_134prime_test_miller_rabin_prime_TestEE10CreateTestEv
FN:470,_ZN7testing8internal15TestFactoryImplIN12_GLOBAL__N_132prime_test_solovoy_strassen_TestEE10CreateTestEv
FNDA:1,_ZN7testing8internal15TestFactoryImplIN12_GLOBAL__N_132prime_test_solovoy_strassen_TestEE10CreateTestEv
FN:519,_ZN7testing8internal16SuiteApiResolverINS_4TestEE19GetSetUpCaseOrSuiteEPKci
FNDA:0,_ZN7testing8internal16SuiteApiResolverINS_4TestEE19GetSetUpCaseOrSuiteEPKci
FN:540,_ZN7testing8internal16SuiteApiResolverINS_4TestEE22GetTearDownCaseOrSuiteEPKci
FNDA:0,_ZN7testing8internal16SuiteApiResolverINS_4TestEE22GetTearDownCaseOrSuiteEPKci
DA:470,1
DA:470,1
DA:470,1
DA:470,1
DA:470,1
DA:470,1
DA:519,0
DA:523,0
DA:525,0
DA:527,0
DA:530,0
DA:532,0
DA:540,0
DA:544,0
DA:546,0
DA:548,0
DA:551,0
DA:553,0
end_of_record
SF:/usr/include/c++/12/tuple
DA:124,0
DA:233,34
DA:268,34
DA:271,0
DA:424,0
DA:1364,0
DA:1365,0
DA:1380,0
DA:1381,34
DA:1387,0
end_of_record
SF:/usr/include/c++/12/bits/stl_iterator_base_funcs.h
DA:99,6
DA:105,6
DA:147,6
DA:150,6
end_of_record
SF:/usr/include/c++/12/bits/basic_string.tcc
FN:134,_ZNSt7__cxx1112basic_stringIcSt11char_traitsIcESaIcEE9_M_createERmm
FNDA:0,_ZNSt7__cxx1112basic_stringIcSt11char_traitsIcESaIcEE9_M_createERmm
FN:217,_ZNSt7__cxx1112basic_stringIcSt11char_traitsIcESaIcEE12_M_constructIPcEEvT_S7_St20forward_iterator_tag
FNDA:6,_ZNSt7__cxx1112basic_stringIcSt11char_traitsIcESaIcEE12_M_constructIPcEEvT_S7_St20forward_iterator_tag
FN:217,_ZNSt7__cxx1112basic_stringIcSt11char_traitsIcESaIcEE12_M_constructIPKcEEvT_S8_St20forward_iterator_tag
FNDA:0,_ZNSt7__cxx1112basic_stringIcSt11char_traitsIcESaIcEE12_M_constructIPKcEEvT_S8_St20forward_iterator_tag
FN:238,_ZZNSt7__cxx1112basic_stringIcSt11char_traitsIcESaIcEE12_M_constructIPcEEvT_S7_St20forward_iterator_tagEN6_GuardD2Ev
FNDA:6,_ZZNSt7__cxx1112basic_stringIcSt11char_traitsIcESaIcEE12_M_constructIPcEEvT_S7_St20forward_iterator_tagEN6_GuardD2Ev
FN:238,_ZZNSt7__cxx1112basic_stringIcSt11char_traitsIcESaIcEE12_M_constructIPKcEEvT_S8_St20forward_iterator_tagEN6_GuardD2Ev
FNDA:0,_ZZNSt7__cxx1112basic_stringIcSt11char_traitsIcESaIcEE12_M_constructIPKcEEvT_S8_St20forward_iterator_tagEN6_GuardD2Ev
FN:273,_ZNSt7__cxx1112basic_stringIcSt11char_traitsIcESaIcEE9_M_assignERKS4_
FNDA:0,_ZNSt7__cxx1112basic_stringIcSt11char_traitsIcESaIcEE9_M_assignERKS4_
FN:321,_ZNSt7__cxx1112basic_stringIcSt11char_traitsIcESaIcEE9_M_mutateEmmPKcm
FNDA:0,_ZNSt7__cxx1112basic_stringIcSt11char_traitsIcESaIcEE9_M_mutateEmmPKcm
FN:476,_ZNSt7__cxx1112basic_stringIcSt11char_traitsIcESaIcEE10_M_replaceEmmPKcm
FNDA:0,_ZNSt7__cxx1112basic_stringIcSt11char_traitsIcESaIcEE10_M_replaceEmmPKcm
DA:134,0
DA:139,0
DA:140,0
DA:145,0
DA:147,0
DA:149,0
DA:150,0
DA:155,0
DA:217,6
DA:221,6
DA:223,6
DA:225,0
DA:226,0
DA:235,6
DA:241,6
DA:243,6
DA:245,6
DA:247,6
DA:248,6
DA:217,0
DA:221,0
DA:223,0
DA:225,0
DA:226,0
DA:235,0
DA:241,0
DA:243,0
DA:245,0
DA:247,0
DA:248,0
DA:238,6
DA:238,0
DA:273,0
DA:276,0
DA:278,0
DA:279,0
DA:281,0
DA:283,0
DA:284,0
DA:285,0
DA:286,0
DA:287,0
DA:290,0
DA:291,0
DA:293,0
DA:295,0
DA:321,0
DA:325,0
DA:327,0
DA:328,0
DA:330,0
DA:331,0
DA:332,0
DA:333,0
DA:334,0
DA:335,0
DA:336,0
DA:338,0
DA:339,0
DA:340,0
DA:341,0
DA:476,0
DA:480,0
DA:482,0
DA:483,0
DA:485,0
DA:487,0
DA:489,0
DA:503,0
DA:505,0
DA:506,0
DA:507,0
DA:508,0
DA:513,0
DA:514,0
DA:515,0
DA:516,0
DA:517,0
DA:519,0
DA:520,0
DA:521,0
DA:525,0
DA:526,0
DA:530,0
DA:531,0
DA:532,0
DA:539,0
DA:541,0
DA:542,0
end_of_record
SF:/usr/include/c++/12/bits/unique_ptr.h
FN:89,_ZNKSt14default_deleteINSt7__cxx1112basic_stringIcSt11char_traitsIcESaIcEEEEclEPS5_
FNDA:0,_ZNKSt14default_deleteINSt7__cxx1112basic_stringIcSt11char_traitsIcESaIcEEEEclEPS5_
DA:89,0
DA:95,0
DA:96,0
DA:189,34
DA:191,0
DA:193,0
DA:390,34
DA:394,34
DA:395,34
DA:396,0
DA:461,0
DA:462,0
DA:467,0
DA:468,0
end_of_record
SF:/usr/include/c++/12/streambuf
end_of_record
SF:/usr/include/c++/12/bits/basic_string.h
FN:634,_ZNSt7__cxx1112basic_stringIcSt11char_traitsIcESaIcEEC2IS3_EEPKcRKS3_
FNDA:0,_ZNSt7__cxx1112basic_stringIcSt11char_traitsIcESaIcEEC2IS3_EEPKcRKS3_
FN:2167,_ZNSt7__cxx1112basic_stringIcSt11char_traitsIcESaIcEE7replaceEmmPKcm
FNDA:0,_ZNSt7__cxx1112basic_stringIcSt11char_traitsIcESaIcEE7replaceEmmPKcm
DA:192,0
DA:199,0
DA:200,0
DA:223,0
DA:224,0
DA:228,6
DA:229,6
DA:233,12
DA:234,6
DA:238,0
DA:241,0
DA:249,0
DA:252,0
DA:260,0
DA:261,0
DA:265,6
DA:267,6
DA:268,6
DA:269,0
DA:273,0
DA:274,0
DA:283,0
DA:285,0
DA:286,0
DA:291,0
DA:292,0
DA:339,0
DA:340,0
DA:345,0
DA:379,0
DA:381,0
DA:382,0
DA:390,0
DA:392,0
DA:393,0
DA:400,0
DA:402,0
DA:408,0
DA:410,0
DA:411,0
DA:418,6
DA:420,0
DA:421,6
DA:423,0
DA:428,0
DA:430,0
DA:431,0
DA:433,0
DA:470,6
DA:471,12
DA:475,0
DA:477,0
DA:634,0
DA:635,0
DA:638,0
DA:639,0
DA:641,0
DA:642,0
DA:643,0
DA:794,0
DA:795,0
DA:1063,0
DA:1064,0
DA:1070,0
DA:1071,0
DA:1132,0
DA:1134,0
DA:2167,0
DA:2171,0
DA:2172,0
DA:2554,0
DA:2555,0
end_of_record
SF:/usr/local/include/gtest/gtest-printers.h
FN:1042,_ZN7testing13PrintToStringImEENSt7__cxx1112basic_stringIcSt11char_traitsIcESaIcEEERKT_
FNDA:0,_ZN7testing13PrintToStringImEENSt7__cxx1112basic_stringIcSt11char_traitsIcESaIcEEERKT_
FN:1042,_ZN7testing13PrintToStringIiEENSt7__cxx1112basic_stringIcSt11char_traitsIcESaIcEEERKT_
FNDA:0,_ZN7testing13PrintToStringIiEENSt7__cxx1112basic_stringIcSt11char_traitsIcESaIcEEERKT_
FN:1042,_ZN7testing13PrintToStringIbEENSt7__cxx1112basic_stringIcSt11char_traitsIcESaIcEEERKT_
FNDA:0,_ZN7testing13PrintToStringIbEENSt7__cxx1112basic_stringIcSt11char_traitsIcESaIcEEERKT_
DA:213,0
DA:216,0
DA:305,0
DA:311,0
DA:332,0
DA:333,0
DA:412,0
DA:414,0
DA:439,0
DA:440,0
DA:458,0
DA:459,0
DA:693,0
DA:702,0
DA:883,0
DA:884,0
DA:885,0
DA:1002,0
DA:1006,0
DA:1042,0
DA:1043,0
DA:1044,0
DA:1045,0
DA:1046,0
DA:1042,0
DA:1043,0
DA:1044,0
DA:1045,0
DA:1046,0
DA:1042,0
DA:1043,0
DA:1044,0
DA:1045,0
DA:1046,0
end_of_record
TN:
SF:/usr/local/include/gtest/internal/gtest-internal.h
FN:470,_ZN7testing8internal15TestFactoryImplIN12_GLOBAL__N_133factorizations_factorization_TestEE10CreateTestEv
FNDA:1,_ZN7testing8internal15TestFactoryImplIN12_GLOBAL__N_133factorizations_factorization_TestEE10CreateTestEv
FN:519,_ZN7testing8internal16SuiteApiResolverINS_4TestEE19GetSetUpCaseOrSuiteEPKci
FNDA:0,_ZN7testing8internal16SuiteApiResolverINS_4TestEE19GetSetUpCaseOrSuiteEPKci
FN:540,_ZN7testing8internal16SuiteApiResolverINS_4TestEE22GetTearDownCaseOrSuiteEPKci
FNDA:0,_ZN7testing8internal16SuiteApiResolverINS_4TestEE22GetTearDownCaseOrSuiteEPKci
DA:470,1
DA:519,0
DA:523,0
DA:525,0
DA:527,0
DA:530,0
DA:532,0
DA:540,0
DA:544,0
DA:546,0
DA:548,0
DA:551,0
DA:553,0
end_of_record
SF:/usr/include/c++/12/bits/allocator.h
DA:159,1
DA:160,1
DA:179,2
DA:188,2
DA:193,0
DA:200,0
end_of_record
SF:/usr/include/c++/12/bits/new_allocator.h
FN:112,_ZNSt15__new_allocatorIcE8allocateEmPKv
FNDA:2,_ZNSt15__new_allocatorIcE8allocateEmPKv
FN:142,_ZNSt15__new_allocatorIcE10deallocateEPcm
FNDA:2,_ZNSt15__new_allocatorIcE10deallocateEPcm
DA:83,1
DA:112,2
DA:120,2
DA:126,0
DA:137,2
DA:142,2
DA:158,2
end_of_record
SF:/usr/include/c++/12/bits/char_traits.h
DA:347,2
DA:350,2
DA:354,2
DA:355,0
DA:389,1
DA:392,1
DA:395,1
DA:423,2
DA:425,2
DA:428,2
DA:431,2
end_of_record
SF:/usr/include/c++/12/ostream
DA:108,1
DA:113,1
DA:615,1
DA:620,1
DA:621,1
end_of_record
SF:/usr/local/include/gtest/gtest.h
FN:350,_ZN7testing4Test5SetupEv
FNDA:0,_ZN7testing4Test5SetupEv
DA:350,0
end_of_record
SF:/home/akiel/Desktop/Trunk/github/public-repos/OSS/openGPMP/tests/nt/t_factorization.cpp
FN:50,_ZN12_GLOBAL__N_133factorizations_factorization_TestD0Ev
FNDA:1,_ZN12_GLOBAL__N_133factorizations_factorization_TestD0Ev
FN:50,_ZN12_GLOBAL__N_133factorizations_factorization_TestD2Ev
FNDA:0,_ZN12_GLOBAL__N_133factorizations_factorization_TestD2Ev
FN:50,_ZN12_GLOBAL__N_133factorizations_factorization_Test8TestBodyEv
FNDA:1,_ZN12_GLOBAL__N_133factorizations_factorization_Test8TestBodyEv
DA:50,1
DA:50,0
DA:50,1
DA:51,1
DA:52,1
DA:50,1
end_of_record
SF:/usr/local/include/gtest/internal/gtest-port.h
DA:970,0
end_of_record
SF:/usr/include/c++/12/iostream
end_of_record
SF:/usr/include/c++/12/ext/alloc_traits.h
end_of_record
SF:/usr/include/c++/12/bits/alloc_traits.h
DA:463,2
DA:464,2
DA:495,0
DA:496,0
end_of_record
SF:/usr/include/c++/12/bits/basic_string.h
FN:634,_ZNSt7__cxx1112basic_stringIcSt11char_traitsIcESaIcEEC2IS3_EEPKcRKS3_
FNDA:1,_ZNSt7__cxx1112basic_stringIcSt11char_traitsIcESaIcEEC2IS3_EEPKcRKS3_
DA:199,1
DA:200,1
DA:223,2
DA:224,2
DA:228,2
DA:229,2
DA:233,4
DA:234,2
DA:238,1
DA:241,1
DA:249,0
DA:252,0
DA:260,2
DA:261,2
DA:265,2
DA:267,2
DA:268,2
DA:273,0
DA:274,0
DA:283,0
DA:285,0
DA:286,2
DA:291,0
DA:292,0
DA:339,2
DA:340,2
DA:345,2
DA:418,2
DA:420,2
DA:421,2
DA:423,2
DA:470,1
DA:471,2
DA:475,1
DA:477,2
DA:634,1
DA:635,1
DA:638,1
DA:639,0
DA:641,1
DA:642,1
DA:643,1
end_of_record
SF:/usr/include/c++/12/bits/stl_iterator_base_funcs.h
DA:99,2
DA:105,2
DA:147,2
DA:150,2
end_of_record
SF:/usr/include/c++/12/bits/basic_string.tcc
FN:134,_ZNSt7__cxx1112basic_stringIcSt11char_traitsIcESaIcEE9_M_createERmm
FNDA:2,_ZNSt7__cxx1112basic_stringIcSt11char_traitsIcESaIcEE9_M_createERmm
FN:217,_ZNSt7__cxx1112basic_stringIcSt11char_traitsIcESaIcEE12_M_constructIPcEEvT_S7_St20forward_iterator_tag
FNDA:1,_ZNSt7__cxx1112basic_stringIcSt11char_traitsIcESaIcEE12_M_constructIPcEEvT_S7_St20forward_iterator_tag
FN:217,_ZNSt7__cxx1112basic_stringIcSt11char_traitsIcESaIcEE12_M_constructIPKcEEvT_S8_St20forward_iterator_tag
FNDA:1,_ZNSt7__cxx1112basic_stringIcSt11char_traitsIcESaIcEE12_M_constructIPKcEEvT_S8_St20forward_iterator_tag
FN:238,_ZZNSt7__cxx1112basic_stringIcSt11char_traitsIcESaIcEE12_M_constructIPcEEvT_S7_St20forward_iterator_tagEN6_GuardD2Ev
FNDA:1,_ZZNSt7__cxx1112basic_stringIcSt11char_traitsIcESaIcEE12_M_constructIPcEEvT_S7_St20forward_iterator_tagEN6_GuardD2Ev
FN:238,_ZZNSt7__cxx1112basic_stringIcSt11char_traitsIcESaIcEE12_M_constructIPKcEEvT_S8_St20forward_iterator_tagEN6_GuardD2Ev
FNDA:1,_ZZNSt7__cxx1112basic_stringIcSt11char_traitsIcESaIcEE12_M_constructIPKcEEvT_S8_St20forward_iterator_tagEN6_GuardD2Ev
DA:134,2
DA:139,2
DA:140,0
DA:145,2
DA:147,0
DA:149,0
DA:150,0
DA:155,2
DA:217,1
DA:221,1
DA:223,1
DA:225,1
DA:226,1
DA:235,1
DA:241,1
DA:243,1
DA:245,1
DA:247,1
DA:248,1
DA:217,1
DA:221,1
DA:223,1
DA:225,1
DA:226,1
DA:235,1
DA:241,1
DA:243,1
DA:245,1
DA:247,1
DA:248,1
DA:238,1
DA:238,1
end_of_record
SF:/usr/include/c++/12/bits/locale_facets.h
FN:880,_ZNKSt5ctypeIcE5widenEc
FNDA:1,_ZNKSt5ctypeIcE5widenEc
FN:1092,_ZNKSt5ctypeIcE8do_widenEc
FNDA:0,_ZNKSt5ctypeIcE8do_widenEc
DA:880,1
DA:882,1
DA:883,1
DA:884,0
DA:885,0
DA:1092,0
DA:1093,0
end_of_record
TN:
SF:/usr/local/include/gtest/gtest-printers.h
FN:1042,_ZN7testing13PrintToStringIlEENSt7__cxx1112basic_stringIcSt11char_traitsIcESaIcEEERKT_
FNDA:0,_ZN7testing13PrintToStringIlEENSt7__cxx1112basic_stringIcSt11char_traitsIcESaIcEEERKT_
FN:1042,_ZN7testing13PrintToStringIiEENSt7__cxx1112basic_stringIcSt11char_traitsIcESaIcEEERKT_
FNDA:0,_ZN7testing13PrintToStringIiEENSt7__cxx1112basic_stringIcSt11char_traitsIcESaIcEEERKT_
DA:213,0
DA:216,0
DA:305,0
DA:311,0
DA:332,0
DA:333,0
DA:412,0
DA:414,0
DA:439,0
DA:440,0
DA:693,0
DA:702,0
DA:883,0
DA:884,0
DA:885,0
DA:1002,0
DA:1006,0
DA:1042,0
DA:1043,0
DA:1044,0
DA:1045,0
DA:1046,0
DA:1042,0
DA:1043,0
DA:1044,0
DA:1045,0
DA:1046,0
end_of_record
SF:/usr/include/c++/12/streambuf
end_of_record
SF:/usr/include/c++/12/bits/basic_string.h
FN:634,_ZNSt7__cxx1112basic_stringIcSt11char_traitsIcESaIcEEC2IS3_EEPKcRKS3_
FNDA:8,_ZNSt7__cxx1112basic_stringIcSt11char_traitsIcESaIcEEC2IS3_EEPKcRKS3_
FN:2167,_ZNSt7__cxx1112basic_stringIcSt11char_traitsIcESaIcEE7replaceEmmPKcm
FNDA:0,_ZNSt7__cxx1112basic_stringIcSt11char_traitsIcESaIcEE7replaceEmmPKcm
DA:192,0
DA:199,8
DA:200,8
DA:223,4
DA:224,4
DA:228,10
DA:229,10
DA:233,20
DA:234,10
DA:238,8
DA:241,8
DA:249,0
DA:252,0
DA:260,4
DA:261,4
DA:265,10
DA:267,10
DA:268,10
DA:269,0
DA:273,0
DA:274,0
DA:283,0
DA:285,0
DA:286,0
DA:291,0
DA:292,0
DA:339,0
DA:340,4
DA:345,4
DA:379,0
DA:381,0
DA:382,0
DA:390,0
DA:392,0
DA:393,0
DA:400,0
DA:402,0
DA:408,0
DA:410,0
DA:411,0
DA:418,10
DA:420,0
DA:421,10
DA:423,0
DA:428,0
DA:430,0
DA:431,0
DA:433,0
DA:470,2
DA:471,4
DA:475,8
DA:477,16
DA:634,8
DA:635,8
DA:638,8
DA:639,0
DA:641,8
DA:642,8
DA:643,8
DA:794,0
DA:795,0
DA:1063,0
DA:1064,0
DA:1070,0
DA:1071,0
DA:1132,0
DA:1134,0
DA:2167,0
DA:2171,0
DA:2172,0
DA:2554,0
DA:2555,0
end_of_record
SF:/usr/include/c++/12/tuple
DA:124,0
DA:233,7
DA:268,7
DA:271,0
DA:424,0
DA:1364,0
DA:1365,0
DA:1380,0
DA:1381,7
DA:1387,0
end_of_record
SF:/usr/include/c++/12/bits/unique_ptr.h
FN:89,_ZNKSt14default_deleteINSt7__cxx1112basic_stringIcSt11char_traitsIcESaIcEEEEclEPS5_
FNDA:0,_ZNKSt14default_deleteINSt7__cxx1112basic_stringIcSt11char_traitsIcESaIcEEEEclEPS5_
DA:89,0
DA:95,0
DA:96,0
DA:189,7
DA:191,0
DA:193,0
DA:390,7
DA:394,7
DA:395,7
DA:396,0
DA:461,0
DA:462,0
DA:467,0
DA:468,0
end_of_record
SF:/home/akiel/Desktop/Trunk/github/public-repos/OSS/openGPMP/tests/arith/t_arith.cpp
FN:81,_ZN12_GLOBAL__N_124basics_greatest_pow_TestD0Ev
FNDA:1,_ZN12_GLOBAL__N_124basics_greatest_pow_TestD0Ev
FN:81,_ZN12_GLOBAL__N_124basics_greatest_pow_TestD2Ev
FNDA:0,_ZN12_GLOBAL__N_124basics_greatest_pow_TestD2Ev
FN:81,_ZN12_GLOBAL__N_124basics_greatest_pow_Test8TestBodyEv
FNDA:1,_ZN12_GLOBAL__N_124basics_greatest_pow_Test8TestBodyEv
FN:87,_ZN12_GLOBAL__N_135basics_greatest_common_divisor_TestD0Ev
FNDA:1,_ZN12_GLOBAL__N_135basics_greatest_common_divisor_TestD0Ev
FN:87,_ZN12_GLOBAL__N_135basics_greatest_common_divisor_TestD2Ev
FNDA:0,_ZN12_GLOBAL__N_135basics_greatest_common_divisor_TestD2Ev
FN:87,_ZN12_GLOBAL__N_135basics_greatest_common_divisor_Test8TestBodyEv
FNDA:1,_ZN12_GLOBAL__N_135basics_greatest_common_divisor_Test8TestBodyEv
DA:81,1
DA:81,0
DA:81,1
DA:82,1
DA:83,1
DA:84,1
DA:81,1
DA:87,1
DA:87,0
DA:87,1
DA:88,1
DA:89,1
DA:90,1
DA:91,1
DA:92,1
DA:93,1
DA:87,1
end_of_record
SF:/usr/include/c++/12/bits/basic_string.tcc
FN:134,_ZNSt7__cxx1112basic_stringIcSt11char_traitsIcESaIcEE9_M_createERmm
FNDA:4,_ZNSt7__cxx1112basic_stringIcSt11char_traitsIcESaIcEE9_M_createERmm
FN:217,_ZNSt7__cxx1112basic_stringIcSt11char_traitsIcESaIcEE12_M_constructIPcEEvT_S7_St20forward_iterator_tag
FNDA:2,_ZNSt7__cxx1112basic_stringIcSt11char_traitsIcESaIcEE12_M_constructIPcEEvT_S7_St20forward_iterator_tag
FN:217,_ZNSt7__cxx1112basic_stringIcSt11char_traitsIcESaIcEE12_M_constructIPKcEEvT_S8_St20forward_iterator_tag
FNDA:8,_ZNSt7__cxx1112basic_stringIcSt11char_traitsIcESaIcEE12_M_constructIPKcEEvT_S8_St20forward_iterator_tag
FN:238,_ZZNSt7__cxx1112basic_stringIcSt11char_traitsIcESaIcEE12_M_constructIPcEEvT_S7_St20forward_iterator_tagEN6_GuardD2Ev
FNDA:2,_ZZNSt7__cxx1112basic_stringIcSt11char_traitsIcESaIcEE12_M_constructIPcEEvT_S7_St20forward_iterator_tagEN6_GuardD2Ev
FN:238,_ZZNSt7__cxx1112basic_stringIcSt11char_traitsIcESaIcEE12_M_constructIPKcEEvT_S8_St20forward_iterator_tagEN6_GuardD2Ev
FNDA:8,_ZZNSt7__cxx1112basic_stringIcSt11char_traitsIcESaIcEE12_M_constructIPKcEEvT_S8_St20forward_iterator_tagEN6_GuardD2Ev
FN:273,_ZNSt7__cxx1112basic_stringIcSt11char_traitsIcESaIcEE9_M_assignERKS4_
FNDA:0,_ZNSt7__cxx1112basic_stringIcSt11char_traitsIcESaIcEE9_M_assignERKS4_
FN:321,_ZNSt7__cxx1112basic_stringIcSt11char_traitsIcESaIcEE9_M_mutateEmmPKcm
FNDA:0,_ZNSt7__cxx1112basic_stringIcSt11char_traitsIcESaIcEE9_M_mutateEmmPKcm
FN:476,_ZNSt7__cxx1112basic_stringIcSt11char_traitsIcESaIcEE10_M_replaceEmmPKcm
FNDA:0,_ZNSt7__cxx1112basic_stringIcSt11char_traitsIcESaIcEE10_M_replaceEmmPKcm
DA:134,4
DA:139,4
DA:140,0
DA:145,4
DA:147,0
DA:149,0
DA:150,0
DA:155,4
DA:217,2
DA:221,2
DA:223,2
DA:225,2
DA:226,2
DA:235,2
DA:241,2
DA:243,2
DA:245,2
DA:247,2
DA:248,2
DA:217,8
DA:221,8
DA:223,8
DA:225,2
DA:226,2
DA:235,8
DA:241,8
DA:243,8
DA:245,8
DA:247,8
DA:248,8
DA:238,2
DA:238,8
DA:273,0
DA:276,0
DA:278,0
DA:279,0
DA:281,0
DA:283,0
DA:284,0
DA:285,0
DA:286,0
DA:287,0
DA:290,0
DA:291,0
DA:293,0
DA:295,0
DA:321,0
DA:325,0
DA:327,0
DA:328,0
DA:330,0
DA:331,0
DA:332,0
DA:333,0
DA:334,0
DA:335,0
DA:336,0
DA:338,0
DA:339,0
DA:340,0
DA:341,0
DA:476,0
DA:480,0
DA:482,0
DA:483,0
DA:485,0
DA:487,0
DA:489,0
DA:503,0
DA:505,0
DA:506,0
DA:507,0
DA:508,0
DA:513,0
DA:514,0
DA:515,0
DA:516,0
DA:517,0
DA:519,0
DA:520,0
DA:521,0
DA:525,0
DA:526,0
DA:530,0
DA:531,0
DA:532,0
DA:539,0
DA:541,0
DA:542,0
end_of_record
SF:/usr/include/c++/12/bits/stl_iterator_base_funcs.h
DA:99,10
DA:105,10
DA:147,10
DA:150,10
end_of_record
SF:/usr/include/c++/12/bits/new_allocator.h
FN:112,_ZNSt15__new_allocatorIcE8allocateEmPKv
FNDA:4,_ZNSt15__new_allocatorIcE8allocateEmPKv
FN:142,_ZNSt15__new_allocatorIcE10deallocateEPcm
FNDA:4,_ZNSt15__new_allocatorIcE10deallocateEPcm
DA:83,8
DA:112,4
DA:120,4
DA:126,0
DA:137,4
DA:142,4
DA:158,4
end_of_record
SF:/usr/include/c++/12/bits/allocator.h
DA:159,8
DA:160,8
DA:174,0
DA:179,4
DA:188,4
DA:193,0
DA:200,0
end_of_record
SF:/usr/local/include/gtest/gtest-message.h
DA:92,0
end_of_record
SF:/usr/local/include/gtest/gtest-assertion-result.h
DA:133,7
DA:174,7
DA:183,0
DA:184,0
DA:187,0
end_of_record
SF:/usr/local/include/gtest/internal/gtest-internal.h
FN:470,_ZN7testing8internal15TestFactoryImplIN12_GLOBAL__N_124basics_greatest_pow_TestEE10CreateTestEv
FNDA:1,_ZN7testing8internal15TestFactoryImplIN12_GLOBAL__N_124basics_greatest_pow_TestEE10CreateTestEv
FN:470,_ZN7testing8internal15TestFactoryImplIN12_GLOBAL__N_135basics_greatest_common_divisor_TestEE10CreateTestEv
FNDA:1,_ZN7testing8internal15TestFactoryImplIN12_GLOBAL__N_135basics_greatest_common_divisor_TestEE10CreateTestEv
FN:519,_ZN7testing8internal16SuiteApiResolverINS_4TestEE19GetSetUpCaseOrSuiteEPKci
FNDA:35,_ZN7testing8internal16SuiteApiResolverINS_4TestEE19GetSetUpCaseOrSuiteEPKci
FN:540,_ZN7testing8internal16SuiteApiResolverINS_4TestEE22GetTearDownCaseOrSuiteEPKci
FNDA:35,_ZN7testing8internal16SuiteApiResolverINS_4TestEE22GetTearDownCaseOrSuiteEPKci
DA:470,1
DA:470,1
DA:519,35
DA:523,35
DA:525,35
DA:527,35
DA:530,0
DA:532,35
DA:540,35
DA:544,35
DA:546,35
DA:548,35
DA:551,0
DA:553,35
end_of_record
SF:/usr/include/c++/12/sstream
DA:1136,0
DA:1137,0
end_of_record
SF:/usr/include/c++/12/bits/alloc_traits.h
DA:463,4
DA:464,4
DA:495,0
DA:496,0
end_of_record
SF:/usr/include/c++/12/ext/alloc_traits.h
end_of_record
SF:/usr/include/c++/12/iostream
end_of_record
SF:/usr/include/c++/12/bits/stl_function.h
DA:451,0
DA:457,0
end_of_record
SF:/usr/local/include/gtest/internal/gtest-port.h
DA:970,0
end_of_record
SF:/usr/local/include/gtest/gtest.h
FN:350,_ZN7testing4Test5SetupEv
FNDA:0,_ZN7testing4Test5SetupEv
FN:1349,_ZN7testing8internal18CmpHelperEQFailureIilEENS_15AssertionResultEPKcS4_RKT_RKT0_
FNDA:0,_ZN7testing8internal18CmpHelperEQFailureIilEENS_15AssertionResultEPKcS4_RKT_RKT0_
FN:1366,_ZN7testing8internal11CmpHelperEQIilEENS_15AssertionResultEPKcS4_RKT_RKT0_
FNDA:7,_ZN7testing8internal11CmpHelperEQIilEENS_15AssertionResultEPKcS4_RKT_RKT0_
DA:350,0
DA:1349,0
DA:1354,0
DA:1366,7
DA:1369,7
DA:1370,7
DA:1373,0
DA:1385,7
DA:1388,7
end_of_record
SF:/usr/include/c++/12/ostream
DA:166,0
DA:167,0
DA:615,0
DA:620,0
DA:621,0
end_of_record
SF:/usr/include/c++/12/bits/char_traits.h
DA:347,10
DA:350,10
DA:354,10
DA:355,0
DA:389,8
DA:392,8
DA:395,8
DA:411,0
DA:413,0
DA:416,0
DA:419,0
DA:423,10
DA:425,10
DA:428,10
DA:431,10
end_of_record
TN:
SF:/usr/include/c++/12/bits/locale_facets.h
FN:880,_ZNKSt5ctypeIcE5widenEc
FNDA:0,_ZNKSt5ctypeIcE5widenEc
FN:1092,_ZNKSt5ctypeIcE8do_widenEc
FNDA:0,_ZNKSt5ctypeIcE8do_widenEc
DA:880,0
DA:882,0
DA:883,0
DA:884,0
DA:885,0
DA:1092,0
DA:1093,0
end_of_record
SF:/home/akiel/Desktop/Trunk/github/public-repos/OSS/openGPMP/modules/nt/prime_gen.cpp
FN:18,_ZN4gpmp12PrimalityGen21sieve_of_eratosthenesEm
FNDA:0,_ZN4gpmp12PrimalityGen21sieve_of_eratosthenesEm
DA:18,0
DA:22,0
DA:23,0
DA:25,0
DA:27,0
DA:32,0
DA:33,0
DA:38,0
DA:39,0
DA:40,0
DA:43,0
end_of_record
SF:/usr/include/c++/12/iostream
end_of_record
SF:/usr/include/c++/12/ostream
DA:108,0
DA:113,0
DA:170,0
DA:171,0
DA:615,0
DA:620,0
DA:621,0
end_of_record
TN:
SF:/usr/include/c++/12/bits/stl_iterator_base_funcs.h
DA:99,16
DA:105,16
DA:147,16
DA:150,16
end_of_record
SF:/usr/include/c++/12/bits/basic_string.tcc
FN:134,_ZNSt7__cxx1112basic_stringIcSt11char_traitsIcESaIcEE9_M_createERmm
FNDA:1,_ZNSt7__cxx1112basic_stringIcSt11char_traitsIcESaIcEE9_M_createERmm
FN:217,_ZNSt7__cxx1112basic_stringIcSt11char_traitsIcESaIcEE12_M_constructIPcEEvT_S7_St20forward_iterator_tag
FNDA:5,_ZNSt7__cxx1112basic_stringIcSt11char_traitsIcESaIcEE12_M_constructIPcEEvT_S7_St20forward_iterator_tag
FN:217,_ZNSt7__cxx1112basic_stringIcSt11char_traitsIcESaIcEE12_M_constructIPKcEEvT_S8_St20forward_iterator_tag
FNDA:11,_ZNSt7__cxx1112basic_stringIcSt11char_traitsIcESaIcEE12_M_constructIPKcEEvT_S8_St20forward_iterator_tag
FN:238,_ZZNSt7__cxx1112basic_stringIcSt11char_traitsIcESaIcEE12_M_constructIPcEEvT_S7_St20forward_iterator_tagEN6_GuardD2Ev
FNDA:5,_ZZNSt7__cxx1112basic_stringIcSt11char_traitsIcESaIcEE12_M_constructIPcEEvT_S7_St20forward_iterator_tagEN6_GuardD2Ev
FN:238,_ZZNSt7__cxx1112basic_stringIcSt11char_traitsIcESaIcEE12_M_constructIPKcEEvT_S8_St20forward_iterator_tagEN6_GuardD2Ev
FNDA:11,_ZZNSt7__cxx1112basic_stringIcSt11char_traitsIcESaIcEE12_M_constructIPKcEEvT_S8_St20forward_iterator_tagEN6_GuardD2Ev
FN:321,_ZNSt7__cxx1112basic_stringIcSt11char_traitsIcESaIcEE9_M_mutateEmmPKcm
FNDA:0,_ZNSt7__cxx1112basic_stringIcSt11char_traitsIcESaIcEE9_M_mutateEmmPKcm
FN:888,_ZNKSt7__cxx1112basic_stringIcSt11char_traitsIcESaIcEE7compareEPKc
FNDA:9,_ZNKSt7__cxx1112basic_stringIcSt11char_traitsIcESaIcEE7compareEPKc
DA:134,1
DA:139,1
DA:140,0
DA:145,1
DA:147,0
DA:149,0
DA:150,0
DA:155,1
DA:217,5
DA:221,5
DA:223,5
DA:225,0
DA:226,0
DA:235,5
DA:241,5
DA:243,5
DA:245,5
DA:247,5
DA:248,5
DA:217,11
DA:221,11
DA:223,11
DA:225,1
DA:226,1
DA:235,11
DA:241,11
DA:243,11
DA:245,11
DA:247,11
DA:248,11
DA:238,5
DA:238,11
DA:321,0
DA:325,0
DA:327,0
DA:328,0
DA:330,0
DA:331,0
DA:332,0
DA:333,0
DA:334,0
DA:335,0
DA:336,0
DA:338,0
DA:339,0
DA:340,0
DA:341,0
DA:888,9
DA:892,9
DA:893,9
DA:894,9
DA:895,9
DA:896,9
DA:897,4
DA:898,9
end_of_record
SF:/usr/include/c++/12/bits/ios_base.h
DA:166,10
DA:167,10
end_of_record
SF:/usr/include/c++/12/streambuf
end_of_record
SF:/usr/include/c++/12/bits/basic_string.h
FN:612,_ZNSt7__cxx1112basic_stringIcSt11char_traitsIcESaIcEEC2EPKcmRKS3_
FNDA:1,_ZNSt7__cxx1112basic_stringIcSt11char_traitsIcESaIcEEC2EPKcmRKS3_
FN:634,_ZNSt7__cxx1112basic_stringIcSt11char_traitsIcESaIcEEC1IS3_EEPKcRKS3_
FNDA:10,_ZNSt7__cxx1112basic_stringIcSt11char_traitsIcESaIcEEC1IS3_EEPKcRKS3_
FN:1524,_ZNSt7__cxx1112basic_stringIcSt11char_traitsIcESaIcEE9push_backEc
FNDA:10,_ZNSt7__cxx1112basic_stringIcSt11char_traitsIcESaIcEE9push_backEc
DA:192,16
DA:199,11
DA:200,11
DA:203,6
DA:204,1
DA:223,1
DA:224,1
DA:228,27
DA:229,27
DA:233,122
DA:234,25
DA:238,6
DA:241,0
DA:249,26
DA:252,10
DA:260,1
DA:261,1
DA:265,27
DA:267,27
DA:268,16
DA:273,26
DA:274,26
DA:283,16
DA:285,0
DA:286,32
DA:291,0
DA:292,0
DA:339,0
DA:340,1
DA:344,5
DA:345,1
DA:351,1
DA:418,16
DA:420,0
DA:421,16
DA:423,0
DA:470,5
DA:471,10
DA:475,11
DA:477,22
DA:481,4
DA:483,4
DA:485,4
DA:487,4
DA:490,4
DA:515,1
DA:517,1
DA:519,1
DA:520,1
DA:521,1
DA:540,5
DA:541,5
DA:542,5
DA:544,5
DA:546,5
DA:612,1
DA:614,1
DA:617,1
DA:618,0
DA:620,1
DA:621,1
DA:634,10
DA:635,10
DA:638,10
DA:639,0
DA:641,10
DA:642,10
DA:643,10
DA:794,11
DA:795,11
DA:1063,29
DA:1064,19
DA:1070,5
DA:1071,5
DA:1132,10
DA:1134,0
DA:1217,15
DA:1221,20
DA:1224,15
DA:1524,10
DA:1526,10
DA:1527,10
DA:1528,0
DA:1529,10
DA:1530,10
DA:1531,10
DA:2554,25
DA:2555,15
DA:3599,9
DA:3601,9
end_of_record
SF:/usr/include/c++/12/bits/stl_algobase.h
DA:230,9
DA:235,9
DA:236,5
end_of_record
SF:/usr/include/stdlib.h
DA:367,10
DA:369,10
end_of_record
SF:/usr/include/c++/12/bits/basic_ios.h
DA:117,10
DA:118,10
DA:137,10
DA:138,10
DA:201,10
DA:202,10
end_of_record
SF:/usr/include/c++/12/bits/char_traits.h
DA:347,27
DA:350,27
DA:354,17
DA:355,0
DA:370,9
DA:372,9
DA:375,9
DA:385,9
DA:389,19
DA:392,19
DA:395,19
DA:423,16
DA:425,16
DA:428,6
DA:431,6
end_of_record
SF:/usr/include/c++/12/bits/alloc_traits.h
DA:463,1
DA:464,1
DA:495,0
DA:496,0
DA:562,5
DA:563,5
end_of_record
SF:/usr/include/c++/12/ext/alloc_traits.h
DA:97,5
DA:98,5
end_of_record
SF:/usr/include/c++/12/iostream
end_of_record
SF:/home/akiel/Desktop/Trunk/github/public-repos/OSS/openGPMP/modules/calculus/deriv.cpp
FN:73,_ZN4gpmp8Calculus15derivative_termENSt7__cxx1112basic_stringIcSt11char_traitsIcESaIcEEEl
FNDA:5,_ZN4gpmp8Calculus15derivative_termENSt7__cxx1112basic_stringIcSt11char_traitsIcESaIcEEEl
FN:103,_ZN4gpmp8Calculus8deriv_atERNSt7__cxx1112basic_stringIcSt11char_traitsIcESaIcEEEl
FNDA:1,_ZN4gpmp8Calculus8deriv_atERNSt7__cxx1112basic_stringIcSt11char_traitsIcESaIcEEEl
FN:124,_ZN4gpmp8Calculus5derivERNSt7__cxx1112basic_stringIcSt11char_traitsIcESaIcEEE
FNDA:0,_ZN4gpmp8Calculus5derivERNSt7__cxx1112basic_stringIcSt11char_traitsIcESaIcEEE
DA:73,5
DA:75,5
DA:76,5
DA:78,10
DA:79,5
DA:81,5
DA:84,5
DA:86,10
DA:87,5
DA:88,5
DA:90,5
DA:93,5
DA:94,5
DA:95,5
DA:96,5
DA:98,5
DA:100,5
DA:101,5
DA:103,1
DA:104,1
DA:107,1
DA:109,1
DA:110,10
DA:112,9
DA:113,4
DA:117,10
DA:119,1
DA:120,1
DA:121,2
DA:122,1
DA:124,0
DA:125,0
DA:128,0
DA:130,0
DA:131,0
DA:143,0
DA:144,0
end_of_record
SF:/usr/include/c++/12/sstream
end_of_record
SF:/usr/include/c++/12/bits/new_allocator.h
FN:112,_ZNSt15__new_allocatorIcE8allocateEmPKv
FNDA:1,_ZNSt15__new_allocatorIcE8allocateEmPKv
FN:142,_ZNSt15__new_allocatorIcE10deallocateEPcm
FNDA:1,_ZNSt15__new_allocatorIcE10deallocateEPcm
DA:80,11
DA:83,17
DA:112,1
DA:120,1
DA:126,0
DA:137,1
DA:142,1
DA:158,1
end_of_record
SF:/usr/include/c++/12/bits/allocator.h
DA:156,11
DA:159,17
DA:160,17
DA:174,27
DA:179,1
DA:188,1
DA:193,0
DA:200,0
end_of_record
TN:
SF:/usr/include/c++/12/bits/new_allocator.h
FN:112,_ZNSt15__new_allocatorIcE8allocateEmPKv
FNDA:10,_ZNSt15__new_allocatorIcE8allocateEmPKv
DA:80,15
DA:83,27
DA:112,10
DA:120,10
DA:126,0
DA:137,10
DA:142,17
DA:158,17
end_of_record
SF:/usr/local/include/gtest/internal/gtest-type-util.h
FN:57,_ZN7testing8internal31CanonicalizeForStdLibVersioningENSt7__cxx1112basic_stringIcSt11char_traitsIcESaIcEEE
FNDA:0,_ZN7testing8internal31CanonicalizeForStdLibVersioningENSt7__cxx1112basic_stringIcSt11char_traitsIcESaIcEEE
FN:71,_ZN7testing8internal11GetTypeNameB5cxx11ERKSt9type_info
FNDA:0,_ZN7testing8internal11GetTypeNameB5cxx11ERKSt9type_info
DA:57,0
DA:58,0
DA:59,0
DA:60,0
DA:61,0
DA:63,0
DA:66,0
DA:71,0
DA:72,0
DA:74,0
DA:78,0
DA:80,0
DA:81,0
DA:82,0
DA:83,0
DA:87,0
end_of_record
SF:/usr/include/c++/12/bits/allocator.h
DA:156,15
DA:159,27
DA:160,27
DA:174,35
DA:179,10
DA:188,10
DA:193,17
DA:200,17
end_of_record
SF:/usr/local/include/gtest/gtest-assertion-result.h
DA:133,9
DA:174,9
DA:183,0
DA:184,0
DA:187,0
end_of_record
SF:/usr/local/include/gtest/internal/gtest-internal.h
FN:470,_ZN7testing8internal15TestFactoryImplIN12_GLOBAL__N_122rc4_test_hash_XOR_TestEE10CreateTestEv
FNDA:1,_ZN7testing8internal15TestFactoryImplIN12_GLOBAL__N_122rc4_test_hash_XOR_TestEE10CreateTestEv
FN:470,_ZN7testing8internal15TestFactoryImplIN12_GLOBAL__N_123rc4_test_hash_TRAD_TestEE10CreateTestEv
FNDA:1,_ZN7testing8internal15TestFactoryImplIN12_GLOBAL__N_123rc4_test_hash_TRAD_TestEE10CreateTestEv
FN:470,_ZN7testing8internal15TestFactoryImplIN12_GLOBAL__N_123rc4_test_hash_BYTE_TestEE10CreateTestEv
FNDA:1,_ZN7testing8internal15TestFactoryImplIN12_GLOBAL__N_123rc4_test_hash_BYTE_TestEE10CreateTestEv
FN:470,_ZN7testing8internal15TestFactoryImplIN12_GLOBAL__N_126rc4_test_SWAP_error_4_TestEE10CreateTestEv
FNDA:1,_ZN7testing8internal15TestFactoryImplIN12_GLOBAL__N_126rc4_test_SWAP_error_4_TestEE10CreateTestEv
FN:470,_ZN7testing8internal15TestFactoryImplIN12_GLOBAL__N_128rc4_test_SWAP_error_127_TestEE10CreateTestEv
FNDA:1,_ZN7testing8internal15TestFactoryImplIN12_GLOBAL__N_128rc4_test_SWAP_error_127_TestEE10CreateTestEv
FN:470,_ZN7testing8internal15TestFactoryImplIN12_GLOBAL__N_129rc4_test_NULL_ciphertext_TestEE10CreateTestEv
FNDA:1,_ZN7testing8internal15TestFactoryImplIN12_GLOBAL__N_129rc4_test_NULL_ciphertext_TestEE10CreateTestEv
FN:519,_ZN7testing8internal16SuiteApiResolverINS_4TestEE19GetSetUpCaseOrSuiteEPKci
FNDA:0,_ZN7testing8internal16SuiteApiResolverINS_4TestEE19GetSetUpCaseOrSuiteEPKci
FN:540,_ZN7testing8internal16SuiteApiResolverINS_4TestEE22GetTearDownCaseOrSuiteEPKci
FNDA:0,_ZN7testing8internal16SuiteApiResolverINS_4TestEE22GetTearDownCaseOrSuiteEPKci
DA:470,1
DA:470,1
DA:470,1
DA:470,1
DA:470,1
DA:470,1
DA:519,0
DA:523,0
DA:525,0
DA:527,0
DA:530,0
DA:532,0
DA:540,0
DA:544,0
DA:546,0
DA:548,0
DA:551,0
DA:553,0
DA:855,6
DA:856,6
end_of_record
SF:/usr/local/include/gtest/gtest-message.h
DA:92,0
end_of_record
SF:/usr/include/c++/12/typeinfo
DA:103,0
DA:104,0
end_of_record
SF:/usr/include/c++/12/sstream
DA:1136,0
DA:1137,0
end_of_record
SF:/usr/include/c++/12/bits/alloc_traits.h
DA:463,10
DA:464,10
DA:495,17
DA:496,17
DA:562,0
DA:563,0
end_of_record
SF:/usr/include/c++/12/ext/alloc_traits.h
DA:97,0
DA:98,0
end_of_record
SF:/usr/include/c++/12/iostream
end_of_record
SF:/usr/include/c++/12/bits/stl_function.h
DA:451,0
DA:457,0
end_of_record
SF:/usr/include/c++/12/ext/concurrence.h
FN:68,_ZNK9__gnu_cxx24__concurrence_lock_error4whatEv
FNDA:0,_ZNK9__gnu_cxx24__concurrence_lock_error4whatEv
FN:76,_ZNK9__gnu_cxx26__concurrence_unlock_error4whatEv
FNDA:0,_ZNK9__gnu_cxx26__concurrence_unlock_error4whatEv
FN:84,_ZNK9__gnu_cxx29__concurrence_broadcast_error4whatEv
FNDA:0,_ZNK9__gnu_cxx29__concurrence_broadcast_error4whatEv
FN:92,_ZNK9__gnu_cxx24__concurrence_wait_error4whatEv
FNDA:0,_ZNK9__gnu_cxx24__concurrence_wait_error4whatEv
DA:68,0
DA:69,0
DA:76,0
DA:77,0
DA:84,0
DA:85,0
DA:92,0
DA:93,0
end_of_record
SF:/usr/include/c++/12/any
FN:58,_ZNKSt12bad_any_cast4whatEv
FNDA:0,_ZNKSt12bad_any_cast4whatEv
DA:58,0
end_of_record
SF:/usr/local/include/gtest/internal/gtest-port.h
DA:970,0
end_of_record
SF:/usr/local/include/gtest/gtest.h
FN:350,_ZN7testing4Test5SetupEv
FNDA:0,_ZN7testing4Test5SetupEv
FN:1349,_ZN7testing8internal18CmpHelperEQFailureINSt7__cxx1112basic_stringIcSt11char_traitsIcESaIcEEES7_EENS_15AssertionResultEPKcSA_RKT_RKT0_
FNDA:0,_ZN7testing8internal18CmpHelperEQFailureINSt7__cxx1112basic_stringIcSt11char_traitsIcESaIcEEES7_EENS_15AssertionResultEPKcSA_RKT_RKT0_
FN:1366,_ZN7testing8internal11CmpHelperEQINSt7__cxx1112basic_stringIcSt11char_traitsIcESaIcEEES7_EENS_15AssertionResultEPKcSA_RKT_RKT0_
FNDA:0,_ZN7testing8internal11CmpHelperEQINSt7__cxx1112basic_stringIcSt11char_traitsIcESaIcEEES7_EENS_15AssertionResultEPKcSA_RKT_RKT0_
DA:350,0
DA:1349,0
DA:1354,0
DA:1366,0
DA:1369,0
DA:1370,0
DA:1373,0
DA:1385,9
DA:1388,9
end_of_record
SF:/usr/include/c++/12/ostream
DA:615,0
DA:620,0
DA:621,0
end_of_record
SF:/usr/include/c++/12/bits/char_traits.h
DA:347,33
DA:350,33
DA:354,33
DA:355,0
DA:370,0
DA:372,0
DA:375,0
DA:385,0
DA:389,21
DA:392,21
DA:395,21
DA:399,0
DA:401,0
DA:404,0
DA:407,0
DA:411,0
DA:413,0
DA:416,0
DA:419,0
DA:423,27
DA:425,27
DA:428,27
DA:431,27
end_of_record
SF:/usr/include/c++/12/bits/stl_algobase.h
DA:230,0
DA:235,0
DA:236,0
end_of_record
SF:/usr/local/include/gtest/gtest-printers.h
FN:1042,_ZN7testing13PrintToStringINSt7__cxx1112basic_stringIcSt11char_traitsIcESaIcEEEEES6_RKT_
FNDA:0,_ZN7testing13PrintToStringINSt7__cxx1112basic_stringIcSt11char_traitsIcESaIcEEEEES6_RKT_
DA:332,0
DA:333,0
DA:412,0
DA:414,0
DA:554,0
DA:555,0
DA:693,0
DA:702,0
DA:883,0
DA:884,0
DA:885,0
DA:1002,0
DA:1006,0
DA:1042,0
DA:1043,0
DA:1044,0
DA:1045,0
DA:1046,0
end_of_record
SF:/usr/include/c++/12/streambuf
end_of_record
SF:/usr/include/c++/12/bits/basic_string.h
FN:634,_ZNSt7__cxx1112basic_stringIcSt11char_traitsIcESaIcEEC1IS3_EEPKcRKS3_
FNDA:21,_ZNSt7__cxx1112basic_stringIcSt11char_traitsIcESaIcEEC1IS3_EEPKcRKS3_
FN:670,_ZNSt7__cxx1112basic_stringIcSt11char_traitsIcESaIcEEC2EOS4_
FNDA:0,_ZNSt7__cxx1112basic_stringIcSt11char_traitsIcESaIcEEC2EOS4_
FN:1418,_ZNSt7__cxx1112basic_stringIcSt11char_traitsIcESaIcEE6appendEPKcm
FNDA:0,_ZNSt7__cxx1112basic_stringIcSt11char_traitsIcESaIcEE6appendEPKcm
FN:1432,_ZNSt7__cxx1112basic_stringIcSt11char_traitsIcESaIcEE6appendEPKc
FNDA:0,_ZNSt7__cxx1112basic_stringIcSt11char_traitsIcESaIcEE6appendEPKc
FN:1644,_ZNSt7__cxx1112basic_stringIcSt11char_traitsIcESaIcEE6assignEPKc
FNDA:0,_ZNSt7__cxx1112basic_stringIcSt11char_traitsIcESaIcEE6assignEPKc
FN:2032,_ZNSt7__cxx1112basic_stringIcSt11char_traitsIcESaIcEE5eraseEmm
FNDA:0,_ZNSt7__cxx1112basic_stringIcSt11char_traitsIcESaIcEE5eraseEmm
FN:2167,_ZNSt7__cxx1112basic_stringIcSt11char_traitsIcESaIcEE7replaceEmmPKcm
FNDA:0,_ZNSt7__cxx1112basic_stringIcSt11char_traitsIcESaIcEE7replaceEmmPKcm
FN:3584,_ZSteqIcEN9__gnu_cxx11__enable_ifIXsrSt9__is_charIT_E7__valueEbE6__typeERKNSt7__cxx1112basic_stringIS3_St11char_traitsIS3_ESaIS3_EEESE_
FNDA:0,_ZSteqIcEN9__gnu_cxx11__enable_ifIXsrSt9__is_charIT_E7__valueEbE6__typeERKNSt7__cxx1112basic_stringIS3_St11char_traitsIS3_ESaIS3_EEESE_
DA:192,30
DA:199,21
DA:200,21
DA:203,6
DA:204,6
DA:223,10
DA:224,10
DA:228,33
DA:229,33
DA:233,84
DA:234,27
DA:238,6
DA:241,21
DA:249,30
DA:252,0
DA:260,10
DA:261,10
DA:265,33
DA:267,33
DA:268,27
DA:269,0
DA:273,30
DA:274,30
DA:283,30
DA:285,0
DA:286,0
DA:291,17
DA:292,17
DA:339,10
DA:340,27
DA:344,0
DA:345,10
DA:351,6
DA:379,0
DA:381,0
DA:382,0
DA:390,0
DA:392,0
DA:393,0
DA:400,0
DA:402,0
DA:408,0
DA:410,0
DA:411,0
DA:418,27
DA:420,0
DA:421,27
DA:423,0
DA:428,0
DA:430,0
DA:431,0
DA:433,0
DA:470,6
DA:471,12
DA:475,21
DA:477,42
DA:481,0
DA:483,0
DA:485,0
DA:487,0
DA:490,0
DA:515,6
DA:517,6
DA:519,6
DA:520,6
DA:540,0
DA:541,0
DA:542,0
DA:544,0
DA:546,0
DA:634,21
DA:635,21
DA:638,21
DA:639,0
DA:641,21
DA:642,21
DA:643,21
DA:670,0
DA:671,0
DA:673,0
DA:675,0
DA:676,0
DA:680,0
DA:681,0
DA:687,0
DA:688,0
DA:689,0
DA:690,0
DA:794,20
DA:795,23
DA:814,0
DA:815,0
DA:1063,0
DA:1064,0
DA:1070,0
DA:1071,0
DA:1132,0
DA:1134,0
DA:1329,0
DA:1330,0
DA:1339,0
DA:1340,0
DA:1387,0
DA:1388,0
DA:1418,0
DA:1421,0
DA:1422,0
DA:1432,0
DA:1435,0
DA:1436,0
DA:1437,0
DA:1644,0
DA:1647,0
DA:1648,0
DA:2032,0
DA:2034,0
DA:2035,0
DA:2036,0
DA:2037,0
DA:2038,0
DA:2039,0
DA:2167,0
DA:2171,0
DA:2172,0
DA:2554,0
DA:2555,0
DA:2567,0
DA:2568,0
DA:2654,0
DA:2657,0
DA:3584,0
DA:3586,0
DA:3587,0
DA:3588,0
end_of_record
SF:/usr/include/c++/12/variant
FN:1309,_ZNKSt18bad_variant_access4whatEv
FNDA:0,_ZNKSt18bad_variant_access4whatEv
DA:1309,0
DA:1310,0
end_of_record
SF:/usr/include/c++/12/tuple
DA:124,0
DA:233,9
DA:268,9
DA:271,0
DA:424,0
DA:1364,0
DA:1365,0
DA:1380,0
DA:1381,9
DA:1387,0
end_of_record
SF:/usr/include/c++/12/optional
FN:104,_ZNKSt19bad_optional_access4whatEv
FNDA:0,_ZNKSt19bad_optional_access4whatEv
DA:104,0
DA:105,0
end_of_record
SF:/usr/include/c++/12/bits/unique_ptr.h
FN:89,_ZNKSt14default_deleteINSt7__cxx1112basic_stringIcSt11char_traitsIcESaIcEEEEclEPS5_
FNDA:0,_ZNKSt14default_deleteINSt7__cxx1112basic_stringIcSt11char_traitsIcESaIcEEEEclEPS5_
DA:89,0
DA:95,0
DA:96,0
DA:189,9
DA:191,0
DA:193,0
DA:390,9
DA:394,9
DA:395,9
DA:396,0
DA:461,0
DA:462,0
DA:467,0
DA:468,0
end_of_record
SF:/home/akiel/Desktop/Trunk/github/public-repos/OSS/openGPMP/tests/nt/t_rc4.cpp
FN:63,_ZN12_GLOBAL__N_122rc4_test_hash_XOR_Test8TestBodyEv
FNDA:1,_ZN12_GLOBAL__N_122rc4_test_hash_XOR_Test8TestBodyEv
FN:63,_ZN12_GLOBAL__N_122rc4_test_hash_XOR_TestD0Ev
FNDA:1,_ZN12_GLOBAL__N_122rc4_test_hash_XOR_TestD0Ev
FN:63,_ZN12_GLOBAL__N_122rc4_test_hash_XOR_TestD2Ev
FNDA:0,_ZN12_GLOBAL__N_122rc4_test_hash_XOR_TestD2Ev
FN:89,_ZN12_GLOBAL__N_123rc4_test_hash_TRAD_Test8TestBodyEv
FNDA:1,_ZN12_GLOBAL__N_123rc4_test_hash_TRAD_Test8TestBodyEv
FN:89,_ZN12_GLOBAL__N_123rc4_test_hash_TRAD_TestD2Ev
FNDA:0,_ZN12_GLOBAL__N_123rc4_test_hash_TRAD_TestD2Ev
FN:89,_ZN12_GLOBAL__N_123rc4_test_hash_TRAD_TestD0Ev
FNDA:1,_ZN12_GLOBAL__N_123rc4_test_hash_TRAD_TestD0Ev
FN:113,_ZN12_GLOBAL__N_123rc4_test_hash_BYTE_TestD0Ev
FNDA:1,_ZN12_GLOBAL__N_123rc4_test_hash_BYTE_TestD0Ev
FN:113,_ZN12_GLOBAL__N_123rc4_test_hash_BYTE_TestD2Ev
FNDA:0,_ZN12_GLOBAL__N_123rc4_test_hash_BYTE_TestD2Ev
FN:113,_ZN12_GLOBAL__N_123rc4_test_hash_BYTE_Test8TestBodyEv
FNDA:1,_ZN12_GLOBAL__N_123rc4_test_hash_BYTE_Test8TestBodyEv
FN:137,_ZN12_GLOBAL__N_126rc4_test_SWAP_error_4_TestD2Ev
FNDA:0,_ZN12_GLOBAL__N_126rc4_test_SWAP_error_4_TestD2Ev
FN:137,_ZN12_GLOBAL__N_126rc4_test_SWAP_error_4_Test8TestBodyEv
FNDA:1,_ZN12_GLOBAL__N_126rc4_test_SWAP_error_4_Test8TestBodyEv
FN:137,_ZN12_GLOBAL__N_126rc4_test_SWAP_error_4_TestD0Ev
FNDA:1,_ZN12_GLOBAL__N_126rc4_test_SWAP_error_4_TestD0Ev
FN:153,_ZN12_GLOBAL__N_128rc4_test_SWAP_error_127_Test8TestBodyEv
FNDA:1,_ZN12_GLOBAL__N_128rc4_test_SWAP_error_127_Test8TestBodyEv
FN:153,_ZN12_GLOBAL__N_128rc4_test_SWAP_error_127_TestD2Ev
FNDA:0,_ZN12_GLOBAL__N_128rc4_test_SWAP_error_127_TestD2Ev
FN:153,_ZN12_GLOBAL__N_128rc4_test_SWAP_error_127_TestD0Ev
FNDA:1,_ZN12_GLOBAL__N_128rc4_test_SWAP_error_127_TestD0Ev
FN:169,_ZN12_GLOBAL__N_129rc4_test_NULL_ciphertext_TestD0Ev
FNDA:1,_ZN12_GLOBAL__N_129rc4_test_NULL_ciphertext_TestD0Ev
FN:169,_ZN12_GLOBAL__N_129rc4_test_NULL_ciphertext_Test8TestBodyEv
FNDA:1,_ZN12_GLOBAL__N_129rc4_test_NULL_ciphertext_Test8TestBodyEv
FN:169,_ZN12_GLOBAL__N_129rc4_test_NULL_ciphertext_TestD2Ev
FNDA:0,_ZN12_GLOBAL__N_129rc4_test_NULL_ciphertext_TestD2Ev
DA:63,1
DA:63,0
DA:63,1
DA:64,1
DA:65,1
DA:67,1
DA:68,1
DA:69,1
DA:70,1
DA:71,1
DA:73,2
DA:74,1
DA:75,1
DA:76,1
DA:77,2
DA:78,1
DA:80,1
DA:81,2
DA:82,1
DA:83,1
DA:84,1
DA:85,2
DA:86,2
DA:87,2
DA:63,1
DA:89,1
DA:89,0
DA:89,1
DA:90,1
DA:91,1
DA:92,1
DA:93,1
DA:94,1
DA:95,1
DA:96,1
DA:98,2
DA:99,1
DA:100,1
DA:101,1
DA:102,2
DA:103,1
DA:105,2
DA:106,1
DA:107,1
DA:108,1
DA:109,2
DA:110,2
DA:111,2
DA:89,1
DA:113,1
DA:113,0
DA:113,1
DA:114,1
DA:115,1
DA:116,1
DA:117,1
DA:118,1
DA:119,1
DA:120,1
DA:122,2
DA:123,1
DA:124,1
DA:125,1
DA:126,2
DA:127,1
DA:129,2
DA:130,1
DA:131,1
DA:132,1
DA:133,2
DA:134,2
DA:135,2
DA:113,1
DA:137,1
DA:137,0
DA:137,1
DA:138,1
DA:139,1
DA:142,1
DA:143,1
DA:144,1
DA:146,1
DA:147,0
DA:149,1
DA:150,1
DA:151,2
DA:137,1
DA:153,1
DA:153,0
DA:153,1
DA:154,1
DA:155,1
DA:158,1
DA:159,1
DA:160,1
DA:162,1
DA:163,0
DA:165,1
DA:166,1
DA:167,2
DA:153,1
DA:169,1
DA:169,0
DA:169,1
DA:170,1
DA:171,1
DA:174,1
DA:175,1
DA:179,1
DA:180,0
DA:182,1
DA:183,1
DA:184,2
DA:169,1
end_of_record
SF:/usr/include/c++/12/bits/basic_string.tcc
FN:134,_ZNSt7__cxx1112basic_stringIcSt11char_traitsIcESaIcEE9_M_createERmm
FNDA:10,_ZNSt7__cxx1112basic_stringIcSt11char_traitsIcESaIcEE9_M_createERmm
FN:217,_ZNSt7__cxx1112basic_stringIcSt11char_traitsIcESaIcEE12_M_constructIPcEEvT_S7_St20forward_iterator_tag
FNDA:6,_ZNSt7__cxx1112basic_stringIcSt11char_traitsIcESaIcEE12_M_constructIPcEEvT_S7_St20forward_iterator_tag
FN:217,_ZNSt7__cxx1112basic_stringIcSt11char_traitsIcESaIcEE12_M_constructIPKcEEvT_S8_St20forward_iterator_tag
FNDA:21,_ZNSt7__cxx1112basic_stringIcSt11char_traitsIcESaIcEE12_M_constructIPKcEEvT_S8_St20forward_iterator_tag
FN:238,_ZZNSt7__cxx1112basic_stringIcSt11char_traitsIcESaIcEE12_M_constructIPcEEvT_S7_St20forward_iterator_tagEN6_GuardD2Ev
FNDA:6,_ZZNSt7__cxx1112basic_stringIcSt11char_traitsIcESaIcEE12_M_constructIPcEEvT_S7_St20forward_iterator_tagEN6_GuardD2Ev
FN:238,_ZZNSt7__cxx1112basic_stringIcSt11char_traitsIcESaIcEE12_M_constructIPKcEEvT_S8_St20forward_iterator_tagEN6_GuardD2Ev
FNDA:21,_ZZNSt7__cxx1112basic_stringIcSt11char_traitsIcESaIcEE12_M_constructIPKcEEvT_S8_St20forward_iterator_tagEN6_GuardD2Ev
FN:273,_ZNSt7__cxx1112basic_stringIcSt11char_traitsIcESaIcEE9_M_assignERKS4_
FNDA:0,_ZNSt7__cxx1112basic_stringIcSt11char_traitsIcESaIcEE9_M_assignERKS4_
FN:321,_ZNSt7__cxx1112basic_stringIcSt11char_traitsIcESaIcEE9_M_mutateEmmPKcm
FNDA:0,_ZNSt7__cxx1112basic_stringIcSt11char_traitsIcESaIcEE9_M_mutateEmmPKcm
FN:346,_ZNSt7__cxx1112basic_stringIcSt11char_traitsIcESaIcEE8_M_eraseEmm
FNDA:0,_ZNSt7__cxx1112basic_stringIcSt11char_traitsIcESaIcEE8_M_eraseEmm
FN:409,_ZNSt7__cxx1112basic_stringIcSt11char_traitsIcESaIcEE9_M_appendEPKcm
FNDA:0,_ZNSt7__cxx1112basic_stringIcSt11char_traitsIcESaIcEE9_M_appendEPKcm
FN:476,_ZNSt7__cxx1112basic_stringIcSt11char_traitsIcESaIcEE10_M_replaceEmmPKcm
FNDA:0,_ZNSt7__cxx1112basic_stringIcSt11char_traitsIcESaIcEE10_M_replaceEmmPKcm
FN:646,_ZNKSt7__cxx1112basic_stringIcSt11char_traitsIcESaIcEE4findEPKcmm
FNDA:0,_ZNKSt7__cxx1112basic_stringIcSt11char_traitsIcESaIcEE4findEPKcmm
FN:904,_ZNKSt7__cxx1112basic_stringIcSt11char_traitsIcESaIcEE7compareEmmPKc
FNDA:0,_ZNKSt7__cxx1112basic_stringIcSt11char_traitsIcESaIcEE7compareEmmPKc
DA:134,10
DA:139,10
DA:140,0
DA:145,10
DA:147,0
DA:149,0
DA:150,0
DA:155,10
DA:217,6
DA:221,6
DA:223,6
DA:225,0
DA:226,0
DA:235,6
DA:241,6
DA:243,6
DA:245,6
DA:247,6
DA:248,6
DA:217,21
DA:221,21
DA:223,21
DA:225,10
DA:226,10
DA:235,21
DA:241,21
DA:243,21
DA:245,21
DA:247,21
DA:248,21
DA:238,6
DA:238,21
DA:273,0
DA:276,0
DA:278,0
DA:279,0
DA:281,0
DA:283,0
DA:284,0
DA:285,0
DA:286,0
DA:287,0
DA:290,0
DA:291,0
DA:293,0
DA:295,0
DA:321,0
DA:325,0
DA:327,0
DA:328,0
DA:330,0
DA:331,0
DA:332,0
DA:333,0
DA:334,0
DA:335,0
DA:336,0
DA:338,0
DA:339,0
DA:340,0
DA:341,0
DA:346,0
DA:349,0
DA:351,0
DA:352,0
DA:354,0
DA:355,0
DA:409,0
DA:412,0
DA:414,0
DA:416,0
DA:417,0
DA:420,0
DA:422,0
DA:423,0
DA:476,0
DA:480,0
DA:482,0
DA:483,0
DA:485,0
DA:487,0
DA:489,0
DA:503,0
DA:505,0
DA:506,0
DA:507,0
DA:508,0
DA:513,0
DA:514,0
DA:515,0
DA:516,0
DA:517,0
DA:519,0
DA:520,0
DA:521,0
DA:525,0
DA:526,0
DA:530,0
DA:531,0
DA:532,0
DA:539,0
DA:541,0
DA:542,0
DA:646,0
DA:651,0
DA:653,0
DA:654,0
DA:655,0
DA:658,0
DA:659,0
DA:660,0
DA:661,0
DA:662,0
DA:664,0
DA:667,0
DA:668,0
DA:673,0
DA:674,0
DA:675,0
DA:904,0
DA:908,0
DA:909,0
DA:910,0
DA:911,0
DA:912,0
DA:913,0
DA:914,0
DA:915,0
end_of_record
SF:/usr/include/c++/12/bits/stl_iterator_base_funcs.h
DA:99,27
DA:105,27
DA:147,27
DA:150,27
end_of_record
TN:
SF:/home/akiel/Desktop/Trunk/github/public-repos/OSS/openGPMP/modules/arithmetic/arith.cpp
FN:41,_ZN4gpmp6Basics14greatest_powerEll
FNDA:2,_ZN4gpmp6Basics14greatest_powerEll
FN:52,_ZN4gpmp6Basics6op_gcdEll
FNDA:566,_ZN4gpmp6Basics6op_gcdEll
DA:41,2
DA:42,2
DA:45,7
DA:46,5
DA:47,5
DA:49,2
DA:52,566
DA:53,3474
DA:56,2912
DA:57,566
end_of_record
TN:
SF:/usr/include/c++/12/bits/basic_string.h
FN:634,_ZNSt7__cxx1112basic_stringIcSt11char_traitsIcESaIcEEC2IS3_EEPKcRKS3_
FNDA:1,_ZNSt7__cxx1112basic_stringIcSt11char_traitsIcESaIcEEC2IS3_EEPKcRKS3_
DA:199,1
DA:200,1
DA:223,2
DA:224,2
DA:228,2
DA:229,2
DA:233,4
DA:234,2
DA:238,1
DA:241,1
DA:249,0
DA:252,0
DA:260,2
DA:261,2
DA:265,2
DA:267,2
DA:268,2
DA:273,0
DA:274,0
DA:283,0
DA:285,0
DA:286,2
DA:291,0
DA:292,0
DA:339,2
DA:340,2
DA:345,2
DA:418,2
DA:420,2
DA:421,2
DA:423,2
DA:470,1
DA:471,2
DA:475,1
DA:477,2
DA:634,1
DA:635,1
DA:638,1
DA:639,0
DA:641,1
DA:642,1
DA:643,1
end_of_record
SF:/usr/include/c++/12/bits/locale_facets.h
FN:880,_ZNKSt5ctypeIcE5widenEc
FNDA:1,_ZNKSt5ctypeIcE5widenEc
FN:1092,_ZNKSt5ctypeIcE8do_widenEc
FNDA:0,_ZNKSt5ctypeIcE8do_widenEc
DA:880,1
DA:882,1
DA:883,1
DA:884,0
DA:885,0
DA:1092,0
DA:1093,0
end_of_record
SF:/usr/include/c++/12/bits/basic_string.tcc
FN:134,_ZNSt7__cxx1112basic_stringIcSt11char_traitsIcESaIcEE9_M_createERmm
FNDA:2,_ZNSt7__cxx1112basic_stringIcSt11char_traitsIcESaIcEE9_M_createERmm
FN:217,_ZNSt7__cxx1112basic_stringIcSt11char_traitsIcESaIcEE12_M_constructIPcEEvT_S7_St20forward_iterator_tag
FNDA:1,_ZNSt7__cxx1112basic_stringIcSt11char_traitsIcESaIcEE12_M_constructIPcEEvT_S7_St20forward_iterator_tag
FN:217,_ZNSt7__cxx1112basic_stringIcSt11char_traitsIcESaIcEE12_M_constructIPKcEEvT_S8_St20forward_iterator_tag
FNDA:1,_ZNSt7__cxx1112basic_stringIcSt11char_traitsIcESaIcEE12_M_constructIPKcEEvT_S8_St20forward_iterator_tag
FN:238,_ZZNSt7__cxx1112basic_stringIcSt11char_traitsIcESaIcEE12_M_constructIPcEEvT_S7_St20forward_iterator_tagEN6_GuardD2Ev
FNDA:1,_ZZNSt7__cxx1112basic_stringIcSt11char_traitsIcESaIcEE12_M_constructIPcEEvT_S7_St20forward_iterator_tagEN6_GuardD2Ev
FN:238,_ZZNSt7__cxx1112basic_stringIcSt11char_traitsIcESaIcEE12_M_constructIPKcEEvT_S8_St20forward_iterator_tagEN6_GuardD2Ev
FNDA:1,_ZZNSt7__cxx1112basic_stringIcSt11char_traitsIcESaIcEE12_M_constructIPKcEEvT_S8_St20forward_iterator_tagEN6_GuardD2Ev
DA:134,2
DA:139,2
DA:140,0
DA:145,2
DA:147,0
DA:149,0
DA:150,0
DA:155,2
DA:217,1
DA:221,1
DA:223,1
DA:225,1
DA:226,1
DA:235,1
DA:241,1
DA:243,1
DA:245,1
DA:247,1
DA:248,1
DA:217,1
DA:221,1
DA:223,1
DA:225,1
DA:226,1
DA:235,1
DA:241,1
DA:243,1
DA:245,1
DA:247,1
DA:248,1
DA:238,1
DA:238,1
end_of_record
SF:/usr/include/c++/12/bits/stl_iterator_base_funcs.h
DA:99,2
DA:105,2
DA:147,2
DA:150,2
end_of_record
SF:/usr/local/include/gtest/internal/gtest-internal.h
FN:470,_ZN7testing8internal15TestFactoryImplIN12_GLOBAL__N_127logarithms_pollard_rho_TestEE10CreateTestEv
FNDA:1,_ZN7testing8internal15TestFactoryImplIN12_GLOBAL__N_127logarithms_pollard_rho_TestEE10CreateTestEv
FN:519,_ZN7testing8internal16SuiteApiResolverINS_4TestEE19GetSetUpCaseOrSuiteEPKci
FNDA:0,_ZN7testing8internal16SuiteApiResolverINS_4TestEE19GetSetUpCaseOrSuiteEPKci
FN:540,_ZN7testing8internal16SuiteApiResolverINS_4TestEE22GetTearDownCaseOrSuiteEPKci
FNDA:0,_ZN7testing8internal16SuiteApiResolverINS_4TestEE22GetTearDownCaseOrSuiteEPKci
DA:470,1
DA:519,0
DA:523,0
DA:525,0
DA:527,0
DA:530,0
DA:532,0
DA:540,0
DA:544,0
DA:546,0
DA:548,0
DA:551,0
DA:553,0
end_of_record
SF:/home/akiel/Desktop/Trunk/github/public-repos/OSS/openGPMP/tests/nt/t_logarithms.cpp
FN:49,_ZN12_GLOBAL__N_127logarithms_pollard_rho_TestD0Ev
FNDA:1,_ZN12_GLOBAL__N_127logarithms_pollard_rho_TestD0Ev
FN:49,_ZN12_GLOBAL__N_127logarithms_pollard_rho_TestD2Ev
FNDA:0,_ZN12_GLOBAL__N_127logarithms_pollard_rho_TestD2Ev
FN:49,_ZN12_GLOBAL__N_127logarithms_pollard_rho_Test8TestBodyEv
FNDA:1,_ZN12_GLOBAL__N_127logarithms_pollard_rho_Test8TestBodyEv
DA:49,1
DA:49,0
DA:49,1
DA:50,1
DA:51,1
DA:49,1
end_of_record
SF:/usr/include/c++/12/bits/allocator.h
DA:159,1
DA:160,1
DA:179,2
DA:188,2
DA:193,0
DA:200,0
end_of_record
SF:/usr/include/c++/12/bits/new_allocator.h
FN:112,_ZNSt15__new_allocatorIcE8allocateEmPKv
FNDA:2,_ZNSt15__new_allocatorIcE8allocateEmPKv
FN:142,_ZNSt15__new_allocatorIcE10deallocateEPcm
FNDA:2,_ZNSt15__new_allocatorIcE10deallocateEPcm
DA:83,1
DA:112,2
DA:120,2
DA:126,0
DA:137,2
DA:142,2
DA:158,2
end_of_record
SF:/usr/include/c++/12/ostream
DA:108,1
DA:113,1
DA:615,1
DA:620,1
DA:621,1
end_of_record
SF:/usr/local/include/gtest/gtest.h
FN:350,_ZN7testing4Test5SetupEv
FNDA:0,_ZN7testing4Test5SetupEv
DA:350,0
end_of_record
SF:/usr/include/c++/12/bits/char_traits.h
DA:347,2
DA:350,2
DA:354,2
DA:355,0
DA:389,1
DA:392,1
DA:395,1
DA:423,2
DA:425,2
DA:428,2
DA:431,2
end_of_record
SF:/usr/include/c++/12/ext/alloc_traits.h
end_of_record
SF:/usr/include/c++/12/bits/alloc_traits.h
DA:463,2
DA:464,2
DA:495,0
DA:496,0
end_of_record
SF:/usr/local/include/gtest/internal/gtest-port.h
DA:970,0
end_of_record
SF:/usr/include/c++/12/iostream
end_of_record
TN:
SF:/usr/include/c++/12/cmath
DA:415,0
DA:418,0
DA:475,0
DA:476,0
DA:1582,0
DA:1583,0
end_of_record
SF:/usr/include/c++/12/bits/locale_facets.h
FN:880,_ZNKSt5ctypeIcE5widenEc
FNDA:0,_ZNKSt5ctypeIcE5widenEc
FN:1092,_ZNKSt5ctypeIcE8do_widenEc
FNDA:0,_ZNKSt5ctypeIcE8do_widenEc
DA:880,0
DA:882,0
DA:883,0
DA:884,0
DA:885,0
DA:1092,0
DA:1093,0
end_of_record
SF:/usr/include/c++/12/bits/move.h
DA:204,52
DA:205,52
DA:206,52
end_of_record
SF:/usr/include/c++/12/iostream
end_of_record
SF:/usr/include/c++/12/ostream
DA:108,0
DA:113,0
DA:170,0
DA:171,0
DA:615,0
DA:620,0
DA:621,0
end_of_record
SF:/home/akiel/Desktop/Trunk/github/public-repos/OSS/openGPMP/modules/nt/prime_test.cpp
FN:57,_ZN4gpmp13PrimalityTest7mod_mulEmmm
FNDA:4596,_ZN4gpmp13PrimalityTest7mod_mulEmmm
FN:70,_ZN4gpmp13PrimalityTest7mod_powEmmm
FNDA:400,_ZN4gpmp13PrimalityTest7mod_powEmmm
FN:100,_ZN4gpmp13PrimalityTest8is_primeEm
FNDA:8,_ZN4gpmp13PrimalityTest8is_primeEm
FN:117,_ZN4gpmp13PrimalityTest20compute_miller_rabinEmm
FNDA:7,_ZN4gpmp13PrimalityTest20compute_miller_rabinEmm
FN:156,_ZN4gpmp13PrimalityTest7witnessEmmmm
FNDA:12,_ZN4gpmp13PrimalityTest7witnessEmmmm
FN:171,_ZN4gpmp13PrimalityTest18miller_rabin_primeEmm
FNDA:7,_ZN4gpmp13PrimalityTest18miller_rabin_primeEmm
FN:196,_ZN4gpmp13PrimalityTest12miller_rabinEmmm
FNDA:0,_ZN4gpmp13PrimalityTest12miller_rabinEmmm
FN:214,_ZN4gpmp13PrimalityTest3AKSEm
FNDA:0,_ZN4gpmp13PrimalityTest3AKSEm
FN:262,_ZN4gpmp13PrimalityTest15jacobian_numberEmm
FNDA:57,_ZN4gpmp13PrimalityTest15jacobian_numberEmm
FN:311,_ZN4gpmp13PrimalityTest16solovoy_strassenEmm
FNDA:6,_ZN4gpmp13PrimalityTest16solovoy_strassenEmm
FN:335,_ZN4gpmp13PrimalityTest14carmichael_numEm
FNDA:2,_ZN4gpmp13PrimalityTest14carmichael_numEm
FN:394,_ZN4gpmp13PrimalityTest3ETFEm
FNDA:0,_ZN4gpmp13PrimalityTest3ETFEm
DA:57,4596
DA:58,4596
DA:59,37215
DA:60,32619
DA:61,18555
DA:63,32619
DA:64,32619
DA:66,4596
DA:70,400
DA:71,400
DA:72,400
DA:73,3859
DA:74,3459
DA:75,1131
DA:77,3459
DA:78,3459
DA:80,400
DA:100,8
DA:101,8
DA:106,532483
DA:107,532479
DA:117,7
DA:120,7
DA:129,7
DA:131,7
DA:140,3
DA:141,3
DA:142,3
DA:144,3
DA:147,3
DA:156,12
DA:158,12
DA:159,12
DA:162,6
DA:163,6
DA:164,6
DA:171,7
DA:173,7
DA:176,7
DA:179,6
DA:182,3
DA:183,9
DA:184,6
DA:185,6
DA:187,15
DA:188,12
DA:189,12
DA:196,0
DA:198,0
DA:199,0
DA:205,0
DA:207,0
DA:208,0
DA:211,0
DA:212,0
DA:214,0
DA:216,0
DA:217,0
DA:218,0
DA:225,0
DA:226,0
DA:227,0
DA:228,0
DA:233,0
DA:235,0
DA:236,0
DA:238,0
DA:239,0
DA:240,0
DA:242,0
DA:243,0
DA:244,0
DA:245,0
DA:250,0
DA:254,0
DA:262,57
DA:263,57
DA:266,57
DA:268,57
DA:274,57
DA:277,86
DA:284,98
DA:285,46
DA:286,46
DA:287,31
DA:289,52
DA:291,52
DA:292,9
DA:294,52
DA:296,52
DA:297,4
DA:300,34
DA:311,6
DA:312,6
DA:315,6
DA:318,58
DA:320,57
DA:321,57
DA:322,57
DA:324,57
DA:335,2
DA:336,562
DA:338,561
DA:340,320
DA:394,0
DA:395,0
DA:397,0
DA:398,0
DA:399,0
DA:403,0
end_of_record
TN:
SF:/usr/include/c++/12/bits/basic_string.h
FN:634,_ZNSt7__cxx1112basic_stringIcSt11char_traitsIcESaIcEEC1IS3_EEPKcRKS3_
FNDA:9,_ZNSt7__cxx1112basic_stringIcSt11char_traitsIcESaIcEEC1IS3_EEPKcRKS3_
FN:1524,_ZNSt7__cxx1112basic_stringIcSt11char_traitsIcESaIcEE9push_backEc
FNDA:135,_ZNSt7__cxx1112basic_stringIcSt11char_traitsIcESaIcEE9push_backEc
DA:192,0
DA:199,9
DA:200,9
DA:223,3
DA:224,0
DA:228,144
DA:229,144
DA:233,415
DA:234,12
DA:238,9
DA:241,9
DA:249,138
DA:252,138
DA:260,3
DA:261,0
DA:265,144
DA:267,144
DA:268,9
DA:273,141
DA:274,141
DA:283,3
DA:285,3
DA:286,12
DA:291,0
DA:292,0
DA:339,3
DA:340,3
DA:345,6
DA:418,12
DA:420,3
DA:421,18
DA:423,3
DA:475,9
DA:477,18
DA:634,9
DA:635,9
DA:638,9
DA:639,0
DA:641,9
DA:642,9
DA:643,9
DA:794,0
DA:795,0
DA:1063,187
DA:1064,52
DA:1070,39
DA:1071,39
DA:1132,138
DA:1134,33
DA:1217,118
DA:1221,277
DA:1224,98
DA:1349,135
DA:1351,135
DA:1352,135
DA:1524,135
DA:1526,135
DA:1527,165
DA:1528,3
DA:1529,135
DA:1530,135
DA:1531,135
end_of_record
SF:/usr/include/c++/12/bits/stl_iterator_base_funcs.h
DA:99,9
DA:105,9
DA:147,9
DA:150,9
end_of_record
SF:/usr/include/c++/12/bits/basic_string.tcc
FN:134,_ZNSt7__cxx1112basic_stringIcSt11char_traitsIcESaIcEE9_M_createERmm
FNDA:3,_ZNSt7__cxx1112basic_stringIcSt11char_traitsIcESaIcEE9_M_createERmm
FN:217,_ZNSt7__cxx1112basic_stringIcSt11char_traitsIcESaIcEE12_M_constructIPKcEEvT_S8_St20forward_iterator_tag
FNDA:9,_ZNSt7__cxx1112basic_stringIcSt11char_traitsIcESaIcEE12_M_constructIPKcEEvT_S8_St20forward_iterator_tag
FN:238,_ZZNSt7__cxx1112basic_stringIcSt11char_traitsIcESaIcEE12_M_constructIPKcEEvT_S8_St20forward_iterator_tagEN6_GuardD2Ev
FNDA:9,_ZZNSt7__cxx1112basic_stringIcSt11char_traitsIcESaIcEE12_M_constructIPKcEEvT_S8_St20forward_iterator_tagEN6_GuardD2Ev
FN:321,_ZNSt7__cxx1112basic_stringIcSt11char_traitsIcESaIcEE9_M_mutateEmmPKcm
FNDA:3,_ZNSt7__cxx1112basic_stringIcSt11char_traitsIcESaIcEE9_M_mutateEmmPKcm
DA:134,3
DA:139,3
DA:140,0
DA:145,3
DA:147,3
DA:149,3
DA:150,0
DA:155,3
DA:217,9
DA:221,9
DA:223,9
DA:225,0
DA:226,0
DA:235,9
DA:238,9
DA:241,9
DA:243,9
DA:245,9
DA:247,9
DA:248,9
DA:321,3
DA:325,3
DA:327,3
DA:328,3
DA:330,3
DA:331,3
DA:332,3
DA:333,0
DA:334,3
DA:335,3
DA:336,0
DA:338,3
DA:339,3
DA:340,3
DA:341,3
end_of_record
SF:/usr/include/c++/12/bits/allocator.h
DA:156,9
DA:159,9
DA:160,9
DA:174,9
DA:179,3
DA:188,3
DA:193,0
DA:200,0
end_of_record
SF:/home/akiel/Desktop/Trunk/github/public-repos/OSS/openGPMP/modules/nt/cipher.cpp
FN:47,_ZN4gpmp6Cipher6caesarENSt7__cxx1112basic_stringIcSt11char_traitsIcESaIcEEEl
FNDA:3,_ZN4gpmp6Cipher6caesarENSt7__cxx1112basic_stringIcSt11char_traitsIcESaIcEEEl
FN:64,_ZN4gpmp6Cipher14keyword_encodeENSt7__cxx1112basic_stringIcSt11char_traitsIcESaIcEEE
FNDA:3,_ZN4gpmp6Cipher14keyword_encodeENSt7__cxx1112basic_stringIcSt11char_traitsIcESaIcEEE
FN:100,_ZN4gpmp6Cipher7keywordENSt7__cxx1112basic_stringIcSt11char_traitsIcESaIcEEES6_
FNDA:3,_ZN4gpmp6Cipher7keywordENSt7__cxx1112basic_stringIcSt11char_traitsIcESaIcEEES6_
DA:47,3
DA:48,3
DA:50,36
DA:52,33
DA:54,20
DA:57,46
DA:61,3
DA:62,0
DA:64,3
DA:65,3
DA:67,3
DA:71,25
DA:72,22
DA:77,5
DA:78,5
DA:79,5
DA:81,17
DA:82,15
DA:83,14
DA:84,14
DA:91,81
DA:92,78
DA:93,59
DA:94,137
DA:97,3
DA:98,0
DA:100,3
DA:102,3
DA:108,27
DA:109,24
DA:110,14
DA:111,14
DA:114,10
DA:115,6
DA:116,6
DA:120,28
DA:123,3
DA:124,0
end_of_record
SF:/usr/include/c++/12/bits/new_allocator.h
FN:112,_ZNSt15__new_allocatorIcE8allocateEmPKv
FNDA:3,_ZNSt15__new_allocatorIcE8allocateEmPKv
FN:142,_ZNSt15__new_allocatorIcE10deallocateEPcm
FNDA:0,_ZNSt15__new_allocatorIcE10deallocateEPcm
DA:80,9
DA:83,9
DA:112,3
DA:120,3
DA:126,0
DA:137,3
DA:142,0
DA:158,0
end_of_record
SF:/usr/include/c++/12/iostream
end_of_record
SF:/usr/include/c++/12/bits/alloc_traits.h
DA:463,3
DA:464,3
DA:495,0
DA:496,0
end_of_record
SF:/usr/include/c++/12/bits/char_traits.h
DA:347,144
DA:350,144
DA:354,9
DA:355,0
DA:389,9
DA:392,9
DA:395,9
DA:423,12
DA:425,9
DA:428,3
DA:431,3
end_of_record
TN:
SF:/usr/local/include/gtest/gtest-printers.h
FN:1042,_ZN7testing13PrintToStringIlEENSt7__cxx1112basic_stringIcSt11char_traitsIcESaIcEEERKT_
FNDA:0,_ZN7testing13PrintToStringIlEENSt7__cxx1112basic_stringIcSt11char_traitsIcESaIcEEERKT_
FN:1042,_ZN7testing13PrintToStringIiEENSt7__cxx1112basic_stringIcSt11char_traitsIcESaIcEEERKT_
FNDA:0,_ZN7testing13PrintToStringIiEENSt7__cxx1112basic_stringIcSt11char_traitsIcESaIcEEERKT_
DA:213,0
DA:216,0
DA:305,0
DA:311,0
DA:332,0
DA:333,0
DA:412,0
DA:414,0
DA:439,0
DA:440,0
DA:693,0
DA:702,0
DA:883,0
DA:884,0
DA:885,0
DA:1002,0
DA:1006,0
DA:1042,0
DA:1043,0
DA:1044,0
DA:1045,0
DA:1046,0
DA:1042,0
DA:1043,0
DA:1044,0
DA:1045,0
DA:1046,0
end_of_record
SF:/usr/include/c++/12/bits/basic_string.h
FN:634,_ZNSt7__cxx1112basic_stringIcSt11char_traitsIcESaIcEEC1IS3_EEPKcRKS3_
FNDA:2,_ZNSt7__cxx1112basic_stringIcSt11char_traitsIcESaIcEEC1IS3_EEPKcRKS3_
FN:2167,_ZNSt7__cxx1112basic_stringIcSt11char_traitsIcESaIcEE7replaceEmmPKcm
FNDA:0,_ZNSt7__cxx1112basic_stringIcSt11char_traitsIcESaIcEE7replaceEmmPKcm
DA:192,1
DA:199,2
DA:200,2
DA:223,1
DA:224,1
DA:228,3
DA:229,3
DA:233,7
DA:234,3
DA:238,2
DA:241,2
DA:249,1
DA:252,0
DA:260,1
DA:261,1
DA:265,3
DA:267,3
DA:268,3
DA:269,0
DA:273,1
DA:274,1
DA:283,1
DA:285,0
DA:286,0
DA:291,1
DA:292,1
DA:339,1
DA:340,1
DA:345,1
DA:379,0
DA:381,0
DA:382,0
DA:390,0
DA:392,0
DA:393,0
DA:400,0
DA:402,0
DA:408,0
DA:410,0
DA:411,0
DA:418,3
DA:420,0
DA:421,3
DA:423,0
DA:428,0
DA:430,0
DA:431,0
DA:433,0
DA:470,1
DA:471,2
DA:475,2
DA:477,4
DA:634,2
DA:635,2
DA:638,2
DA:639,0
DA:641,2
DA:642,2
DA:643,2
DA:794,1
DA:795,1
DA:1063,0
DA:1064,0
DA:1070,0
DA:1071,0
DA:1132,0
DA:1134,0
DA:2167,0
DA:2171,0
DA:2172,0
DA:2554,0
DA:2555,0
end_of_record
SF:/usr/include/c++/12/streambuf
end_of_record
SF:/usr/include/c++/12/bits/unique_ptr.h
FN:89,_ZNKSt14default_deleteINSt7__cxx1112basic_stringIcSt11char_traitsIcESaIcEEEEclEPS5_
FNDA:0,_ZNKSt14default_deleteINSt7__cxx1112basic_stringIcSt11char_traitsIcESaIcEEEEclEPS5_
DA:89,0
DA:95,0
DA:96,0
DA:189,1
DA:191,0
DA:193,0
DA:390,1
DA:394,1
DA:395,1
DA:396,0
DA:461,0
DA:462,0
DA:467,0
DA:468,0
end_of_record
SF:/home/akiel/Desktop/Trunk/github/public-repos/OSS/openGPMP/tests/calc/t_calc.cpp
FN:51,_ZN12_GLOBAL__N_128deriv_test_deriv_at_val_TestD0Ev
FNDA:1,_ZN12_GLOBAL__N_128deriv_test_deriv_at_val_TestD0Ev
FN:51,_ZN12_GLOBAL__N_128deriv_test_deriv_at_val_TestD2Ev
FNDA:0,_ZN12_GLOBAL__N_128deriv_test_deriv_at_val_TestD2Ev
FN:51,_ZN12_GLOBAL__N_128deriv_test_deriv_at_val_Test8TestBodyEv
FNDA:1,_ZN12_GLOBAL__N_128deriv_test_deriv_at_val_Test8TestBodyEv
DA:51,1
DA:51,0
DA:51,1
DA:52,1
DA:53,1
DA:55,2
DA:56,1
DA:51,1
end_of_record
SF:/usr/include/c++/12/bits/stl_iterator_base_funcs.h
DA:99,3
DA:105,3
DA:147,3
DA:150,3
end_of_record
SF:/usr/include/c++/12/bits/basic_string.tcc
FN:134,_ZNSt7__cxx1112basic_stringIcSt11char_traitsIcESaIcEE9_M_createERmm
FNDA:1,_ZNSt7__cxx1112basic_stringIcSt11char_traitsIcESaIcEE9_M_createERmm
FN:217,_ZNSt7__cxx1112basic_stringIcSt11char_traitsIcESaIcEE12_M_constructIPcEEvT_S7_St20forward_iterator_tag
FNDA:1,_ZNSt7__cxx1112basic_stringIcSt11char_traitsIcESaIcEE12_M_constructIPcEEvT_S7_St20forward_iterator_tag
FN:217,_ZNSt7__cxx1112basic_stringIcSt11char_traitsIcESaIcEE12_M_constructIPKcEEvT_S8_St20forward_iterator_tag
FNDA:2,_ZNSt7__cxx1112basic_stringIcSt11char_traitsIcESaIcEE12_M_constructIPKcEEvT_S8_St20forward_iterator_tag
FN:238,_ZZNSt7__cxx1112basic_stringIcSt11char_traitsIcESaIcEE12_M_constructIPcEEvT_S7_St20forward_iterator_tagEN6_GuardD2Ev
FNDA:1,_ZZNSt7__cxx1112basic_stringIcSt11char_traitsIcESaIcEE12_M_constructIPcEEvT_S7_St20forward_iterator_tagEN6_GuardD2Ev
FN:238,_ZZNSt7__cxx1112basic_stringIcSt11char_traitsIcESaIcEE12_M_constructIPKcEEvT_S8_St20forward_iterator_tagEN6_GuardD2Ev
FNDA:2,_ZZNSt7__cxx1112basic_stringIcSt11char_traitsIcESaIcEE12_M_constructIPKcEEvT_S8_St20forward_iterator_tagEN6_GuardD2Ev
FN:273,_ZNSt7__cxx1112basic_stringIcSt11char_traitsIcESaIcEE9_M_assignERKS4_
FNDA:0,_ZNSt7__cxx1112basic_stringIcSt11char_traitsIcESaIcEE9_M_assignERKS4_
FN:321,_ZNSt7__cxx1112basic_stringIcSt11char_traitsIcESaIcEE9_M_mutateEmmPKcm
FNDA:0,_ZNSt7__cxx1112basic_stringIcSt11char_traitsIcESaIcEE9_M_mutateEmmPKcm
FN:476,_ZNSt7__cxx1112basic_stringIcSt11char_traitsIcESaIcEE10_M_replaceEmmPKcm
FNDA:0,_ZNSt7__cxx1112basic_stringIcSt11char_traitsIcESaIcEE10_M_replaceEmmPKcm
DA:134,1
DA:139,1
DA:140,0
DA:145,1
DA:147,0
DA:149,0
DA:150,0
DA:155,1
DA:217,1
DA:221,1
DA:223,1
DA:225,0
DA:226,0
DA:235,1
DA:241,1
DA:243,1
DA:245,1
DA:247,1
DA:248,1
DA:217,2
DA:221,2
DA:223,2
DA:225,1
DA:226,1
DA:235,2
DA:241,2
DA:243,2
DA:245,2
DA:247,2
DA:248,2
DA:238,1
DA:238,2
DA:273,0
DA:276,0
DA:278,0
DA:279,0
DA:281,0
DA:283,0
DA:284,0
DA:285,0
DA:286,0
DA:287,0
DA:290,0
DA:291,0
DA:293,0
DA:295,0
DA:321,0
DA:325,0
DA:327,0
DA:328,0
DA:330,0
DA:331,0
DA:332,0
DA:333,0
DA:334,0
DA:335,0
DA:336,0
DA:338,0
DA:339,0
DA:340,0
DA:341,0
DA:476,0
DA:480,0
DA:482,0
DA:483,0
DA:485,0
DA:487,0
DA:489,0
DA:503,0
DA:505,0
DA:506,0
DA:507,0
DA:508,0
DA:513,0
DA:514,0
DA:515,0
DA:516,0
DA:517,0
DA:519,0
DA:520,0
DA:521,0
DA:525,0
DA:526,0
DA:530,0
DA:531,0
DA:532,0
DA:539,0
DA:541,0
DA:542,0
end_of_record
SF:/usr/include/c++/12/tuple
DA:124,0
DA:233,1
DA:268,1
DA:271,0
DA:424,0
DA:1364,0
DA:1365,0
DA:1380,0
DA:1381,1
DA:1387,0
end_of_record
SF:/usr/local/include/gtest/gtest-message.h
DA:92,0
end_of_record
SF:/usr/local/include/gtest/internal/gtest-internal.h
FN:470,_ZN7testing8internal15TestFactoryImplIN12_GLOBAL__N_128deriv_test_deriv_at_val_TestEE10CreateTestEv
FNDA:1,_ZN7testing8internal15TestFactoryImplIN12_GLOBAL__N_128deriv_test_deriv_at_val_TestEE10CreateTestEv
FN:519,_ZN7testing8internal16SuiteApiResolverINS_4TestEE19GetSetUpCaseOrSuiteEPKci
FNDA:0,_ZN7testing8internal16SuiteApiResolverINS_4TestEE19GetSetUpCaseOrSuiteEPKci
FN:540,_ZN7testing8internal16SuiteApiResolverINS_4TestEE22GetTearDownCaseOrSuiteEPKci
FNDA:0,_ZN7testing8internal16SuiteApiResolverINS_4TestEE22GetTearDownCaseOrSuiteEPKci
DA:470,1
DA:519,0
DA:523,0
DA:525,0
DA:527,0
DA:530,0
DA:532,0
DA:540,0
DA:544,0
DA:546,0
DA:548,0
DA:551,0
DA:553,0
end_of_record
SF:/usr/local/include/gtest/gtest-assertion-result.h
DA:133,1
DA:174,1
DA:183,0
DA:184,0
DA:187,0
end_of_record
SF:/usr/include/c++/12/sstream
DA:1136,0
DA:1137,0
end_of_record
SF:/usr/include/c++/12/bits/allocator.h
DA:156,1
DA:159,2
DA:160,2
DA:174,2
DA:179,1
DA:188,1
DA:193,1
DA:200,1
end_of_record
SF:/usr/include/c++/12/bits/new_allocator.h
FN:112,_ZNSt15__new_allocatorIcE8allocateEmPKv
FNDA:1,_ZNSt15__new_allocatorIcE8allocateEmPKv
FN:142,_ZNSt15__new_allocatorIcE10deallocateEPcm
FNDA:1,_ZNSt15__new_allocatorIcE10deallocateEPcm
DA:80,1
DA:83,2
DA:112,1
DA:120,1
DA:126,0
DA:137,1
DA:142,1
DA:158,1
end_of_record
SF:/usr/include/c++/12/ostream
DA:166,0
DA:167,0
DA:615,0
DA:620,0
DA:621,0
end_of_record
SF:/usr/local/include/gtest/gtest.h
FN:350,_ZN7testing4Test5SetupEv
FNDA:0,_ZN7testing4Test5SetupEv
FN:1349,_ZN7testing8internal18CmpHelperEQFailureIilEENS_15AssertionResultEPKcS4_RKT_RKT0_
FNDA:0,_ZN7testing8internal18CmpHelperEQFailureIilEENS_15AssertionResultEPKcS4_RKT_RKT0_
FN:1366,_ZN7testing8internal11CmpHelperEQIilEENS_15AssertionResultEPKcS4_RKT_RKT0_
FNDA:1,_ZN7testing8internal11CmpHelperEQIilEENS_15AssertionResultEPKcS4_RKT_RKT0_
DA:350,0
DA:1349,0
DA:1354,0
DA:1366,1
DA:1369,1
DA:1370,1
DA:1373,0
DA:1385,1
DA:1388,1
end_of_record
SF:/usr/include/c++/12/bits/char_traits.h
DA:347,3
DA:350,3
DA:354,3
DA:355,0
DA:389,2
DA:392,2
DA:395,2
DA:411,0
DA:413,0
DA:416,0
DA:419,0
DA:423,3
DA:425,3
DA:428,3
DA:431,3
end_of_record
SF:/usr/include/c++/12/ext/alloc_traits.h
end_of_record
SF:/usr/include/c++/12/bits/alloc_traits.h
DA:463,1
DA:464,1
DA:495,1
DA:496,1
end_of_record
SF:/usr/local/include/gtest/internal/gtest-port.h
DA:970,0
end_of_record
SF:/usr/include/c++/12/iostream
end_of_record
SF:/usr/include/c++/12/bits/stl_function.h
DA:451,0
DA:457,0
end_of_record
TN:
SF:/usr/include/c++/12/functional
DA:482,106
DA:484,1
DA:485,5
DA:486,1
DA:547,1008
DA:548,4
DA:553,106
DA:554,101
DA:558,5
DA:565,2
DA:567,1
DA:569,1
DA:854,5
DA:857,1109
DA:858,5
end_of_record
SF:/usr/include/c++/12/mutex
FN:848,_ZSt9call_onceIMSt6threadFvvEJPS0_EEvRSt9once_flagOT_DpOT0_
FNDA:0,_ZSt9call_onceIMSt6threadFvvEJPS0_EEvRSt9once_flagOT_DpOT0_
[...]
DA:1473,1
DA:1466,1
DA:1468,1
DA:1472,1
DA:1473,1
DA:1466,0
DA:1468,0
DA:1472,0
DA:1473,0
DA:1466,1
DA:1468,1
DA:1472,1
DA:1473,1
DA:1466,1
DA:1468,1
DA:1472,1
DA:1473,1
DA:1466,1
DA:1468,1
DA:1472,1
DA:1473,1
DA:1466,1
DA:1468,1
DA:1472,1
DA:1473,1
DA:1466,1
DA:1468,1
DA:1472,1
DA:1473,1
DA:1466,1
DA:1468,1
DA:1472,1
DA:1473,1
DA:1466,1000
DA:1468,1000
DA:1472,1000
DA:1473,1000
DA:1466,1
DA:1468,1
DA:1472,1
DA:1473,1
DA:1466,1
DA:1468,1
DA:1472,1
DA:1473,1
DA:1468,1
DA:1468,1
DA:1468,1111
DA:1469,3
DA:1470,2
DA:1476,0
DA:1478,0
DA:1482,0
DA:1484,0
DA:1476,0
DA:1478,0
DA:1482,0
DA:1484,0
DA:1476,0
DA:1478,0
DA:1482,0
DA:1484,0
DA:1476,0
DA:1478,0
DA:1482,0
DA:1484,0
DA:1476,0
DA:1478,0
DA:1482,0
DA:1484,0
DA:1476,0
DA:1478,0
DA:1482,0
DA:1484,0
DA:1476,0
DA:1478,0
DA:1482,0
DA:1484,0
DA:1476,0
DA:1478,0
DA:1482,0
DA:1484,0
DA:1476,0
DA:1478,0
DA:1482,0
DA:1484,0
DA:1476,0
DA:1478,0
DA:1482,0
DA:1484,0
DA:1476,0
DA:1478,0
DA:1482,0
DA:1484,0
DA:1476,0
DA:1478,0
DA:1482,0
DA:1484,0
DA:1476,0
DA:1478,0
DA:1482,0
DA:1484,0
DA:1476,0
DA:1478,0
DA:1482,0
DA:1484,0
DA:1476,0
DA:1478,0
DA:1482,0
DA:1484,0
DA:1476,0
DA:1478,0
DA:1482,0
DA:1484,0
DA:1478,0
DA:1478,0
DA:1478,0
DA:1479,0
DA:1480,0
DA:1489,1114
DA:1492,1114
DA:1493,1114
DA:1501,1114
DA:1505,1114
DA:1510,0
DA:1512,0
DA:1513,0
DA:1510,0
DA:1512,0
DA:1513,0
DA:1510,0
DA:1512,0
DA:1513,0
DA:1510,0
DA:1512,0
DA:1513,0
DA:1510,0
DA:1512,0
DA:1513,0
DA:1510,0
DA:1512,0
DA:1513,0
DA:1510,0
DA:1512,0
DA:1513,0
DA:1510,0
DA:1512,0
DA:1513,0
DA:1510,0
DA:1512,0
DA:1513,0
DA:1510,0
DA:1512,0
DA:1513,0
DA:1510,0
DA:1512,0
DA:1513,0
DA:1510,0
DA:1512,0
DA:1513,0
DA:1510,0
DA:1512,0
DA:1513,0
DA:1510,0
DA:1512,0
DA:1513,0
DA:1510,0
DA:1512,0
DA:1513,0
DA:1510,0
DA:1512,0
DA:1513,0
DA:1535,1
DA:1536,1
DA:1537,1
DA:1538,1
DA:1535,1
DA:1536,1
DA:1537,1
DA:1538,1
DA:1535,1000
DA:1536,1000
DA:1538,1000
DA:1535,1
DA:1536,1
DA:1538,1
DA:1535,1
DA:1536,1
DA:1538,1
DA:1535,1
DA:1536,1
DA:1538,1
DA:1535,1
DA:1536,1
DA:1538,1
DA:1535,1
DA:1536,1
DA:1538,1
DA:1535,1
DA:1536,1
DA:1538,1
DA:1535,1
DA:1536,1
DA:1538,1
DA:1535,1
DA:1536,1
DA:1538,1
DA:1535,1
DA:1536,1
DA:1538,1
DA:1535,1
DA:1536,1
DA:1538,1
DA:1535,100
DA:1536,100
DA:1538,100
DA:1535,1
DA:1536,1
DA:1538,1
DA:1535,1
DA:1536,1
DA:1538,1
DA:1567,107
DA:1569,107
DA:1570,106
DA:1571,107
DA:1567,1006
DA:1569,1006
DA:1570,1004
DA:1571,1006
DA:1567,1
DA:1569,1
DA:1570,1
DA:1571,1
DA:1597,1
DA:1598,2
DA:1597,1006
DA:1598,2012
DA:1597,107
DA:1598,214
DA:1602,1
DA:1604,1
DA:1605,1
DA:1606,1
DA:1602,1006
DA:1604,1006
DA:1605,1006
DA:1606,1006
DA:1602,105
DA:1604,105
DA:1605,105
DA:1606,106
DA:1710,0
DA:1712,0
end_of_record
TN:
SF:/usr/include/c++/12/numeric
FN:164,_ZSt3gcdIimENSt11common_typeIJT_T0_EE4typeES1_S2_
FNDA:0,_ZSt3gcdIimENSt11common_typeIJT_T0_EE4typeES1_S2_
DA:101,0
DA:106,0
DA:107,0
DA:112,0
DA:120,0
DA:124,0
DA:126,0
DA:129,0
DA:130,0
DA:131,0
DA:132,0
DA:133,0
DA:135,0
DA:137,0
DA:139,0
DA:140,0
DA:141,0
DA:144,0
DA:146,0
DA:147,0
DA:149,0
DA:164,0
DA:171,0
DA:172,0
DA:173,0
end_of_record
SF:/usr/include/c++/12/bits/random.h
DA:141,0
DA:157,0
DA:533,0
DA:534,0
end_of_record
SF:/usr/include/c++/12/bits/uniform_int_dist.h
FN:246,_ZNSt24uniform_int_distributionImE5_S_ndIoSt23mersenne_twister_engineImLm64ELm312ELm156ELm31ELm13043109905998158313ELm29ELm6148914691236517205ELm17ELm8202884508482404352ELm37ELm18444473444759240704ELm43ELm6364136223846793005EEmEET1_RT0_S4_
FNDA:0,_ZNSt24uniform_int_distributionImE5_S_ndIoSt23mersenne_twister_engineImLm64ELm312ELm156ELm31ELm13043109905998158313ELm29ELm6148914691236517205ELm17ELm8202884508482404352ELm37ELm18444473444759240704ELm43ELm6364136223846793005EEmEET1_RT0_S4_
FN:276,_ZNSt24uniform_int_distributionImEclISt23mersenne_twister_engineImLm64ELm312ELm156ELm31ELm13043109905998158313ELm29ELm6148914691236517205ELm17ELm8202884508482404352ELm37ELm18444473444759240704ELm43ELm6364136223846793005EEEEmRT_RKNS0_10param_typeE
FNDA:0,_ZNSt24uniform_int_distributionImEclISt23mersenne_twister_engineImLm64ELm312ELm156ELm31ELm13043109905998158313ELm29ELm6148914691236517205ELm17ELm8202884508482404352ELm37ELm18444473444759240704ELm43ELm6364136223846793005EEEEmRT_RKNS0_10param_typeE
DA:93,0
DA:95,0
DA:97,0
DA:101,0
DA:102,0
DA:105,0
DA:106,0
DA:131,0
DA:134,0
DA:192,0
DA:193,0
DA:246,0
DA:258,0
DA:259,0
DA:260,0
DA:262,0
DA:263,0
DA:265,0
DA:266,0
DA:269,0
DA:276,0
DA:284,0
DA:285,0
DA:288,0
DA:290,0
DA:291,0
DA:294,0
DA:298,0
DA:306,0
DA:307,0
DA:359,0
DA:361,0
end_of_record
SF:/usr/include/x86_64-linux-gnu/c++/12/bits/c++config.h
DA:516,0
DA:523,0
end_of_record
SF:/usr/include/c++/12/iostream
end_of_record
SF:/home/akiel/Desktop/Trunk/github/public-repos/OSS/openGPMP/modules/nt/factorization.cpp
FN:82,_ZN4gpmp13Factorization11pollard_rhoEm
FNDA:0,_ZN4gpmp13Factorization11pollard_rhoEm
DA:82,0
DA:84,0
DA:85,0
DA:88,0
DA:93,0
DA:98,0
DA:99,0
DA:100,0
DA:105,0
DA:106,0
DA:109,0
DA:113,0
DA:115,0
DA:116,0
DA:117,0
DA:121,0
DA:122,0
DA:123,0
DA:125,0
DA:126,0
DA:127,0
DA:131,0
DA:135,0
DA:136,0
end_of_record
SF:/usr/include/c++/12/bits/chrono.h
DA:882,0
DA:883,0
end_of_record
SF:/usr/include/c++/12/bits/random.tcc
FN:397,_ZNSt23mersenne_twister_engineImLm64ELm312ELm156ELm31ELm13043109905998158313ELm29ELm6148914691236517205ELm17ELm8202884508482404352ELm37ELm18444473444759240704ELm43ELm6364136223846793005EE11_M_gen_randEv
FNDA:0,_ZNSt23mersenne_twister_engineImLm64ELm312ELm156ELm31ELm13043109905998158313ELm29ELm6148914691236517205ELm17ELm8202884508482404352ELm37ELm18444473444759240704ELm43ELm6364136223846793005EE11_M_gen_randEv
FN:453,_ZNSt23mersenne_twister_engineImLm64ELm312ELm156ELm31ELm13043109905998158313ELm29ELm6148914691236517205ELm17ELm8202884508482404352ELm37ELm18444473444759240704ELm43ELm6364136223846793005EEclEv
FNDA:0,_ZNSt23mersenne_twister_engineImLm64ELm312ELm156ELm31ELm13043109905998158313ELm29ELm6148914691236517205ELm17ELm8202884508482404352ELm37ELm18444473444759240704ELm43ELm6364136223846793005EEclEv
DA:326,0
DA:330,0
DA:333,0
DA:335,0
DA:336,0
DA:337,0
DA:338,0
DA:339,0
DA:342,0
DA:397,0
DA:401,0
DA:402,0
DA:404,0
DA:406,0
DA:407,0
DA:408,0
DA:409,0
DA:412,0
DA:414,0
DA:415,0
DA:416,0
DA:417,0
DA:420,0
DA:421,0
DA:422,0
DA:423,0
DA:424,0
DA:425,0
DA:453,0
DA:458,0
DA:459,0
DA:462,0
DA:463,0
DA:464,0
DA:465,0
DA:466,0
DA:468,0
end_of_record
SF:/usr/include/c++/12/bit
DA:248,0
DA:251,0
DA:256,0
DA:257,0
DA:258,0
DA:263,0
end_of_record
TN:
SF:/usr/include/c++/12/bits/allocator.h
DA:156,0
DA:169,0
DA:174,0
DA:179,0
DA:188,0
DA:193,0
DA:200,0
end_of_record
SF:/usr/include/c++/12/bits/stl_function.h
DA:377,0
DA:378,0
end_of_record
SF:/usr/include/c++/12/bit
DA:248,0
DA:251,0
DA:256,0
DA:257,0
DA:258,0
DA:263,0
end_of_record
SF:/usr/include/c++/12/bits/hashtable.h
FN:813,_ZNKSt10_HashtableImSt4pairIKmmESaIS2_ENSt8__detail10_Select1stESt8equal_toImESt4hashImENS4_18_Mod_range_hashingENS4_20_Default_ranged_hashENS4_20_Prime_rehash_policyENS4_17_Hashtable_traitsILb0ELb0ELb1EEEE12_M_find_nodeEmRS1_m
FNDA:0,_ZNKSt10_HashtableImSt4pairIKmmESaIS2_ENSt8__detail10_Select1stESt8equal_toImESt4hashImENS4_18_Mod_range_hashingENS4_20_Default_ranged_hashENS4_20_Prime_rehash_policyENS4_17_Hashtable_traitsILb0ELb0ELb1EEEE12_M_find_nodeEmRS1_m
FN:1571,_ZNSt10_HashtableImSt4pairIKmmESaIS2_ENSt8__detail10_Select1stESt8equal_toImESt4hashImENS4_18_Mod_range_hashingENS4_20_Default_ranged_hashENS4_20_Prime_rehash_policyENS4_17_Hashtable_traitsILb0ELb0ELb1EEEED2Ev
FNDA:0,_ZNSt10_HashtableImSt4pairIKmmESaIS2_ENSt8__detail10_Select1stESt8equal_toImESt4hashImENS4_18_Mod_range_hashingENS4_20_Default_ranged_hashENS4_20_Prime_rehash_policyENS4_17_Hashtable_traitsILb0ELb0ELb1EEEED2Ev
FN:1983,_ZNSt10_HashtableImSt4pairIKmmESaIS2_ENSt8__detail10_Select1stESt8equal_toImESt4hashImENS4_18_Mod_range_hashingENS4_20_Default_ranged_hashENS4_20_Prime_rehash_policyENS4_17_Hashtable_traitsILb0ELb0ELb1EEEE22_M_insert_bucket_beginEmPNS4_10_Hash_nodeIS2_Lb0EEE
FNDA:0,_ZNSt10_HashtableImSt4pairIKmmESaIS2_ENSt8__detail10_Select1stESt8equal_toImESt4hashImENS4_18_Mod_range_hashingENS4_20_Default_ranged_hashENS4_20_Prime_rehash_policyENS4_17_Hashtable_traitsILb0ELb0ELb1EEEE22_M_insert_bucket_beginEmPNS4_10_Hash_nodeIS2_Lb0EEE
FN:2142,_ZNSt10_HashtableImSt4pairIKmmESaIS2_ENSt8__detail10_Select1stESt8equal_toImESt4hashImENS4_18_Mod_range_hashingENS4_20_Default_ranged_hashENS4_20_Prime_rehash_policyENS4_17_Hashtable_traitsILb0ELb0ELb1EEEE21_M_insert_unique_nodeEmmPNS4_10_Hash_nodeIS2_Lb0EEEm
FNDA:0,_ZNSt10_HashtableImSt4pairIKmmESaIS2_ENSt8__detail10_Select1stESt8equal_toImESt4hashImENS4_18_Mod_range_hashingENS4_20_Default_ranged_hashENS4_20_Prime_rehash_policyENS4_17_Hashtable_traitsILb0ELb0ELb1EEEE21_M_insert_unique_nodeEmmPNS4_10_Hash_nodeIS2_Lb0EEEm
FN:2496,_ZNSt10_HashtableImSt4pairIKmmESaIS2_ENSt8__detail10_Select1stESt8equal_toImESt4hashImENS4_18_Mod_range_hashingENS4_20_Default_ranged_hashENS4_20_Prime_rehash_policyENS4_17_Hashtable_traitsILb0ELb0ELb1EEEE5clearEv
FNDA:0,_ZNSt10_HashtableImSt4pairIKmmESaIS2_ENSt8__detail10_Select1stESt8equal_toImESt4hashImENS4_18_Mod_range_hashingENS4_20_Default_ranged_hashENS4_20_Prime_rehash_policyENS4_17_Hashtable_traitsILb0ELb0ELb1EEEE5clearEv
FN:2535,_ZNSt10_HashtableImSt4pairIKmmESaIS2_ENSt8__detail10_Select1stESt8equal_toImESt4hashImENS4_18_Mod_range_hashingENS4_20_Default_ranged_hashENS4_20_Prime_rehash_policyENS4_17_Hashtable_traitsILb0ELb0ELb1EEEE9_M_rehashEmRS1_
FNDA:0,_ZNSt10_HashtableImSt4pairIKmmESaIS2_ENSt8__detail10_Select1stESt8equal_toImESt4hashImENS4_18_Mod_range_hashingENS4_20_Default_ranged_hashENS4_20_Prime_rehash_policyENS4_17_Hashtable_traitsILb0ELb0ELb1EEEE9_M_rehashEmRS1_
FN:2558,_ZNSt10_HashtableImSt4pairIKmmESaIS2_ENSt8__detail10_Select1stESt8equal_toImESt4hashImENS4_18_Mod_range_hashingENS4_20_Default_ranged_hashENS4_20_Prime_rehash_policyENS4_17_Hashtable_traitsILb0ELb0ELb1EEEE13_M_rehash_auxEmSt17integral_constantIbLb1EE
FNDA:0,_ZNSt10_HashtableImSt4pairIKmmESaIS2_ENSt8__detail10_Select1stESt8equal_toImESt4hashImENS4_18_Mod_range_hashingENS4_20_Default_ranged_hashENS4_20_Prime_rehash_policyENS4_17_Hashtable_traitsILb0ELb0ELb1EEEE13_M_rehash_auxEmSt17integral_constantIbLb1EE
DA:306,0
DA:307,0
DA:308,0
DA:312,0
DA:417,0
DA:418,0
DA:435,0
DA:437,0
DA:439,0
DA:440,0
DA:443,0
DA:447,0
DA:449,0
DA:452,0
DA:456,0
DA:457,0
DA:465,0
DA:466,0
DA:531,0
DA:793,0
DA:794,0
DA:797,0
DA:798,0
DA:813,0
DA:816,0
DA:817,0
DA:818,0
DA:1571,0
DA:1584,0
DA:1585,0
DA:1586,0
DA:1924,0
DA:1930,0
DA:1931,0
DA:1934,0
DA:1937,0
DA:1940,0
DA:1983,0
DA:1987,0
DA:1991,0
DA:1992,0
DA:1999,0
DA:2000,0
DA:2002,0
DA:2005,0
DA:2007,0
DA:2009,0
DA:2142,0
DA:2148,0
DA:2150,0
DA:2153,0
DA:2155,0
DA:2156,0
DA:2162,0
DA:2163,0
DA:2164,0
DA:2496,0
DA:2500,0
DA:2501,0
DA:2502,0
DA:2503,0
DA:2504,0
DA:2505,0
DA:2535,0
DA:2541,0
DA:2543,0
DA:2547,0
DA:2548,0
DA:2550,0
DA:2558,0
DA:2562,0
DA:2563,0
DA:2564,0
DA:2565,0
DA:2566,0
DA:2568,0
DA:2570,0
DA:2571,0
DA:2573,0
DA:2574,0
DA:2575,0
DA:2576,0
DA:2577,0
DA:2582,0
DA:2583,0
DA:2589,0
DA:2590,0
DA:2591,0
DA:2592,0
end_of_record
SF:/usr/include/c++/12/tuple
DA:192,0
DA:199,0
DA:424,0
DA:434,0
DA:435,0
DA:440,0
DA:441,0
DA:454,0
DA:727,0
DA:729,0
DA:742,0
DA:744,0
DA:756,0
DA:1365,0
DA:1380,0
DA:1381,0
DA:1589,0
DA:1590,0
DA:1802,0
DA:1807,0
DA:1814,0
DA:1817,0
DA:1818,0
end_of_record
SF:/usr/include/c++/12/bits/unordered_map.h
DA:102,0
DA:141,0
DA:979,0
DA:980,0
DA:983,0
DA:984,0
end_of_record
SF:/usr/include/c++/12/bits/new_allocator.h
FN:112,_ZNSt15__new_allocatorIPNSt8__detail15_Hash_node_baseEE8allocateEmPKv
FNDA:0,_ZNSt15__new_allocatorIPNSt8__detail15_Hash_node_baseEE8allocateEmPKv
FN:112,_ZNSt15__new_allocatorINSt8__detail10_Hash_nodeISt4pairIKmmELb0EEEE8allocateEmPKv
FNDA:0,_ZNSt15__new_allocatorINSt8__detail10_Hash_nodeISt4pairIKmmELb0EEEE8allocateEmPKv
FN:142,_ZNSt15__new_allocatorINSt8__detail10_Hash_nodeISt4pairIKmmELb0EEEE10deallocateEPS5_m
FNDA:0,_ZNSt15__new_allocatorINSt8__detail10_Hash_nodeISt4pairIKmmELb0EEEE10deallocateEPS5_m
FN:142,_ZNSt15__new_allocatorIPNSt8__detail15_Hash_node_baseEE10deallocateEPS2_m
FNDA:0,_ZNSt15__new_allocatorIPNSt8__detail15_Hash_node_baseEE10deallocateEPS2_m
DA:80,0
DA:112,0
DA:120,0
DA:124,0
DA:125,0
DA:126,0
DA:137,0
DA:112,0
DA:120,0
DA:124,0
DA:125,0
DA:126,0
DA:137,0
DA:142,0
DA:158,0
DA:142,0
DA:158,0
end_of_record
SF:/usr/include/c++/12/bits/hashtable_policy.h
FN:767,_ZNSt8__detail9_Map_baseImSt4pairIKmmESaIS3_ENS_10_Select1stESt8equal_toImESt4hashImENS_18_Mod_range_hashingENS_20_Default_ranged_hashENS_20_Prime_rehash_policyENS_17_Hashtable_traitsILb0ELb0ELb1EEELb1EEixERS2_
FNDA:0,_ZNSt8__detail9_Map_baseImSt4pairIKmmESaIS3_ENS_10_Select1stESt8equal_toImESt4hashImENS_18_Mod_range_hashingENS_20_Default_ranged_hashENS_20_Prime_rehash_policyENS_17_Hashtable_traitsILb0ELb0ELb1EEELb1EEixERS2_
FN:794,_ZNSt8__detail9_Map_baseImSt4pairIKmmESaIS3_ENS_10_Select1stESt8equal_toImESt4hashImENS_18_Mod_range_hashingENS_20_Default_ranged_hashENS_20_Prime_rehash_policyENS_17_Hashtable_traitsILb0ELb0ELb1EEELb1EEixEOm
FNDA:0,_ZNSt8__detail9_Map_baseImSt4pairIKmmESaIS3_ENS_10_Select1stESt8equal_toImESt4hashImENS_18_Mod_range_hashingENS_20_Default_ranged_hashENS_20_Prime_rehash_policyENS_17_Hashtable_traitsILb0ELb0ELb1EEELb1EEixEOm
FN:2012,_ZNSt8__detail16_Hashtable_allocISaINS_10_Hash_nodeISt4pairIKmmELb0EEEEE19_M_allocate_bucketsEm
FNDA:0,_ZNSt8__detail16_Hashtable_allocISaINS_10_Hash_nodeISt4pairIKmmELb0EEEEE19_M_allocate_bucketsEm
DA:111,0
DA:277,0
DA:296,0
DA:300,0
DA:304,0
DA:335,0
DA:340,0
DA:341,0
DA:353,0
DA:396,0
DA:397,0
DA:404,0
DA:405,0
DA:486,0
DA:488,0
DA:504,0
DA:505,0
DA:531,0
DA:532,0
DA:539,0
DA:540,0
DA:767,0
DA:772,0
DA:773,0
DA:774,0
DA:775,0
DA:776,0
DA:778,0
DA:781,0
DA:785,0
DA:786,0
DA:787,0
DA:788,0
DA:794,0
DA:799,0
DA:800,0
DA:801,0
DA:802,0
DA:803,0
DA:805,0
DA:812,0
DA:813,0
DA:814,0
DA:815,0
DA:1175,0
DA:1178,0
DA:1261,0
DA:1266,0
DA:1270,0
DA:1304,0
DA:1305,0
DA:1308,0
DA:1314,0
DA:1674,0
DA:1681,0
DA:1688,0
DA:1705,0
DA:1707,0
DA:1885,0
DA:1913,0
DA:1960,0
DA:1963,0
DA:1964,0
DA:1967,0
DA:1968,0
DA:1982,0
DA:1984,0
DA:1985,0
DA:1986,0
DA:1990,0
DA:1993,0
DA:1994,0
DA:1995,0
DA:2000,0
DA:2002,0
DA:2004,0
DA:2005,0
DA:2006,0
DA:2012,0
DA:2015,0
DA:2017,0
DA:2018,0
DA:2019,0
DA:2020,0
DA:2025,0
DA:2030,0
DA:2031,0
DA:2032,0
DA:2033,0
end_of_record
SF:/usr/include/c++/12/iostream
end_of_record
SF:/usr/include/c++/12/ext/aligned_buffer.h
DA:104,0
DA:110,0
DA:115,0
end_of_record
SF:/usr/include/c++/12/bits/alloc_traits.h
DA:463,0
DA:464,0
DA:495,0
DA:496,0
DA:511,0
DA:518,0
end_of_record
SF:/usr/include/c++/12/numeric
FN:164,_ZSt3gcdIimENSt11common_typeIJT_T0_EE4typeES1_S2_
FNDA:0,_ZSt3gcdIimENSt11common_typeIJT_T0_EE4typeES1_S2_
DA:101,0
DA:106,0
DA:107,0
DA:112,0
DA:120,0
DA:124,0
DA:126,0
DA:129,0
DA:130,0
DA:131,0
DA:132,0
DA:133,0
DA:135,0
DA:137,0
DA:139,0
DA:140,0
DA:141,0
DA:144,0
DA:146,0
DA:147,0
DA:149,0
DA:164,0
DA:171,0
DA:172,0
DA:173,0
end_of_record
SF:/home/akiel/Desktop/Trunk/github/public-repos/OSS/openGPMP/modules/nt/logarithms.cpp
FN:59,_ZN4gpmp10Logarithms15pollard_rho_logEmmm
FNDA:0,_ZN4gpmp10Logarithms15pollard_rho_logEmmm
FN:99,_ZN4gpmp10Logarithms4BSGSEmmm
FNDA:0,_ZN4gpmp10Logarithms4BSGSEmmm
DA:59,0
DA:60,0
DA:67,0
DA:68,0
DA:69,0
DA:70,0
DA:74,0
DA:75,0
DA:76,0
DA:77,0
DA:78,0
DA:79,0
DA:80,0
DA:84,0
DA:87,0
DA:88,0
DA:89,0
DA:90,0
DA:91,0
DA:92,0
DA:94,0
DA:96,0
DA:99,0
DA:100,0
DA:102,0
DA:105,0
DA:106,0
DA:109,0
DA:111,0
DA:114,0
DA:115,0
DA:117,0
DA:118,0
DA:123,0
end_of_record
SF:/usr/include/c++/12/bits/stl_construct.h
DA:94,0
DA:97,0
end_of_record
TN:
SF:/usr/include/c++/12/bits/stl_iterator_base_funcs.h
DA:99,93
DA:105,93
DA:147,93
DA:150,93
end_of_record
SF:/home/akiel/Desktop/Trunk/github/public-repos/OSS/openGPMP/modules/nt/rc4.cpp
FN:50,_ZN4gpmp3RC49byte_swapEPhS1_
FNDA:796,_ZN4gpmp3RC49byte_swapEPhS1_
FN:57,_ZN4gpmp3RC49trad_swapEPhS1_
FNDA:796,_ZN4gpmp3RC49trad_swapEPhS1_
FN:63,_ZN4gpmp3RC48XOR_swapEPhS1_
FNDA:796,_ZN4gpmp3RC48XOR_swapEPhS1_
FN:69,_ZN4gpmp3RC43KSAEPcPhi
FNDA:9,_ZN4gpmp3RC43KSAEPcPhi
FN:91,_ZN4gpmp3RC44PRGAEPhPcS1_i
FNDA:9,_ZN4gpmp3RC44PRGAEPhPcS1_i
FN:115,_ZN4gpmp3RC410store_hashB5cxx11EPcPhi
FNDA:9,_ZN4gpmp3RC410store_hashB5cxx11EPcPhi
FN:141,_ZN4gpmp3RC47computeEPcS1_Phi
FNDA:15,_ZN4gpmp3RC47computeEPcS1_Phi
DA:50,796
DA:51,796
DA:52,796
DA:53,796
DA:54,796
DA:55,796
DA:57,796
DA:58,796
DA:59,796
DA:60,796
DA:61,796
DA:63,796
DA:64,796
DA:65,796
DA:66,796
DA:67,796
DA:69,9
DA:70,9
DA:71,9
DA:73,2313
DA:74,2304
DA:77,2313
DA:78,2304
DA:81,2304
DA:82,768
DA:83,1536
DA:84,768
DA:85,768
DA:86,768
DA:89,9
DA:91,9
DA:93,9
DA:94,9
DA:96,93
DA:97,84
DA:98,84
DA:101,84
DA:102,28
DA:103,56
DA:104,28
DA:105,28
DA:106,28
DA:109,84
DA:111,84
DA:113,9
DA:115,9
DA:118,9
DA:120,9
DA:121,9
DA:124,18
DA:127,93
DA:128,84
DA:129,28
DA:133,56
DA:136,168
DA:138,9
DA:139,9
DA:141,15
DA:143,15
DA:144,2
DA:148,13
DA:149,9
DA:150,9
DA:151,9
DA:154,4
DA:155,4
DA:158,9
end_of_record
SF:/usr/include/c++/12/bits/basic_string.h
FN:634,_ZNSt7__cxx1112basic_stringIcSt11char_traitsIcESaIcEEC1IS3_EEPKcRKS3_
FNDA:93,_ZNSt7__cxx1112basic_stringIcSt11char_traitsIcESaIcEEC1IS3_EEPKcRKS3_
FN:1418,_ZNSt7__cxx1112basic_stringIcSt11char_traitsIcESaIcEE6appendEPKcm
FNDA:84,_ZNSt7__cxx1112basic_stringIcSt11char_traitsIcESaIcEE6appendEPKcm
DA:192,84
DA:199,93
DA:200,93
DA:223,10
DA:224,0
DA:228,177
DA:229,177
DA:233,552
DA:234,103
DA:238,93
DA:241,93
DA:249,178
DA:252,94
DA:260,10
DA:261,0
DA:265,177
DA:267,177
DA:268,93
DA:273,188
DA:274,188
DA:283,94
DA:285,10
DA:286,190
DA:291,3
DA:292,3
DA:339,0
DA:340,13
DA:345,20
DA:390,84
DA:392,84
DA:393,0
DA:418,187
DA:420,94
DA:421,207
DA:423,20
DA:475,93
DA:477,186
DA:634,93
DA:635,93
DA:638,93
DA:639,0
DA:641,93
DA:642,93
DA:643,93
DA:794,84
DA:795,84
DA:1063,252
DA:1064,84
DA:1070,10
DA:1071,10
DA:1132,94
DA:1134,94
DA:1329,84
DA:1330,84
DA:1387,84
DA:1388,84
DA:1418,84
DA:1421,84
DA:1422,84
end_of_record
SF:/usr/include/c++/12/iostream
end_of_record
SF:/usr/include/c++/12/bits/alloc_traits.h
DA:463,10
DA:464,10
DA:495,3
DA:496,3
end_of_record
SF:/usr/include/c++/12/bits/new_allocator.h
FN:112,_ZNSt15__new_allocatorIcE8allocateEmPKv
FNDA:10,_ZNSt15__new_allocatorIcE8allocateEmPKv
FN:142,_ZNSt15__new_allocatorIcE10deallocateEPcm
FNDA:3,_ZNSt15__new_allocatorIcE10deallocateEPcm
DA:80,93
DA:83,93
DA:112,10
DA:120,10
DA:126,0
DA:137,10
DA:142,3
DA:158,3
end_of_record
SF:/usr/include/c++/12/bits/basic_string.tcc
FN:134,_ZNSt7__cxx1112basic_stringIcSt11char_traitsIcESaIcEE9_M_createERmm
FNDA:10,_ZNSt7__cxx1112basic_stringIcSt11char_traitsIcESaIcEE9_M_createERmm
FN:217,_ZNSt7__cxx1112basic_stringIcSt11char_traitsIcESaIcEE12_M_constructIPKcEEvT_S8_St20forward_iterator_tag
FNDA:93,_ZNSt7__cxx1112basic_stringIcSt11char_traitsIcESaIcEE12_M_constructIPKcEEvT_S8_St20forward_iterator_tag
FN:238,_ZZNSt7__cxx1112basic_stringIcSt11char_traitsIcESaIcEE12_M_constructIPKcEEvT_S8_St20forward_iterator_tagEN6_GuardD2Ev
FNDA:93,_ZZNSt7__cxx1112basic_stringIcSt11char_traitsIcESaIcEE12_M_constructIPKcEEvT_S8_St20forward_iterator_tagEN6_GuardD2Ev
FN:321,_ZNSt7__cxx1112basic_stringIcSt11char_traitsIcESaIcEE9_M_mutateEmmPKcm
FNDA:10,_ZNSt7__cxx1112basic_stringIcSt11char_traitsIcESaIcEE9_M_mutateEmmPKcm
FN:409,_ZNSt7__cxx1112basic_stringIcSt11char_traitsIcESaIcEE9_M_appendEPKcm
FNDA:84,_ZNSt7__cxx1112basic_stringIcSt11char_traitsIcESaIcEE9_M_appendEPKcm
DA:134,10
DA:139,10
DA:140,0
DA:145,10
DA:147,10
DA:149,10
DA:150,0
DA:155,10
DA:217,93
DA:221,93
DA:223,93
DA:225,0
DA:226,0
DA:235,93
DA:238,93
DA:241,93
DA:243,93
DA:245,93
DA:247,93
DA:248,93
DA:321,10
DA:325,10
DA:327,10
DA:328,10
DA:330,10
DA:331,10
DA:332,10
DA:333,10
DA:334,10
DA:335,10
DA:336,0
DA:338,10
DA:339,10
DA:340,10
DA:341,10
DA:409,84
DA:412,84
DA:414,84
DA:416,74
DA:417,74
DA:420,10
DA:422,84
DA:423,84
end_of_record
SF:/usr/include/c++/12/bits/char_traits.h
DA:347,177
DA:350,177
DA:354,93
DA:355,0
DA:389,93
DA:392,93
DA:395,93
DA:423,187
DA:425,93
DA:428,178
DA:431,178
end_of_record
SF:/usr/include/c++/12/bits/allocator.h
DA:156,93
DA:159,93
DA:160,93
DA:174,93
DA:179,10
DA:188,10
DA:193,3
DA:200,3
end_of_record
